ARM GAS  C:\Users\Robert\AppData\Local\Temp\ccVu0IoL.s 			page 1


   1              		.syntax unified
   2              		.cpu cortex-m3
   3              		.fpu softvfp
   4              		.eabi_attribute 20, 1
   5              		.eabi_attribute 21, 1
   6              		.eabi_attribute 23, 3
   7              		.eabi_attribute 24, 1
   8              		.eabi_attribute 25, 1
   9              		.eabi_attribute 26, 1
  10              		.eabi_attribute 30, 6
  11              		.eabi_attribute 34, 1
  12              		.eabi_attribute 18, 4
  13              		.thumb
  14              		.file	"ADC_SAR_2_INT.c"
  15              		.text
  16              	.Ltext0:
  17              		.cfi_sections	.debug_frame
  18              		.section	.text.ADC_SAR_2_ISR,"ax",%progbits
  19              		.align	2
  20              		.global	ADC_SAR_2_ISR
  21              		.thumb
  22              		.thumb_func
  23              		.type	ADC_SAR_2_ISR, %function
  24              	ADC_SAR_2_ISR:
  25              	.LFB0:
  26              		.file 1 ".\\Generated_Source\\PSoC5\\ADC_SAR_2_INT.c"
   1:.\Generated_Source\PSoC5/ADC_SAR_2_INT.c **** /*******************************************************************************
   2:.\Generated_Source\PSoC5/ADC_SAR_2_INT.c **** * File Name: ADC_SAR_2_INT.c
   3:.\Generated_Source\PSoC5/ADC_SAR_2_INT.c **** * Version 2.10
   4:.\Generated_Source\PSoC5/ADC_SAR_2_INT.c **** *
   5:.\Generated_Source\PSoC5/ADC_SAR_2_INT.c **** *  Description:
   6:.\Generated_Source\PSoC5/ADC_SAR_2_INT.c **** *    This file contains the code that operates during the ADC_SAR interrupt
   7:.\Generated_Source\PSoC5/ADC_SAR_2_INT.c **** *    service routine.
   8:.\Generated_Source\PSoC5/ADC_SAR_2_INT.c **** *
   9:.\Generated_Source\PSoC5/ADC_SAR_2_INT.c **** *   Note:
  10:.\Generated_Source\PSoC5/ADC_SAR_2_INT.c **** *
  11:.\Generated_Source\PSoC5/ADC_SAR_2_INT.c **** ********************************************************************************
  12:.\Generated_Source\PSoC5/ADC_SAR_2_INT.c **** * Copyright 2008-2013, Cypress Semiconductor Corporation.  All rights reserved.
  13:.\Generated_Source\PSoC5/ADC_SAR_2_INT.c **** * You may use this file only in accordance with the license, terms, conditions,
  14:.\Generated_Source\PSoC5/ADC_SAR_2_INT.c **** * disclaimers, and limitations in the end user license agreement accompanying
  15:.\Generated_Source\PSoC5/ADC_SAR_2_INT.c **** * the software package with which this file was provided.
  16:.\Generated_Source\PSoC5/ADC_SAR_2_INT.c **** *******************************************************************************/
  17:.\Generated_Source\PSoC5/ADC_SAR_2_INT.c **** 
  18:.\Generated_Source\PSoC5/ADC_SAR_2_INT.c **** #include "ADC_SAR_2.h"
  19:.\Generated_Source\PSoC5/ADC_SAR_2_INT.c **** 
  20:.\Generated_Source\PSoC5/ADC_SAR_2_INT.c **** 
  21:.\Generated_Source\PSoC5/ADC_SAR_2_INT.c **** /******************************************************************************
  22:.\Generated_Source\PSoC5/ADC_SAR_2_INT.c **** * Custom Declarations and Variables
  23:.\Generated_Source\PSoC5/ADC_SAR_2_INT.c **** * - add user inlcude files, prototypes and variables between the following
  24:.\Generated_Source\PSoC5/ADC_SAR_2_INT.c **** *   #START and #END tags
  25:.\Generated_Source\PSoC5/ADC_SAR_2_INT.c **** ******************************************************************************/
  26:.\Generated_Source\PSoC5/ADC_SAR_2_INT.c **** /* `#START ADC_SYS_VAR`  */
  27:.\Generated_Source\PSoC5/ADC_SAR_2_INT.c **** 
  28:.\Generated_Source\PSoC5/ADC_SAR_2_INT.c **** /* `#END`  */
  29:.\Generated_Source\PSoC5/ADC_SAR_2_INT.c **** 
  30:.\Generated_Source\PSoC5/ADC_SAR_2_INT.c **** 
  31:.\Generated_Source\PSoC5/ADC_SAR_2_INT.c **** #if(ADC_SAR_2_IRQ_REMOVE == 0u)
ARM GAS  C:\Users\Robert\AppData\Local\Temp\ccVu0IoL.s 			page 2


  32:.\Generated_Source\PSoC5/ADC_SAR_2_INT.c **** 
  33:.\Generated_Source\PSoC5/ADC_SAR_2_INT.c **** 
  34:.\Generated_Source\PSoC5/ADC_SAR_2_INT.c ****     /******************************************************************************
  35:.\Generated_Source\PSoC5/ADC_SAR_2_INT.c ****     * Function Name: ADC_SAR_2_ISR
  36:.\Generated_Source\PSoC5/ADC_SAR_2_INT.c ****     *******************************************************************************
  37:.\Generated_Source\PSoC5/ADC_SAR_2_INT.c ****     *
  38:.\Generated_Source\PSoC5/ADC_SAR_2_INT.c ****     * Summary:
  39:.\Generated_Source\PSoC5/ADC_SAR_2_INT.c ****     *  Handle Interrupt Service Routine.
  40:.\Generated_Source\PSoC5/ADC_SAR_2_INT.c ****     *
  41:.\Generated_Source\PSoC5/ADC_SAR_2_INT.c ****     * Parameters:
  42:.\Generated_Source\PSoC5/ADC_SAR_2_INT.c ****     *  None.
  43:.\Generated_Source\PSoC5/ADC_SAR_2_INT.c ****     *
  44:.\Generated_Source\PSoC5/ADC_SAR_2_INT.c ****     * Return:
  45:.\Generated_Source\PSoC5/ADC_SAR_2_INT.c ****     *  None.
  46:.\Generated_Source\PSoC5/ADC_SAR_2_INT.c ****     *
  47:.\Generated_Source\PSoC5/ADC_SAR_2_INT.c ****     * Reentrant:
  48:.\Generated_Source\PSoC5/ADC_SAR_2_INT.c ****     *  No.
  49:.\Generated_Source\PSoC5/ADC_SAR_2_INT.c ****     *
  50:.\Generated_Source\PSoC5/ADC_SAR_2_INT.c ****     ******************************************************************************/
  51:.\Generated_Source\PSoC5/ADC_SAR_2_INT.c ****     CY_ISR( ADC_SAR_2_ISR )
  52:.\Generated_Source\PSoC5/ADC_SAR_2_INT.c ****     {
  27              		.loc 1 52 0
  28              		.cfi_startproc
  29              		@ args = 0, pretend = 0, frame = 0
  30              		@ frame_needed = 1, uses_anonymous_args = 0
  31              		@ link register save eliminated.
  32 0000 80B4     		push	{r7}
  33              	.LCFI0:
  34              		.cfi_def_cfa_offset 4
  35              		.cfi_offset 7, -4
  36 0002 00AF     		add	r7, sp, #0
  37              	.LCFI1:
  38              		.cfi_def_cfa_register 7
  53:.\Generated_Source\PSoC5/ADC_SAR_2_INT.c ****         /************************************************************************
  54:.\Generated_Source\PSoC5/ADC_SAR_2_INT.c ****         *  Custom Code
  55:.\Generated_Source\PSoC5/ADC_SAR_2_INT.c ****         *  - add user ISR code between the following #START and #END tags
  56:.\Generated_Source\PSoC5/ADC_SAR_2_INT.c ****         *************************************************************************/
  57:.\Generated_Source\PSoC5/ADC_SAR_2_INT.c ****           /* `#START MAIN_ADC_ISR`  */
  58:.\Generated_Source\PSoC5/ADC_SAR_2_INT.c **** 
  59:.\Generated_Source\PSoC5/ADC_SAR_2_INT.c ****           /* `#END`  */
  60:.\Generated_Source\PSoC5/ADC_SAR_2_INT.c **** 
  61:.\Generated_Source\PSoC5/ADC_SAR_2_INT.c ****     }
  39              		.loc 1 61 0
  40 0004 BD46     		mov	sp, r7
  41 0006 80BC     		pop	{r7}
  42 0008 7047     		bx	lr
  43              		.cfi_endproc
  44              	.LFE0:
  45              		.size	ADC_SAR_2_ISR, .-ADC_SAR_2_ISR
  46 000a 00BF     		.text
  47              	.Letext0:
  48              		.section	.debug_info,"",%progbits
  49              	.Ldebug_info0:
  50 0000 97000000 		.4byte	0x97
  51 0004 0200     		.2byte	0x2
  52 0006 00000000 		.4byte	.Ldebug_abbrev0
  53 000a 04       		.byte	0x4
ARM GAS  C:\Users\Robert\AppData\Local\Temp\ccVu0IoL.s 			page 3


  54 000b 01       		.uleb128 0x1
  55 000c 05010000 		.4byte	.LASF12
  56 0010 01       		.byte	0x1
  57 0011 D2000000 		.4byte	.LASF13
  58 0015 80000000 		.4byte	.LASF14
  59 0019 00000000 		.4byte	.Ldebug_ranges0+0
  60 001d 00000000 		.4byte	0
  61 0021 00000000 		.4byte	0
  62 0025 00000000 		.4byte	.Ldebug_line0
  63 0029 02       		.uleb128 0x2
  64 002a 01       		.byte	0x1
  65 002b 06       		.byte	0x6
  66 002c 57010000 		.4byte	.LASF0
  67 0030 02       		.uleb128 0x2
  68 0031 01       		.byte	0x1
  69 0032 08       		.byte	0x8
  70 0033 22000000 		.4byte	.LASF1
  71 0037 02       		.uleb128 0x2
  72 0038 02       		.byte	0x2
  73 0039 05       		.byte	0x5
  74 003a FB000000 		.4byte	.LASF2
  75 003e 02       		.uleb128 0x2
  76 003f 02       		.byte	0x2
  77 0040 07       		.byte	0x7
  78 0041 42000000 		.4byte	.LASF3
  79 0045 02       		.uleb128 0x2
  80 0046 04       		.byte	0x4
  81 0047 05       		.byte	0x5
  82 0048 4E010000 		.4byte	.LASF4
  83 004c 02       		.uleb128 0x2
  84 004d 04       		.byte	0x4
  85 004e 07       		.byte	0x7
  86 004f 30000000 		.4byte	.LASF5
  87 0053 02       		.uleb128 0x2
  88 0054 08       		.byte	0x8
  89 0055 05       		.byte	0x5
  90 0056 00000000 		.4byte	.LASF6
  91 005a 02       		.uleb128 0x2
  92 005b 08       		.byte	0x8
  93 005c 07       		.byte	0x7
  94 005d 69000000 		.4byte	.LASF7
  95 0061 03       		.uleb128 0x3
  96 0062 04       		.byte	0x4
  97 0063 05       		.byte	0x5
  98 0064 696E7400 		.ascii	"int\000"
  99 0068 02       		.uleb128 0x2
 100 0069 04       		.byte	0x4
 101 006a 07       		.byte	0x7
 102 006b 5C000000 		.4byte	.LASF8
 103 006f 02       		.uleb128 0x2
 104 0070 04       		.byte	0x4
 105 0071 04       		.byte	0x4
 106 0072 1C000000 		.4byte	.LASF9
 107 0076 02       		.uleb128 0x2
 108 0077 08       		.byte	0x8
 109 0078 04       		.byte	0x4
 110 0079 55000000 		.4byte	.LASF10
ARM GAS  C:\Users\Robert\AppData\Local\Temp\ccVu0IoL.s 			page 4


 111 007d 02       		.uleb128 0x2
 112 007e 01       		.byte	0x1
 113 007f 08       		.byte	0x8
 114 0080 CD000000 		.4byte	.LASF11
 115 0084 04       		.uleb128 0x4
 116 0085 01       		.byte	0x1
 117 0086 0E000000 		.4byte	.LASF15
 118 008a 01       		.byte	0x1
 119 008b 33       		.byte	0x33
 120 008c 01       		.byte	0x1
 121 008d 00000000 		.4byte	.LFB0
 122 0091 0A000000 		.4byte	.LFE0
 123 0095 00000000 		.4byte	.LLST0
 124 0099 01       		.byte	0x1
 125 009a 00       		.byte	0
 126              		.section	.debug_abbrev,"",%progbits
 127              	.Ldebug_abbrev0:
 128 0000 01       		.uleb128 0x1
 129 0001 11       		.uleb128 0x11
 130 0002 01       		.byte	0x1
 131 0003 25       		.uleb128 0x25
 132 0004 0E       		.uleb128 0xe
 133 0005 13       		.uleb128 0x13
 134 0006 0B       		.uleb128 0xb
 135 0007 03       		.uleb128 0x3
 136 0008 0E       		.uleb128 0xe
 137 0009 1B       		.uleb128 0x1b
 138 000a 0E       		.uleb128 0xe
 139 000b 55       		.uleb128 0x55
 140 000c 06       		.uleb128 0x6
 141 000d 11       		.uleb128 0x11
 142 000e 01       		.uleb128 0x1
 143 000f 52       		.uleb128 0x52
 144 0010 01       		.uleb128 0x1
 145 0011 10       		.uleb128 0x10
 146 0012 06       		.uleb128 0x6
 147 0013 00       		.byte	0
 148 0014 00       		.byte	0
 149 0015 02       		.uleb128 0x2
 150 0016 24       		.uleb128 0x24
 151 0017 00       		.byte	0
 152 0018 0B       		.uleb128 0xb
 153 0019 0B       		.uleb128 0xb
 154 001a 3E       		.uleb128 0x3e
 155 001b 0B       		.uleb128 0xb
 156 001c 03       		.uleb128 0x3
 157 001d 0E       		.uleb128 0xe
 158 001e 00       		.byte	0
 159 001f 00       		.byte	0
 160 0020 03       		.uleb128 0x3
 161 0021 24       		.uleb128 0x24
 162 0022 00       		.byte	0
 163 0023 0B       		.uleb128 0xb
 164 0024 0B       		.uleb128 0xb
 165 0025 3E       		.uleb128 0x3e
 166 0026 0B       		.uleb128 0xb
 167 0027 03       		.uleb128 0x3
ARM GAS  C:\Users\Robert\AppData\Local\Temp\ccVu0IoL.s 			page 5


 168 0028 08       		.uleb128 0x8
 169 0029 00       		.byte	0
 170 002a 00       		.byte	0
 171 002b 04       		.uleb128 0x4
 172 002c 2E       		.uleb128 0x2e
 173 002d 00       		.byte	0
 174 002e 3F       		.uleb128 0x3f
 175 002f 0C       		.uleb128 0xc
 176 0030 03       		.uleb128 0x3
 177 0031 0E       		.uleb128 0xe
 178 0032 3A       		.uleb128 0x3a
 179 0033 0B       		.uleb128 0xb
 180 0034 3B       		.uleb128 0x3b
 181 0035 0B       		.uleb128 0xb
 182 0036 27       		.uleb128 0x27
 183 0037 0C       		.uleb128 0xc
 184 0038 11       		.uleb128 0x11
 185 0039 01       		.uleb128 0x1
 186 003a 12       		.uleb128 0x12
 187 003b 01       		.uleb128 0x1
 188 003c 40       		.uleb128 0x40
 189 003d 06       		.uleb128 0x6
 190 003e 9742     		.uleb128 0x2117
 191 0040 0C       		.uleb128 0xc
 192 0041 00       		.byte	0
 193 0042 00       		.byte	0
 194 0043 00       		.byte	0
 195              		.section	.debug_loc,"",%progbits
 196              	.Ldebug_loc0:
 197              	.LLST0:
 198 0000 00000000 		.4byte	.LFB0
 199 0004 02000000 		.4byte	.LCFI0
 200 0008 0200     		.2byte	0x2
 201 000a 7D       		.byte	0x7d
 202 000b 00       		.sleb128 0
 203 000c 02000000 		.4byte	.LCFI0
 204 0010 04000000 		.4byte	.LCFI1
 205 0014 0200     		.2byte	0x2
 206 0016 7D       		.byte	0x7d
 207 0017 04       		.sleb128 4
 208 0018 04000000 		.4byte	.LCFI1
 209 001c 0A000000 		.4byte	.LFE0
 210 0020 0200     		.2byte	0x2
 211 0022 77       		.byte	0x77
 212 0023 04       		.sleb128 4
 213 0024 00000000 		.4byte	0
 214 0028 00000000 		.4byte	0
 215              		.section	.debug_aranges,"",%progbits
 216 0000 1C000000 		.4byte	0x1c
 217 0004 0200     		.2byte	0x2
 218 0006 00000000 		.4byte	.Ldebug_info0
 219 000a 04       		.byte	0x4
 220 000b 00       		.byte	0
 221 000c 0000     		.2byte	0
 222 000e 0000     		.2byte	0
 223 0010 00000000 		.4byte	.LFB0
 224 0014 0A000000 		.4byte	.LFE0-.LFB0
ARM GAS  C:\Users\Robert\AppData\Local\Temp\ccVu0IoL.s 			page 6


 225 0018 00000000 		.4byte	0
 226 001c 00000000 		.4byte	0
 227              		.section	.debug_ranges,"",%progbits
 228              	.Ldebug_ranges0:
 229 0000 00000000 		.4byte	.LFB0
 230 0004 0A000000 		.4byte	.LFE0
 231 0008 00000000 		.4byte	0
 232 000c 00000000 		.4byte	0
 233              		.section	.debug_line,"",%progbits
 234              	.Ldebug_line0:
 235 0000 57000000 		.section	.debug_str,"MS",%progbits,1
 235      02003F00 
 235      00000201 
 235      FB0E0D00 
 235      01010101 
 236              	.LASF6:
 237 0000 6C6F6E67 		.ascii	"long long int\000"
 237      206C6F6E 
 237      6720696E 
 237      7400
 238              	.LASF15:
 239 000e 4144435F 		.ascii	"ADC_SAR_2_ISR\000"
 239      5341525F 
 239      325F4953 
 239      5200
 240              	.LASF9:
 241 001c 666C6F61 		.ascii	"float\000"
 241      7400
 242              	.LASF1:
 243 0022 756E7369 		.ascii	"unsigned char\000"
 243      676E6564 
 243      20636861 
 243      7200
 244              	.LASF5:
 245 0030 6C6F6E67 		.ascii	"long unsigned int\000"
 245      20756E73 
 245      69676E65 
 245      6420696E 
 245      7400
 246              	.LASF3:
 247 0042 73686F72 		.ascii	"short unsigned int\000"
 247      7420756E 
 247      7369676E 
 247      65642069 
 247      6E7400
 248              	.LASF10:
 249 0055 646F7562 		.ascii	"double\000"
 249      6C6500
 250              	.LASF8:
 251 005c 756E7369 		.ascii	"unsigned int\000"
 251      676E6564 
 251      20696E74 
 251      00
 252              	.LASF7:
 253 0069 6C6F6E67 		.ascii	"long long unsigned int\000"
 253      206C6F6E 
 253      6720756E 
ARM GAS  C:\Users\Robert\AppData\Local\Temp\ccVu0IoL.s 			page 7


 253      7369676E 
 253      65642069 
 254              	.LASF14:
 255 0080 433A5C55 		.ascii	"C:\\Users\\Robert\\workspace\\embedit_git\\psoc_2_p"
 255      73657273 
 255      5C526F62 
 255      6572745C 
 255      776F726B 
 256 00ae 695C5053 		.ascii	"i\\PSoC Creator\\PSoC_2_Pi.cydsn\000"
 256      6F432043 
 256      72656174 
 256      6F725C50 
 256      536F435F 
 257              	.LASF11:
 258 00cd 63686172 		.ascii	"char\000"
 258      00
 259              	.LASF13:
 260 00d2 2E5C4765 		.ascii	".\\Generated_Source\\PSoC5\\ADC_SAR_2_INT.c\000"
 260      6E657261 
 260      7465645F 
 260      536F7572 
 260      63655C50 
 261              	.LASF2:
 262 00fb 73686F72 		.ascii	"short int\000"
 262      7420696E 
 262      7400
 263              	.LASF12:
 264 0105 474E5520 		.ascii	"GNU C 4.7.3 20130312 (release) [ARM/embedded-4_7-br"
 264      4320342E 
 264      372E3320 
 264      32303133 
 264      30333132 
 265 0138 616E6368 		.ascii	"anch revision 196615]\000"
 265      20726576 
 265      6973696F 
 265      6E203139 
 265      36363135 
 266              	.LASF4:
 267 014e 6C6F6E67 		.ascii	"long int\000"
 267      20696E74 
 267      00
 268              	.LASF0:
 269 0157 7369676E 		.ascii	"signed char\000"
 269      65642063 
 269      68617200 
 270              		.ident	"GCC: (GNU Tools for ARM Embedded Processors) 4.7.3 20130312 (release) [ARM/embedded-4_7-br
