ARM GAS  C:\Users\Brian\AppData\Local\Temp\ccoObywa.s 			page 1


   1              		.syntax unified
   2              		.cpu cortex-m3
   3              		.fpu softvfp
   4              		.eabi_attribute 20, 1
   5              		.eabi_attribute 21, 1
   6              		.eabi_attribute 23, 3
   7              		.eabi_attribute 24, 1
   8              		.eabi_attribute 25, 1
   9              		.eabi_attribute 26, 1
  10              		.eabi_attribute 30, 6
  11              		.eabi_attribute 34, 1
  12              		.eabi_attribute 18, 4
  13              		.thumb
  14              		.file	"ADC_SAR_Seq_1_INT.c"
  15              		.text
  16              	.Ltext0:
  17              		.cfi_sections	.debug_frame
  18              		.section	.text.ADC_SAR_Seq_1_ISR,"ax",%progbits
  19              		.align	2
  20              		.global	ADC_SAR_Seq_1_ISR
  21              		.thumb
  22              		.thumb_func
  23              		.type	ADC_SAR_Seq_1_ISR, %function
  24              	ADC_SAR_Seq_1_ISR:
  25              	.LFB0:
  26              		.file 1 ".\\Generated_Source\\PSoC5\\ADC_SAR_Seq_1_INT.c"
   1:.\Generated_Source\PSoC5/ADC_SAR_Seq_1_INT.c **** /*******************************************************************************
   2:.\Generated_Source\PSoC5/ADC_SAR_Seq_1_INT.c **** * File Name: ADC_SAR_Seq_1_INT.c
   3:.\Generated_Source\PSoC5/ADC_SAR_Seq_1_INT.c **** * Version 1.10
   4:.\Generated_Source\PSoC5/ADC_SAR_Seq_1_INT.c **** *
   5:.\Generated_Source\PSoC5/ADC_SAR_Seq_1_INT.c **** *  Description:
   6:.\Generated_Source\PSoC5/ADC_SAR_Seq_1_INT.c **** *    This file contains the code that operates during the interrupt
   7:.\Generated_Source\PSoC5/ADC_SAR_Seq_1_INT.c **** *    service routine.
   8:.\Generated_Source\PSoC5/ADC_SAR_Seq_1_INT.c **** *
   9:.\Generated_Source\PSoC5/ADC_SAR_Seq_1_INT.c **** *   Note:
  10:.\Generated_Source\PSoC5/ADC_SAR_Seq_1_INT.c **** *
  11:.\Generated_Source\PSoC5/ADC_SAR_Seq_1_INT.c **** ********************************************************************************
  12:.\Generated_Source\PSoC5/ADC_SAR_Seq_1_INT.c **** * Copyright 2012-2013, Cypress Semiconductor Corporation.  All rights reserved.
  13:.\Generated_Source\PSoC5/ADC_SAR_Seq_1_INT.c **** * You may use this file only in accordance with the license, terms, conditions,
  14:.\Generated_Source\PSoC5/ADC_SAR_Seq_1_INT.c **** * disclaimers, and limitations in the end user license agreement accompanying
  15:.\Generated_Source\PSoC5/ADC_SAR_Seq_1_INT.c **** * the software package with which this file was provided.
  16:.\Generated_Source\PSoC5/ADC_SAR_Seq_1_INT.c **** *******************************************************************************/
  17:.\Generated_Source\PSoC5/ADC_SAR_Seq_1_INT.c **** 
  18:.\Generated_Source\PSoC5/ADC_SAR_Seq_1_INT.c **** #include "ADC_SAR_Seq_1.h"
  19:.\Generated_Source\PSoC5/ADC_SAR_Seq_1_INT.c **** 
  20:.\Generated_Source\PSoC5/ADC_SAR_Seq_1_INT.c **** 
  21:.\Generated_Source\PSoC5/ADC_SAR_Seq_1_INT.c **** /******************************************************************************
  22:.\Generated_Source\PSoC5/ADC_SAR_Seq_1_INT.c **** * Custom Declarations and Variables
  23:.\Generated_Source\PSoC5/ADC_SAR_Seq_1_INT.c **** * - add user inlcude files, prototypes and variables between the following
  24:.\Generated_Source\PSoC5/ADC_SAR_Seq_1_INT.c **** *   #START and #END tags
  25:.\Generated_Source\PSoC5/ADC_SAR_Seq_1_INT.c **** ******************************************************************************/
  26:.\Generated_Source\PSoC5/ADC_SAR_Seq_1_INT.c **** /* `#START SEQ_ADC_SYS_VAR`  */
  27:.\Generated_Source\PSoC5/ADC_SAR_Seq_1_INT.c **** 
  28:.\Generated_Source\PSoC5/ADC_SAR_Seq_1_INT.c **** /* `#END`  */
  29:.\Generated_Source\PSoC5/ADC_SAR_Seq_1_INT.c **** 
  30:.\Generated_Source\PSoC5/ADC_SAR_Seq_1_INT.c **** 
  31:.\Generated_Source\PSoC5/ADC_SAR_Seq_1_INT.c **** #if(ADC_SAR_Seq_1_IRQ_REMOVE == 0u)
ARM GAS  C:\Users\Brian\AppData\Local\Temp\ccoObywa.s 			page 2


  32:.\Generated_Source\PSoC5/ADC_SAR_Seq_1_INT.c **** 
  33:.\Generated_Source\PSoC5/ADC_SAR_Seq_1_INT.c **** 
  34:.\Generated_Source\PSoC5/ADC_SAR_Seq_1_INT.c ****     /******************************************************************************
  35:.\Generated_Source\PSoC5/ADC_SAR_Seq_1_INT.c ****     * Function Name: ADC_SAR_Seq_1_ISR
  36:.\Generated_Source\PSoC5/ADC_SAR_Seq_1_INT.c ****     *******************************************************************************
  37:.\Generated_Source\PSoC5/ADC_SAR_Seq_1_INT.c ****     *
  38:.\Generated_Source\PSoC5/ADC_SAR_Seq_1_INT.c ****     * Summary:
  39:.\Generated_Source\PSoC5/ADC_SAR_Seq_1_INT.c ****     *  Handle Interrupt Service Routine.
  40:.\Generated_Source\PSoC5/ADC_SAR_Seq_1_INT.c ****     *
  41:.\Generated_Source\PSoC5/ADC_SAR_Seq_1_INT.c ****     * Parameters:
  42:.\Generated_Source\PSoC5/ADC_SAR_Seq_1_INT.c ****     *  None.
  43:.\Generated_Source\PSoC5/ADC_SAR_Seq_1_INT.c ****     *
  44:.\Generated_Source\PSoC5/ADC_SAR_Seq_1_INT.c ****     * Return:
  45:.\Generated_Source\PSoC5/ADC_SAR_Seq_1_INT.c ****     *  None.
  46:.\Generated_Source\PSoC5/ADC_SAR_Seq_1_INT.c ****     *
  47:.\Generated_Source\PSoC5/ADC_SAR_Seq_1_INT.c ****     * Reentrant:
  48:.\Generated_Source\PSoC5/ADC_SAR_Seq_1_INT.c ****     *  No.
  49:.\Generated_Source\PSoC5/ADC_SAR_Seq_1_INT.c ****     *
  50:.\Generated_Source\PSoC5/ADC_SAR_Seq_1_INT.c ****     ******************************************************************************/
  51:.\Generated_Source\PSoC5/ADC_SAR_Seq_1_INT.c ****     CY_ISR( ADC_SAR_Seq_1_ISR )
  52:.\Generated_Source\PSoC5/ADC_SAR_Seq_1_INT.c ****     {
  27              		.loc 1 52 0
  28              		.cfi_startproc
  29              		@ args = 0, pretend = 0, frame = 0
  30              		@ frame_needed = 1, uses_anonymous_args = 0
  31              		@ link register save eliminated.
  32 0000 80B4     		push	{r7}
  33              	.LCFI0:
  34              		.cfi_def_cfa_offset 4
  35              		.cfi_offset 7, -4
  36 0002 00AF     		add	r7, sp, #0
  37              	.LCFI1:
  38              		.cfi_def_cfa_register 7
  53:.\Generated_Source\PSoC5/ADC_SAR_Seq_1_INT.c ****         /************************************************************************
  54:.\Generated_Source\PSoC5/ADC_SAR_Seq_1_INT.c ****         *  Custom Code
  55:.\Generated_Source\PSoC5/ADC_SAR_Seq_1_INT.c ****         *  - add user ISR code between the following #START and #END tags
  56:.\Generated_Source\PSoC5/ADC_SAR_Seq_1_INT.c ****         *************************************************************************/
  57:.\Generated_Source\PSoC5/ADC_SAR_Seq_1_INT.c ****           /* `#START MAIN_SEQ_ADC_ISR`  */
  58:.\Generated_Source\PSoC5/ADC_SAR_Seq_1_INT.c **** 
  59:.\Generated_Source\PSoC5/ADC_SAR_Seq_1_INT.c ****           /* `#END`  */
  60:.\Generated_Source\PSoC5/ADC_SAR_Seq_1_INT.c **** 
  61:.\Generated_Source\PSoC5/ADC_SAR_Seq_1_INT.c ****     }
  39              		.loc 1 61 0
  40 0004 BD46     		mov	sp, r7
  41 0006 80BC     		pop	{r7}
  42 0008 7047     		bx	lr
  43              		.cfi_endproc
  44              	.LFE0:
  45              		.size	ADC_SAR_Seq_1_ISR, .-ADC_SAR_Seq_1_ISR
  46 000a 00BF     		.text
  47              	.Letext0:
  48              		.section	.debug_info,"",%progbits
  49              	.Ldebug_info0:
  50 0000 9E000000 		.4byte	0x9e
  51 0004 0200     		.2byte	0x2
  52 0006 00000000 		.4byte	.Ldebug_abbrev0
  53 000a 04       		.byte	0x4
ARM GAS  C:\Users\Brian\AppData\Local\Temp\ccoObywa.s 			page 3


  54 000b 01       		.uleb128 0x1
  55 000c 2D000000 		.4byte	.LASF13
  56 0010 01       		.byte	0x1
  57 0011 3F010000 		.4byte	.LASF14
  58 0015 9F000000 		.4byte	.LASF15
  59 0019 00000000 		.4byte	.Ldebug_ranges0+0
  60 001d 00000000 		.4byte	0
  61 0021 00000000 		.4byte	0
  62 0025 00000000 		.4byte	.Ldebug_line0
  63 0029 02       		.uleb128 0x2
  64 002a 01       		.byte	0x1
  65 002b 06       		.byte	0x6
  66 002c 2D010000 		.4byte	.LASF0
  67 0030 02       		.uleb128 0x2
  68 0031 01       		.byte	0x1
  69 0032 08       		.byte	0x8
  70 0033 ED000000 		.4byte	.LASF1
  71 0037 02       		.uleb128 0x2
  72 0038 02       		.byte	0x2
  73 0039 05       		.byte	0x5
  74 003a 09010000 		.4byte	.LASF2
  75 003e 02       		.uleb128 0x2
  76 003f 02       		.byte	0x2
  77 0040 07       		.byte	0x7
  78 0041 1A010000 		.4byte	.LASF3
  79 0045 02       		.uleb128 0x2
  80 0046 04       		.byte	0x4
  81 0047 05       		.byte	0x5
  82 0048 00010000 		.4byte	.LASF4
  83 004c 02       		.uleb128 0x2
  84 004d 04       		.byte	0x4
  85 004e 07       		.byte	0x7
  86 004f 76000000 		.4byte	.LASF5
  87 0053 02       		.uleb128 0x2
  88 0054 08       		.byte	0x8
  89 0055 05       		.byte	0x5
  90 0056 00000000 		.4byte	.LASF6
  91 005a 02       		.uleb128 0x2
  92 005b 08       		.byte	0x8
  93 005c 07       		.byte	0x7
  94 005d 88000000 		.4byte	.LASF7
  95 0061 03       		.uleb128 0x3
  96 0062 04       		.byte	0x4
  97 0063 05       		.byte	0x5
  98 0064 696E7400 		.ascii	"int\000"
  99 0068 02       		.uleb128 0x2
 100 0069 04       		.byte	0x4
 101 006a 07       		.byte	0x7
 102 006b 0E000000 		.4byte	.LASF8
 103 006f 02       		.uleb128 0x2
 104 0070 04       		.byte	0x4
 105 0071 04       		.byte	0x4
 106 0072 39010000 		.4byte	.LASF9
 107 0076 02       		.uleb128 0x2
 108 0077 08       		.byte	0x8
 109 0078 04       		.byte	0x4
 110 0079 13010000 		.4byte	.LASF10
ARM GAS  C:\Users\Brian\AppData\Local\Temp\ccoObywa.s 			page 4


 111 007d 02       		.uleb128 0x2
 112 007e 01       		.byte	0x1
 113 007f 08       		.byte	0x8
 114 0080 FB000000 		.4byte	.LASF11
 115 0084 02       		.uleb128 0x2
 116 0085 04       		.byte	0x4
 117 0086 07       		.byte	0x7
 118 0087 6C010000 		.4byte	.LASF12
 119 008b 04       		.uleb128 0x4
 120 008c 01       		.byte	0x1
 121 008d 1B000000 		.4byte	.LASF16
 122 0091 01       		.byte	0x1
 123 0092 33       		.byte	0x33
 124 0093 01       		.byte	0x1
 125 0094 00000000 		.4byte	.LFB0
 126 0098 0A000000 		.4byte	.LFE0
 127 009c 00000000 		.4byte	.LLST0
 128 00a0 01       		.byte	0x1
 129 00a1 00       		.byte	0
 130              		.section	.debug_abbrev,"",%progbits
 131              	.Ldebug_abbrev0:
 132 0000 01       		.uleb128 0x1
 133 0001 11       		.uleb128 0x11
 134 0002 01       		.byte	0x1
 135 0003 25       		.uleb128 0x25
 136 0004 0E       		.uleb128 0xe
 137 0005 13       		.uleb128 0x13
 138 0006 0B       		.uleb128 0xb
 139 0007 03       		.uleb128 0x3
 140 0008 0E       		.uleb128 0xe
 141 0009 1B       		.uleb128 0x1b
 142 000a 0E       		.uleb128 0xe
 143 000b 55       		.uleb128 0x55
 144 000c 06       		.uleb128 0x6
 145 000d 11       		.uleb128 0x11
 146 000e 01       		.uleb128 0x1
 147 000f 52       		.uleb128 0x52
 148 0010 01       		.uleb128 0x1
 149 0011 10       		.uleb128 0x10
 150 0012 06       		.uleb128 0x6
 151 0013 00       		.byte	0
 152 0014 00       		.byte	0
 153 0015 02       		.uleb128 0x2
 154 0016 24       		.uleb128 0x24
 155 0017 00       		.byte	0
 156 0018 0B       		.uleb128 0xb
 157 0019 0B       		.uleb128 0xb
 158 001a 3E       		.uleb128 0x3e
 159 001b 0B       		.uleb128 0xb
 160 001c 03       		.uleb128 0x3
 161 001d 0E       		.uleb128 0xe
 162 001e 00       		.byte	0
 163 001f 00       		.byte	0
 164 0020 03       		.uleb128 0x3
 165 0021 24       		.uleb128 0x24
 166 0022 00       		.byte	0
 167 0023 0B       		.uleb128 0xb
ARM GAS  C:\Users\Brian\AppData\Local\Temp\ccoObywa.s 			page 5


 168 0024 0B       		.uleb128 0xb
 169 0025 3E       		.uleb128 0x3e
 170 0026 0B       		.uleb128 0xb
 171 0027 03       		.uleb128 0x3
 172 0028 08       		.uleb128 0x8
 173 0029 00       		.byte	0
 174 002a 00       		.byte	0
 175 002b 04       		.uleb128 0x4
 176 002c 2E       		.uleb128 0x2e
 177 002d 00       		.byte	0
 178 002e 3F       		.uleb128 0x3f
 179 002f 0C       		.uleb128 0xc
 180 0030 03       		.uleb128 0x3
 181 0031 0E       		.uleb128 0xe
 182 0032 3A       		.uleb128 0x3a
 183 0033 0B       		.uleb128 0xb
 184 0034 3B       		.uleb128 0x3b
 185 0035 0B       		.uleb128 0xb
 186 0036 27       		.uleb128 0x27
 187 0037 0C       		.uleb128 0xc
 188 0038 11       		.uleb128 0x11
 189 0039 01       		.uleb128 0x1
 190 003a 12       		.uleb128 0x12
 191 003b 01       		.uleb128 0x1
 192 003c 40       		.uleb128 0x40
 193 003d 06       		.uleb128 0x6
 194 003e 9742     		.uleb128 0x2117
 195 0040 0C       		.uleb128 0xc
 196 0041 00       		.byte	0
 197 0042 00       		.byte	0
 198 0043 00       		.byte	0
 199              		.section	.debug_loc,"",%progbits
 200              	.Ldebug_loc0:
 201              	.LLST0:
 202 0000 00000000 		.4byte	.LFB0
 203 0004 02000000 		.4byte	.LCFI0
 204 0008 0200     		.2byte	0x2
 205 000a 7D       		.byte	0x7d
 206 000b 00       		.sleb128 0
 207 000c 02000000 		.4byte	.LCFI0
 208 0010 04000000 		.4byte	.LCFI1
 209 0014 0200     		.2byte	0x2
 210 0016 7D       		.byte	0x7d
 211 0017 04       		.sleb128 4
 212 0018 04000000 		.4byte	.LCFI1
 213 001c 0A000000 		.4byte	.LFE0
 214 0020 0200     		.2byte	0x2
 215 0022 77       		.byte	0x77
 216 0023 04       		.sleb128 4
 217 0024 00000000 		.4byte	0
 218 0028 00000000 		.4byte	0
 219              		.section	.debug_aranges,"",%progbits
 220 0000 1C000000 		.4byte	0x1c
 221 0004 0200     		.2byte	0x2
 222 0006 00000000 		.4byte	.Ldebug_info0
 223 000a 04       		.byte	0x4
 224 000b 00       		.byte	0
ARM GAS  C:\Users\Brian\AppData\Local\Temp\ccoObywa.s 			page 6


 225 000c 0000     		.2byte	0
 226 000e 0000     		.2byte	0
 227 0010 00000000 		.4byte	.LFB0
 228 0014 0A000000 		.4byte	.LFE0-.LFB0
 229 0018 00000000 		.4byte	0
 230 001c 00000000 		.4byte	0
 231              		.section	.debug_ranges,"",%progbits
 232              	.Ldebug_ranges0:
 233 0000 00000000 		.4byte	.LFB0
 234 0004 0A000000 		.4byte	.LFE0
 235 0008 00000000 		.4byte	0
 236 000c 00000000 		.4byte	0
 237              		.section	.debug_line,"",%progbits
 238              	.Ldebug_line0:
 239 0000 5B000000 		.section	.debug_str,"MS",%progbits,1
 239      02004300 
 239      00000201 
 239      FB0E0D00 
 239      01010101 
 240              	.LASF6:
 241 0000 6C6F6E67 		.ascii	"long long int\000"
 241      206C6F6E 
 241      6720696E 
 241      7400
 242              	.LASF8:
 243 000e 756E7369 		.ascii	"unsigned int\000"
 243      676E6564 
 243      20696E74 
 243      00
 244              	.LASF16:
 245 001b 4144435F 		.ascii	"ADC_SAR_Seq_1_ISR\000"
 245      5341525F 
 245      5365715F 
 245      315F4953 
 245      5200
 246              	.LASF13:
 247 002d 474E5520 		.ascii	"GNU C 4.7.3 20130312 (release) [ARM/embedded-4_7-br"
 247      4320342E 
 247      372E3320 
 247      32303133 
 247      30333132 
 248 0060 616E6368 		.ascii	"anch revision 196615]\000"
 248      20726576 
 248      6973696F 
 248      6E203139 
 248      36363135 
 249              	.LASF5:
 250 0076 6C6F6E67 		.ascii	"long unsigned int\000"
 250      20756E73 
 250      69676E65 
 250      6420696E 
 250      7400
 251              	.LASF7:
 252 0088 6C6F6E67 		.ascii	"long long unsigned int\000"
 252      206C6F6E 
 252      6720756E 
 252      7369676E 
ARM GAS  C:\Users\Brian\AppData\Local\Temp\ccoObywa.s 			page 7


 252      65642069 
 253              	.LASF15:
 254 009f 433A5C55 		.ascii	"C:\\Users\\Brian\\Dropbox\\RPiSoC\\Projects\\PSoC_2"
 254      73657273 
 254      5C427269 
 254      616E5C44 
 254      726F7062 
 255 00cc 5F50695C 		.ascii	"_Pi\\PSoC Creator\\PSoC_2_Pi.cydsn\000"
 255      50536F43 
 255      20437265 
 255      61746F72 
 255      5C50536F 
 256              	.LASF1:
 257 00ed 756E7369 		.ascii	"unsigned char\000"
 257      676E6564 
 257      20636861 
 257      7200
 258              	.LASF11:
 259 00fb 63686172 		.ascii	"char\000"
 259      00
 260              	.LASF4:
 261 0100 6C6F6E67 		.ascii	"long int\000"
 261      20696E74 
 261      00
 262              	.LASF2:
 263 0109 73686F72 		.ascii	"short int\000"
 263      7420696E 
 263      7400
 264              	.LASF10:
 265 0113 646F7562 		.ascii	"double\000"
 265      6C6500
 266              	.LASF3:
 267 011a 73686F72 		.ascii	"short unsigned int\000"
 267      7420756E 
 267      7369676E 
 267      65642069 
 267      6E7400
 268              	.LASF0:
 269 012d 7369676E 		.ascii	"signed char\000"
 269      65642063 
 269      68617200 
 270              	.LASF9:
 271 0139 666C6F61 		.ascii	"float\000"
 271      7400
 272              	.LASF14:
 273 013f 2E5C4765 		.ascii	".\\Generated_Source\\PSoC5\\ADC_SAR_Seq_1_INT.c\000"
 273      6E657261 
 273      7465645F 
 273      536F7572 
 273      63655C50 
 274              	.LASF12:
 275 016c 73697A65 		.ascii	"sizetype\000"
 275      74797065 
 275      00
 276              		.ident	"GCC: (GNU Tools for ARM Embedded Processors) 4.7.3 20130312 (release) [ARM/embedded-4_7-br
