ARM GAS  C:\Users\Brian\AppData\Local\Temp\cc1jaq2i.s 			page 1


   1              		.syntax unified
   2              		.cpu cortex-m3
   3              		.fpu softvfp
   4              		.eabi_attribute 20, 1
   5              		.eabi_attribute 21, 1
   6              		.eabi_attribute 23, 3
   7              		.eabi_attribute 24, 1
   8              		.eabi_attribute 25, 1
   9              		.eabi_attribute 26, 1
  10              		.eabi_attribute 30, 6
  11              		.eabi_attribute 34, 1
  12              		.eabi_attribute 18, 4
  13              		.thumb
  14              		.file	"Cm3Start.c"
  15              		.text
  16              	.Ltext0:
  17              		.cfi_sections	.debug_frame
  18              		.section	.noinit,"aw",%progbits
  19              		.align	2
  20              		.type	cySysNoInitDataValid, %object
  21              		.size	cySysNoInitDataValid, 4
  22              	cySysNoInitDataValid:
  23 0000 00000000 		.space	4
  24              		.global	CyRamVectors
  25              		.section	.ramvectors,"aw",%progbits
  26              		.align	8
  27              		.type	CyRamVectors, %object
  28              		.size	CyRamVectors, 192
  29              	CyRamVectors:
  30 0000 00000000 		.space	192
  30      00000000 
  30      00000000 
  30      00000000 
  30      00000000 
  31 00c0 00000000 		.section	.text.IntDefaultHandler,"ax",%progbits
  31      00000000 
  31      00000000 
  31      00000000 
  31      00000000 
  32              		.align	2
  33              		.global	IntDefaultHandler
  34              		.thumb
  35              		.thumb_func
  36              		.type	IntDefaultHandler, %function
  37              	IntDefaultHandler:
  38              	.LFB0:
  39              		.file 1 ".\\Generated_Source\\PSoC5\\Cm3Start.c"
   1:.\Generated_Source\PSoC5/Cm3Start.c **** /*******************************************************************************
   2:.\Generated_Source\PSoC5/Cm3Start.c **** * File Name: Cm3Start.c
   3:.\Generated_Source\PSoC5/Cm3Start.c **** * Version 4.10
   4:.\Generated_Source\PSoC5/Cm3Start.c **** *
   5:.\Generated_Source\PSoC5/Cm3Start.c **** *  Description:
   6:.\Generated_Source\PSoC5/Cm3Start.c **** *  Startup code for the ARM CM3.
   7:.\Generated_Source\PSoC5/Cm3Start.c **** *
   8:.\Generated_Source\PSoC5/Cm3Start.c **** ********************************************************************************
   9:.\Generated_Source\PSoC5/Cm3Start.c **** * Copyright 2008-2014, Cypress Semiconductor Corporation. All rights reserved.
  10:.\Generated_Source\PSoC5/Cm3Start.c **** * You may use this file only in accordance with the license, terms, conditions,
ARM GAS  C:\Users\Brian\AppData\Local\Temp\cc1jaq2i.s 			page 2


  11:.\Generated_Source\PSoC5/Cm3Start.c **** * disclaimers, and limitations in the end user license agreement accompanying
  12:.\Generated_Source\PSoC5/Cm3Start.c **** * the software package with which this file was provided.
  13:.\Generated_Source\PSoC5/Cm3Start.c **** *******************************************************************************/
  14:.\Generated_Source\PSoC5/Cm3Start.c **** 
  15:.\Generated_Source\PSoC5/Cm3Start.c **** #include <limits.h>
  16:.\Generated_Source\PSoC5/Cm3Start.c **** #include "cydevice_trm.h"
  17:.\Generated_Source\PSoC5/Cm3Start.c **** #include "cytypes.h"
  18:.\Generated_Source\PSoC5/Cm3Start.c **** #include "cyfitter_cfg.h"
  19:.\Generated_Source\PSoC5/Cm3Start.c **** #include "CyLib.h"
  20:.\Generated_Source\PSoC5/Cm3Start.c **** #include "CyDmac.h"
  21:.\Generated_Source\PSoC5/Cm3Start.c **** #include "cyfitter.h"
  22:.\Generated_Source\PSoC5/Cm3Start.c **** 
  23:.\Generated_Source\PSoC5/Cm3Start.c **** #define CY_NUM_INTERRUPTS           (32u)
  24:.\Generated_Source\PSoC5/Cm3Start.c **** #define CY_NUM_VECTORS              (CYINT_IRQ_BASE + CY_NUM_INTERRUPTS)
  25:.\Generated_Source\PSoC5/Cm3Start.c **** #define CY_NUM_ROM_VECTORS          (4u)
  26:.\Generated_Source\PSoC5/Cm3Start.c **** #define CY_NVIC_APINT_PTR           ((reg32 *) CYREG_NVIC_APPLN_INTR)
  27:.\Generated_Source\PSoC5/Cm3Start.c **** #define CY_NVIC_CFG_CTRL_PTR        ((reg32 *) CYREG_NVIC_CFG_CONTROL)
  28:.\Generated_Source\PSoC5/Cm3Start.c **** #define CY_NVIC_APINT_PRIGROUP_3_5  (0x00000400u)  /* Priority group 3.5 split */
  29:.\Generated_Source\PSoC5/Cm3Start.c **** #define CY_NVIC_APINT_VECTKEY       (0x05FA0000u)  /* This key is required in order to write the NV
  30:.\Generated_Source\PSoC5/Cm3Start.c **** #define CY_NVIC_CFG_STACKALIGN      (0x00000200u)  /* This specifies that the exception stack must 
  31:.\Generated_Source\PSoC5/Cm3Start.c **** 
  32:.\Generated_Source\PSoC5/Cm3Start.c **** 
  33:.\Generated_Source\PSoC5/Cm3Start.c **** /* Extern functions */
  34:.\Generated_Source\PSoC5/Cm3Start.c **** extern void CyBtldr_CheckLaunch(void);
  35:.\Generated_Source\PSoC5/Cm3Start.c **** 
  36:.\Generated_Source\PSoC5/Cm3Start.c **** /* Function prototypes */
  37:.\Generated_Source\PSoC5/Cm3Start.c **** void initialize_psoc(void);
  38:.\Generated_Source\PSoC5/Cm3Start.c **** CY_ISR(IntDefaultHandler);
  39:.\Generated_Source\PSoC5/Cm3Start.c **** void Reset(void);
  40:.\Generated_Source\PSoC5/Cm3Start.c **** CY_ISR(IntDefaultHandler);
  41:.\Generated_Source\PSoC5/Cm3Start.c **** 
  42:.\Generated_Source\PSoC5/Cm3Start.c **** #if defined(__ARMCC_VERSION)
  43:.\Generated_Source\PSoC5/Cm3Start.c ****     #define INITIAL_STACK_POINTER ((cyisraddress)(uint32)&Image$$ARM_LIB_STACK$$ZI$$Limit)
  44:.\Generated_Source\PSoC5/Cm3Start.c **** #elif defined (__GNUC__)
  45:.\Generated_Source\PSoC5/Cm3Start.c ****     #define INITIAL_STACK_POINTER (&__cy_stack)
  46:.\Generated_Source\PSoC5/Cm3Start.c **** #elif defined (__ICCARM__)
  47:.\Generated_Source\PSoC5/Cm3Start.c ****     #pragma language=extended
  48:.\Generated_Source\PSoC5/Cm3Start.c ****     #pragma segment="CSTACK"
  49:.\Generated_Source\PSoC5/Cm3Start.c ****     #define INITIAL_STACK_POINTER  { .__ptr = __sfe( "CSTACK" ) }
  50:.\Generated_Source\PSoC5/Cm3Start.c **** 
  51:.\Generated_Source\PSoC5/Cm3Start.c ****     extern void __iar_program_start( void );
  52:.\Generated_Source\PSoC5/Cm3Start.c ****     extern void __iar_data_init3 (void);
  53:.\Generated_Source\PSoC5/Cm3Start.c **** #endif  /* (__ARMCC_VERSION) */
  54:.\Generated_Source\PSoC5/Cm3Start.c **** 
  55:.\Generated_Source\PSoC5/Cm3Start.c **** /* Global variables */
  56:.\Generated_Source\PSoC5/Cm3Start.c **** #if !defined (__ICCARM__)
  57:.\Generated_Source\PSoC5/Cm3Start.c ****     CY_NOINIT static uint32 cySysNoInitDataValid;
  58:.\Generated_Source\PSoC5/Cm3Start.c **** #endif  /* !defined (__ICCARM__) */
  59:.\Generated_Source\PSoC5/Cm3Start.c **** 
  60:.\Generated_Source\PSoC5/Cm3Start.c **** 
  61:.\Generated_Source\PSoC5/Cm3Start.c **** /*******************************************************************************
  62:.\Generated_Source\PSoC5/Cm3Start.c **** * Default Ram Interrupt Vector table storage area. Must be 256-byte aligned.
  63:.\Generated_Source\PSoC5/Cm3Start.c **** *******************************************************************************/
  64:.\Generated_Source\PSoC5/Cm3Start.c **** #if defined (__ICCARM__)
  65:.\Generated_Source\PSoC5/Cm3Start.c ****     #pragma location=".ramvectors"
  66:.\Generated_Source\PSoC5/Cm3Start.c ****     #pragma data_alignment=256
  67:.\Generated_Source\PSoC5/Cm3Start.c **** #else
ARM GAS  C:\Users\Brian\AppData\Local\Temp\cc1jaq2i.s 			page 3


  68:.\Generated_Source\PSoC5/Cm3Start.c ****     CY_SECTION(".ramvectors")
  69:.\Generated_Source\PSoC5/Cm3Start.c ****     CY_ALIGN(256)
  70:.\Generated_Source\PSoC5/Cm3Start.c **** #endif  /* defined (__ICCARM__) */
  71:.\Generated_Source\PSoC5/Cm3Start.c **** cyisraddress CyRamVectors[CY_NUM_VECTORS];
  72:.\Generated_Source\PSoC5/Cm3Start.c **** 
  73:.\Generated_Source\PSoC5/Cm3Start.c **** 
  74:.\Generated_Source\PSoC5/Cm3Start.c **** /*******************************************************************************
  75:.\Generated_Source\PSoC5/Cm3Start.c **** * Function Name: IntDefaultHandler
  76:.\Generated_Source\PSoC5/Cm3Start.c **** ********************************************************************************
  77:.\Generated_Source\PSoC5/Cm3Start.c **** *
  78:.\Generated_Source\PSoC5/Cm3Start.c **** * Summary:
  79:.\Generated_Source\PSoC5/Cm3Start.c **** *  This function is called for all interrupts, other than a reset that gets
  80:.\Generated_Source\PSoC5/Cm3Start.c **** *  called before the system is setup.
  81:.\Generated_Source\PSoC5/Cm3Start.c **** *
  82:.\Generated_Source\PSoC5/Cm3Start.c **** * Parameters:
  83:.\Generated_Source\PSoC5/Cm3Start.c **** *  None
  84:.\Generated_Source\PSoC5/Cm3Start.c **** *
  85:.\Generated_Source\PSoC5/Cm3Start.c **** * Return:
  86:.\Generated_Source\PSoC5/Cm3Start.c **** *  None
  87:.\Generated_Source\PSoC5/Cm3Start.c **** *
  88:.\Generated_Source\PSoC5/Cm3Start.c **** * Theory:
  89:.\Generated_Source\PSoC5/Cm3Start.c **** *  Any value other than zero is acceptable.
  90:.\Generated_Source\PSoC5/Cm3Start.c **** *
  91:.\Generated_Source\PSoC5/Cm3Start.c **** *******************************************************************************/
  92:.\Generated_Source\PSoC5/Cm3Start.c **** CY_ISR(IntDefaultHandler)
  93:.\Generated_Source\PSoC5/Cm3Start.c **** {
  40              		.loc 1 93 0
  41              		.cfi_startproc
  42              		@ args = 0, pretend = 0, frame = 0
  43              		@ frame_needed = 1, uses_anonymous_args = 0
  44              		@ link register save eliminated.
  45 0000 80B4     		push	{r7}
  46              	.LCFI0:
  47              		.cfi_def_cfa_offset 4
  48              		.cfi_offset 7, -4
  49 0002 00AF     		add	r7, sp, #0
  50              	.LCFI1:
  51              		.cfi_def_cfa_register 7
  52              	.L2:
  94:.\Generated_Source\PSoC5/Cm3Start.c **** 
  95:.\Generated_Source\PSoC5/Cm3Start.c ****     while(1)
  96:.\Generated_Source\PSoC5/Cm3Start.c ****     {
  97:.\Generated_Source\PSoC5/Cm3Start.c ****         /***********************************************************************
  98:.\Generated_Source\PSoC5/Cm3Start.c ****         * We must not get here. If we do, a serious problem occurs, so go
  99:.\Generated_Source\PSoC5/Cm3Start.c ****         * into an infinite loop.
 100:.\Generated_Source\PSoC5/Cm3Start.c ****         ***********************************************************************/
 101:.\Generated_Source\PSoC5/Cm3Start.c ****     }
  53              		.loc 1 101 0 discriminator 1
  54 0004 FEE7     		b	.L2
  55              		.cfi_endproc
  56              	.LFE0:
  57              		.size	IntDefaultHandler, .-IntDefaultHandler
  58 0006 00BF     		.section	.text.Reset,"ax",%progbits
  59              		.align	2
  60              		.global	Reset
  61              		.thumb
  62              		.thumb_func
ARM GAS  C:\Users\Brian\AppData\Local\Temp\cc1jaq2i.s 			page 4


  63              		.type	Reset, %function
  64              	Reset:
  65              	.LFB1:
 102:.\Generated_Source\PSoC5/Cm3Start.c **** }
 103:.\Generated_Source\PSoC5/Cm3Start.c **** 
 104:.\Generated_Source\PSoC5/Cm3Start.c **** 
 105:.\Generated_Source\PSoC5/Cm3Start.c **** #if defined(__ARMCC_VERSION)
 106:.\Generated_Source\PSoC5/Cm3Start.c **** 
 107:.\Generated_Source\PSoC5/Cm3Start.c **** /* Local function for device reset. */
 108:.\Generated_Source\PSoC5/Cm3Start.c **** extern void Reset(void);
 109:.\Generated_Source\PSoC5/Cm3Start.c **** 
 110:.\Generated_Source\PSoC5/Cm3Start.c **** /* Application entry point. */
 111:.\Generated_Source\PSoC5/Cm3Start.c **** extern void $Super$$main(void);
 112:.\Generated_Source\PSoC5/Cm3Start.c **** 
 113:.\Generated_Source\PSoC5/Cm3Start.c **** /* Linker-generated Stack Base addresses, Two Region and One Region */
 114:.\Generated_Source\PSoC5/Cm3Start.c **** extern uint32 Image$$ARM_LIB_STACK$$ZI$$Limit;
 115:.\Generated_Source\PSoC5/Cm3Start.c **** 
 116:.\Generated_Source\PSoC5/Cm3Start.c **** /* RealView C Library initialization. */
 117:.\Generated_Source\PSoC5/Cm3Start.c **** extern int __main(void);
 118:.\Generated_Source\PSoC5/Cm3Start.c **** 
 119:.\Generated_Source\PSoC5/Cm3Start.c **** 
 120:.\Generated_Source\PSoC5/Cm3Start.c **** /*******************************************************************************
 121:.\Generated_Source\PSoC5/Cm3Start.c **** * Function Name: Reset
 122:.\Generated_Source\PSoC5/Cm3Start.c **** ********************************************************************************
 123:.\Generated_Source\PSoC5/Cm3Start.c **** *
 124:.\Generated_Source\PSoC5/Cm3Start.c **** * Summary:
 125:.\Generated_Source\PSoC5/Cm3Start.c **** *  This function handles the reset interrupt for the RVDS/MDK toolchains.
 126:.\Generated_Source\PSoC5/Cm3Start.c **** *  This is the first bit of code that is executed at startup.
 127:.\Generated_Source\PSoC5/Cm3Start.c **** *
 128:.\Generated_Source\PSoC5/Cm3Start.c **** * Parameters:
 129:.\Generated_Source\PSoC5/Cm3Start.c **** *  None
 130:.\Generated_Source\PSoC5/Cm3Start.c **** *
 131:.\Generated_Source\PSoC5/Cm3Start.c **** * Return:
 132:.\Generated_Source\PSoC5/Cm3Start.c **** *  None
 133:.\Generated_Source\PSoC5/Cm3Start.c **** *
 134:.\Generated_Source\PSoC5/Cm3Start.c **** *******************************************************************************/
 135:.\Generated_Source\PSoC5/Cm3Start.c **** void Reset(void)
 136:.\Generated_Source\PSoC5/Cm3Start.c **** {
 137:.\Generated_Source\PSoC5/Cm3Start.c ****     #if(CYDEV_PROJ_TYPE != CYDEV_PROJ_TYPE_LOADABLE)
 138:.\Generated_Source\PSoC5/Cm3Start.c **** 
 139:.\Generated_Source\PSoC5/Cm3Start.c ****         /* For PSoC 5LP, debugging is enabled by default */
 140:.\Generated_Source\PSoC5/Cm3Start.c ****         #if(CYDEV_DEBUGGING_ENABLE == 0)
 141:.\Generated_Source\PSoC5/Cm3Start.c ****             *(reg32 *)(CYDEV_DEBUG_ENABLE_REGISTER) |= CYDEV_DEBUG_ENABLE_MASK;
 142:.\Generated_Source\PSoC5/Cm3Start.c ****         #endif /* (CYDEV_DEBUGGING_ENABLE) */
 143:.\Generated_Source\PSoC5/Cm3Start.c **** 
 144:.\Generated_Source\PSoC5/Cm3Start.c ****         /* Reset Status Register has Read-to-clear SW access mode.
 145:.\Generated_Source\PSoC5/Cm3Start.c ****         * Preserve current RESET_SR0 state to make it available for next reading.
 146:.\Generated_Source\PSoC5/Cm3Start.c ****         */
 147:.\Generated_Source\PSoC5/Cm3Start.c ****         *(reg32 *)(CYREG_PHUB_CFGMEM23_CFG1) = *(reg32 *)(CYREG_RESET_SR0);
 148:.\Generated_Source\PSoC5/Cm3Start.c **** 
 149:.\Generated_Source\PSoC5/Cm3Start.c ****     #endif  /* (CYDEV_PROJ_TYPE != CYDEV_PROJ_TYPE_LOADABLE) */
 150:.\Generated_Source\PSoC5/Cm3Start.c **** 
 151:.\Generated_Source\PSoC5/Cm3Start.c ****     #if(CYDEV_BOOTLOADER_ENABLE)
 152:.\Generated_Source\PSoC5/Cm3Start.c ****         CyBtldr_CheckLaunch();
 153:.\Generated_Source\PSoC5/Cm3Start.c ****     #endif /* (CYDEV_BOOTLOADER_ENABLE) */
 154:.\Generated_Source\PSoC5/Cm3Start.c **** 
 155:.\Generated_Source\PSoC5/Cm3Start.c ****     __main();
ARM GAS  C:\Users\Brian\AppData\Local\Temp\cc1jaq2i.s 			page 5


 156:.\Generated_Source\PSoC5/Cm3Start.c **** }
 157:.\Generated_Source\PSoC5/Cm3Start.c **** 
 158:.\Generated_Source\PSoC5/Cm3Start.c **** 
 159:.\Generated_Source\PSoC5/Cm3Start.c **** /*******************************************************************************
 160:.\Generated_Source\PSoC5/Cm3Start.c **** * Function Name: $Sub$$main
 161:.\Generated_Source\PSoC5/Cm3Start.c **** ********************************************************************************
 162:.\Generated_Source\PSoC5/Cm3Start.c **** *
 163:.\Generated_Source\PSoC5/Cm3Start.c **** * Summary:
 164:.\Generated_Source\PSoC5/Cm3Start.c **** *  This function is called immediately before the users main
 165:.\Generated_Source\PSoC5/Cm3Start.c **** *
 166:.\Generated_Source\PSoC5/Cm3Start.c **** * Parameters:
 167:.\Generated_Source\PSoC5/Cm3Start.c **** *  None
 168:.\Generated_Source\PSoC5/Cm3Start.c **** *
 169:.\Generated_Source\PSoC5/Cm3Start.c **** * Return:
 170:.\Generated_Source\PSoC5/Cm3Start.c **** *  None
 171:.\Generated_Source\PSoC5/Cm3Start.c **** *
 172:.\Generated_Source\PSoC5/Cm3Start.c **** *******************************************************************************/
 173:.\Generated_Source\PSoC5/Cm3Start.c **** void $Sub$$main(void)
 174:.\Generated_Source\PSoC5/Cm3Start.c **** {
 175:.\Generated_Source\PSoC5/Cm3Start.c ****     initialize_psoc();
 176:.\Generated_Source\PSoC5/Cm3Start.c **** 
 177:.\Generated_Source\PSoC5/Cm3Start.c ****     /* Call original main */
 178:.\Generated_Source\PSoC5/Cm3Start.c ****     $Super$$main();
 179:.\Generated_Source\PSoC5/Cm3Start.c **** 
 180:.\Generated_Source\PSoC5/Cm3Start.c ****     while (1)
 181:.\Generated_Source\PSoC5/Cm3Start.c ****     {
 182:.\Generated_Source\PSoC5/Cm3Start.c ****         /* If main returns, it is undefined what we should do. */
 183:.\Generated_Source\PSoC5/Cm3Start.c ****     }
 184:.\Generated_Source\PSoC5/Cm3Start.c **** }
 185:.\Generated_Source\PSoC5/Cm3Start.c **** 
 186:.\Generated_Source\PSoC5/Cm3Start.c **** #elif defined(__GNUC__)
 187:.\Generated_Source\PSoC5/Cm3Start.c **** 
 188:.\Generated_Source\PSoC5/Cm3Start.c **** void Start_c(void);
 189:.\Generated_Source\PSoC5/Cm3Start.c **** 
 190:.\Generated_Source\PSoC5/Cm3Start.c **** /* Stack Base address */
 191:.\Generated_Source\PSoC5/Cm3Start.c **** extern void __cy_stack(void);
 192:.\Generated_Source\PSoC5/Cm3Start.c **** 
 193:.\Generated_Source\PSoC5/Cm3Start.c **** /* Application entry point. */
 194:.\Generated_Source\PSoC5/Cm3Start.c **** extern int main(void);
 195:.\Generated_Source\PSoC5/Cm3Start.c **** 
 196:.\Generated_Source\PSoC5/Cm3Start.c **** /* Static objects constructors initializer */
 197:.\Generated_Source\PSoC5/Cm3Start.c **** extern void __libc_init_array(void);
 198:.\Generated_Source\PSoC5/Cm3Start.c **** 
 199:.\Generated_Source\PSoC5/Cm3Start.c **** typedef unsigned char __cy_byte_align8 __attribute ((aligned (8)));
 200:.\Generated_Source\PSoC5/Cm3Start.c **** 
 201:.\Generated_Source\PSoC5/Cm3Start.c **** struct __cy_region
 202:.\Generated_Source\PSoC5/Cm3Start.c **** {
 203:.\Generated_Source\PSoC5/Cm3Start.c ****     __cy_byte_align8 *init; /* Initial contents of this region.  */
 204:.\Generated_Source\PSoC5/Cm3Start.c ****     __cy_byte_align8 *data; /* Start address of region.  */
 205:.\Generated_Source\PSoC5/Cm3Start.c ****     size_t init_size;       /* Size of initial data.  */
 206:.\Generated_Source\PSoC5/Cm3Start.c ****     size_t zero_size;       /* Additional size to be zeroed.  */
 207:.\Generated_Source\PSoC5/Cm3Start.c **** };
 208:.\Generated_Source\PSoC5/Cm3Start.c **** 
 209:.\Generated_Source\PSoC5/Cm3Start.c **** extern const struct __cy_region __cy_regions[];
 210:.\Generated_Source\PSoC5/Cm3Start.c **** extern const char __cy_region_num __attribute__((weak));
 211:.\Generated_Source\PSoC5/Cm3Start.c **** #define __cy_region_num ((size_t)&__cy_region_num)
 212:.\Generated_Source\PSoC5/Cm3Start.c **** 
ARM GAS  C:\Users\Brian\AppData\Local\Temp\cc1jaq2i.s 			page 6


 213:.\Generated_Source\PSoC5/Cm3Start.c **** 
 214:.\Generated_Source\PSoC5/Cm3Start.c **** /*******************************************************************************
 215:.\Generated_Source\PSoC5/Cm3Start.c **** * Function Name: Reset
 216:.\Generated_Source\PSoC5/Cm3Start.c **** ********************************************************************************
 217:.\Generated_Source\PSoC5/Cm3Start.c **** *
 218:.\Generated_Source\PSoC5/Cm3Start.c **** * Summary:
 219:.\Generated_Source\PSoC5/Cm3Start.c **** *  This function handles the reset interrupt for the GCC toolchain. This is the
 220:.\Generated_Source\PSoC5/Cm3Start.c **** *  first bit of code that is executed at startup.
 221:.\Generated_Source\PSoC5/Cm3Start.c **** *
 222:.\Generated_Source\PSoC5/Cm3Start.c **** * Parameters:
 223:.\Generated_Source\PSoC5/Cm3Start.c **** *  None
 224:.\Generated_Source\PSoC5/Cm3Start.c **** *
 225:.\Generated_Source\PSoC5/Cm3Start.c **** * Return:
 226:.\Generated_Source\PSoC5/Cm3Start.c **** *  None
 227:.\Generated_Source\PSoC5/Cm3Start.c **** *
 228:.\Generated_Source\PSoC5/Cm3Start.c **** *******************************************************************************/
 229:.\Generated_Source\PSoC5/Cm3Start.c **** void Reset(void)
 230:.\Generated_Source\PSoC5/Cm3Start.c **** {
  66              		.loc 1 230 0
  67              		.cfi_startproc
  68              		@ args = 0, pretend = 0, frame = 0
  69              		@ frame_needed = 1, uses_anonymous_args = 0
  70 0000 80B5     		push	{r7, lr}
  71              	.LCFI2:
  72              		.cfi_def_cfa_offset 8
  73              		.cfi_offset 7, -8
  74              		.cfi_offset 14, -4
  75 0002 00AF     		add	r7, sp, #0
  76              	.LCFI3:
  77              		.cfi_def_cfa_register 7
 231:.\Generated_Source\PSoC5/Cm3Start.c ****     #if(CYDEV_PROJ_TYPE != CYDEV_PROJ_TYPE_LOADABLE)
 232:.\Generated_Source\PSoC5/Cm3Start.c **** 
 233:.\Generated_Source\PSoC5/Cm3Start.c ****         /* For PSoC 5LP, debugging is enabled by default */
 234:.\Generated_Source\PSoC5/Cm3Start.c ****         #if(CYDEV_DEBUGGING_ENABLE == 0)
 235:.\Generated_Source\PSoC5/Cm3Start.c ****             *(reg32 *)(CYDEV_DEBUG_ENABLE_REGISTER) |= CYDEV_DEBUG_ENABLE_MASK;
 236:.\Generated_Source\PSoC5/Cm3Start.c ****         #endif /* (CYDEV_DEBUGGING_ENABLE) */
 237:.\Generated_Source\PSoC5/Cm3Start.c **** 
 238:.\Generated_Source\PSoC5/Cm3Start.c ****         /* Reset Status Register has Read-to-clear SW access mode.
 239:.\Generated_Source\PSoC5/Cm3Start.c ****         * Preserve current RESET_SR0 state to make it available for next reading.
 240:.\Generated_Source\PSoC5/Cm3Start.c ****         */
 241:.\Generated_Source\PSoC5/Cm3Start.c ****         *(reg32 *)(CYREG_PHUB_CFGMEM23_CFG1) = *(reg32 *)(CYREG_RESET_SR0);
 242:.\Generated_Source\PSoC5/Cm3Start.c **** 
 243:.\Generated_Source\PSoC5/Cm3Start.c ****     #endif  /* (CYDEV_PROJ_TYPE != CYDEV_PROJ_TYPE_LOADABLE) */
 244:.\Generated_Source\PSoC5/Cm3Start.c **** 
 245:.\Generated_Source\PSoC5/Cm3Start.c ****     #if(CYDEV_BOOTLOADER_ENABLE)
 246:.\Generated_Source\PSoC5/Cm3Start.c ****         CyBtldr_CheckLaunch();
 247:.\Generated_Source\PSoC5/Cm3Start.c ****     #endif /* (CYDEV_BOOTLOADER_ENABLE) */
 248:.\Generated_Source\PSoC5/Cm3Start.c **** 
 249:.\Generated_Source\PSoC5/Cm3Start.c ****     Start_c();
  78              		.loc 1 249 0
  79 0004 FFF7FEFF 		bl	Start_c
  80              		.cfi_endproc
  81              	.LFE1:
  82              		.size	Reset, .-Reset
  83              		.section	.text._exit,"ax",%progbits
  84              		.align	2
  85              		.weak	_exit
ARM GAS  C:\Users\Brian\AppData\Local\Temp\cc1jaq2i.s 			page 7


  86              		.thumb
  87              		.thumb_func
  88              		.type	_exit, %function
  89              	_exit:
  90              	.LFB2:
 250:.\Generated_Source\PSoC5/Cm3Start.c **** }
 251:.\Generated_Source\PSoC5/Cm3Start.c **** 
 252:.\Generated_Source\PSoC5/Cm3Start.c **** __attribute__((weak))
 253:.\Generated_Source\PSoC5/Cm3Start.c **** void _exit(int status)
 254:.\Generated_Source\PSoC5/Cm3Start.c **** {
  91              		.loc 1 254 0
  92              		.cfi_startproc
  93              		@ args = 0, pretend = 0, frame = 16
  94              		@ frame_needed = 1, uses_anonymous_args = 0
  95              		@ link register save eliminated.
  96 0000 80B4     		push	{r7}
  97              	.LCFI4:
  98              		.cfi_def_cfa_offset 4
  99              		.cfi_offset 7, -4
 100 0002 85B0     		sub	sp, sp, #20
 101              	.LCFI5:
 102              		.cfi_def_cfa_offset 24
 103 0004 00AF     		add	r7, sp, #0
 104              	.LCFI6:
 105              		.cfi_def_cfa_register 7
 106 0006 7860     		str	r0, [r7, #4]
 255:.\Generated_Source\PSoC5/Cm3Start.c ****     /* Cause divide by 0 exception */
 256:.\Generated_Source\PSoC5/Cm3Start.c ****     int x = status / INT_MAX;
 107              		.loc 1 256 0
 108 0008 7A68     		ldr	r2, [r7, #4]
 109 000a 4FF00103 		mov	r3, #1
 110 000e C4F20003 		movt	r3, 16384
 111 0012 83FB0213 		smull	r1, r3, r3, r2
 112 0016 4FEA6371 		asr	r1, r3, #29
 113 001a 4FEAE273 		asr	r3, r2, #31
 114 001e CB1A     		subs	r3, r1, r3
 115 0020 FB60     		str	r3, [r7, #12]
 257:.\Generated_Source\PSoC5/Cm3Start.c ****     x = 4 / x;
 116              		.loc 1 257 0
 117 0022 4FF00402 		mov	r2, #4
 118 0026 FB68     		ldr	r3, [r7, #12]
 119 0028 92FBF3F3 		sdiv	r3, r2, r3
 120 002c FB60     		str	r3, [r7, #12]
 121              	.L5:
 258:.\Generated_Source\PSoC5/Cm3Start.c **** 
 259:.\Generated_Source\PSoC5/Cm3Start.c ****     while(1)
 260:.\Generated_Source\PSoC5/Cm3Start.c ****     {
 261:.\Generated_Source\PSoC5/Cm3Start.c ****     }
 122              		.loc 1 261 0 discriminator 1
 123 002e FEE7     		b	.L5
 124              		.cfi_endproc
 125              	.LFE2:
 126              		.size	_exit, .-_exit
 127              		.section	.text.Start_c,"ax",%progbits
 128              		.align	2
 129              		.global	Start_c
 130              		.thumb
ARM GAS  C:\Users\Brian\AppData\Local\Temp\cc1jaq2i.s 			page 8


 131              		.thumb_func
 132              		.type	Start_c, %function
 133              	Start_c:
 134              	.LFB3:
 262:.\Generated_Source\PSoC5/Cm3Start.c **** }
 263:.\Generated_Source\PSoC5/Cm3Start.c **** 
 264:.\Generated_Source\PSoC5/Cm3Start.c **** /*******************************************************************************
 265:.\Generated_Source\PSoC5/Cm3Start.c **** * Function Name: Start_c
 266:.\Generated_Source\PSoC5/Cm3Start.c **** ********************************************************************************
 267:.\Generated_Source\PSoC5/Cm3Start.c **** *
 268:.\Generated_Source\PSoC5/Cm3Start.c **** * Summary:
 269:.\Generated_Source\PSoC5/Cm3Start.c **** *  This function handles initializing the .data and .bss sections in
 270:.\Generated_Source\PSoC5/Cm3Start.c **** *  preparation for running the standard C code.  Once initialization is complete
 271:.\Generated_Source\PSoC5/Cm3Start.c **** *  it will call main(). This function will never return.
 272:.\Generated_Source\PSoC5/Cm3Start.c **** *
 273:.\Generated_Source\PSoC5/Cm3Start.c **** * Parameters:
 274:.\Generated_Source\PSoC5/Cm3Start.c **** *  None
 275:.\Generated_Source\PSoC5/Cm3Start.c **** *
 276:.\Generated_Source\PSoC5/Cm3Start.c **** * Return:
 277:.\Generated_Source\PSoC5/Cm3Start.c **** *  None
 278:.\Generated_Source\PSoC5/Cm3Start.c **** *
 279:.\Generated_Source\PSoC5/Cm3Start.c **** *******************************************************************************/
 280:.\Generated_Source\PSoC5/Cm3Start.c **** void Start_c(void)  __attribute__ ((noreturn));
 281:.\Generated_Source\PSoC5/Cm3Start.c **** void Start_c(void)
 282:.\Generated_Source\PSoC5/Cm3Start.c **** {
 135              		.loc 1 282 0
 136              		.cfi_startproc
 137              		@ args = 0, pretend = 0, frame = 24
 138              		@ frame_needed = 1, uses_anonymous_args = 0
 139 0000 80B5     		push	{r7, lr}
 140              	.LCFI7:
 141              		.cfi_def_cfa_offset 8
 142              		.cfi_offset 7, -8
 143              		.cfi_offset 14, -4
 144 0002 86B0     		sub	sp, sp, #24
 145              	.LCFI8:
 146              		.cfi_def_cfa_offset 32
 147 0004 00AF     		add	r7, sp, #0
 148              	.LCFI9:
 149              		.cfi_def_cfa_register 7
 283:.\Generated_Source\PSoC5/Cm3Start.c ****     unsigned regions = __cy_region_num;
 150              		.loc 1 283 0
 151 0006 40F20003 		movw	r3, #:lower16:__cy_region_num
 152 000a C0F20003 		movt	r3, #:upper16:__cy_region_num
 153 000e 7B61     		str	r3, [r7, #20]
 284:.\Generated_Source\PSoC5/Cm3Start.c ****     const struct __cy_region *rptr = __cy_regions;
 154              		.loc 1 284 0
 155 0010 40F20003 		movw	r3, #:lower16:__cy_regions
 156 0014 C0F20003 		movt	r3, #:upper16:__cy_regions
 157 0018 3B61     		str	r3, [r7, #16]
 285:.\Generated_Source\PSoC5/Cm3Start.c **** 
 286:.\Generated_Source\PSoC5/Cm3Start.c ****     /* Initialize memory */
 287:.\Generated_Source\PSoC5/Cm3Start.c ****     for (regions = __cy_region_num, rptr = __cy_regions; regions--; rptr++)
 158              		.loc 1 287 0
 159 001a 40F20003 		movw	r3, #:lower16:__cy_region_num
 160 001e C0F20003 		movt	r3, #:upper16:__cy_region_num
 161 0022 7B61     		str	r3, [r7, #20]
ARM GAS  C:\Users\Brian\AppData\Local\Temp\cc1jaq2i.s 			page 9


 162 0024 40F20003 		movw	r3, #:lower16:__cy_regions
 163 0028 C0F20003 		movt	r3, #:upper16:__cy_regions
 164 002c 3B61     		str	r3, [r7, #16]
 165 002e 3BE0     		b	.L7
 166              	.L12:
 167              	.LBB2:
 288:.\Generated_Source\PSoC5/Cm3Start.c ****     {
 289:.\Generated_Source\PSoC5/Cm3Start.c ****         uint32 *src = (uint32 *)rptr->init;
 168              		.loc 1 289 0
 169 0030 3B69     		ldr	r3, [r7, #16]
 170 0032 1B68     		ldr	r3, [r3, #0]
 171 0034 FB60     		str	r3, [r7, #12]
 290:.\Generated_Source\PSoC5/Cm3Start.c ****         uint32 *dst = (uint32 *)rptr->data;
 172              		.loc 1 290 0
 173 0036 3B69     		ldr	r3, [r7, #16]
 174 0038 5B68     		ldr	r3, [r3, #4]
 175 003a BB60     		str	r3, [r7, #8]
 291:.\Generated_Source\PSoC5/Cm3Start.c ****         unsigned limit = rptr->init_size;
 176              		.loc 1 291 0
 177 003c 3B69     		ldr	r3, [r7, #16]
 178 003e 9B68     		ldr	r3, [r3, #8]
 179 0040 3B60     		str	r3, [r7, #0]
 292:.\Generated_Source\PSoC5/Cm3Start.c ****         unsigned count;
 293:.\Generated_Source\PSoC5/Cm3Start.c **** 
 294:.\Generated_Source\PSoC5/Cm3Start.c ****         for (count = 0u; count != limit; count += sizeof (uint32))
 180              		.loc 1 294 0
 181 0042 4FF00003 		mov	r3, #0
 182 0046 7B60     		str	r3, [r7, #4]
 183 0048 0FE0     		b	.L8
 184              	.L9:
 295:.\Generated_Source\PSoC5/Cm3Start.c ****         {
 296:.\Generated_Source\PSoC5/Cm3Start.c ****             *dst++ = *src++;
 185              		.loc 1 296 0 discriminator 2
 186 004a FB68     		ldr	r3, [r7, #12]
 187 004c 1A68     		ldr	r2, [r3, #0]
 188 004e BB68     		ldr	r3, [r7, #8]
 189 0050 1A60     		str	r2, [r3, #0]
 190 0052 BB68     		ldr	r3, [r7, #8]
 191 0054 03F10403 		add	r3, r3, #4
 192 0058 BB60     		str	r3, [r7, #8]
 193 005a FB68     		ldr	r3, [r7, #12]
 194 005c 03F10403 		add	r3, r3, #4
 195 0060 FB60     		str	r3, [r7, #12]
 294:.\Generated_Source\PSoC5/Cm3Start.c ****         for (count = 0u; count != limit; count += sizeof (uint32))
 196              		.loc 1 294 0 discriminator 2
 197 0062 7B68     		ldr	r3, [r7, #4]
 198 0064 03F10403 		add	r3, r3, #4
 199 0068 7B60     		str	r3, [r7, #4]
 200              	.L8:
 294:.\Generated_Source\PSoC5/Cm3Start.c ****         for (count = 0u; count != limit; count += sizeof (uint32))
 201              		.loc 1 294 0 is_stmt 0 discriminator 1
 202 006a 7A68     		ldr	r2, [r7, #4]
 203 006c 3B68     		ldr	r3, [r7, #0]
 204 006e 9A42     		cmp	r2, r3
 205 0070 EBD1     		bne	.L9
 297:.\Generated_Source\PSoC5/Cm3Start.c ****         }
 298:.\Generated_Source\PSoC5/Cm3Start.c ****         limit = rptr->zero_size;
ARM GAS  C:\Users\Brian\AppData\Local\Temp\cc1jaq2i.s 			page 10


 206              		.loc 1 298 0 is_stmt 1
 207 0072 3B69     		ldr	r3, [r7, #16]
 208 0074 DB68     		ldr	r3, [r3, #12]
 209 0076 3B60     		str	r3, [r7, #0]
 299:.\Generated_Source\PSoC5/Cm3Start.c ****         for (count = 0u; count != limit; count += sizeof (uint32))
 210              		.loc 1 299 0
 211 0078 4FF00003 		mov	r3, #0
 212 007c 7B60     		str	r3, [r7, #4]
 213 007e 0BE0     		b	.L10
 214              	.L11:
 300:.\Generated_Source\PSoC5/Cm3Start.c ****         {
 301:.\Generated_Source\PSoC5/Cm3Start.c ****             *dst++ = 0u;
 215              		.loc 1 301 0 discriminator 2
 216 0080 BB68     		ldr	r3, [r7, #8]
 217 0082 4FF00002 		mov	r2, #0
 218 0086 1A60     		str	r2, [r3, #0]
 219 0088 BB68     		ldr	r3, [r7, #8]
 220 008a 03F10403 		add	r3, r3, #4
 221 008e BB60     		str	r3, [r7, #8]
 299:.\Generated_Source\PSoC5/Cm3Start.c ****         for (count = 0u; count != limit; count += sizeof (uint32))
 222              		.loc 1 299 0 discriminator 2
 223 0090 7B68     		ldr	r3, [r7, #4]
 224 0092 03F10403 		add	r3, r3, #4
 225 0096 7B60     		str	r3, [r7, #4]
 226              	.L10:
 299:.\Generated_Source\PSoC5/Cm3Start.c ****         for (count = 0u; count != limit; count += sizeof (uint32))
 227              		.loc 1 299 0 is_stmt 0 discriminator 1
 228 0098 7A68     		ldr	r2, [r7, #4]
 229 009a 3B68     		ldr	r3, [r7, #0]
 230 009c 9A42     		cmp	r2, r3
 231 009e EFD1     		bne	.L11
 232              	.LBE2:
 287:.\Generated_Source\PSoC5/Cm3Start.c ****     for (regions = __cy_region_num, rptr = __cy_regions; regions--; rptr++)
 233              		.loc 1 287 0 is_stmt 1
 234 00a0 3B69     		ldr	r3, [r7, #16]
 235 00a2 03F11003 		add	r3, r3, #16
 236 00a6 3B61     		str	r3, [r7, #16]
 237              	.L7:
 287:.\Generated_Source\PSoC5/Cm3Start.c ****     for (regions = __cy_region_num, rptr = __cy_regions; regions--; rptr++)
 238              		.loc 1 287 0 is_stmt 0 discriminator 1
 239 00a8 7B69     		ldr	r3, [r7, #20]
 240 00aa 002B     		cmp	r3, #0
 241 00ac 0CBF     		ite	eq
 242 00ae 0023     		moveq	r3, #0
 243 00b0 0123     		movne	r3, #1
 244 00b2 DBB2     		uxtb	r3, r3
 245 00b4 7A69     		ldr	r2, [r7, #20]
 246 00b6 02F1FF32 		add	r2, r2, #-1
 247 00ba 7A61     		str	r2, [r7, #20]
 248 00bc 002B     		cmp	r3, #0
 249 00be B7D1     		bne	.L12
 302:.\Generated_Source\PSoC5/Cm3Start.c ****         }
 303:.\Generated_Source\PSoC5/Cm3Start.c ****     }
 304:.\Generated_Source\PSoC5/Cm3Start.c **** 
 305:.\Generated_Source\PSoC5/Cm3Start.c ****     /* Invoke static objects constructors */
 306:.\Generated_Source\PSoC5/Cm3Start.c ****     __libc_init_array();
 250              		.loc 1 306 0 is_stmt 1
ARM GAS  C:\Users\Brian\AppData\Local\Temp\cc1jaq2i.s 			page 11


 251 00c0 FFF7FEFF 		bl	__libc_init_array
 307:.\Generated_Source\PSoC5/Cm3Start.c ****     (void) main();
 252              		.loc 1 307 0
 253 00c4 FFF7FEFF 		bl	main
 254              	.L13:
 308:.\Generated_Source\PSoC5/Cm3Start.c **** 
 309:.\Generated_Source\PSoC5/Cm3Start.c ****     while (1)
 310:.\Generated_Source\PSoC5/Cm3Start.c ****     {
 311:.\Generated_Source\PSoC5/Cm3Start.c ****         /* If main returns, make sure we don't return. */
 312:.\Generated_Source\PSoC5/Cm3Start.c ****     }
 255              		.loc 1 312 0 discriminator 1
 256 00c8 FEE7     		b	.L13
 257              		.cfi_endproc
 258              	.LFE3:
 259              		.size	Start_c, .-Start_c
 260              		.global	RomVectors
 261 00ca 00BF     		.section	.romvectors,"a",%progbits
 262              		.align	2
 263              		.type	RomVectors, %object
 264              		.size	RomVectors, 16
 265              	RomVectors:
 266 0000 00000000 		.word	__cy_stack
 267 0004 00000000 		.word	Reset
 268 0008 00000000 		.word	IntDefaultHandler
 269 000c 00000000 		.word	IntDefaultHandler
 270              		.section	.text.initialize_psoc,"ax",%progbits
 271              		.align	2
 272              		.global	initialize_psoc
 273              		.thumb
 274              		.thumb_func
 275              		.type	initialize_psoc, %function
 276              	initialize_psoc:
 277              	.LFB4:
 313:.\Generated_Source\PSoC5/Cm3Start.c **** }
 314:.\Generated_Source\PSoC5/Cm3Start.c **** 
 315:.\Generated_Source\PSoC5/Cm3Start.c **** 
 316:.\Generated_Source\PSoC5/Cm3Start.c **** #elif defined (__ICCARM__)
 317:.\Generated_Source\PSoC5/Cm3Start.c **** 
 318:.\Generated_Source\PSoC5/Cm3Start.c **** /*******************************************************************************
 319:.\Generated_Source\PSoC5/Cm3Start.c **** * Function Name: __low_level_init
 320:.\Generated_Source\PSoC5/Cm3Start.c **** ********************************************************************************
 321:.\Generated_Source\PSoC5/Cm3Start.c **** *
 322:.\Generated_Source\PSoC5/Cm3Start.c **** * Summary:
 323:.\Generated_Source\PSoC5/Cm3Start.c **** *  This function performs early initializations for the IAR Embedded
 324:.\Generated_Source\PSoC5/Cm3Start.c **** *  Workbench IDE. It is executed in the context of a reset interrupt handler
 325:.\Generated_Source\PSoC5/Cm3Start.c **** *  before the data sections are initialized.
 326:.\Generated_Source\PSoC5/Cm3Start.c **** *
 327:.\Generated_Source\PSoC5/Cm3Start.c **** * Parameters:
 328:.\Generated_Source\PSoC5/Cm3Start.c **** *  None
 329:.\Generated_Source\PSoC5/Cm3Start.c **** *
 330:.\Generated_Source\PSoC5/Cm3Start.c **** * Return:
 331:.\Generated_Source\PSoC5/Cm3Start.c **** *  The value that determines whether or not data sections should be initialized
 332:.\Generated_Source\PSoC5/Cm3Start.c **** *  by the system startup code:
 333:.\Generated_Source\PSoC5/Cm3Start.c **** *    0 - skip data sections initialization;
 334:.\Generated_Source\PSoC5/Cm3Start.c **** *    1 - initialize data sections;
 335:.\Generated_Source\PSoC5/Cm3Start.c **** *
 336:.\Generated_Source\PSoC5/Cm3Start.c **** *******************************************************************************/
ARM GAS  C:\Users\Brian\AppData\Local\Temp\cc1jaq2i.s 			page 12


 337:.\Generated_Source\PSoC5/Cm3Start.c **** int __low_level_init(void)
 338:.\Generated_Source\PSoC5/Cm3Start.c **** {
 339:.\Generated_Source\PSoC5/Cm3Start.c ****     #if(CYDEV_PROJ_TYPE != CYDEV_PROJ_TYPE_LOADABLE)
 340:.\Generated_Source\PSoC5/Cm3Start.c **** 
 341:.\Generated_Source\PSoC5/Cm3Start.c ****         /* For PSoC 5LP, debugging is enabled by default */
 342:.\Generated_Source\PSoC5/Cm3Start.c ****         #if(CYDEV_DEBUGGING_ENABLE == 0)
 343:.\Generated_Source\PSoC5/Cm3Start.c ****             *(reg32 *)(CYDEV_DEBUG_ENABLE_REGISTER) |= CYDEV_DEBUG_ENABLE_MASK;
 344:.\Generated_Source\PSoC5/Cm3Start.c ****         #endif /* (CYDEV_DEBUGGING_ENABLE) */
 345:.\Generated_Source\PSoC5/Cm3Start.c **** 
 346:.\Generated_Source\PSoC5/Cm3Start.c ****         /* Reset Status Register has Read-to-clear SW access mode.
 347:.\Generated_Source\PSoC5/Cm3Start.c ****         * Preserve current RESET_SR0 state to make it available for next reading.
 348:.\Generated_Source\PSoC5/Cm3Start.c ****         */
 349:.\Generated_Source\PSoC5/Cm3Start.c ****         *(reg32 *)(CYREG_PHUB_CFGMEM23_CFG1) = *(reg32 *)(CYREG_RESET_SR0);
 350:.\Generated_Source\PSoC5/Cm3Start.c **** 
 351:.\Generated_Source\PSoC5/Cm3Start.c ****     #endif  /* (CYDEV_PROJ_TYPE != CYDEV_PROJ_TYPE_LOADABLE) */
 352:.\Generated_Source\PSoC5/Cm3Start.c **** 
 353:.\Generated_Source\PSoC5/Cm3Start.c ****     #if (CYDEV_BOOTLOADER_ENABLE)
 354:.\Generated_Source\PSoC5/Cm3Start.c ****         CyBtldr_CheckLaunch();
 355:.\Generated_Source\PSoC5/Cm3Start.c ****     #endif /* CYDEV_BOOTLOADER_ENABLE */
 356:.\Generated_Source\PSoC5/Cm3Start.c **** 
 357:.\Generated_Source\PSoC5/Cm3Start.c ****     /* Initialize data sections */
 358:.\Generated_Source\PSoC5/Cm3Start.c ****     __iar_data_init3();
 359:.\Generated_Source\PSoC5/Cm3Start.c **** 
 360:.\Generated_Source\PSoC5/Cm3Start.c ****     initialize_psoc();
 361:.\Generated_Source\PSoC5/Cm3Start.c **** 
 362:.\Generated_Source\PSoC5/Cm3Start.c ****     return 0;
 363:.\Generated_Source\PSoC5/Cm3Start.c **** }
 364:.\Generated_Source\PSoC5/Cm3Start.c **** 
 365:.\Generated_Source\PSoC5/Cm3Start.c **** #endif /* __GNUC__ */
 366:.\Generated_Source\PSoC5/Cm3Start.c **** 
 367:.\Generated_Source\PSoC5/Cm3Start.c **** 
 368:.\Generated_Source\PSoC5/Cm3Start.c **** /*******************************************************************************
 369:.\Generated_Source\PSoC5/Cm3Start.c **** *
 370:.\Generated_Source\PSoC5/Cm3Start.c **** * Default Rom Interrupt Vector table.
 371:.\Generated_Source\PSoC5/Cm3Start.c **** *
 372:.\Generated_Source\PSoC5/Cm3Start.c **** *******************************************************************************/
 373:.\Generated_Source\PSoC5/Cm3Start.c **** #if defined(__ARMCC_VERSION)
 374:.\Generated_Source\PSoC5/Cm3Start.c ****     /* Suppress diagnostic message 1296-D: extended constant initialiser used */
 375:.\Generated_Source\PSoC5/Cm3Start.c ****     #pragma diag_suppress 1296
 376:.\Generated_Source\PSoC5/Cm3Start.c **** #endif  /* defined(__ARMCC_VERSION) */
 377:.\Generated_Source\PSoC5/Cm3Start.c **** 
 378:.\Generated_Source\PSoC5/Cm3Start.c **** #if defined (__ICCARM__)
 379:.\Generated_Source\PSoC5/Cm3Start.c ****     #pragma location=".romvectors"
 380:.\Generated_Source\PSoC5/Cm3Start.c ****     const intvec_elem __vector_table[CY_NUM_ROM_VECTORS] =
 381:.\Generated_Source\PSoC5/Cm3Start.c **** #else
 382:.\Generated_Source\PSoC5/Cm3Start.c ****     CY_SECTION(".romvectors")
 383:.\Generated_Source\PSoC5/Cm3Start.c ****     const cyisraddress RomVectors[CY_NUM_ROM_VECTORS] =
 384:.\Generated_Source\PSoC5/Cm3Start.c **** #endif  /* defined (__ICCARM__) */
 385:.\Generated_Source\PSoC5/Cm3Start.c **** {
 386:.\Generated_Source\PSoC5/Cm3Start.c ****     INITIAL_STACK_POINTER,   /* Initial stack pointer  0 */
 387:.\Generated_Source\PSoC5/Cm3Start.c ****     #if defined (__ICCARM__) /* Reset handler          1 */
 388:.\Generated_Source\PSoC5/Cm3Start.c ****         __iar_program_start,
 389:.\Generated_Source\PSoC5/Cm3Start.c ****     #else
 390:.\Generated_Source\PSoC5/Cm3Start.c ****         (cyisraddress)&Reset,
 391:.\Generated_Source\PSoC5/Cm3Start.c ****     #endif  /* defined (__ICCARM__) */
 392:.\Generated_Source\PSoC5/Cm3Start.c ****     &IntDefaultHandler,      /* NMI handler            2 */
 393:.\Generated_Source\PSoC5/Cm3Start.c ****     &IntDefaultHandler,      /* Hard fault handler     3 */
ARM GAS  C:\Users\Brian\AppData\Local\Temp\cc1jaq2i.s 			page 13


 394:.\Generated_Source\PSoC5/Cm3Start.c **** };
 395:.\Generated_Source\PSoC5/Cm3Start.c **** 
 396:.\Generated_Source\PSoC5/Cm3Start.c **** #if defined(__ARMCC_VERSION)
 397:.\Generated_Source\PSoC5/Cm3Start.c ****     #pragma diag_default 1296
 398:.\Generated_Source\PSoC5/Cm3Start.c **** #endif  /* defined(__ARMCC_VERSION) */
 399:.\Generated_Source\PSoC5/Cm3Start.c **** 
 400:.\Generated_Source\PSoC5/Cm3Start.c **** 
 401:.\Generated_Source\PSoC5/Cm3Start.c **** /*******************************************************************************
 402:.\Generated_Source\PSoC5/Cm3Start.c **** * Function Name: initialize_psoc
 403:.\Generated_Source\PSoC5/Cm3Start.c **** ********************************************************************************
 404:.\Generated_Source\PSoC5/Cm3Start.c **** *
 405:.\Generated_Source\PSoC5/Cm3Start.c **** * Summary:
 406:.\Generated_Source\PSoC5/Cm3Start.c **** *  This function used to initialize the PSoC chip before calling main.
 407:.\Generated_Source\PSoC5/Cm3Start.c **** *
 408:.\Generated_Source\PSoC5/Cm3Start.c **** * Parameters:
 409:.\Generated_Source\PSoC5/Cm3Start.c **** *  None
 410:.\Generated_Source\PSoC5/Cm3Start.c **** *
 411:.\Generated_Source\PSoC5/Cm3Start.c **** * Return:
 412:.\Generated_Source\PSoC5/Cm3Start.c **** *  None
 413:.\Generated_Source\PSoC5/Cm3Start.c **** *
 414:.\Generated_Source\PSoC5/Cm3Start.c **** *******************************************************************************/
 415:.\Generated_Source\PSoC5/Cm3Start.c **** #if (defined(__GNUC__) && !defined(__ARMCC_VERSION))
 416:.\Generated_Source\PSoC5/Cm3Start.c **** __attribute__ ((constructor(101)))
 417:.\Generated_Source\PSoC5/Cm3Start.c **** #endif
 418:.\Generated_Source\PSoC5/Cm3Start.c **** void initialize_psoc(void)
 419:.\Generated_Source\PSoC5/Cm3Start.c **** {
 278              		.loc 1 419 0
 279              		.cfi_startproc
 280              		@ args = 0, pretend = 0, frame = 8
 281              		@ frame_needed = 1, uses_anonymous_args = 0
 282 0000 80B5     		push	{r7, lr}
 283              	.LCFI10:
 284              		.cfi_def_cfa_offset 8
 285              		.cfi_offset 7, -8
 286              		.cfi_offset 14, -4
 287 0002 82B0     		sub	sp, sp, #8
 288              	.LCFI11:
 289              		.cfi_def_cfa_offset 16
 290 0004 00AF     		add	r7, sp, #0
 291              	.LCFI12:
 292              		.cfi_def_cfa_register 7
 420:.\Generated_Source\PSoC5/Cm3Start.c ****     uint32 i;
 421:.\Generated_Source\PSoC5/Cm3Start.c **** 
 422:.\Generated_Source\PSoC5/Cm3Start.c ****     /* Set Priority group 5. */
 423:.\Generated_Source\PSoC5/Cm3Start.c **** 
 424:.\Generated_Source\PSoC5/Cm3Start.c ****     /* Writes to NVIC_APINT register require the VECTKEY in the upper half */
 425:.\Generated_Source\PSoC5/Cm3Start.c ****     *CY_NVIC_APINT_PTR = CY_NVIC_APINT_VECTKEY | CY_NVIC_APINT_PRIGROUP_3_5;
 293              		.loc 1 425 0
 294 0006 4EF60C53 		movw	r3, #60684
 295 000a CEF20003 		movt	r3, 57344
 296 000e 4FF48062 		mov	r2, #1024
 297 0012 C0F2FA52 		movt	r2, 1530
 298 0016 1A60     		str	r2, [r3, #0]
 426:.\Generated_Source\PSoC5/Cm3Start.c ****     *CY_NVIC_CFG_CTRL_PTR |= CY_NVIC_CFG_STACKALIGN;
 299              		.loc 1 426 0
 300 0018 4EF61453 		movw	r3, #60692
 301 001c CEF20003 		movt	r3, 57344
ARM GAS  C:\Users\Brian\AppData\Local\Temp\cc1jaq2i.s 			page 14


 302 0020 4EF61452 		movw	r2, #60692
 303 0024 CEF20002 		movt	r2, 57344
 304 0028 1268     		ldr	r2, [r2, #0]
 305 002a 42F40072 		orr	r2, r2, #512
 306 002e 1A60     		str	r2, [r3, #0]
 427:.\Generated_Source\PSoC5/Cm3Start.c **** 
 428:.\Generated_Source\PSoC5/Cm3Start.c ****     /* Set Ram interrupt vectors to default functions. */
 429:.\Generated_Source\PSoC5/Cm3Start.c ****     for (i = 0u; i < CY_NUM_VECTORS; i++)
 307              		.loc 1 429 0
 308 0030 4FF00003 		mov	r3, #0
 309 0034 7B60     		str	r3, [r7, #4]
 310 0036 19E0     		b	.L15
 311              	.L18:
 430:.\Generated_Source\PSoC5/Cm3Start.c ****     {
 431:.\Generated_Source\PSoC5/Cm3Start.c ****         #if defined (__ICCARM__)
 432:.\Generated_Source\PSoC5/Cm3Start.c ****             CyRamVectors[i] = (i < CY_NUM_ROM_VECTORS) ? __vector_table[i].__fun : &IntDefaultHandl
 433:.\Generated_Source\PSoC5/Cm3Start.c ****         #else
 434:.\Generated_Source\PSoC5/Cm3Start.c ****             CyRamVectors[i] = (i < CY_NUM_ROM_VECTORS) ? RomVectors[i] : &IntDefaultHandler;
 312              		.loc 1 434 0
 313 0038 7B68     		ldr	r3, [r7, #4]
 314 003a 032B     		cmp	r3, #3
 315 003c 07D8     		bhi	.L16
 316              		.loc 1 434 0 is_stmt 0 discriminator 1
 317 003e 40F20003 		movw	r3, #:lower16:RomVectors
 318 0042 C0F20003 		movt	r3, #:upper16:RomVectors
 319 0046 7A68     		ldr	r2, [r7, #4]
 320 0048 53F82230 		ldr	r3, [r3, r2, lsl #2]
 321 004c 03E0     		b	.L17
 322              	.L16:
 323              		.loc 1 434 0 discriminator 2
 324 004e 40F20003 		movw	r3, #:lower16:IntDefaultHandler
 325 0052 C0F20003 		movt	r3, #:upper16:IntDefaultHandler
 326              	.L17:
 327              		.loc 1 434 0 discriminator 3
 328 0056 40F20002 		movw	r2, #:lower16:CyRamVectors
 329 005a C0F20002 		movt	r2, #:upper16:CyRamVectors
 330 005e 7968     		ldr	r1, [r7, #4]
 331 0060 42F82130 		str	r3, [r2, r1, lsl #2]
 429:.\Generated_Source\PSoC5/Cm3Start.c ****     for (i = 0u; i < CY_NUM_VECTORS; i++)
 332              		.loc 1 429 0 is_stmt 1 discriminator 3
 333 0064 7B68     		ldr	r3, [r7, #4]
 334 0066 03F10103 		add	r3, r3, #1
 335 006a 7B60     		str	r3, [r7, #4]
 336              	.L15:
 429:.\Generated_Source\PSoC5/Cm3Start.c ****     for (i = 0u; i < CY_NUM_VECTORS; i++)
 337              		.loc 1 429 0 is_stmt 0 discriminator 1
 338 006c 7B68     		ldr	r3, [r7, #4]
 339 006e 2F2B     		cmp	r3, #47
 340 0070 E2D9     		bls	.L18
 435:.\Generated_Source\PSoC5/Cm3Start.c ****         #endif  /* defined (__ICCARM__) */
 436:.\Generated_Source\PSoC5/Cm3Start.c ****     }
 437:.\Generated_Source\PSoC5/Cm3Start.c **** 
 438:.\Generated_Source\PSoC5/Cm3Start.c ****     /* Was stored in CFGMEM to avoid being cleared while SRAM gets cleared */
 439:.\Generated_Source\PSoC5/Cm3Start.c ****     CyResetStatus = CY_GET_REG8(CYREG_PHUB_CFGMEM23_CFG1);
 341              		.loc 1 439 0 is_stmt 1
 342 0072 47F2BC63 		movw	r3, #30396
 343 0076 C4F20003 		movt	r3, 16384
ARM GAS  C:\Users\Brian\AppData\Local\Temp\cc1jaq2i.s 			page 15


 344 007a 1B78     		ldrb	r3, [r3, #0]
 345 007c DAB2     		uxtb	r2, r3
 346 007e 40F20003 		movw	r3, #:lower16:CyResetStatus
 347 0082 C0F20003 		movt	r3, #:upper16:CyResetStatus
 348 0086 1A70     		strb	r2, [r3, #0]
 440:.\Generated_Source\PSoC5/Cm3Start.c **** 
 441:.\Generated_Source\PSoC5/Cm3Start.c ****     /* Point NVIC at RAM vector table. */
 442:.\Generated_Source\PSoC5/Cm3Start.c ****     *CYINT_VECT_TABLE = CyRamVectors;
 349              		.loc 1 442 0
 350 0088 4EF60853 		movw	r3, #60680
 351 008c CEF20003 		movt	r3, 57344
 352 0090 40F20002 		movw	r2, #:lower16:CyRamVectors
 353 0094 C0F20002 		movt	r2, #:upper16:CyRamVectors
 354 0098 1A60     		str	r2, [r3, #0]
 443:.\Generated_Source\PSoC5/Cm3Start.c **** 
 444:.\Generated_Source\PSoC5/Cm3Start.c ****     /* Initialize the configuration registers. */
 445:.\Generated_Source\PSoC5/Cm3Start.c ****     cyfitter_cfg();
 355              		.loc 1 445 0
 356 009a FFF7FEFF 		bl	cyfitter_cfg
 446:.\Generated_Source\PSoC5/Cm3Start.c **** 
 447:.\Generated_Source\PSoC5/Cm3Start.c ****     #if(0u != DMA_CHANNELS_USED__MASK0)
 448:.\Generated_Source\PSoC5/Cm3Start.c **** 
 449:.\Generated_Source\PSoC5/Cm3Start.c ****         /* Setup DMA - only necessary if design contains DMA component. */
 450:.\Generated_Source\PSoC5/Cm3Start.c ****         CyDmacConfigure();
 357              		.loc 1 450 0
 358 009e FFF7FEFF 		bl	CyDmacConfigure
 451:.\Generated_Source\PSoC5/Cm3Start.c **** 
 452:.\Generated_Source\PSoC5/Cm3Start.c ****     #endif  /* (0u != DMA_CHANNELS_USED__MASK0) */
 453:.\Generated_Source\PSoC5/Cm3Start.c **** 
 454:.\Generated_Source\PSoC5/Cm3Start.c ****     #if !defined (__ICCARM__)
 455:.\Generated_Source\PSoC5/Cm3Start.c ****         /* Actually, no need to clean this variable, just to make compiler happy. */
 456:.\Generated_Source\PSoC5/Cm3Start.c ****         cySysNoInitDataValid = 0u;
 359              		.loc 1 456 0
 360 00a2 40F20003 		movw	r3, #:lower16:cySysNoInitDataValid
 361 00a6 C0F20003 		movt	r3, #:upper16:cySysNoInitDataValid
 362 00aa 4FF00002 		mov	r2, #0
 363 00ae 1A60     		str	r2, [r3, #0]
 457:.\Generated_Source\PSoC5/Cm3Start.c ****     #endif  /* !defined (__ICCARM__) */
 458:.\Generated_Source\PSoC5/Cm3Start.c **** }
 364              		.loc 1 458 0
 365 00b0 07F10807 		add	r7, r7, #8
 366 00b4 BD46     		mov	sp, r7
 367 00b6 80BD     		pop	{r7, pc}
 368              		.cfi_endproc
 369              	.LFE4:
 370              		.size	initialize_psoc, .-initialize_psoc
 371              		.section	.init_array,"aw",%init_array
 372              		.align	2
 373 0000 00000000 		.word	initialize_psoc(target1)
 374              		.weak	__cy_region_num
 375              		.text
 376              	.Letext0:
 377              		.file 2 ".\\Generated_Source\\PSoC5\\cytypes.h"
 378              		.file 3 "c:\\program files (x86)\\cypress\\psoc creator\\3.0\\psoc creator\\import\\gnu_cs\\arm\\4
 379              		.file 4 ".\\Generated_Source\\PSoC5\\CyLib.h"
 380              		.section	.debug_info,"",%progbits
 381              	.Ldebug_info0:
ARM GAS  C:\Users\Brian\AppData\Local\Temp\cc1jaq2i.s 			page 16


 382 0000 E6020000 		.4byte	0x2e6
 383 0004 0200     		.2byte	0x2
 384 0006 00000000 		.4byte	.Ldebug_abbrev0
 385 000a 04       		.byte	0x4
 386 000b 01       		.uleb128 0x1
 387 000c E2010000 		.4byte	.LASF39
 388 0010 01       		.byte	0x1
 389 0011 00000000 		.4byte	.LASF40
 390 0015 5F000000 		.4byte	.LASF41
 391 0019 00000000 		.4byte	.Ldebug_ranges0+0
 392 001d 00000000 		.4byte	0
 393 0021 00000000 		.4byte	0
 394 0025 00000000 		.4byte	.Ldebug_line0
 395 0029 02       		.uleb128 0x2
 396 002a 01       		.byte	0x1
 397 002b 06       		.byte	0x6
 398 002c 42020000 		.4byte	.LASF0
 399 0030 02       		.uleb128 0x2
 400 0031 01       		.byte	0x1
 401 0032 08       		.byte	0x8
 402 0033 E3000000 		.4byte	.LASF1
 403 0037 02       		.uleb128 0x2
 404 0038 02       		.byte	0x2
 405 0039 05       		.byte	0x5
 406 003a D8010000 		.4byte	.LASF2
 407 003e 02       		.uleb128 0x2
 408 003f 02       		.byte	0x2
 409 0040 07       		.byte	0x7
 410 0041 4C000000 		.4byte	.LASF3
 411 0045 02       		.uleb128 0x2
 412 0046 04       		.byte	0x4
 413 0047 05       		.byte	0x5
 414 0048 2B020000 		.4byte	.LASF4
 415 004c 02       		.uleb128 0x2
 416 004d 04       		.byte	0x4
 417 004e 07       		.byte	0x7
 418 004f FC000000 		.4byte	.LASF5
 419 0053 02       		.uleb128 0x2
 420 0054 08       		.byte	0x8
 421 0055 05       		.byte	0x5
 422 0056 C5010000 		.4byte	.LASF6
 423 005a 02       		.uleb128 0x2
 424 005b 08       		.byte	0x8
 425 005c 07       		.byte	0x7
 426 005d 72010000 		.4byte	.LASF7
 427 0061 03       		.uleb128 0x3
 428 0062 04       		.byte	0x4
 429 0063 05       		.byte	0x5
 430 0064 696E7400 		.ascii	"int\000"
 431 0068 02       		.uleb128 0x2
 432 0069 04       		.byte	0x4
 433 006a 07       		.byte	0x7
 434 006b 65010000 		.4byte	.LASF8
 435 006f 04       		.uleb128 0x4
 436 0070 23010000 		.4byte	.LASF9
 437 0074 02       		.byte	0x2
 438 0075 5B       		.byte	0x5b
ARM GAS  C:\Users\Brian\AppData\Local\Temp\cc1jaq2i.s 			page 17


 439 0076 30000000 		.4byte	0x30
 440 007a 04       		.uleb128 0x4
 441 007b 5E010000 		.4byte	.LASF10
 442 007f 02       		.byte	0x2
 443 0080 5D       		.byte	0x5d
 444 0081 4C000000 		.4byte	0x4c
 445 0085 02       		.uleb128 0x2
 446 0086 04       		.byte	0x4
 447 0087 04       		.byte	0x4
 448 0088 D8000000 		.4byte	.LASF11
 449 008c 02       		.uleb128 0x2
 450 008d 08       		.byte	0x8
 451 008e 04       		.byte	0x4
 452 008f 47010000 		.4byte	.LASF12
 453 0093 02       		.uleb128 0x2
 454 0094 01       		.byte	0x1
 455 0095 08       		.byte	0x8
 456 0096 D3010000 		.4byte	.LASF13
 457 009a 04       		.uleb128 0x4
 458 009b B7010000 		.4byte	.LASF14
 459 009f 02       		.byte	0x2
 460 00a0 F0       		.byte	0xf0
 461 00a1 A5000000 		.4byte	0xa5
 462 00a5 05       		.uleb128 0x5
 463 00a6 6F000000 		.4byte	0x6f
 464 00aa 04       		.uleb128 0x4
 465 00ab 24000000 		.4byte	.LASF15
 466 00af 02       		.byte	0x2
 467 00b0 F2       		.byte	0xf2
 468 00b1 B5000000 		.4byte	0xb5
 469 00b5 05       		.uleb128 0x5
 470 00b6 7A000000 		.4byte	0x7a
 471 00ba 06       		.uleb128 0x6
 472 00bb 8F010000 		.4byte	.LASF16
 473 00bf 02       		.byte	0x2
 474 00c0 0201     		.2byte	0x102
 475 00c2 C6000000 		.4byte	0xc6
 476 00c6 07       		.uleb128 0x7
 477 00c7 04       		.byte	0x4
 478 00c8 CC000000 		.4byte	0xcc
 479 00cc 08       		.uleb128 0x8
 480 00cd 01       		.byte	0x1
 481 00ce 02       		.uleb128 0x2
 482 00cf 04       		.byte	0x4
 483 00d0 07       		.byte	0x7
 484 00d1 BC010000 		.4byte	.LASF17
 485 00d5 09       		.uleb128 0x9
 486 00d6 93000000 		.4byte	0x93
 487 00da 04       		.uleb128 0x4
 488 00db 2A000000 		.4byte	.LASF18
 489 00df 03       		.byte	0x3
 490 00e0 D5       		.byte	0xd5
 491 00e1 68000000 		.4byte	0x68
 492 00e5 04       		.uleb128 0x4
 493 00e6 A6010000 		.4byte	.LASF19
 494 00ea 01       		.byte	0x1
 495 00eb C7       		.byte	0xc7
ARM GAS  C:\Users\Brian\AppData\Local\Temp\cc1jaq2i.s 			page 18


 496 00ec 30000000 		.4byte	0x30
 497 00f0 0A       		.uleb128 0xa
 498 00f1 63020000 		.4byte	.LASF42
 499 00f5 10       		.byte	0x10
 500 00f6 01       		.byte	0x1
 501 00f7 C9       		.byte	0xc9
 502 00f8 35010000 		.4byte	0x135
 503 00fc 0B       		.uleb128 0xb
 504 00fd BD000000 		.4byte	.LASF20
 505 0101 01       		.byte	0x1
 506 0102 CB       		.byte	0xcb
 507 0103 35010000 		.4byte	0x135
 508 0107 02       		.byte	0x2
 509 0108 23       		.byte	0x23
 510 0109 00       		.uleb128 0
 511 010a 0B       		.uleb128 0xb
 512 010b DE000000 		.4byte	.LASF21
 513 010f 01       		.byte	0x1
 514 0110 CC       		.byte	0xcc
 515 0111 35010000 		.4byte	0x135
 516 0115 02       		.byte	0x2
 517 0116 23       		.byte	0x23
 518 0117 04       		.uleb128 0x4
 519 0118 0B       		.uleb128 0xb
 520 0119 9C010000 		.4byte	.LASF22
 521 011d 01       		.byte	0x1
 522 011e CD       		.byte	0xcd
 523 011f DA000000 		.4byte	0xda
 524 0123 02       		.byte	0x2
 525 0124 23       		.byte	0x23
 526 0125 08       		.uleb128 0x8
 527 0126 0B       		.uleb128 0xb
 528 0127 C9000000 		.4byte	.LASF23
 529 012b 01       		.byte	0x1
 530 012c CE       		.byte	0xce
 531 012d DA000000 		.4byte	0xda
 532 0131 02       		.byte	0x2
 533 0132 23       		.byte	0x23
 534 0133 0C       		.uleb128 0xc
 535 0134 00       		.byte	0
 536 0135 07       		.uleb128 0x7
 537 0136 04       		.byte	0x4
 538 0137 E5000000 		.4byte	0xe5
 539 013b 0C       		.uleb128 0xc
 540 013c 01       		.byte	0x1
 541 013d 35010000 		.4byte	.LASF24
 542 0141 01       		.byte	0x1
 543 0142 5C       		.byte	0x5c
 544 0143 01       		.byte	0x1
 545 0144 00000000 		.4byte	.LFB0
 546 0148 06000000 		.4byte	.LFE0
 547 014c 00000000 		.4byte	.LLST0
 548 0150 01       		.byte	0x1
 549 0151 0D       		.uleb128 0xd
 550 0152 01       		.byte	0x1
 551 0153 29010000 		.4byte	.LASF25
 552 0157 01       		.byte	0x1
ARM GAS  C:\Users\Brian\AppData\Local\Temp\cc1jaq2i.s 			page 19


 553 0158 E5       		.byte	0xe5
 554 0159 01       		.byte	0x1
 555 015a 00000000 		.4byte	.LFB1
 556 015e 08000000 		.4byte	.LFE1
 557 0162 2C000000 		.4byte	.LLST1
 558 0166 01       		.byte	0x1
 559 0167 0E       		.uleb128 0xe
 560 0168 01       		.byte	0x1
 561 0169 2F010000 		.4byte	.LASF26
 562 016d 01       		.byte	0x1
 563 016e FD       		.byte	0xfd
 564 016f 01       		.byte	0x1
 565 0170 00000000 		.4byte	.LFB2
 566 0174 30000000 		.4byte	.LFE2
 567 0178 58000000 		.4byte	.LLST2
 568 017c 01       		.byte	0x1
 569 017d 9D010000 		.4byte	0x19d
 570 0181 0F       		.uleb128 0xf
 571 0182 C2000000 		.4byte	.LASF43
 572 0186 01       		.byte	0x1
 573 0187 FD       		.byte	0xfd
 574 0188 61000000 		.4byte	0x61
 575 018c 02       		.byte	0x2
 576 018d 91       		.byte	0x91
 577 018e 6C       		.sleb128 -20
 578 018f 10       		.uleb128 0x10
 579 0190 7800     		.ascii	"x\000"
 580 0192 01       		.byte	0x1
 581 0193 0001     		.2byte	0x100
 582 0195 61000000 		.4byte	0x61
 583 0199 02       		.byte	0x2
 584 019a 91       		.byte	0x91
 585 019b 74       		.sleb128 -12
 586 019c 00       		.byte	0
 587 019d 11       		.uleb128 0x11
 588 019e 01       		.byte	0x1
 589 019f 3E000000 		.4byte	.LASF27
 590 01a3 01       		.byte	0x1
 591 01a4 1901     		.2byte	0x119
 592 01a6 01       		.byte	0x1
 593 01a7 00000000 		.4byte	.LFB3
 594 01ab CA000000 		.4byte	.LFE3
 595 01af 90000000 		.4byte	.LLST3
 596 01b3 01       		.byte	0x1
 597 01b4 1D020000 		.4byte	0x21d
 598 01b8 12       		.uleb128 0x12
 599 01b9 5B020000 		.4byte	.LASF28
 600 01bd 01       		.byte	0x1
 601 01be 1B01     		.2byte	0x11b
 602 01c0 68000000 		.4byte	0x68
 603 01c4 02       		.byte	0x2
 604 01c5 91       		.byte	0x91
 605 01c6 74       		.sleb128 -12
 606 01c7 12       		.uleb128 0x12
 607 01c8 D3000000 		.4byte	.LASF29
 608 01cc 01       		.byte	0x1
 609 01cd 1C01     		.2byte	0x11c
ARM GAS  C:\Users\Brian\AppData\Local\Temp\cc1jaq2i.s 			page 20


 610 01cf 1D020000 		.4byte	0x21d
 611 01d3 02       		.byte	0x2
 612 01d4 91       		.byte	0x91
 613 01d5 70       		.sleb128 -16
 614 01d6 13       		.uleb128 0x13
 615 01d7 30000000 		.4byte	.LBB2
 616 01db A0000000 		.4byte	.LBE2
 617 01df 10       		.uleb128 0x10
 618 01e0 73726300 		.ascii	"src\000"
 619 01e4 01       		.byte	0x1
 620 01e5 2101     		.2byte	0x121
 621 01e7 28020000 		.4byte	0x228
 622 01eb 02       		.byte	0x2
 623 01ec 91       		.byte	0x91
 624 01ed 6C       		.sleb128 -20
 625 01ee 10       		.uleb128 0x10
 626 01ef 64737400 		.ascii	"dst\000"
 627 01f3 01       		.byte	0x1
 628 01f4 2201     		.2byte	0x122
 629 01f6 28020000 		.4byte	0x228
 630 01fa 02       		.byte	0x2
 631 01fb 91       		.byte	0x91
 632 01fc 68       		.sleb128 -24
 633 01fd 12       		.uleb128 0x12
 634 01fe 89010000 		.4byte	.LASF30
 635 0202 01       		.byte	0x1
 636 0203 2301     		.2byte	0x123
 637 0205 68000000 		.4byte	0x68
 638 0209 02       		.byte	0x2
 639 020a 91       		.byte	0x91
 640 020b 60       		.sleb128 -32
 641 020c 12       		.uleb128 0x12
 642 020d 46000000 		.4byte	.LASF31
 643 0211 01       		.byte	0x1
 644 0212 2401     		.2byte	0x124
 645 0214 68000000 		.4byte	0x68
 646 0218 02       		.byte	0x2
 647 0219 91       		.byte	0x91
 648 021a 64       		.sleb128 -28
 649 021b 00       		.byte	0
 650 021c 00       		.byte	0
 651 021d 07       		.uleb128 0x7
 652 021e 04       		.byte	0x4
 653 021f 23020000 		.4byte	0x223
 654 0223 09       		.uleb128 0x9
 655 0224 F0000000 		.4byte	0xf0
 656 0228 07       		.uleb128 0x7
 657 0229 04       		.byte	0x4
 658 022a 7A000000 		.4byte	0x7a
 659 022e 11       		.uleb128 0x11
 660 022f 01       		.byte	0x1
 661 0230 4E010000 		.4byte	.LASF32
 662 0234 01       		.byte	0x1
 663 0235 A201     		.2byte	0x1a2
 664 0237 01       		.byte	0x1
 665 0238 00000000 		.4byte	.LFB4
 666 023c B8000000 		.4byte	.LFE4
ARM GAS  C:\Users\Brian\AppData\Local\Temp\cc1jaq2i.s 			page 21


 667 0240 C8000000 		.4byte	.LLST4
 668 0244 01       		.byte	0x1
 669 0245 57020000 		.4byte	0x257
 670 0249 10       		.uleb128 0x10
 671 024a 6900     		.ascii	"i\000"
 672 024c 01       		.byte	0x1
 673 024d A401     		.2byte	0x1a4
 674 024f 7A000000 		.4byte	0x7a
 675 0253 02       		.byte	0x2
 676 0254 91       		.byte	0x91
 677 0255 74       		.sleb128 -12
 678 0256 00       		.byte	0
 679 0257 14       		.uleb128 0x14
 680 0258 0E010000 		.4byte	.LASF33
 681 025c 01       		.byte	0x1
 682 025d 39       		.byte	0x39
 683 025e 7A000000 		.4byte	0x7a
 684 0262 05       		.byte	0x5
 685 0263 03       		.byte	0x3
 686 0264 00000000 		.4byte	cySysNoInitDataValid
 687 0268 15       		.uleb128 0x15
 688 0269 34020000 		.4byte	.LASF34
 689 026d 04       		.byte	0x4
 690 026e 2D       		.byte	0x2d
 691 026f 6F000000 		.4byte	0x6f
 692 0273 01       		.byte	0x1
 693 0274 01       		.byte	0x1
 694 0275 16       		.uleb128 0x16
 695 0276 BA000000 		.4byte	0xba
 696 027a 85020000 		.4byte	0x285
 697 027e 17       		.uleb128 0x17
 698 027f CE000000 		.4byte	0xce
 699 0283 2F       		.byte	0x2f
 700 0284 00       		.byte	0
 701 0285 18       		.uleb128 0x18
 702 0286 31000000 		.4byte	.LASF35
 703 028a 01       		.byte	0x1
 704 028b 47       		.byte	0x47
 705 028c 75020000 		.4byte	0x275
 706 0290 01       		.byte	0x1
 707 0291 05       		.byte	0x5
 708 0292 03       		.byte	0x3
 709 0293 00000000 		.4byte	CyRamVectors
 710 0297 16       		.uleb128 0x16
 711 0298 F0000000 		.4byte	0xf0
 712 029c A2020000 		.4byte	0x2a2
 713 02a0 19       		.uleb128 0x19
 714 02a1 00       		.byte	0
 715 02a2 15       		.uleb128 0x15
 716 02a3 4E020000 		.4byte	.LASF36
 717 02a7 01       		.byte	0x1
 718 02a8 D1       		.byte	0xd1
 719 02a9 AF020000 		.4byte	0x2af
 720 02ad 01       		.byte	0x1
 721 02ae 01       		.byte	0x1
 722 02af 09       		.uleb128 0x9
 723 02b0 97020000 		.4byte	0x297
ARM GAS  C:\Users\Brian\AppData\Local\Temp\cc1jaq2i.s 			page 22


 724 02b4 15       		.uleb128 0x15
 725 02b5 AD000000 		.4byte	.LASF37
 726 02b9 01       		.byte	0x1
 727 02ba D2       		.byte	0xd2
 728 02bb D5000000 		.4byte	0xd5
 729 02bf 01       		.byte	0x1
 730 02c0 01       		.byte	0x1
 731 02c1 16       		.uleb128 0x16
 732 02c2 BA000000 		.4byte	0xba
 733 02c6 D1020000 		.4byte	0x2d1
 734 02ca 17       		.uleb128 0x17
 735 02cb CE000000 		.4byte	0xce
 736 02cf 03       		.byte	0x3
 737 02d0 00       		.byte	0
 738 02d1 1A       		.uleb128 0x1a
 739 02d2 F1000000 		.4byte	.LASF38
 740 02d6 01       		.byte	0x1
 741 02d7 7F01     		.2byte	0x17f
 742 02d9 E4020000 		.4byte	0x2e4
 743 02dd 01       		.byte	0x1
 744 02de 05       		.byte	0x5
 745 02df 03       		.byte	0x3
 746 02e0 00000000 		.4byte	RomVectors
 747 02e4 09       		.uleb128 0x9
 748 02e5 C1020000 		.4byte	0x2c1
 749 02e9 00       		.byte	0
 750              		.section	.debug_abbrev,"",%progbits
 751              	.Ldebug_abbrev0:
 752 0000 01       		.uleb128 0x1
 753 0001 11       		.uleb128 0x11
 754 0002 01       		.byte	0x1
 755 0003 25       		.uleb128 0x25
 756 0004 0E       		.uleb128 0xe
 757 0005 13       		.uleb128 0x13
 758 0006 0B       		.uleb128 0xb
 759 0007 03       		.uleb128 0x3
 760 0008 0E       		.uleb128 0xe
 761 0009 1B       		.uleb128 0x1b
 762 000a 0E       		.uleb128 0xe
 763 000b 55       		.uleb128 0x55
 764 000c 06       		.uleb128 0x6
 765 000d 11       		.uleb128 0x11
 766 000e 01       		.uleb128 0x1
 767 000f 52       		.uleb128 0x52
 768 0010 01       		.uleb128 0x1
 769 0011 10       		.uleb128 0x10
 770 0012 06       		.uleb128 0x6
 771 0013 00       		.byte	0
 772 0014 00       		.byte	0
 773 0015 02       		.uleb128 0x2
 774 0016 24       		.uleb128 0x24
 775 0017 00       		.byte	0
 776 0018 0B       		.uleb128 0xb
 777 0019 0B       		.uleb128 0xb
 778 001a 3E       		.uleb128 0x3e
 779 001b 0B       		.uleb128 0xb
 780 001c 03       		.uleb128 0x3
ARM GAS  C:\Users\Brian\AppData\Local\Temp\cc1jaq2i.s 			page 23


 781 001d 0E       		.uleb128 0xe
 782 001e 00       		.byte	0
 783 001f 00       		.byte	0
 784 0020 03       		.uleb128 0x3
 785 0021 24       		.uleb128 0x24
 786 0022 00       		.byte	0
 787 0023 0B       		.uleb128 0xb
 788 0024 0B       		.uleb128 0xb
 789 0025 3E       		.uleb128 0x3e
 790 0026 0B       		.uleb128 0xb
 791 0027 03       		.uleb128 0x3
 792 0028 08       		.uleb128 0x8
 793 0029 00       		.byte	0
 794 002a 00       		.byte	0
 795 002b 04       		.uleb128 0x4
 796 002c 16       		.uleb128 0x16
 797 002d 00       		.byte	0
 798 002e 03       		.uleb128 0x3
 799 002f 0E       		.uleb128 0xe
 800 0030 3A       		.uleb128 0x3a
 801 0031 0B       		.uleb128 0xb
 802 0032 3B       		.uleb128 0x3b
 803 0033 0B       		.uleb128 0xb
 804 0034 49       		.uleb128 0x49
 805 0035 13       		.uleb128 0x13
 806 0036 00       		.byte	0
 807 0037 00       		.byte	0
 808 0038 05       		.uleb128 0x5
 809 0039 35       		.uleb128 0x35
 810 003a 00       		.byte	0
 811 003b 49       		.uleb128 0x49
 812 003c 13       		.uleb128 0x13
 813 003d 00       		.byte	0
 814 003e 00       		.byte	0
 815 003f 06       		.uleb128 0x6
 816 0040 16       		.uleb128 0x16
 817 0041 00       		.byte	0
 818 0042 03       		.uleb128 0x3
 819 0043 0E       		.uleb128 0xe
 820 0044 3A       		.uleb128 0x3a
 821 0045 0B       		.uleb128 0xb
 822 0046 3B       		.uleb128 0x3b
 823 0047 05       		.uleb128 0x5
 824 0048 49       		.uleb128 0x49
 825 0049 13       		.uleb128 0x13
 826 004a 00       		.byte	0
 827 004b 00       		.byte	0
 828 004c 07       		.uleb128 0x7
 829 004d 0F       		.uleb128 0xf
 830 004e 00       		.byte	0
 831 004f 0B       		.uleb128 0xb
 832 0050 0B       		.uleb128 0xb
 833 0051 49       		.uleb128 0x49
 834 0052 13       		.uleb128 0x13
 835 0053 00       		.byte	0
 836 0054 00       		.byte	0
 837 0055 08       		.uleb128 0x8
ARM GAS  C:\Users\Brian\AppData\Local\Temp\cc1jaq2i.s 			page 24


 838 0056 15       		.uleb128 0x15
 839 0057 00       		.byte	0
 840 0058 27       		.uleb128 0x27
 841 0059 0C       		.uleb128 0xc
 842 005a 00       		.byte	0
 843 005b 00       		.byte	0
 844 005c 09       		.uleb128 0x9
 845 005d 26       		.uleb128 0x26
 846 005e 00       		.byte	0
 847 005f 49       		.uleb128 0x49
 848 0060 13       		.uleb128 0x13
 849 0061 00       		.byte	0
 850 0062 00       		.byte	0
 851 0063 0A       		.uleb128 0xa
 852 0064 13       		.uleb128 0x13
 853 0065 01       		.byte	0x1
 854 0066 03       		.uleb128 0x3
 855 0067 0E       		.uleb128 0xe
 856 0068 0B       		.uleb128 0xb
 857 0069 0B       		.uleb128 0xb
 858 006a 3A       		.uleb128 0x3a
 859 006b 0B       		.uleb128 0xb
 860 006c 3B       		.uleb128 0x3b
 861 006d 0B       		.uleb128 0xb
 862 006e 01       		.uleb128 0x1
 863 006f 13       		.uleb128 0x13
 864 0070 00       		.byte	0
 865 0071 00       		.byte	0
 866 0072 0B       		.uleb128 0xb
 867 0073 0D       		.uleb128 0xd
 868 0074 00       		.byte	0
 869 0075 03       		.uleb128 0x3
 870 0076 0E       		.uleb128 0xe
 871 0077 3A       		.uleb128 0x3a
 872 0078 0B       		.uleb128 0xb
 873 0079 3B       		.uleb128 0x3b
 874 007a 0B       		.uleb128 0xb
 875 007b 49       		.uleb128 0x49
 876 007c 13       		.uleb128 0x13
 877 007d 38       		.uleb128 0x38
 878 007e 0A       		.uleb128 0xa
 879 007f 00       		.byte	0
 880 0080 00       		.byte	0
 881 0081 0C       		.uleb128 0xc
 882 0082 2E       		.uleb128 0x2e
 883 0083 00       		.byte	0
 884 0084 3F       		.uleb128 0x3f
 885 0085 0C       		.uleb128 0xc
 886 0086 03       		.uleb128 0x3
 887 0087 0E       		.uleb128 0xe
 888 0088 3A       		.uleb128 0x3a
 889 0089 0B       		.uleb128 0xb
 890 008a 3B       		.uleb128 0x3b
 891 008b 0B       		.uleb128 0xb
 892 008c 27       		.uleb128 0x27
 893 008d 0C       		.uleb128 0xc
 894 008e 11       		.uleb128 0x11
ARM GAS  C:\Users\Brian\AppData\Local\Temp\cc1jaq2i.s 			page 25


 895 008f 01       		.uleb128 0x1
 896 0090 12       		.uleb128 0x12
 897 0091 01       		.uleb128 0x1
 898 0092 40       		.uleb128 0x40
 899 0093 06       		.uleb128 0x6
 900 0094 9742     		.uleb128 0x2117
 901 0096 0C       		.uleb128 0xc
 902 0097 00       		.byte	0
 903 0098 00       		.byte	0
 904 0099 0D       		.uleb128 0xd
 905 009a 2E       		.uleb128 0x2e
 906 009b 00       		.byte	0
 907 009c 3F       		.uleb128 0x3f
 908 009d 0C       		.uleb128 0xc
 909 009e 03       		.uleb128 0x3
 910 009f 0E       		.uleb128 0xe
 911 00a0 3A       		.uleb128 0x3a
 912 00a1 0B       		.uleb128 0xb
 913 00a2 3B       		.uleb128 0x3b
 914 00a3 0B       		.uleb128 0xb
 915 00a4 27       		.uleb128 0x27
 916 00a5 0C       		.uleb128 0xc
 917 00a6 11       		.uleb128 0x11
 918 00a7 01       		.uleb128 0x1
 919 00a8 12       		.uleb128 0x12
 920 00a9 01       		.uleb128 0x1
 921 00aa 40       		.uleb128 0x40
 922 00ab 06       		.uleb128 0x6
 923 00ac 9642     		.uleb128 0x2116
 924 00ae 0C       		.uleb128 0xc
 925 00af 00       		.byte	0
 926 00b0 00       		.byte	0
 927 00b1 0E       		.uleb128 0xe
 928 00b2 2E       		.uleb128 0x2e
 929 00b3 01       		.byte	0x1
 930 00b4 3F       		.uleb128 0x3f
 931 00b5 0C       		.uleb128 0xc
 932 00b6 03       		.uleb128 0x3
 933 00b7 0E       		.uleb128 0xe
 934 00b8 3A       		.uleb128 0x3a
 935 00b9 0B       		.uleb128 0xb
 936 00ba 3B       		.uleb128 0x3b
 937 00bb 0B       		.uleb128 0xb
 938 00bc 27       		.uleb128 0x27
 939 00bd 0C       		.uleb128 0xc
 940 00be 11       		.uleb128 0x11
 941 00bf 01       		.uleb128 0x1
 942 00c0 12       		.uleb128 0x12
 943 00c1 01       		.uleb128 0x1
 944 00c2 40       		.uleb128 0x40
 945 00c3 06       		.uleb128 0x6
 946 00c4 9742     		.uleb128 0x2117
 947 00c6 0C       		.uleb128 0xc
 948 00c7 01       		.uleb128 0x1
 949 00c8 13       		.uleb128 0x13
 950 00c9 00       		.byte	0
 951 00ca 00       		.byte	0
ARM GAS  C:\Users\Brian\AppData\Local\Temp\cc1jaq2i.s 			page 26


 952 00cb 0F       		.uleb128 0xf
 953 00cc 05       		.uleb128 0x5
 954 00cd 00       		.byte	0
 955 00ce 03       		.uleb128 0x3
 956 00cf 0E       		.uleb128 0xe
 957 00d0 3A       		.uleb128 0x3a
 958 00d1 0B       		.uleb128 0xb
 959 00d2 3B       		.uleb128 0x3b
 960 00d3 0B       		.uleb128 0xb
 961 00d4 49       		.uleb128 0x49
 962 00d5 13       		.uleb128 0x13
 963 00d6 02       		.uleb128 0x2
 964 00d7 0A       		.uleb128 0xa
 965 00d8 00       		.byte	0
 966 00d9 00       		.byte	0
 967 00da 10       		.uleb128 0x10
 968 00db 34       		.uleb128 0x34
 969 00dc 00       		.byte	0
 970 00dd 03       		.uleb128 0x3
 971 00de 08       		.uleb128 0x8
 972 00df 3A       		.uleb128 0x3a
 973 00e0 0B       		.uleb128 0xb
 974 00e1 3B       		.uleb128 0x3b
 975 00e2 05       		.uleb128 0x5
 976 00e3 49       		.uleb128 0x49
 977 00e4 13       		.uleb128 0x13
 978 00e5 02       		.uleb128 0x2
 979 00e6 0A       		.uleb128 0xa
 980 00e7 00       		.byte	0
 981 00e8 00       		.byte	0
 982 00e9 11       		.uleb128 0x11
 983 00ea 2E       		.uleb128 0x2e
 984 00eb 01       		.byte	0x1
 985 00ec 3F       		.uleb128 0x3f
 986 00ed 0C       		.uleb128 0xc
 987 00ee 03       		.uleb128 0x3
 988 00ef 0E       		.uleb128 0xe
 989 00f0 3A       		.uleb128 0x3a
 990 00f1 0B       		.uleb128 0xb
 991 00f2 3B       		.uleb128 0x3b
 992 00f3 05       		.uleb128 0x5
 993 00f4 27       		.uleb128 0x27
 994 00f5 0C       		.uleb128 0xc
 995 00f6 11       		.uleb128 0x11
 996 00f7 01       		.uleb128 0x1
 997 00f8 12       		.uleb128 0x12
 998 00f9 01       		.uleb128 0x1
 999 00fa 40       		.uleb128 0x40
 1000 00fb 06       		.uleb128 0x6
 1001 00fc 9642     		.uleb128 0x2116
 1002 00fe 0C       		.uleb128 0xc
 1003 00ff 01       		.uleb128 0x1
 1004 0100 13       		.uleb128 0x13
 1005 0101 00       		.byte	0
 1006 0102 00       		.byte	0
 1007 0103 12       		.uleb128 0x12
 1008 0104 34       		.uleb128 0x34
ARM GAS  C:\Users\Brian\AppData\Local\Temp\cc1jaq2i.s 			page 27


 1009 0105 00       		.byte	0
 1010 0106 03       		.uleb128 0x3
 1011 0107 0E       		.uleb128 0xe
 1012 0108 3A       		.uleb128 0x3a
 1013 0109 0B       		.uleb128 0xb
 1014 010a 3B       		.uleb128 0x3b
 1015 010b 05       		.uleb128 0x5
 1016 010c 49       		.uleb128 0x49
 1017 010d 13       		.uleb128 0x13
 1018 010e 02       		.uleb128 0x2
 1019 010f 0A       		.uleb128 0xa
 1020 0110 00       		.byte	0
 1021 0111 00       		.byte	0
 1022 0112 13       		.uleb128 0x13
 1023 0113 0B       		.uleb128 0xb
 1024 0114 01       		.byte	0x1
 1025 0115 11       		.uleb128 0x11
 1026 0116 01       		.uleb128 0x1
 1027 0117 12       		.uleb128 0x12
 1028 0118 01       		.uleb128 0x1
 1029 0119 00       		.byte	0
 1030 011a 00       		.byte	0
 1031 011b 14       		.uleb128 0x14
 1032 011c 34       		.uleb128 0x34
 1033 011d 00       		.byte	0
 1034 011e 03       		.uleb128 0x3
 1035 011f 0E       		.uleb128 0xe
 1036 0120 3A       		.uleb128 0x3a
 1037 0121 0B       		.uleb128 0xb
 1038 0122 3B       		.uleb128 0x3b
 1039 0123 0B       		.uleb128 0xb
 1040 0124 49       		.uleb128 0x49
 1041 0125 13       		.uleb128 0x13
 1042 0126 02       		.uleb128 0x2
 1043 0127 0A       		.uleb128 0xa
 1044 0128 00       		.byte	0
 1045 0129 00       		.byte	0
 1046 012a 15       		.uleb128 0x15
 1047 012b 34       		.uleb128 0x34
 1048 012c 00       		.byte	0
 1049 012d 03       		.uleb128 0x3
 1050 012e 0E       		.uleb128 0xe
 1051 012f 3A       		.uleb128 0x3a
 1052 0130 0B       		.uleb128 0xb
 1053 0131 3B       		.uleb128 0x3b
 1054 0132 0B       		.uleb128 0xb
 1055 0133 49       		.uleb128 0x49
 1056 0134 13       		.uleb128 0x13
 1057 0135 3F       		.uleb128 0x3f
 1058 0136 0C       		.uleb128 0xc
 1059 0137 3C       		.uleb128 0x3c
 1060 0138 0C       		.uleb128 0xc
 1061 0139 00       		.byte	0
 1062 013a 00       		.byte	0
 1063 013b 16       		.uleb128 0x16
 1064 013c 01       		.uleb128 0x1
 1065 013d 01       		.byte	0x1
ARM GAS  C:\Users\Brian\AppData\Local\Temp\cc1jaq2i.s 			page 28


 1066 013e 49       		.uleb128 0x49
 1067 013f 13       		.uleb128 0x13
 1068 0140 01       		.uleb128 0x1
 1069 0141 13       		.uleb128 0x13
 1070 0142 00       		.byte	0
 1071 0143 00       		.byte	0
 1072 0144 17       		.uleb128 0x17
 1073 0145 21       		.uleb128 0x21
 1074 0146 00       		.byte	0
 1075 0147 49       		.uleb128 0x49
 1076 0148 13       		.uleb128 0x13
 1077 0149 2F       		.uleb128 0x2f
 1078 014a 0B       		.uleb128 0xb
 1079 014b 00       		.byte	0
 1080 014c 00       		.byte	0
 1081 014d 18       		.uleb128 0x18
 1082 014e 34       		.uleb128 0x34
 1083 014f 00       		.byte	0
 1084 0150 03       		.uleb128 0x3
 1085 0151 0E       		.uleb128 0xe
 1086 0152 3A       		.uleb128 0x3a
 1087 0153 0B       		.uleb128 0xb
 1088 0154 3B       		.uleb128 0x3b
 1089 0155 0B       		.uleb128 0xb
 1090 0156 49       		.uleb128 0x49
 1091 0157 13       		.uleb128 0x13
 1092 0158 3F       		.uleb128 0x3f
 1093 0159 0C       		.uleb128 0xc
 1094 015a 02       		.uleb128 0x2
 1095 015b 0A       		.uleb128 0xa
 1096 015c 00       		.byte	0
 1097 015d 00       		.byte	0
 1098 015e 19       		.uleb128 0x19
 1099 015f 21       		.uleb128 0x21
 1100 0160 00       		.byte	0
 1101 0161 00       		.byte	0
 1102 0162 00       		.byte	0
 1103 0163 1A       		.uleb128 0x1a
 1104 0164 34       		.uleb128 0x34
 1105 0165 00       		.byte	0
 1106 0166 03       		.uleb128 0x3
 1107 0167 0E       		.uleb128 0xe
 1108 0168 3A       		.uleb128 0x3a
 1109 0169 0B       		.uleb128 0xb
 1110 016a 3B       		.uleb128 0x3b
 1111 016b 05       		.uleb128 0x5
 1112 016c 49       		.uleb128 0x49
 1113 016d 13       		.uleb128 0x13
 1114 016e 3F       		.uleb128 0x3f
 1115 016f 0C       		.uleb128 0xc
 1116 0170 02       		.uleb128 0x2
 1117 0171 0A       		.uleb128 0xa
 1118 0172 00       		.byte	0
 1119 0173 00       		.byte	0
 1120 0174 00       		.byte	0
 1121              		.section	.debug_loc,"",%progbits
 1122              	.Ldebug_loc0:
ARM GAS  C:\Users\Brian\AppData\Local\Temp\cc1jaq2i.s 			page 29


 1123              	.LLST0:
 1124 0000 00000000 		.4byte	.LFB0
 1125 0004 02000000 		.4byte	.LCFI0
 1126 0008 0200     		.2byte	0x2
 1127 000a 7D       		.byte	0x7d
 1128 000b 00       		.sleb128 0
 1129 000c 02000000 		.4byte	.LCFI0
 1130 0010 04000000 		.4byte	.LCFI1
 1131 0014 0200     		.2byte	0x2
 1132 0016 7D       		.byte	0x7d
 1133 0017 04       		.sleb128 4
 1134 0018 04000000 		.4byte	.LCFI1
 1135 001c 06000000 		.4byte	.LFE0
 1136 0020 0200     		.2byte	0x2
 1137 0022 77       		.byte	0x77
 1138 0023 04       		.sleb128 4
 1139 0024 00000000 		.4byte	0
 1140 0028 00000000 		.4byte	0
 1141              	.LLST1:
 1142 002c 00000000 		.4byte	.LFB1
 1143 0030 02000000 		.4byte	.LCFI2
 1144 0034 0200     		.2byte	0x2
 1145 0036 7D       		.byte	0x7d
 1146 0037 00       		.sleb128 0
 1147 0038 02000000 		.4byte	.LCFI2
 1148 003c 04000000 		.4byte	.LCFI3
 1149 0040 0200     		.2byte	0x2
 1150 0042 7D       		.byte	0x7d
 1151 0043 08       		.sleb128 8
 1152 0044 04000000 		.4byte	.LCFI3
 1153 0048 08000000 		.4byte	.LFE1
 1154 004c 0200     		.2byte	0x2
 1155 004e 77       		.byte	0x77
 1156 004f 08       		.sleb128 8
 1157 0050 00000000 		.4byte	0
 1158 0054 00000000 		.4byte	0
 1159              	.LLST2:
 1160 0058 00000000 		.4byte	.LFB2
 1161 005c 02000000 		.4byte	.LCFI4
 1162 0060 0200     		.2byte	0x2
 1163 0062 7D       		.byte	0x7d
 1164 0063 00       		.sleb128 0
 1165 0064 02000000 		.4byte	.LCFI4
 1166 0068 04000000 		.4byte	.LCFI5
 1167 006c 0200     		.2byte	0x2
 1168 006e 7D       		.byte	0x7d
 1169 006f 04       		.sleb128 4
 1170 0070 04000000 		.4byte	.LCFI5
 1171 0074 06000000 		.4byte	.LCFI6
 1172 0078 0200     		.2byte	0x2
 1173 007a 7D       		.byte	0x7d
 1174 007b 18       		.sleb128 24
 1175 007c 06000000 		.4byte	.LCFI6
 1176 0080 30000000 		.4byte	.LFE2
 1177 0084 0200     		.2byte	0x2
 1178 0086 77       		.byte	0x77
 1179 0087 18       		.sleb128 24
ARM GAS  C:\Users\Brian\AppData\Local\Temp\cc1jaq2i.s 			page 30


 1180 0088 00000000 		.4byte	0
 1181 008c 00000000 		.4byte	0
 1182              	.LLST3:
 1183 0090 00000000 		.4byte	.LFB3
 1184 0094 02000000 		.4byte	.LCFI7
 1185 0098 0200     		.2byte	0x2
 1186 009a 7D       		.byte	0x7d
 1187 009b 00       		.sleb128 0
 1188 009c 02000000 		.4byte	.LCFI7
 1189 00a0 04000000 		.4byte	.LCFI8
 1190 00a4 0200     		.2byte	0x2
 1191 00a6 7D       		.byte	0x7d
 1192 00a7 08       		.sleb128 8
 1193 00a8 04000000 		.4byte	.LCFI8
 1194 00ac 06000000 		.4byte	.LCFI9
 1195 00b0 0200     		.2byte	0x2
 1196 00b2 7D       		.byte	0x7d
 1197 00b3 20       		.sleb128 32
 1198 00b4 06000000 		.4byte	.LCFI9
 1199 00b8 CA000000 		.4byte	.LFE3
 1200 00bc 0200     		.2byte	0x2
 1201 00be 77       		.byte	0x77
 1202 00bf 20       		.sleb128 32
 1203 00c0 00000000 		.4byte	0
 1204 00c4 00000000 		.4byte	0
 1205              	.LLST4:
 1206 00c8 00000000 		.4byte	.LFB4
 1207 00cc 02000000 		.4byte	.LCFI10
 1208 00d0 0200     		.2byte	0x2
 1209 00d2 7D       		.byte	0x7d
 1210 00d3 00       		.sleb128 0
 1211 00d4 02000000 		.4byte	.LCFI10
 1212 00d8 04000000 		.4byte	.LCFI11
 1213 00dc 0200     		.2byte	0x2
 1214 00de 7D       		.byte	0x7d
 1215 00df 08       		.sleb128 8
 1216 00e0 04000000 		.4byte	.LCFI11
 1217 00e4 06000000 		.4byte	.LCFI12
 1218 00e8 0200     		.2byte	0x2
 1219 00ea 7D       		.byte	0x7d
 1220 00eb 10       		.sleb128 16
 1221 00ec 06000000 		.4byte	.LCFI12
 1222 00f0 B8000000 		.4byte	.LFE4
 1223 00f4 0200     		.2byte	0x2
 1224 00f6 77       		.byte	0x77
 1225 00f7 10       		.sleb128 16
 1226 00f8 00000000 		.4byte	0
 1227 00fc 00000000 		.4byte	0
 1228              		.section	.debug_aranges,"",%progbits
 1229 0000 3C000000 		.4byte	0x3c
 1230 0004 0200     		.2byte	0x2
 1231 0006 00000000 		.4byte	.Ldebug_info0
 1232 000a 04       		.byte	0x4
 1233 000b 00       		.byte	0
 1234 000c 0000     		.2byte	0
 1235 000e 0000     		.2byte	0
 1236 0010 00000000 		.4byte	.LFB0
ARM GAS  C:\Users\Brian\AppData\Local\Temp\cc1jaq2i.s 			page 31


 1237 0014 06000000 		.4byte	.LFE0-.LFB0
 1238 0018 00000000 		.4byte	.LFB1
 1239 001c 08000000 		.4byte	.LFE1-.LFB1
 1240 0020 00000000 		.4byte	.LFB2
 1241 0024 30000000 		.4byte	.LFE2-.LFB2
 1242 0028 00000000 		.4byte	.LFB3
 1243 002c CA000000 		.4byte	.LFE3-.LFB3
 1244 0030 00000000 		.4byte	.LFB4
 1245 0034 B8000000 		.4byte	.LFE4-.LFB4
 1246 0038 00000000 		.4byte	0
 1247 003c 00000000 		.4byte	0
 1248              		.section	.debug_ranges,"",%progbits
 1249              	.Ldebug_ranges0:
 1250 0000 00000000 		.4byte	.LFB0
 1251 0004 06000000 		.4byte	.LFE0
 1252 0008 00000000 		.4byte	.LFB1
 1253 000c 08000000 		.4byte	.LFE1
 1254 0010 00000000 		.4byte	.LFB2
 1255 0014 30000000 		.4byte	.LFE2
 1256 0018 00000000 		.4byte	.LFB3
 1257 001c CA000000 		.4byte	.LFE3
 1258 0020 00000000 		.4byte	.LFB4
 1259 0024 B8000000 		.4byte	.LFE4
 1260 0028 00000000 		.4byte	0
 1261 002c 00000000 		.4byte	0
 1262              		.section	.debug_line,"",%progbits
 1263              	.Ldebug_line0:
 1264 0000 AA010000 		.section	.debug_str,"MS",%progbits,1
 1264      0200DE00 
 1264      00000201 
 1264      FB0E0D00 
 1264      01010101 
 1265              	.LASF40:
 1266 0000 2E5C4765 		.ascii	".\\Generated_Source\\PSoC5\\Cm3Start.c\000"
 1266      6E657261 
 1266      7465645F 
 1266      536F7572 
 1266      63655C50 
 1267              	.LASF15:
 1268 0024 72656733 		.ascii	"reg32\000"
 1268      3200
 1269              	.LASF18:
 1270 002a 73697A65 		.ascii	"size_t\000"
 1270      5F7400
 1271              	.LASF35:
 1272 0031 43795261 		.ascii	"CyRamVectors\000"
 1272      6D566563 
 1272      746F7273 
 1272      00
 1273              	.LASF27:
 1274 003e 53746172 		.ascii	"Start_c\000"
 1274      745F6300 
 1275              	.LASF31:
 1276 0046 636F756E 		.ascii	"count\000"
 1276      7400
 1277              	.LASF3:
 1278 004c 73686F72 		.ascii	"short unsigned int\000"
ARM GAS  C:\Users\Brian\AppData\Local\Temp\cc1jaq2i.s 			page 32


 1278      7420756E 
 1278      7369676E 
 1278      65642069 
 1278      6E7400
 1279              	.LASF41:
 1280 005f 433A5C55 		.ascii	"C:\\Users\\Brian\\Dropbox\\RPiSoC\\Projects\\PSoC_2"
 1280      73657273 
 1280      5C427269 
 1280      616E5C44 
 1280      726F7062 
 1281 008c 5F50695C 		.ascii	"_Pi\\PSoC Creator\\PSoC_2_Pi.cydsn\000"
 1281      50536F43 
 1281      20437265 
 1281      61746F72 
 1281      5C50536F 
 1282              	.LASF37:
 1283 00ad 5F5F6379 		.ascii	"__cy_region_num\000"
 1283      5F726567 
 1283      696F6E5F 
 1283      6E756D00 
 1284              	.LASF20:
 1285 00bd 696E6974 		.ascii	"init\000"
 1285      00
 1286              	.LASF43:
 1287 00c2 73746174 		.ascii	"status\000"
 1287      757300
 1288              	.LASF23:
 1289 00c9 7A65726F 		.ascii	"zero_size\000"
 1289      5F73697A 
 1289      6500
 1290              	.LASF29:
 1291 00d3 72707472 		.ascii	"rptr\000"
 1291      00
 1292              	.LASF11:
 1293 00d8 666C6F61 		.ascii	"float\000"
 1293      7400
 1294              	.LASF21:
 1295 00de 64617461 		.ascii	"data\000"
 1295      00
 1296              	.LASF1:
 1297 00e3 756E7369 		.ascii	"unsigned char\000"
 1297      676E6564 
 1297      20636861 
 1297      7200
 1298              	.LASF38:
 1299 00f1 526F6D56 		.ascii	"RomVectors\000"
 1299      6563746F 
 1299      727300
 1300              	.LASF5:
 1301 00fc 6C6F6E67 		.ascii	"long unsigned int\000"
 1301      20756E73 
 1301      69676E65 
 1301      6420696E 
 1301      7400
 1302              	.LASF33:
 1303 010e 63795379 		.ascii	"cySysNoInitDataValid\000"
 1303      734E6F49 
ARM GAS  C:\Users\Brian\AppData\Local\Temp\cc1jaq2i.s 			page 33


 1303      6E697444 
 1303      61746156 
 1303      616C6964 
 1304              	.LASF9:
 1305 0123 75696E74 		.ascii	"uint8\000"
 1305      3800
 1306              	.LASF25:
 1307 0129 52657365 		.ascii	"Reset\000"
 1307      7400
 1308              	.LASF26:
 1309 012f 5F657869 		.ascii	"_exit\000"
 1309      7400
 1310              	.LASF24:
 1311 0135 496E7444 		.ascii	"IntDefaultHandler\000"
 1311      65666175 
 1311      6C744861 
 1311      6E646C65 
 1311      7200
 1312              	.LASF12:
 1313 0147 646F7562 		.ascii	"double\000"
 1313      6C6500
 1314              	.LASF32:
 1315 014e 696E6974 		.ascii	"initialize_psoc\000"
 1315      69616C69 
 1315      7A655F70 
 1315      736F6300 
 1316              	.LASF10:
 1317 015e 75696E74 		.ascii	"uint32\000"
 1317      333200
 1318              	.LASF8:
 1319 0165 756E7369 		.ascii	"unsigned int\000"
 1319      676E6564 
 1319      20696E74 
 1319      00
 1320              	.LASF7:
 1321 0172 6C6F6E67 		.ascii	"long long unsigned int\000"
 1321      206C6F6E 
 1321      6720756E 
 1321      7369676E 
 1321      65642069 
 1322              	.LASF30:
 1323 0189 6C696D69 		.ascii	"limit\000"
 1323      7400
 1324              	.LASF16:
 1325 018f 63796973 		.ascii	"cyisraddress\000"
 1325      72616464 
 1325      72657373 
 1325      00
 1326              	.LASF22:
 1327 019c 696E6974 		.ascii	"init_size\000"
 1327      5F73697A 
 1327      6500
 1328              	.LASF19:
 1329 01a6 5F5F6379 		.ascii	"__cy_byte_align8\000"
 1329      5F627974 
 1329      655F616C 
 1329      69676E38 
ARM GAS  C:\Users\Brian\AppData\Local\Temp\cc1jaq2i.s 			page 34


 1329      00
 1330              	.LASF14:
 1331 01b7 72656738 		.ascii	"reg8\000"
 1331      00
 1332              	.LASF17:
 1333 01bc 73697A65 		.ascii	"sizetype\000"
 1333      74797065 
 1333      00
 1334              	.LASF6:
 1335 01c5 6C6F6E67 		.ascii	"long long int\000"
 1335      206C6F6E 
 1335      6720696E 
 1335      7400
 1336              	.LASF13:
 1337 01d3 63686172 		.ascii	"char\000"
 1337      00
 1338              	.LASF2:
 1339 01d8 73686F72 		.ascii	"short int\000"
 1339      7420696E 
 1339      7400
 1340              	.LASF39:
 1341 01e2 474E5520 		.ascii	"GNU C 4.7.3 20130312 (release) [ARM/embedded-4_7-br"
 1341      4320342E 
 1341      372E3320 
 1341      32303133 
 1341      30333132 
 1342 0215 616E6368 		.ascii	"anch revision 196615]\000"
 1342      20726576 
 1342      6973696F 
 1342      6E203139 
 1342      36363135 
 1343              	.LASF4:
 1344 022b 6C6F6E67 		.ascii	"long int\000"
 1344      20696E74 
 1344      00
 1345              	.LASF34:
 1346 0234 43795265 		.ascii	"CyResetStatus\000"
 1346      73657453 
 1346      74617475 
 1346      7300
 1347              	.LASF0:
 1348 0242 7369676E 		.ascii	"signed char\000"
 1348      65642063 
 1348      68617200 
 1349              	.LASF36:
 1350 024e 5F5F6379 		.ascii	"__cy_regions\000"
 1350      5F726567 
 1350      696F6E73 
 1350      00
 1351              	.LASF28:
 1352 025b 72656769 		.ascii	"regions\000"
 1352      6F6E7300 
 1353              	.LASF42:
 1354 0263 5F5F6379 		.ascii	"__cy_region\000"
 1354      5F726567 
 1354      696F6E00 
 1355              		.ident	"GCC: (GNU Tools for ARM Embedded Processors) 4.7.3 20130312 (release) [ARM/embedded-4_7-br
ARM GAS  C:\Users\Brian\AppData\Local\Temp\cc1jaq2i.s 			page 35


