ARM GAS  C:\Users\Brian\AppData\Local\Temp\ccjvCNkx.s 			page 1


   1              		.syntax unified
   2              		.cpu cortex-m3
   3              		.fpu softvfp
   4              		.eabi_attribute 20, 1
   5              		.eabi_attribute 21, 1
   6              		.eabi_attribute 23, 3
   7              		.eabi_attribute 24, 1
   8              		.eabi_attribute 25, 1
   9              		.eabi_attribute 26, 1
  10              		.eabi_attribute 30, 6
  11              		.eabi_attribute 34, 1
  12              		.eabi_attribute 18, 4
  13              		.thumb
  14              		.file	"I2C_1_SLAVE.c"
  15              		.text
  16              	.Ltext0:
  17              		.cfi_sections	.debug_frame
  18              		.comm	I2C_1_slStatus,1,1
  19              		.comm	I2C_1_slRdBufPtr,4,4
  20              		.comm	I2C_1_slRdBufSize,1,1
  21              		.comm	I2C_1_slRdBufIndex,1,1
  22              		.comm	I2C_1_slWrBufPtr,4,4
  23              		.comm	I2C_1_slWrBufSize,1,1
  24              		.comm	I2C_1_slWrBufIndex,1,1
  25              		.section	.text.I2C_1_SlaveStatus,"ax",%progbits
  26              		.align	2
  27              		.global	I2C_1_SlaveStatus
  28              		.thumb
  29              		.thumb_func
  30              		.type	I2C_1_SlaveStatus, %function
  31              	I2C_1_SlaveStatus:
  32              	.LFB0:
  33              		.file 1 ".\\Generated_Source\\PSoC5\\I2C_1_SLAVE.c"
   1:.\Generated_Source\PSoC5/I2C_1_SLAVE.c **** /*******************************************************************************
   2:.\Generated_Source\PSoC5/I2C_1_SLAVE.c **** * File Name: I2C_1_SLAVE.c
   3:.\Generated_Source\PSoC5/I2C_1_SLAVE.c **** * Version 3.30
   4:.\Generated_Source\PSoC5/I2C_1_SLAVE.c **** *
   5:.\Generated_Source\PSoC5/I2C_1_SLAVE.c **** * Description:
   6:.\Generated_Source\PSoC5/I2C_1_SLAVE.c **** *  This file provides the source code of APIs for the I2C component Slave mode.
   7:.\Generated_Source\PSoC5/I2C_1_SLAVE.c **** *
   8:.\Generated_Source\PSoC5/I2C_1_SLAVE.c **** * Note:
   9:.\Generated_Source\PSoC5/I2C_1_SLAVE.c **** *
  10:.\Generated_Source\PSoC5/I2C_1_SLAVE.c **** *******************************************************************************
  11:.\Generated_Source\PSoC5/I2C_1_SLAVE.c **** * Copyright 2012, Cypress Semiconductor Corporation.  All rights reserved.
  12:.\Generated_Source\PSoC5/I2C_1_SLAVE.c **** * You may use this file only in accordance with the license, terms, conditions,
  13:.\Generated_Source\PSoC5/I2C_1_SLAVE.c **** * disclaimers, and limitations in the end user license agreement accompanying
  14:.\Generated_Source\PSoC5/I2C_1_SLAVE.c **** * the software package with which this file was provided.
  15:.\Generated_Source\PSoC5/I2C_1_SLAVE.c **** *******************************************************************************/
  16:.\Generated_Source\PSoC5/I2C_1_SLAVE.c **** 
  17:.\Generated_Source\PSoC5/I2C_1_SLAVE.c **** #include "I2C_1_PVT.h"
  18:.\Generated_Source\PSoC5/I2C_1_SLAVE.c **** 
  19:.\Generated_Source\PSoC5/I2C_1_SLAVE.c **** #if(I2C_1_MODE_SLAVE_ENABLED)
  20:.\Generated_Source\PSoC5/I2C_1_SLAVE.c **** 
  21:.\Generated_Source\PSoC5/I2C_1_SLAVE.c **** /**********************************
  22:.\Generated_Source\PSoC5/I2C_1_SLAVE.c **** *      System variables
  23:.\Generated_Source\PSoC5/I2C_1_SLAVE.c **** **********************************/
  24:.\Generated_Source\PSoC5/I2C_1_SLAVE.c **** 
ARM GAS  C:\Users\Brian\AppData\Local\Temp\ccjvCNkx.s 			page 2


  25:.\Generated_Source\PSoC5/I2C_1_SLAVE.c **** volatile uint8 I2C_1_slStatus;   /* Slave Status  */
  26:.\Generated_Source\PSoC5/I2C_1_SLAVE.c **** 
  27:.\Generated_Source\PSoC5/I2C_1_SLAVE.c **** /* Transmit buffer variables */
  28:.\Generated_Source\PSoC5/I2C_1_SLAVE.c **** volatile uint8 * I2C_1_slRdBufPtr;   /* Pointer to Transmit buffer  */
  29:.\Generated_Source\PSoC5/I2C_1_SLAVE.c **** volatile uint8   I2C_1_slRdBufSize;  /* Slave Transmit buffer size  */
  30:.\Generated_Source\PSoC5/I2C_1_SLAVE.c **** volatile uint8   I2C_1_slRdBufIndex; /* Slave Transmit buffer Index */
  31:.\Generated_Source\PSoC5/I2C_1_SLAVE.c **** 
  32:.\Generated_Source\PSoC5/I2C_1_SLAVE.c **** /* Receive buffer variables */
  33:.\Generated_Source\PSoC5/I2C_1_SLAVE.c **** volatile uint8 * I2C_1_slWrBufPtr;   /* Pointer to Receive buffer  */
  34:.\Generated_Source\PSoC5/I2C_1_SLAVE.c **** volatile uint8   I2C_1_slWrBufSize;  /* Slave Receive buffer size  */
  35:.\Generated_Source\PSoC5/I2C_1_SLAVE.c **** volatile uint8   I2C_1_slWrBufIndex; /* Slave Receive buffer Index */
  36:.\Generated_Source\PSoC5/I2C_1_SLAVE.c **** 
  37:.\Generated_Source\PSoC5/I2C_1_SLAVE.c **** #if(I2C_1_SW_ADRR_DECODE)
  38:.\Generated_Source\PSoC5/I2C_1_SLAVE.c ****     volatile uint8 I2C_1_slAddress;  /* Software address variable */
  39:.\Generated_Source\PSoC5/I2C_1_SLAVE.c **** #endif   /* (I2C_1_SW_ADRR_DECODE) */
  40:.\Generated_Source\PSoC5/I2C_1_SLAVE.c **** 
  41:.\Generated_Source\PSoC5/I2C_1_SLAVE.c **** 
  42:.\Generated_Source\PSoC5/I2C_1_SLAVE.c **** /*******************************************************************************
  43:.\Generated_Source\PSoC5/I2C_1_SLAVE.c **** * Function Name: I2C_1_SlaveStatus
  44:.\Generated_Source\PSoC5/I2C_1_SLAVE.c **** ********************************************************************************
  45:.\Generated_Source\PSoC5/I2C_1_SLAVE.c **** *
  46:.\Generated_Source\PSoC5/I2C_1_SLAVE.c **** * Summary:
  47:.\Generated_Source\PSoC5/I2C_1_SLAVE.c **** *  Returns I2C slave's communication status.
  48:.\Generated_Source\PSoC5/I2C_1_SLAVE.c **** *
  49:.\Generated_Source\PSoC5/I2C_1_SLAVE.c **** * Parameters:
  50:.\Generated_Source\PSoC5/I2C_1_SLAVE.c **** *  None
  51:.\Generated_Source\PSoC5/I2C_1_SLAVE.c **** *
  52:.\Generated_Source\PSoC5/I2C_1_SLAVE.c **** * Return:
  53:.\Generated_Source\PSoC5/I2C_1_SLAVE.c **** *  Current status of I2C slave.
  54:.\Generated_Source\PSoC5/I2C_1_SLAVE.c **** *
  55:.\Generated_Source\PSoC5/I2C_1_SLAVE.c **** * Global variables:
  56:.\Generated_Source\PSoC5/I2C_1_SLAVE.c **** *  I2C_1_slStatus  - used to store current status of I2C slave.
  57:.\Generated_Source\PSoC5/I2C_1_SLAVE.c **** *
  58:.\Generated_Source\PSoC5/I2C_1_SLAVE.c **** *******************************************************************************/
  59:.\Generated_Source\PSoC5/I2C_1_SLAVE.c **** uint8 I2C_1_SlaveStatus(void) 
  60:.\Generated_Source\PSoC5/I2C_1_SLAVE.c **** {
  34              		.loc 1 60 0
  35              		.cfi_startproc
  36              		@ args = 0, pretend = 0, frame = 0
  37              		@ frame_needed = 1, uses_anonymous_args = 0
  38              		@ link register save eliminated.
  39 0000 80B4     		push	{r7}
  40              	.LCFI0:
  41              		.cfi_def_cfa_offset 4
  42              		.cfi_offset 7, -4
  43 0002 00AF     		add	r7, sp, #0
  44              	.LCFI1:
  45              		.cfi_def_cfa_register 7
  61:.\Generated_Source\PSoC5/I2C_1_SLAVE.c ****     return(I2C_1_slStatus);
  46              		.loc 1 61 0
  47 0004 40F20003 		movw	r3, #:lower16:I2C_1_slStatus
  48 0008 C0F20003 		movt	r3, #:upper16:I2C_1_slStatus
  49 000c 1B78     		ldrb	r3, [r3, #0]
  50 000e DBB2     		uxtb	r3, r3
  62:.\Generated_Source\PSoC5/I2C_1_SLAVE.c **** }
  51              		.loc 1 62 0
  52 0010 1846     		mov	r0, r3
ARM GAS  C:\Users\Brian\AppData\Local\Temp\ccjvCNkx.s 			page 3


  53 0012 BD46     		mov	sp, r7
  54 0014 80BC     		pop	{r7}
  55 0016 7047     		bx	lr
  56              		.cfi_endproc
  57              	.LFE0:
  58              		.size	I2C_1_SlaveStatus, .-I2C_1_SlaveStatus
  59              		.section	.text.I2C_1_SlaveClearReadStatus,"ax",%progbits
  60              		.align	2
  61              		.global	I2C_1_SlaveClearReadStatus
  62              		.thumb
  63              		.thumb_func
  64              		.type	I2C_1_SlaveClearReadStatus, %function
  65              	I2C_1_SlaveClearReadStatus:
  66              	.LFB1:
  63:.\Generated_Source\PSoC5/I2C_1_SLAVE.c **** 
  64:.\Generated_Source\PSoC5/I2C_1_SLAVE.c **** 
  65:.\Generated_Source\PSoC5/I2C_1_SLAVE.c **** /*******************************************************************************
  66:.\Generated_Source\PSoC5/I2C_1_SLAVE.c **** * Function Name: I2C_1_SlaveClearReadStatus
  67:.\Generated_Source\PSoC5/I2C_1_SLAVE.c **** ********************************************************************************
  68:.\Generated_Source\PSoC5/I2C_1_SLAVE.c **** *
  69:.\Generated_Source\PSoC5/I2C_1_SLAVE.c **** * Summary:
  70:.\Generated_Source\PSoC5/I2C_1_SLAVE.c **** *  Clears the read status flags and returns they values.
  71:.\Generated_Source\PSoC5/I2C_1_SLAVE.c **** *  The I2C_1_SSTAT_RD_BUSY flag is not effected by clear.
  72:.\Generated_Source\PSoC5/I2C_1_SLAVE.c **** *
  73:.\Generated_Source\PSoC5/I2C_1_SLAVE.c **** * Parameters:
  74:.\Generated_Source\PSoC5/I2C_1_SLAVE.c **** *  None
  75:.\Generated_Source\PSoC5/I2C_1_SLAVE.c **** *
  76:.\Generated_Source\PSoC5/I2C_1_SLAVE.c **** * Return:
  77:.\Generated_Source\PSoC5/I2C_1_SLAVE.c **** *  Current read status of I2C slave.
  78:.\Generated_Source\PSoC5/I2C_1_SLAVE.c **** *
  79:.\Generated_Source\PSoC5/I2C_1_SLAVE.c **** * Global variables:
  80:.\Generated_Source\PSoC5/I2C_1_SLAVE.c **** *  I2C_1_slStatus  - used to store current status of I2C slave.
  81:.\Generated_Source\PSoC5/I2C_1_SLAVE.c **** *
  82:.\Generated_Source\PSoC5/I2C_1_SLAVE.c **** * Reentrant:
  83:.\Generated_Source\PSoC5/I2C_1_SLAVE.c **** *  No
  84:.\Generated_Source\PSoC5/I2C_1_SLAVE.c **** *
  85:.\Generated_Source\PSoC5/I2C_1_SLAVE.c **** *******************************************************************************/
  86:.\Generated_Source\PSoC5/I2C_1_SLAVE.c **** uint8 I2C_1_SlaveClearReadStatus(void) 
  87:.\Generated_Source\PSoC5/I2C_1_SLAVE.c **** {
  67              		.loc 1 87 0
  68              		.cfi_startproc
  69              		@ args = 0, pretend = 0, frame = 8
  70              		@ frame_needed = 1, uses_anonymous_args = 0
  71              		@ link register save eliminated.
  72 0000 80B4     		push	{r7}
  73              	.LCFI2:
  74              		.cfi_def_cfa_offset 4
  75              		.cfi_offset 7, -4
  76 0002 83B0     		sub	sp, sp, #12
  77              	.LCFI3:
  78              		.cfi_def_cfa_offset 16
  79 0004 00AF     		add	r7, sp, #0
  80              	.LCFI4:
  81              		.cfi_def_cfa_register 7
  88:.\Generated_Source\PSoC5/I2C_1_SLAVE.c ****     uint8 status;
  89:.\Generated_Source\PSoC5/I2C_1_SLAVE.c **** 
  90:.\Generated_Source\PSoC5/I2C_1_SLAVE.c ****     /* Mask of transfer complete flag and Error status */
ARM GAS  C:\Users\Brian\AppData\Local\Temp\ccjvCNkx.s 			page 4


  91:.\Generated_Source\PSoC5/I2C_1_SLAVE.c ****     status = (I2C_1_slStatus & I2C_1_SSTAT_RD_MASK);
  82              		.loc 1 91 0
  83 0006 40F20003 		movw	r3, #:lower16:I2C_1_slStatus
  84 000a C0F20003 		movt	r3, #:upper16:I2C_1_slStatus
  85 000e 1B78     		ldrb	r3, [r3, #0]
  86 0010 DBB2     		uxtb	r3, r3
  87 0012 03F00F03 		and	r3, r3, #15
  88 0016 FB71     		strb	r3, [r7, #7]
  92:.\Generated_Source\PSoC5/I2C_1_SLAVE.c ****     I2C_1_slStatus &= ((uint8) ~I2C_1_SSTAT_RD_CLEAR);
  89              		.loc 1 92 0
  90 0018 40F20003 		movw	r3, #:lower16:I2C_1_slStatus
  91 001c C0F20003 		movt	r3, #:upper16:I2C_1_slStatus
  92 0020 1B78     		ldrb	r3, [r3, #0]
  93 0022 DBB2     		uxtb	r3, r3
  94 0024 23F00D03 		bic	r3, r3, #13
  95 0028 DAB2     		uxtb	r2, r3
  96 002a 40F20003 		movw	r3, #:lower16:I2C_1_slStatus
  97 002e C0F20003 		movt	r3, #:upper16:I2C_1_slStatus
  98 0032 1A70     		strb	r2, [r3, #0]
  93:.\Generated_Source\PSoC5/I2C_1_SLAVE.c **** 
  94:.\Generated_Source\PSoC5/I2C_1_SLAVE.c ****     return(status);
  99              		.loc 1 94 0
 100 0034 FB79     		ldrb	r3, [r7, #7]	@ zero_extendqisi2
  95:.\Generated_Source\PSoC5/I2C_1_SLAVE.c **** }
 101              		.loc 1 95 0
 102 0036 1846     		mov	r0, r3
 103 0038 07F10C07 		add	r7, r7, #12
 104 003c BD46     		mov	sp, r7
 105 003e 80BC     		pop	{r7}
 106 0040 7047     		bx	lr
 107              		.cfi_endproc
 108              	.LFE1:
 109              		.size	I2C_1_SlaveClearReadStatus, .-I2C_1_SlaveClearReadStatus
 110 0042 00BF     		.section	.text.I2C_1_SlaveClearWriteStatus,"ax",%progbits
 111              		.align	2
 112              		.global	I2C_1_SlaveClearWriteStatus
 113              		.thumb
 114              		.thumb_func
 115              		.type	I2C_1_SlaveClearWriteStatus, %function
 116              	I2C_1_SlaveClearWriteStatus:
 117              	.LFB2:
  96:.\Generated_Source\PSoC5/I2C_1_SLAVE.c **** 
  97:.\Generated_Source\PSoC5/I2C_1_SLAVE.c **** 
  98:.\Generated_Source\PSoC5/I2C_1_SLAVE.c **** /*******************************************************************************
  99:.\Generated_Source\PSoC5/I2C_1_SLAVE.c **** * Function Name: I2C_1_SlaveClearWriteStatus
 100:.\Generated_Source\PSoC5/I2C_1_SLAVE.c **** ********************************************************************************
 101:.\Generated_Source\PSoC5/I2C_1_SLAVE.c **** *
 102:.\Generated_Source\PSoC5/I2C_1_SLAVE.c **** * Summary:
 103:.\Generated_Source\PSoC5/I2C_1_SLAVE.c **** *  Clears the write status flags and returns they values.
 104:.\Generated_Source\PSoC5/I2C_1_SLAVE.c **** *  The I2C_1_SSTAT_WR_BUSY flag is not effected by clear.
 105:.\Generated_Source\PSoC5/I2C_1_SLAVE.c **** *
 106:.\Generated_Source\PSoC5/I2C_1_SLAVE.c **** * Parameters:
 107:.\Generated_Source\PSoC5/I2C_1_SLAVE.c **** *  None
 108:.\Generated_Source\PSoC5/I2C_1_SLAVE.c **** *
 109:.\Generated_Source\PSoC5/I2C_1_SLAVE.c **** * Return:
 110:.\Generated_Source\PSoC5/I2C_1_SLAVE.c **** *  Current write status of I2C slave.
 111:.\Generated_Source\PSoC5/I2C_1_SLAVE.c **** *
ARM GAS  C:\Users\Brian\AppData\Local\Temp\ccjvCNkx.s 			page 5


 112:.\Generated_Source\PSoC5/I2C_1_SLAVE.c **** * Global variables:
 113:.\Generated_Source\PSoC5/I2C_1_SLAVE.c **** *  I2C_1_slStatus  - used to store current status of I2C slave.
 114:.\Generated_Source\PSoC5/I2C_1_SLAVE.c **** *
 115:.\Generated_Source\PSoC5/I2C_1_SLAVE.c **** * Reentrant:
 116:.\Generated_Source\PSoC5/I2C_1_SLAVE.c **** *  No
 117:.\Generated_Source\PSoC5/I2C_1_SLAVE.c **** *
 118:.\Generated_Source\PSoC5/I2C_1_SLAVE.c **** *******************************************************************************/
 119:.\Generated_Source\PSoC5/I2C_1_SLAVE.c **** uint8 I2C_1_SlaveClearWriteStatus(void) 
 120:.\Generated_Source\PSoC5/I2C_1_SLAVE.c **** {
 118              		.loc 1 120 0
 119              		.cfi_startproc
 120              		@ args = 0, pretend = 0, frame = 8
 121              		@ frame_needed = 1, uses_anonymous_args = 0
 122              		@ link register save eliminated.
 123 0000 80B4     		push	{r7}
 124              	.LCFI5:
 125              		.cfi_def_cfa_offset 4
 126              		.cfi_offset 7, -4
 127 0002 83B0     		sub	sp, sp, #12
 128              	.LCFI6:
 129              		.cfi_def_cfa_offset 16
 130 0004 00AF     		add	r7, sp, #0
 131              	.LCFI7:
 132              		.cfi_def_cfa_register 7
 121:.\Generated_Source\PSoC5/I2C_1_SLAVE.c ****     uint8 status;
 122:.\Generated_Source\PSoC5/I2C_1_SLAVE.c **** 
 123:.\Generated_Source\PSoC5/I2C_1_SLAVE.c ****     /* Mask of transfer complete flag and Error status */
 124:.\Generated_Source\PSoC5/I2C_1_SLAVE.c ****     status = (I2C_1_slStatus & I2C_1_SSTAT_WR_MASK);
 133              		.loc 1 124 0
 134 0006 40F20003 		movw	r3, #:lower16:I2C_1_slStatus
 135 000a C0F20003 		movt	r3, #:upper16:I2C_1_slStatus
 136 000e 1B78     		ldrb	r3, [r3, #0]
 137 0010 DBB2     		uxtb	r3, r3
 138 0012 23F00F03 		bic	r3, r3, #15
 139 0016 FB71     		strb	r3, [r7, #7]
 125:.\Generated_Source\PSoC5/I2C_1_SLAVE.c ****     I2C_1_slStatus &= ((uint8) ~I2C_1_SSTAT_WR_CLEAR);
 140              		.loc 1 125 0
 141 0018 40F20003 		movw	r3, #:lower16:I2C_1_slStatus
 142 001c C0F20003 		movt	r3, #:upper16:I2C_1_slStatus
 143 0020 1B78     		ldrb	r3, [r3, #0]
 144 0022 DBB2     		uxtb	r3, r3
 145 0024 03F02F03 		and	r3, r3, #47
 146 0028 DAB2     		uxtb	r2, r3
 147 002a 40F20003 		movw	r3, #:lower16:I2C_1_slStatus
 148 002e C0F20003 		movt	r3, #:upper16:I2C_1_slStatus
 149 0032 1A70     		strb	r2, [r3, #0]
 126:.\Generated_Source\PSoC5/I2C_1_SLAVE.c **** 
 127:.\Generated_Source\PSoC5/I2C_1_SLAVE.c ****     return(status);
 150              		.loc 1 127 0
 151 0034 FB79     		ldrb	r3, [r7, #7]	@ zero_extendqisi2
 128:.\Generated_Source\PSoC5/I2C_1_SLAVE.c **** }
 152              		.loc 1 128 0
 153 0036 1846     		mov	r0, r3
 154 0038 07F10C07 		add	r7, r7, #12
 155 003c BD46     		mov	sp, r7
 156 003e 80BC     		pop	{r7}
 157 0040 7047     		bx	lr
ARM GAS  C:\Users\Brian\AppData\Local\Temp\ccjvCNkx.s 			page 6


 158              		.cfi_endproc
 159              	.LFE2:
 160              		.size	I2C_1_SlaveClearWriteStatus, .-I2C_1_SlaveClearWriteStatus
 161 0042 00BF     		.section	.text.I2C_1_SlaveSetAddress,"ax",%progbits
 162              		.align	2
 163              		.global	I2C_1_SlaveSetAddress
 164              		.thumb
 165              		.thumb_func
 166              		.type	I2C_1_SlaveSetAddress, %function
 167              	I2C_1_SlaveSetAddress:
 168              	.LFB3:
 129:.\Generated_Source\PSoC5/I2C_1_SLAVE.c **** 
 130:.\Generated_Source\PSoC5/I2C_1_SLAVE.c **** 
 131:.\Generated_Source\PSoC5/I2C_1_SLAVE.c **** /*******************************************************************************
 132:.\Generated_Source\PSoC5/I2C_1_SLAVE.c **** * Function Name: I2C_1_SlaveSetAddress
 133:.\Generated_Source\PSoC5/I2C_1_SLAVE.c **** ********************************************************************************
 134:.\Generated_Source\PSoC5/I2C_1_SLAVE.c **** *
 135:.\Generated_Source\PSoC5/I2C_1_SLAVE.c **** * Summary:
 136:.\Generated_Source\PSoC5/I2C_1_SLAVE.c **** *  Sets the I2C slave address.
 137:.\Generated_Source\PSoC5/I2C_1_SLAVE.c **** *
 138:.\Generated_Source\PSoC5/I2C_1_SLAVE.c **** * Parameters:
 139:.\Generated_Source\PSoC5/I2C_1_SLAVE.c **** *  address: I2C slave address for the primary device. This value may be any
 140:.\Generated_Source\PSoC5/I2C_1_SLAVE.c **** *  address between 0 and 127.
 141:.\Generated_Source\PSoC5/I2C_1_SLAVE.c **** *
 142:.\Generated_Source\PSoC5/I2C_1_SLAVE.c **** * Return:
 143:.\Generated_Source\PSoC5/I2C_1_SLAVE.c **** *  None
 144:.\Generated_Source\PSoC5/I2C_1_SLAVE.c **** *
 145:.\Generated_Source\PSoC5/I2C_1_SLAVE.c **** * Global variables:
 146:.\Generated_Source\PSoC5/I2C_1_SLAVE.c **** *  I2C_1_Address  - used to store I2C slave address for the primary
 147:.\Generated_Source\PSoC5/I2C_1_SLAVE.c **** *  device when software address detect feature is used.
 148:.\Generated_Source\PSoC5/I2C_1_SLAVE.c **** *
 149:.\Generated_Source\PSoC5/I2C_1_SLAVE.c **** * Reentrant:
 150:.\Generated_Source\PSoC5/I2C_1_SLAVE.c **** *  No
 151:.\Generated_Source\PSoC5/I2C_1_SLAVE.c **** *
 152:.\Generated_Source\PSoC5/I2C_1_SLAVE.c **** *******************************************************************************/
 153:.\Generated_Source\PSoC5/I2C_1_SLAVE.c **** void I2C_1_SlaveSetAddress(uint8 address) 
 154:.\Generated_Source\PSoC5/I2C_1_SLAVE.c **** {
 169              		.loc 1 154 0
 170              		.cfi_startproc
 171              		@ args = 0, pretend = 0, frame = 8
 172              		@ frame_needed = 1, uses_anonymous_args = 0
 173              		@ link register save eliminated.
 174 0000 80B4     		push	{r7}
 175              	.LCFI8:
 176              		.cfi_def_cfa_offset 4
 177              		.cfi_offset 7, -4
 178 0002 83B0     		sub	sp, sp, #12
 179              	.LCFI9:
 180              		.cfi_def_cfa_offset 16
 181 0004 00AF     		add	r7, sp, #0
 182              	.LCFI10:
 183              		.cfi_def_cfa_register 7
 184 0006 0346     		mov	r3, r0
 185 0008 FB71     		strb	r3, [r7, #7]
 155:.\Generated_Source\PSoC5/I2C_1_SLAVE.c ****     #if(I2C_1_SW_ADRR_DECODE)
 156:.\Generated_Source\PSoC5/I2C_1_SLAVE.c ****         I2C_1_slAddress = (address & I2C_1_SLAVE_ADDR_MASK);
 157:.\Generated_Source\PSoC5/I2C_1_SLAVE.c ****     #else
ARM GAS  C:\Users\Brian\AppData\Local\Temp\ccjvCNkx.s 			page 7


 158:.\Generated_Source\PSoC5/I2C_1_SLAVE.c ****         I2C_1_ADDR_REG  = (address & I2C_1_SLAVE_ADDR_MASK);
 186              		.loc 1 158 0
 187 000a 44F6CA13 		movw	r3, #18890
 188 000e C4F20003 		movt	r3, 16384
 189 0012 FA79     		ldrb	r2, [r7, #7]
 190 0014 02F07F02 		and	r2, r2, #127
 191 0018 D2B2     		uxtb	r2, r2
 192 001a 1A70     		strb	r2, [r3, #0]
 159:.\Generated_Source\PSoC5/I2C_1_SLAVE.c ****     #endif /* (I2C_1_SW_ADRR_DECODE) */
 160:.\Generated_Source\PSoC5/I2C_1_SLAVE.c **** }
 193              		.loc 1 160 0
 194 001c 07F10C07 		add	r7, r7, #12
 195 0020 BD46     		mov	sp, r7
 196 0022 80BC     		pop	{r7}
 197 0024 7047     		bx	lr
 198              		.cfi_endproc
 199              	.LFE3:
 200              		.size	I2C_1_SlaveSetAddress, .-I2C_1_SlaveSetAddress
 201 0026 00BF     		.section	.text.I2C_1_SlaveInitReadBuf,"ax",%progbits
 202              		.align	2
 203              		.global	I2C_1_SlaveInitReadBuf
 204              		.thumb
 205              		.thumb_func
 206              		.type	I2C_1_SlaveInitReadBuf, %function
 207              	I2C_1_SlaveInitReadBuf:
 208              	.LFB4:
 161:.\Generated_Source\PSoC5/I2C_1_SLAVE.c **** 
 162:.\Generated_Source\PSoC5/I2C_1_SLAVE.c **** 
 163:.\Generated_Source\PSoC5/I2C_1_SLAVE.c **** /*******************************************************************************
 164:.\Generated_Source\PSoC5/I2C_1_SLAVE.c **** * Function Name: I2C_1_SlaveInitReadBuf
 165:.\Generated_Source\PSoC5/I2C_1_SLAVE.c **** ********************************************************************************
 166:.\Generated_Source\PSoC5/I2C_1_SLAVE.c **** *
 167:.\Generated_Source\PSoC5/I2C_1_SLAVE.c **** * Summary:
 168:.\Generated_Source\PSoC5/I2C_1_SLAVE.c **** *  Sets the buffer pointer and size of the read buffer. This function also
 169:.\Generated_Source\PSoC5/I2C_1_SLAVE.c **** *  resets the transfer count returned with the I2C_SlaveGetReadBufSize function.
 170:.\Generated_Source\PSoC5/I2C_1_SLAVE.c **** *
 171:.\Generated_Source\PSoC5/I2C_1_SLAVE.c **** * Parameters:
 172:.\Generated_Source\PSoC5/I2C_1_SLAVE.c **** *  readBuf:  Pointer to the data buffer to be read by the master.
 173:.\Generated_Source\PSoC5/I2C_1_SLAVE.c **** *  bufSize:  Size of the read buffer exposed to the I2C master.
 174:.\Generated_Source\PSoC5/I2C_1_SLAVE.c **** *
 175:.\Generated_Source\PSoC5/I2C_1_SLAVE.c **** * Return:
 176:.\Generated_Source\PSoC5/I2C_1_SLAVE.c **** *  None
 177:.\Generated_Source\PSoC5/I2C_1_SLAVE.c **** *
 178:.\Generated_Source\PSoC5/I2C_1_SLAVE.c **** * Global variables:
 179:.\Generated_Source\PSoC5/I2C_1_SLAVE.c **** *  I2C_1_slRdBufPtr   - used to store pointer to slave read buffer.
 180:.\Generated_Source\PSoC5/I2C_1_SLAVE.c **** *  I2C_1_slRdBufSize  - used to store salve read buffer size.
 181:.\Generated_Source\PSoC5/I2C_1_SLAVE.c **** *  I2C_1_slRdBufIndex - used to store current index within slave
 182:.\Generated_Source\PSoC5/I2C_1_SLAVE.c **** *  read buffer.
 183:.\Generated_Source\PSoC5/I2C_1_SLAVE.c **** *
 184:.\Generated_Source\PSoC5/I2C_1_SLAVE.c **** * Side Effects:
 185:.\Generated_Source\PSoC5/I2C_1_SLAVE.c **** *  If this function is called during a bus transaction, data from the previous
 186:.\Generated_Source\PSoC5/I2C_1_SLAVE.c **** *  buffer location and the beginning of current buffer may be transmitted.
 187:.\Generated_Source\PSoC5/I2C_1_SLAVE.c **** *
 188:.\Generated_Source\PSoC5/I2C_1_SLAVE.c **** * Reentrant:
 189:.\Generated_Source\PSoC5/I2C_1_SLAVE.c **** *  No
 190:.\Generated_Source\PSoC5/I2C_1_SLAVE.c **** *
 191:.\Generated_Source\PSoC5/I2C_1_SLAVE.c **** *******************************************************************************/
ARM GAS  C:\Users\Brian\AppData\Local\Temp\ccjvCNkx.s 			page 8


 192:.\Generated_Source\PSoC5/I2C_1_SLAVE.c **** void I2C_1_SlaveInitReadBuf(uint8 * rdBuf, uint8 bufSize)
 193:.\Generated_Source\PSoC5/I2C_1_SLAVE.c ****      
 194:.\Generated_Source\PSoC5/I2C_1_SLAVE.c **** {
 209              		.loc 1 194 0
 210              		.cfi_startproc
 211              		@ args = 0, pretend = 0, frame = 8
 212              		@ frame_needed = 1, uses_anonymous_args = 0
 213              		@ link register save eliminated.
 214 0000 80B4     		push	{r7}
 215              	.LCFI11:
 216              		.cfi_def_cfa_offset 4
 217              		.cfi_offset 7, -4
 218 0002 83B0     		sub	sp, sp, #12
 219              	.LCFI12:
 220              		.cfi_def_cfa_offset 16
 221 0004 00AF     		add	r7, sp, #0
 222              	.LCFI13:
 223              		.cfi_def_cfa_register 7
 224 0006 7860     		str	r0, [r7, #4]
 225 0008 0B46     		mov	r3, r1
 226 000a FB70     		strb	r3, [r7, #3]
 195:.\Generated_Source\PSoC5/I2C_1_SLAVE.c ****     /* Check for proper buffer */
 196:.\Generated_Source\PSoC5/I2C_1_SLAVE.c ****     if(NULL != rdBuf)
 227              		.loc 1 196 0
 228 000c 7B68     		ldr	r3, [r7, #4]
 229 000e 002B     		cmp	r3, #0
 230 0010 12D0     		beq	.L8
 197:.\Generated_Source\PSoC5/I2C_1_SLAVE.c ****     {
 198:.\Generated_Source\PSoC5/I2C_1_SLAVE.c ****         I2C_1_slRdBufPtr   = (volatile uint8 *) rdBuf;    /* Set buffer pointer */
 231              		.loc 1 198 0
 232 0012 40F20003 		movw	r3, #:lower16:I2C_1_slRdBufPtr
 233 0016 C0F20003 		movt	r3, #:upper16:I2C_1_slRdBufPtr
 234 001a 7A68     		ldr	r2, [r7, #4]
 235 001c 1A60     		str	r2, [r3, #0]
 199:.\Generated_Source\PSoC5/I2C_1_SLAVE.c ****         I2C_1_slRdBufSize  = bufSize;    /* Set buffer size */
 236              		.loc 1 199 0
 237 001e 40F20003 		movw	r3, #:lower16:I2C_1_slRdBufSize
 238 0022 C0F20003 		movt	r3, #:upper16:I2C_1_slRdBufSize
 239 0026 FA78     		ldrb	r2, [r7, #3]
 240 0028 1A70     		strb	r2, [r3, #0]
 200:.\Generated_Source\PSoC5/I2C_1_SLAVE.c ****         I2C_1_slRdBufIndex = 0u;         /* Clears buffer index */
 241              		.loc 1 200 0
 242 002a 40F20003 		movw	r3, #:lower16:I2C_1_slRdBufIndex
 243 002e C0F20003 		movt	r3, #:upper16:I2C_1_slRdBufIndex
 244 0032 4FF00002 		mov	r2, #0
 245 0036 1A70     		strb	r2, [r3, #0]
 246              	.L8:
 201:.\Generated_Source\PSoC5/I2C_1_SLAVE.c ****     }
 202:.\Generated_Source\PSoC5/I2C_1_SLAVE.c **** }
 247              		.loc 1 202 0
 248 0038 07F10C07 		add	r7, r7, #12
 249 003c BD46     		mov	sp, r7
 250 003e 80BC     		pop	{r7}
 251 0040 7047     		bx	lr
 252              		.cfi_endproc
 253              	.LFE4:
 254              		.size	I2C_1_SlaveInitReadBuf, .-I2C_1_SlaveInitReadBuf
ARM GAS  C:\Users\Brian\AppData\Local\Temp\ccjvCNkx.s 			page 9


 255 0042 00BF     		.section	.text.I2C_1_SlaveInitWriteBuf,"ax",%progbits
 256              		.align	2
 257              		.global	I2C_1_SlaveInitWriteBuf
 258              		.thumb
 259              		.thumb_func
 260              		.type	I2C_1_SlaveInitWriteBuf, %function
 261              	I2C_1_SlaveInitWriteBuf:
 262              	.LFB5:
 203:.\Generated_Source\PSoC5/I2C_1_SLAVE.c **** 
 204:.\Generated_Source\PSoC5/I2C_1_SLAVE.c **** 
 205:.\Generated_Source\PSoC5/I2C_1_SLAVE.c **** /*******************************************************************************
 206:.\Generated_Source\PSoC5/I2C_1_SLAVE.c **** * Function Name: I2C_1_SlaveInitWriteBuf
 207:.\Generated_Source\PSoC5/I2C_1_SLAVE.c **** ********************************************************************************
 208:.\Generated_Source\PSoC5/I2C_1_SLAVE.c **** *
 209:.\Generated_Source\PSoC5/I2C_1_SLAVE.c **** * Summary:
 210:.\Generated_Source\PSoC5/I2C_1_SLAVE.c **** *  Sets the buffer pointer and size of the read buffer. This function also
 211:.\Generated_Source\PSoC5/I2C_1_SLAVE.c **** *  resets the transfer count returned with the I2C_SlaveGetReadBufSize function.
 212:.\Generated_Source\PSoC5/I2C_1_SLAVE.c **** *
 213:.\Generated_Source\PSoC5/I2C_1_SLAVE.c **** * Parameters:
 214:.\Generated_Source\PSoC5/I2C_1_SLAVE.c **** *  writeBuf:  Pointer to the data buffer to be read by the master.
 215:.\Generated_Source\PSoC5/I2C_1_SLAVE.c **** *  bufSize:  Size of the buffer exposed to the I2C master.
 216:.\Generated_Source\PSoC5/I2C_1_SLAVE.c **** *
 217:.\Generated_Source\PSoC5/I2C_1_SLAVE.c **** * Return:
 218:.\Generated_Source\PSoC5/I2C_1_SLAVE.c **** *  None
 219:.\Generated_Source\PSoC5/I2C_1_SLAVE.c **** *
 220:.\Generated_Source\PSoC5/I2C_1_SLAVE.c **** * Global variables:
 221:.\Generated_Source\PSoC5/I2C_1_SLAVE.c **** *  I2C_1_slWrBufPtr   - used to store pointer to slave write buffer.
 222:.\Generated_Source\PSoC5/I2C_1_SLAVE.c **** *  I2C_1_slWrBufSize  - used to store salve write buffer size.
 223:.\Generated_Source\PSoC5/I2C_1_SLAVE.c **** *  I2C_1_slWrBufIndex - used to store current index within slave
 224:.\Generated_Source\PSoC5/I2C_1_SLAVE.c **** *  write buffer.
 225:.\Generated_Source\PSoC5/I2C_1_SLAVE.c **** *
 226:.\Generated_Source\PSoC5/I2C_1_SLAVE.c **** * Side Effects:
 227:.\Generated_Source\PSoC5/I2C_1_SLAVE.c **** *  If this function is called during a bus transaction, data from the previous
 228:.\Generated_Source\PSoC5/I2C_1_SLAVE.c **** *  buffer location and the beginning of current buffer may be transmitted.
 229:.\Generated_Source\PSoC5/I2C_1_SLAVE.c **** *
 230:.\Generated_Source\PSoC5/I2C_1_SLAVE.c **** * Reentrant:
 231:.\Generated_Source\PSoC5/I2C_1_SLAVE.c **** *  No
 232:.\Generated_Source\PSoC5/I2C_1_SLAVE.c **** *
 233:.\Generated_Source\PSoC5/I2C_1_SLAVE.c **** *******************************************************************************/
 234:.\Generated_Source\PSoC5/I2C_1_SLAVE.c **** void I2C_1_SlaveInitWriteBuf(uint8 * wrBuf, uint8 bufSize)
 235:.\Generated_Source\PSoC5/I2C_1_SLAVE.c ****      
 236:.\Generated_Source\PSoC5/I2C_1_SLAVE.c **** {
 263              		.loc 1 236 0
 264              		.cfi_startproc
 265              		@ args = 0, pretend = 0, frame = 8
 266              		@ frame_needed = 1, uses_anonymous_args = 0
 267              		@ link register save eliminated.
 268 0000 80B4     		push	{r7}
 269              	.LCFI14:
 270              		.cfi_def_cfa_offset 4
 271              		.cfi_offset 7, -4
 272 0002 83B0     		sub	sp, sp, #12
 273              	.LCFI15:
 274              		.cfi_def_cfa_offset 16
 275 0004 00AF     		add	r7, sp, #0
 276              	.LCFI16:
 277              		.cfi_def_cfa_register 7
ARM GAS  C:\Users\Brian\AppData\Local\Temp\ccjvCNkx.s 			page 10


 278 0006 7860     		str	r0, [r7, #4]
 279 0008 0B46     		mov	r3, r1
 280 000a FB70     		strb	r3, [r7, #3]
 237:.\Generated_Source\PSoC5/I2C_1_SLAVE.c ****     /* Check for proper buffer */
 238:.\Generated_Source\PSoC5/I2C_1_SLAVE.c ****     if(NULL != wrBuf)
 281              		.loc 1 238 0
 282 000c 7B68     		ldr	r3, [r7, #4]
 283 000e 002B     		cmp	r3, #0
 284 0010 12D0     		beq	.L10
 239:.\Generated_Source\PSoC5/I2C_1_SLAVE.c ****     {
 240:.\Generated_Source\PSoC5/I2C_1_SLAVE.c ****         I2C_1_slWrBufPtr   = (volatile uint8 *) wrBuf;  /* Set buffer pointer */
 285              		.loc 1 240 0
 286 0012 40F20003 		movw	r3, #:lower16:I2C_1_slWrBufPtr
 287 0016 C0F20003 		movt	r3, #:upper16:I2C_1_slWrBufPtr
 288 001a 7A68     		ldr	r2, [r7, #4]
 289 001c 1A60     		str	r2, [r3, #0]
 241:.\Generated_Source\PSoC5/I2C_1_SLAVE.c ****         I2C_1_slWrBufSize  = bufSize;   /* Set buffer size */
 290              		.loc 1 241 0
 291 001e 40F20003 		movw	r3, #:lower16:I2C_1_slWrBufSize
 292 0022 C0F20003 		movt	r3, #:upper16:I2C_1_slWrBufSize
 293 0026 FA78     		ldrb	r2, [r7, #3]
 294 0028 1A70     		strb	r2, [r3, #0]
 242:.\Generated_Source\PSoC5/I2C_1_SLAVE.c ****         I2C_1_slWrBufIndex = 0u;        /* Clears buffer index */
 295              		.loc 1 242 0
 296 002a 40F20003 		movw	r3, #:lower16:I2C_1_slWrBufIndex
 297 002e C0F20003 		movt	r3, #:upper16:I2C_1_slWrBufIndex
 298 0032 4FF00002 		mov	r2, #0
 299 0036 1A70     		strb	r2, [r3, #0]
 300              	.L10:
 243:.\Generated_Source\PSoC5/I2C_1_SLAVE.c ****     }
 244:.\Generated_Source\PSoC5/I2C_1_SLAVE.c **** }
 301              		.loc 1 244 0
 302 0038 07F10C07 		add	r7, r7, #12
 303 003c BD46     		mov	sp, r7
 304 003e 80BC     		pop	{r7}
 305 0040 7047     		bx	lr
 306              		.cfi_endproc
 307              	.LFE5:
 308              		.size	I2C_1_SlaveInitWriteBuf, .-I2C_1_SlaveInitWriteBuf
 309 0042 00BF     		.section	.text.I2C_1_SlaveGetReadBufSize,"ax",%progbits
 310              		.align	2
 311              		.global	I2C_1_SlaveGetReadBufSize
 312              		.thumb
 313              		.thumb_func
 314              		.type	I2C_1_SlaveGetReadBufSize, %function
 315              	I2C_1_SlaveGetReadBufSize:
 316              	.LFB6:
 245:.\Generated_Source\PSoC5/I2C_1_SLAVE.c **** 
 246:.\Generated_Source\PSoC5/I2C_1_SLAVE.c **** 
 247:.\Generated_Source\PSoC5/I2C_1_SLAVE.c **** /*******************************************************************************
 248:.\Generated_Source\PSoC5/I2C_1_SLAVE.c **** * Function Name: I2C_1_SlaveGetReadBufSize
 249:.\Generated_Source\PSoC5/I2C_1_SLAVE.c **** ********************************************************************************
 250:.\Generated_Source\PSoC5/I2C_1_SLAVE.c **** *
 251:.\Generated_Source\PSoC5/I2C_1_SLAVE.c **** * Summary:
 252:.\Generated_Source\PSoC5/I2C_1_SLAVE.c **** *  Returns the number of bytes read by the I2C master since an
 253:.\Generated_Source\PSoC5/I2C_1_SLAVE.c **** *  I2C_SlaveInitReadBuf or I2C_SlaveClearReadBuf function was executed.
 254:.\Generated_Source\PSoC5/I2C_1_SLAVE.c **** *  The maximum return value will be the size of the read buffer.
ARM GAS  C:\Users\Brian\AppData\Local\Temp\ccjvCNkx.s 			page 11


 255:.\Generated_Source\PSoC5/I2C_1_SLAVE.c **** *
 256:.\Generated_Source\PSoC5/I2C_1_SLAVE.c **** * Parameters:
 257:.\Generated_Source\PSoC5/I2C_1_SLAVE.c **** *  None
 258:.\Generated_Source\PSoC5/I2C_1_SLAVE.c **** *
 259:.\Generated_Source\PSoC5/I2C_1_SLAVE.c **** * Return:
 260:.\Generated_Source\PSoC5/I2C_1_SLAVE.c **** *  Bytes read by master.
 261:.\Generated_Source\PSoC5/I2C_1_SLAVE.c **** *
 262:.\Generated_Source\PSoC5/I2C_1_SLAVE.c **** * Global variables:
 263:.\Generated_Source\PSoC5/I2C_1_SLAVE.c **** *  I2C_1_slRdBufIndex - used to store current index within slave
 264:.\Generated_Source\PSoC5/I2C_1_SLAVE.c **** *  read buffer.
 265:.\Generated_Source\PSoC5/I2C_1_SLAVE.c **** *
 266:.\Generated_Source\PSoC5/I2C_1_SLAVE.c **** *******************************************************************************/
 267:.\Generated_Source\PSoC5/I2C_1_SLAVE.c **** uint8 I2C_1_SlaveGetReadBufSize(void) 
 268:.\Generated_Source\PSoC5/I2C_1_SLAVE.c **** {
 317              		.loc 1 268 0
 318              		.cfi_startproc
 319              		@ args = 0, pretend = 0, frame = 0
 320              		@ frame_needed = 1, uses_anonymous_args = 0
 321              		@ link register save eliminated.
 322 0000 80B4     		push	{r7}
 323              	.LCFI17:
 324              		.cfi_def_cfa_offset 4
 325              		.cfi_offset 7, -4
 326 0002 00AF     		add	r7, sp, #0
 327              	.LCFI18:
 328              		.cfi_def_cfa_register 7
 269:.\Generated_Source\PSoC5/I2C_1_SLAVE.c ****     return(I2C_1_slRdBufIndex);
 329              		.loc 1 269 0
 330 0004 40F20003 		movw	r3, #:lower16:I2C_1_slRdBufIndex
 331 0008 C0F20003 		movt	r3, #:upper16:I2C_1_slRdBufIndex
 332 000c 1B78     		ldrb	r3, [r3, #0]
 333 000e DBB2     		uxtb	r3, r3
 270:.\Generated_Source\PSoC5/I2C_1_SLAVE.c **** }
 334              		.loc 1 270 0
 335 0010 1846     		mov	r0, r3
 336 0012 BD46     		mov	sp, r7
 337 0014 80BC     		pop	{r7}
 338 0016 7047     		bx	lr
 339              		.cfi_endproc
 340              	.LFE6:
 341              		.size	I2C_1_SlaveGetReadBufSize, .-I2C_1_SlaveGetReadBufSize
 342              		.section	.text.I2C_1_SlaveGetWriteBufSize,"ax",%progbits
 343              		.align	2
 344              		.global	I2C_1_SlaveGetWriteBufSize
 345              		.thumb
 346              		.thumb_func
 347              		.type	I2C_1_SlaveGetWriteBufSize, %function
 348              	I2C_1_SlaveGetWriteBufSize:
 349              	.LFB7:
 271:.\Generated_Source\PSoC5/I2C_1_SLAVE.c **** 
 272:.\Generated_Source\PSoC5/I2C_1_SLAVE.c **** 
 273:.\Generated_Source\PSoC5/I2C_1_SLAVE.c **** /*******************************************************************************
 274:.\Generated_Source\PSoC5/I2C_1_SLAVE.c **** * Function Name: I2C_1_SlaveGetWriteBufSize
 275:.\Generated_Source\PSoC5/I2C_1_SLAVE.c **** ********************************************************************************
 276:.\Generated_Source\PSoC5/I2C_1_SLAVE.c **** *
 277:.\Generated_Source\PSoC5/I2C_1_SLAVE.c **** * Summary:
 278:.\Generated_Source\PSoC5/I2C_1_SLAVE.c **** *  Returns the number of bytes written by the I2C master since an
ARM GAS  C:\Users\Brian\AppData\Local\Temp\ccjvCNkx.s 			page 12


 279:.\Generated_Source\PSoC5/I2C_1_SLAVE.c **** *  I2C_SlaveInitWriteBuf or I2C_SlaveClearWriteBuf function was executed.
 280:.\Generated_Source\PSoC5/I2C_1_SLAVE.c **** *  The maximum return value will be the size of the write buffer.
 281:.\Generated_Source\PSoC5/I2C_1_SLAVE.c **** *
 282:.\Generated_Source\PSoC5/I2C_1_SLAVE.c **** * Parameters:
 283:.\Generated_Source\PSoC5/I2C_1_SLAVE.c **** *  None
 284:.\Generated_Source\PSoC5/I2C_1_SLAVE.c **** *
 285:.\Generated_Source\PSoC5/I2C_1_SLAVE.c **** * Return:
 286:.\Generated_Source\PSoC5/I2C_1_SLAVE.c **** *  Bytes written by master.
 287:.\Generated_Source\PSoC5/I2C_1_SLAVE.c **** *
 288:.\Generated_Source\PSoC5/I2C_1_SLAVE.c **** * Global variables:
 289:.\Generated_Source\PSoC5/I2C_1_SLAVE.c **** *  I2C_1_slWrBufIndex - used to store current index within slave
 290:.\Generated_Source\PSoC5/I2C_1_SLAVE.c **** *  write buffer.
 291:.\Generated_Source\PSoC5/I2C_1_SLAVE.c **** *
 292:.\Generated_Source\PSoC5/I2C_1_SLAVE.c **** *******************************************************************************/
 293:.\Generated_Source\PSoC5/I2C_1_SLAVE.c **** uint8 I2C_1_SlaveGetWriteBufSize(void) 
 294:.\Generated_Source\PSoC5/I2C_1_SLAVE.c **** {
 350              		.loc 1 294 0
 351              		.cfi_startproc
 352              		@ args = 0, pretend = 0, frame = 0
 353              		@ frame_needed = 1, uses_anonymous_args = 0
 354              		@ link register save eliminated.
 355 0000 80B4     		push	{r7}
 356              	.LCFI19:
 357              		.cfi_def_cfa_offset 4
 358              		.cfi_offset 7, -4
 359 0002 00AF     		add	r7, sp, #0
 360              	.LCFI20:
 361              		.cfi_def_cfa_register 7
 295:.\Generated_Source\PSoC5/I2C_1_SLAVE.c ****     return(I2C_1_slWrBufIndex);
 362              		.loc 1 295 0
 363 0004 40F20003 		movw	r3, #:lower16:I2C_1_slWrBufIndex
 364 0008 C0F20003 		movt	r3, #:upper16:I2C_1_slWrBufIndex
 365 000c 1B78     		ldrb	r3, [r3, #0]
 366 000e DBB2     		uxtb	r3, r3
 296:.\Generated_Source\PSoC5/I2C_1_SLAVE.c **** }
 367              		.loc 1 296 0
 368 0010 1846     		mov	r0, r3
 369 0012 BD46     		mov	sp, r7
 370 0014 80BC     		pop	{r7}
 371 0016 7047     		bx	lr
 372              		.cfi_endproc
 373              	.LFE7:
 374              		.size	I2C_1_SlaveGetWriteBufSize, .-I2C_1_SlaveGetWriteBufSize
 375              		.section	.text.I2C_1_SlaveClearReadBuf,"ax",%progbits
 376              		.align	2
 377              		.global	I2C_1_SlaveClearReadBuf
 378              		.thumb
 379              		.thumb_func
 380              		.type	I2C_1_SlaveClearReadBuf, %function
 381              	I2C_1_SlaveClearReadBuf:
 382              	.LFB8:
 297:.\Generated_Source\PSoC5/I2C_1_SLAVE.c **** 
 298:.\Generated_Source\PSoC5/I2C_1_SLAVE.c **** 
 299:.\Generated_Source\PSoC5/I2C_1_SLAVE.c **** /*******************************************************************************
 300:.\Generated_Source\PSoC5/I2C_1_SLAVE.c **** * Function Name: I2C_1_SlaveClearReadBuf
 301:.\Generated_Source\PSoC5/I2C_1_SLAVE.c **** ********************************************************************************
 302:.\Generated_Source\PSoC5/I2C_1_SLAVE.c **** *
ARM GAS  C:\Users\Brian\AppData\Local\Temp\ccjvCNkx.s 			page 13


 303:.\Generated_Source\PSoC5/I2C_1_SLAVE.c **** * Summary:
 304:.\Generated_Source\PSoC5/I2C_1_SLAVE.c **** *  Resets the read pointer to the first byte in the read buffer. The next byte
 305:.\Generated_Source\PSoC5/I2C_1_SLAVE.c **** *  read by the master will be the first byte in the read buffer.
 306:.\Generated_Source\PSoC5/I2C_1_SLAVE.c **** *
 307:.\Generated_Source\PSoC5/I2C_1_SLAVE.c **** * Parameters:
 308:.\Generated_Source\PSoC5/I2C_1_SLAVE.c **** *  None
 309:.\Generated_Source\PSoC5/I2C_1_SLAVE.c **** *
 310:.\Generated_Source\PSoC5/I2C_1_SLAVE.c **** * Return:
 311:.\Generated_Source\PSoC5/I2C_1_SLAVE.c **** *  None
 312:.\Generated_Source\PSoC5/I2C_1_SLAVE.c **** *
 313:.\Generated_Source\PSoC5/I2C_1_SLAVE.c **** * Global variables:
 314:.\Generated_Source\PSoC5/I2C_1_SLAVE.c **** *  I2C_1_slRdBufIndex - used to store current index within slave
 315:.\Generated_Source\PSoC5/I2C_1_SLAVE.c **** *  read buffer.
 316:.\Generated_Source\PSoC5/I2C_1_SLAVE.c **** *
 317:.\Generated_Source\PSoC5/I2C_1_SLAVE.c **** * Reentrant:
 318:.\Generated_Source\PSoC5/I2C_1_SLAVE.c **** *  No
 319:.\Generated_Source\PSoC5/I2C_1_SLAVE.c **** *
 320:.\Generated_Source\PSoC5/I2C_1_SLAVE.c **** *******************************************************************************/
 321:.\Generated_Source\PSoC5/I2C_1_SLAVE.c **** void I2C_1_SlaveClearReadBuf(void) 
 322:.\Generated_Source\PSoC5/I2C_1_SLAVE.c **** {
 383              		.loc 1 322 0
 384              		.cfi_startproc
 385              		@ args = 0, pretend = 0, frame = 0
 386              		@ frame_needed = 1, uses_anonymous_args = 0
 387              		@ link register save eliminated.
 388 0000 80B4     		push	{r7}
 389              	.LCFI21:
 390              		.cfi_def_cfa_offset 4
 391              		.cfi_offset 7, -4
 392 0002 00AF     		add	r7, sp, #0
 393              	.LCFI22:
 394              		.cfi_def_cfa_register 7
 323:.\Generated_Source\PSoC5/I2C_1_SLAVE.c ****     I2C_1_slRdBufIndex = 0u;
 395              		.loc 1 323 0
 396 0004 40F20003 		movw	r3, #:lower16:I2C_1_slRdBufIndex
 397 0008 C0F20003 		movt	r3, #:upper16:I2C_1_slRdBufIndex
 398 000c 4FF00002 		mov	r2, #0
 399 0010 1A70     		strb	r2, [r3, #0]
 324:.\Generated_Source\PSoC5/I2C_1_SLAVE.c **** }
 400              		.loc 1 324 0
 401 0012 BD46     		mov	sp, r7
 402 0014 80BC     		pop	{r7}
 403 0016 7047     		bx	lr
 404              		.cfi_endproc
 405              	.LFE8:
 406              		.size	I2C_1_SlaveClearReadBuf, .-I2C_1_SlaveClearReadBuf
 407              		.section	.text.I2C_1_SlaveClearWriteBuf,"ax",%progbits
 408              		.align	2
 409              		.global	I2C_1_SlaveClearWriteBuf
 410              		.thumb
 411              		.thumb_func
 412              		.type	I2C_1_SlaveClearWriteBuf, %function
 413              	I2C_1_SlaveClearWriteBuf:
 414              	.LFB9:
 325:.\Generated_Source\PSoC5/I2C_1_SLAVE.c **** 
 326:.\Generated_Source\PSoC5/I2C_1_SLAVE.c **** 
 327:.\Generated_Source\PSoC5/I2C_1_SLAVE.c **** /*******************************************************************************
ARM GAS  C:\Users\Brian\AppData\Local\Temp\ccjvCNkx.s 			page 14


 328:.\Generated_Source\PSoC5/I2C_1_SLAVE.c **** * Function Name: I2C_1_SlaveClearRxBuf
 329:.\Generated_Source\PSoC5/I2C_1_SLAVE.c **** ********************************************************************************
 330:.\Generated_Source\PSoC5/I2C_1_SLAVE.c **** *
 331:.\Generated_Source\PSoC5/I2C_1_SLAVE.c **** * Summary:
 332:.\Generated_Source\PSoC5/I2C_1_SLAVE.c **** *  Resets the write pointer to the first byte in the write buffer. The next byte
 333:.\Generated_Source\PSoC5/I2C_1_SLAVE.c **** *  written by the master will be the first byte in the write buffer.
 334:.\Generated_Source\PSoC5/I2C_1_SLAVE.c **** *
 335:.\Generated_Source\PSoC5/I2C_1_SLAVE.c **** * Parameters:
 336:.\Generated_Source\PSoC5/I2C_1_SLAVE.c **** *  None
 337:.\Generated_Source\PSoC5/I2C_1_SLAVE.c **** *
 338:.\Generated_Source\PSoC5/I2C_1_SLAVE.c **** * Return:
 339:.\Generated_Source\PSoC5/I2C_1_SLAVE.c **** *  None
 340:.\Generated_Source\PSoC5/I2C_1_SLAVE.c **** *
 341:.\Generated_Source\PSoC5/I2C_1_SLAVE.c **** * Global variables:
 342:.\Generated_Source\PSoC5/I2C_1_SLAVE.c **** *  I2C_1_slWrBufIndex - used to store current index within slave
 343:.\Generated_Source\PSoC5/I2C_1_SLAVE.c **** *  write buffer.
 344:.\Generated_Source\PSoC5/I2C_1_SLAVE.c **** *
 345:.\Generated_Source\PSoC5/I2C_1_SLAVE.c **** * Reentrant:
 346:.\Generated_Source\PSoC5/I2C_1_SLAVE.c **** *  No
 347:.\Generated_Source\PSoC5/I2C_1_SLAVE.c **** *
 348:.\Generated_Source\PSoC5/I2C_1_SLAVE.c **** *******************************************************************************/
 349:.\Generated_Source\PSoC5/I2C_1_SLAVE.c **** void I2C_1_SlaveClearWriteBuf(void) 
 350:.\Generated_Source\PSoC5/I2C_1_SLAVE.c **** {
 415              		.loc 1 350 0
 416              		.cfi_startproc
 417              		@ args = 0, pretend = 0, frame = 0
 418              		@ frame_needed = 1, uses_anonymous_args = 0
 419              		@ link register save eliminated.
 420 0000 80B4     		push	{r7}
 421              	.LCFI23:
 422              		.cfi_def_cfa_offset 4
 423              		.cfi_offset 7, -4
 424 0002 00AF     		add	r7, sp, #0
 425              	.LCFI24:
 426              		.cfi_def_cfa_register 7
 351:.\Generated_Source\PSoC5/I2C_1_SLAVE.c ****     I2C_1_slWrBufIndex = 0u;
 427              		.loc 1 351 0
 428 0004 40F20003 		movw	r3, #:lower16:I2C_1_slWrBufIndex
 429 0008 C0F20003 		movt	r3, #:upper16:I2C_1_slWrBufIndex
 430 000c 4FF00002 		mov	r2, #0
 431 0010 1A70     		strb	r2, [r3, #0]
 352:.\Generated_Source\PSoC5/I2C_1_SLAVE.c **** }
 432              		.loc 1 352 0
 433 0012 BD46     		mov	sp, r7
 434 0014 80BC     		pop	{r7}
 435 0016 7047     		bx	lr
 436              		.cfi_endproc
 437              	.LFE9:
 438              		.size	I2C_1_SlaveClearWriteBuf, .-I2C_1_SlaveClearWriteBuf
 439              		.text
 440              	.Letext0:
 441              		.file 2 ".\\Generated_Source\\PSoC5\\cytypes.h"
 442              		.section	.debug_info,"",%progbits
 443              	.Ldebug_info0:
 444 0000 9C020000 		.4byte	0x29c
 445 0004 0200     		.2byte	0x2
 446 0006 00000000 		.4byte	.Ldebug_abbrev0
ARM GAS  C:\Users\Brian\AppData\Local\Temp\ccjvCNkx.s 			page 15


 447 000a 04       		.byte	0x4
 448 000b 01       		.uleb128 0x1
 449 000c 76020000 		.4byte	.LASF37
 450 0010 01       		.byte	0x1
 451 0011 19010000 		.4byte	.LASF38
 452 0015 56000000 		.4byte	.LASF39
 453 0019 00000000 		.4byte	.Ldebug_ranges0+0
 454 001d 00000000 		.4byte	0
 455 0021 00000000 		.4byte	0
 456 0025 00000000 		.4byte	.Ldebug_line0
 457 0029 02       		.uleb128 0x2
 458 002a 01       		.byte	0x1
 459 002b 06       		.byte	0x6
 460 002c D7020000 		.4byte	.LASF0
 461 0030 02       		.uleb128 0x2
 462 0031 01       		.byte	0x1
 463 0032 08       		.byte	0x8
 464 0033 40010000 		.4byte	.LASF1
 465 0037 02       		.uleb128 0x2
 466 0038 02       		.byte	0x2
 467 0039 05       		.byte	0x5
 468 003a 5E020000 		.4byte	.LASF2
 469 003e 02       		.uleb128 0x2
 470 003f 02       		.byte	0x2
 471 0040 07       		.byte	0x7
 472 0041 43000000 		.4byte	.LASF3
 473 0045 02       		.uleb128 0x2
 474 0046 04       		.byte	0x4
 475 0047 05       		.byte	0x5
 476 0048 3A000000 		.4byte	.LASF4
 477 004c 02       		.uleb128 0x2
 478 004d 04       		.byte	0x4
 479 004e 07       		.byte	0x7
 480 004f 53010000 		.4byte	.LASF5
 481 0053 02       		.uleb128 0x2
 482 0054 08       		.byte	0x8
 483 0055 05       		.byte	0x5
 484 0056 22020000 		.4byte	.LASF6
 485 005a 02       		.uleb128 0x2
 486 005b 08       		.byte	0x8
 487 005c 07       		.byte	0x7
 488 005d 02020000 		.4byte	.LASF7
 489 0061 03       		.uleb128 0x3
 490 0062 04       		.byte	0x4
 491 0063 05       		.byte	0x5
 492 0064 696E7400 		.ascii	"int\000"
 493 0068 02       		.uleb128 0x2
 494 0069 04       		.byte	0x4
 495 006a 07       		.byte	0x7
 496 006b ED010000 		.4byte	.LASF8
 497 006f 04       		.uleb128 0x4
 498 0070 70020000 		.4byte	.LASF12
 499 0074 02       		.byte	0x2
 500 0075 5B       		.byte	0x5b
 501 0076 30000000 		.4byte	0x30
 502 007a 02       		.uleb128 0x2
 503 007b 04       		.byte	0x4
ARM GAS  C:\Users\Brian\AppData\Local\Temp\ccjvCNkx.s 			page 16


 504 007c 04       		.byte	0x4
 505 007d 13010000 		.4byte	.LASF9
 506 0081 02       		.uleb128 0x2
 507 0082 08       		.byte	0x8
 508 0083 04       		.byte	0x4
 509 0084 C2010000 		.4byte	.LASF10
 510 0088 02       		.uleb128 0x2
 511 0089 01       		.byte	0x1
 512 008a 08       		.byte	0x8
 513 008b D2020000 		.4byte	.LASF11
 514 008f 04       		.uleb128 0x4
 515 0090 4E010000 		.4byte	.LASF13
 516 0094 02       		.byte	0x2
 517 0095 F0       		.byte	0xf0
 518 0096 9A000000 		.4byte	0x9a
 519 009a 05       		.uleb128 0x5
 520 009b 6F000000 		.4byte	0x6f
 521 009f 02       		.uleb128 0x2
 522 00a0 04       		.byte	0x4
 523 00a1 07       		.byte	0x7
 524 00a2 19020000 		.4byte	.LASF14
 525 00a6 06       		.uleb128 0x6
 526 00a7 01       		.byte	0x1
 527 00a8 80010000 		.4byte	.LASF25
 528 00ac 01       		.byte	0x1
 529 00ad 3B       		.byte	0x3b
 530 00ae 01       		.byte	0x1
 531 00af 6F000000 		.4byte	0x6f
 532 00b3 00000000 		.4byte	.LFB0
 533 00b7 18000000 		.4byte	.LFE0
 534 00bb 00000000 		.4byte	.LLST0
 535 00bf 01       		.byte	0x1
 536 00c0 07       		.uleb128 0x7
 537 00c1 01       		.byte	0x1
 538 00c2 65010000 		.4byte	.LASF15
 539 00c6 01       		.byte	0x1
 540 00c7 56       		.byte	0x56
 541 00c8 01       		.byte	0x1
 542 00c9 6F000000 		.4byte	0x6f
 543 00cd 00000000 		.4byte	.LFB1
 544 00d1 42000000 		.4byte	.LFE1
 545 00d5 2C000000 		.4byte	.LLST1
 546 00d9 01       		.byte	0x1
 547 00da ED000000 		.4byte	0xed
 548 00de 08       		.uleb128 0x8
 549 00df BE000000 		.4byte	.LASF17
 550 00e3 01       		.byte	0x1
 551 00e4 58       		.byte	0x58
 552 00e5 6F000000 		.4byte	0x6f
 553 00e9 02       		.byte	0x2
 554 00ea 91       		.byte	0x91
 555 00eb 77       		.sleb128 -9
 556 00ec 00       		.byte	0
 557 00ed 07       		.uleb128 0x7
 558 00ee 01       		.byte	0x1
 559 00ef C5000000 		.4byte	.LASF16
 560 00f3 01       		.byte	0x1
ARM GAS  C:\Users\Brian\AppData\Local\Temp\ccjvCNkx.s 			page 17


 561 00f4 77       		.byte	0x77
 562 00f5 01       		.byte	0x1
 563 00f6 6F000000 		.4byte	0x6f
 564 00fa 00000000 		.4byte	.LFB2
 565 00fe 42000000 		.4byte	.LFE2
 566 0102 64000000 		.4byte	.LLST2
 567 0106 01       		.byte	0x1
 568 0107 1A010000 		.4byte	0x11a
 569 010b 08       		.uleb128 0x8
 570 010c BE000000 		.4byte	.LASF17
 571 0110 01       		.byte	0x1
 572 0111 79       		.byte	0x79
 573 0112 6F000000 		.4byte	0x6f
 574 0116 02       		.byte	0x2
 575 0117 91       		.byte	0x91
 576 0118 77       		.sleb128 -9
 577 0119 00       		.byte	0
 578 011a 09       		.uleb128 0x9
 579 011b 01       		.byte	0x1
 580 011c 48020000 		.4byte	.LASF18
 581 0120 01       		.byte	0x1
 582 0121 99       		.byte	0x99
 583 0122 01       		.byte	0x1
 584 0123 00000000 		.4byte	.LFB3
 585 0127 26000000 		.4byte	.LFE3
 586 012b 9C000000 		.4byte	.LLST3
 587 012f 01       		.byte	0x1
 588 0130 43010000 		.4byte	0x143
 589 0134 0A       		.uleb128 0xa
 590 0135 FA010000 		.4byte	.LASF20
 591 0139 01       		.byte	0x1
 592 013a 99       		.byte	0x99
 593 013b 6F000000 		.4byte	0x6f
 594 013f 02       		.byte	0x2
 595 0140 91       		.byte	0x91
 596 0141 77       		.sleb128 -9
 597 0142 00       		.byte	0
 598 0143 09       		.uleb128 0x9
 599 0144 01       		.byte	0x1
 600 0145 E3020000 		.4byte	.LASF19
 601 0149 01       		.byte	0x1
 602 014a C0       		.byte	0xc0
 603 014b 01       		.byte	0x1
 604 014c 00000000 		.4byte	.LFB4
 605 0150 42000000 		.4byte	.LFE4
 606 0154 D4000000 		.4byte	.LLST4
 607 0158 01       		.byte	0x1
 608 0159 7A010000 		.4byte	0x17a
 609 015d 0A       		.uleb128 0xa
 610 015e E1000000 		.4byte	.LASF21
 611 0162 01       		.byte	0x1
 612 0163 C0       		.byte	0xc0
 613 0164 7A010000 		.4byte	0x17a
 614 0168 02       		.byte	0x2
 615 0169 91       		.byte	0x91
 616 016a 74       		.sleb128 -12
 617 016b 0A       		.uleb128 0xa
ARM GAS  C:\Users\Brian\AppData\Local\Temp\ccjvCNkx.s 			page 18


 618 016c 68020000 		.4byte	.LASF22
 619 0170 01       		.byte	0x1
 620 0171 C0       		.byte	0xc0
 621 0172 6F000000 		.4byte	0x6f
 622 0176 02       		.byte	0x2
 623 0177 91       		.byte	0x91
 624 0178 73       		.sleb128 -13
 625 0179 00       		.byte	0
 626 017a 0B       		.uleb128 0xb
 627 017b 04       		.byte	0x4
 628 017c 6F000000 		.4byte	0x6f
 629 0180 09       		.uleb128 0x9
 630 0181 01       		.byte	0x1
 631 0182 92010000 		.4byte	.LASF23
 632 0186 01       		.byte	0x1
 633 0187 EA       		.byte	0xea
 634 0188 01       		.byte	0x1
 635 0189 00000000 		.4byte	.LFB5
 636 018d 42000000 		.4byte	.LFE5
 637 0191 0C010000 		.4byte	.LLST5
 638 0195 01       		.byte	0x1
 639 0196 B7010000 		.4byte	0x1b7
 640 019a 0A       		.uleb128 0xa
 641 019b AA010000 		.4byte	.LASF24
 642 019f 01       		.byte	0x1
 643 01a0 EA       		.byte	0xea
 644 01a1 7A010000 		.4byte	0x17a
 645 01a5 02       		.byte	0x2
 646 01a6 91       		.byte	0x91
 647 01a7 74       		.sleb128 -12
 648 01a8 0A       		.uleb128 0xa
 649 01a9 68020000 		.4byte	.LASF22
 650 01ad 01       		.byte	0x1
 651 01ae EA       		.byte	0xea
 652 01af 6F000000 		.4byte	0x6f
 653 01b3 02       		.byte	0x2
 654 01b4 91       		.byte	0x91
 655 01b5 73       		.sleb128 -13
 656 01b6 00       		.byte	0
 657 01b7 0C       		.uleb128 0xc
 658 01b8 01       		.byte	0x1
 659 01b9 A4000000 		.4byte	.LASF26
 660 01bd 01       		.byte	0x1
 661 01be 0B01     		.2byte	0x10b
 662 01c0 01       		.byte	0x1
 663 01c1 6F000000 		.4byte	0x6f
 664 01c5 00000000 		.4byte	.LFB6
 665 01c9 18000000 		.4byte	.LFE6
 666 01cd 44010000 		.4byte	.LLST6
 667 01d1 01       		.byte	0x1
 668 01d2 0C       		.uleb128 0xc
 669 01d3 01       		.byte	0x1
 670 01d4 E7000000 		.4byte	.LASF27
 671 01d8 01       		.byte	0x1
 672 01d9 2501     		.2byte	0x125
 673 01db 01       		.byte	0x1
 674 01dc 6F000000 		.4byte	0x6f
ARM GAS  C:\Users\Brian\AppData\Local\Temp\ccjvCNkx.s 			page 19


 675 01e0 00000000 		.4byte	.LFB7
 676 01e4 18000000 		.4byte	.LFE7
 677 01e8 70010000 		.4byte	.LLST7
 678 01ec 01       		.byte	0x1
 679 01ed 0D       		.uleb128 0xd
 680 01ee 01       		.byte	0x1
 681 01ef 30020000 		.4byte	.LASF28
 682 01f3 01       		.byte	0x1
 683 01f4 4101     		.2byte	0x141
 684 01f6 01       		.byte	0x1
 685 01f7 00000000 		.4byte	.LFB8
 686 01fb 18000000 		.4byte	.LFE8
 687 01ff 9C010000 		.4byte	.LLST8
 688 0203 01       		.byte	0x1
 689 0204 0D       		.uleb128 0xd
 690 0205 01       		.byte	0x1
 691 0206 21000000 		.4byte	.LASF29
 692 020a 01       		.byte	0x1
 693 020b 5D01     		.2byte	0x15d
 694 020d 01       		.byte	0x1
 695 020e 00000000 		.4byte	.LFB9
 696 0212 18000000 		.4byte	.LFE9
 697 0216 C8010000 		.4byte	.LLST9
 698 021a 01       		.byte	0x1
 699 021b 0E       		.uleb128 0xe
 700 021c 12000000 		.4byte	.LASF30
 701 0220 01       		.byte	0x1
 702 0221 19       		.byte	0x19
 703 0222 9A000000 		.4byte	0x9a
 704 0226 01       		.byte	0x1
 705 0227 05       		.byte	0x5
 706 0228 03       		.byte	0x3
 707 0229 00000000 		.4byte	I2C_1_slStatus
 708 022d 0E       		.uleb128 0xe
 709 022e 02010000 		.4byte	.LASF31
 710 0232 01       		.byte	0x1
 711 0233 1C       		.byte	0x1c
 712 0234 3F020000 		.4byte	0x23f
 713 0238 01       		.byte	0x1
 714 0239 05       		.byte	0x5
 715 023a 03       		.byte	0x3
 716 023b 00000000 		.4byte	I2C_1_slRdBufPtr
 717 023f 0B       		.uleb128 0xb
 718 0240 04       		.byte	0x4
 719 0241 9A000000 		.4byte	0x9a
 720 0245 0E       		.uleb128 0xe
 721 0246 00000000 		.4byte	.LASF32
 722 024a 01       		.byte	0x1
 723 024b 1D       		.byte	0x1d
 724 024c 9A000000 		.4byte	0x9a
 725 0250 01       		.byte	0x1
 726 0251 05       		.byte	0x5
 727 0252 03       		.byte	0x3
 728 0253 00000000 		.4byte	I2C_1_slRdBufSize
 729 0257 0E       		.uleb128 0xe
 730 0258 BF020000 		.4byte	.LASF33
 731 025c 01       		.byte	0x1
ARM GAS  C:\Users\Brian\AppData\Local\Temp\ccjvCNkx.s 			page 20


 732 025d 1E       		.byte	0x1e
 733 025e 9A000000 		.4byte	0x9a
 734 0262 01       		.byte	0x1
 735 0263 05       		.byte	0x5
 736 0264 03       		.byte	0x3
 737 0265 00000000 		.4byte	I2C_1_slRdBufIndex
 738 0269 0E       		.uleb128 0xe
 739 026a C9010000 		.4byte	.LASF34
 740 026e 01       		.byte	0x1
 741 026f 21       		.byte	0x21
 742 0270 3F020000 		.4byte	0x23f
 743 0274 01       		.byte	0x1
 744 0275 05       		.byte	0x5
 745 0276 03       		.byte	0x3
 746 0277 00000000 		.4byte	I2C_1_slWrBufPtr
 747 027b 0E       		.uleb128 0xe
 748 027c B0010000 		.4byte	.LASF35
 749 0280 01       		.byte	0x1
 750 0281 22       		.byte	0x22
 751 0282 9A000000 		.4byte	0x9a
 752 0286 01       		.byte	0x1
 753 0287 05       		.byte	0x5
 754 0288 03       		.byte	0x3
 755 0289 00000000 		.4byte	I2C_1_slWrBufSize
 756 028d 0E       		.uleb128 0xe
 757 028e DA010000 		.4byte	.LASF36
 758 0292 01       		.byte	0x1
 759 0293 23       		.byte	0x23
 760 0294 9A000000 		.4byte	0x9a
 761 0298 01       		.byte	0x1
 762 0299 05       		.byte	0x5
 763 029a 03       		.byte	0x3
 764 029b 00000000 		.4byte	I2C_1_slWrBufIndex
 765 029f 00       		.byte	0
 766              		.section	.debug_abbrev,"",%progbits
 767              	.Ldebug_abbrev0:
 768 0000 01       		.uleb128 0x1
 769 0001 11       		.uleb128 0x11
 770 0002 01       		.byte	0x1
 771 0003 25       		.uleb128 0x25
 772 0004 0E       		.uleb128 0xe
 773 0005 13       		.uleb128 0x13
 774 0006 0B       		.uleb128 0xb
 775 0007 03       		.uleb128 0x3
 776 0008 0E       		.uleb128 0xe
 777 0009 1B       		.uleb128 0x1b
 778 000a 0E       		.uleb128 0xe
 779 000b 55       		.uleb128 0x55
 780 000c 06       		.uleb128 0x6
 781 000d 11       		.uleb128 0x11
 782 000e 01       		.uleb128 0x1
 783 000f 52       		.uleb128 0x52
 784 0010 01       		.uleb128 0x1
 785 0011 10       		.uleb128 0x10
 786 0012 06       		.uleb128 0x6
 787 0013 00       		.byte	0
 788 0014 00       		.byte	0
ARM GAS  C:\Users\Brian\AppData\Local\Temp\ccjvCNkx.s 			page 21


 789 0015 02       		.uleb128 0x2
 790 0016 24       		.uleb128 0x24
 791 0017 00       		.byte	0
 792 0018 0B       		.uleb128 0xb
 793 0019 0B       		.uleb128 0xb
 794 001a 3E       		.uleb128 0x3e
 795 001b 0B       		.uleb128 0xb
 796 001c 03       		.uleb128 0x3
 797 001d 0E       		.uleb128 0xe
 798 001e 00       		.byte	0
 799 001f 00       		.byte	0
 800 0020 03       		.uleb128 0x3
 801 0021 24       		.uleb128 0x24
 802 0022 00       		.byte	0
 803 0023 0B       		.uleb128 0xb
 804 0024 0B       		.uleb128 0xb
 805 0025 3E       		.uleb128 0x3e
 806 0026 0B       		.uleb128 0xb
 807 0027 03       		.uleb128 0x3
 808 0028 08       		.uleb128 0x8
 809 0029 00       		.byte	0
 810 002a 00       		.byte	0
 811 002b 04       		.uleb128 0x4
 812 002c 16       		.uleb128 0x16
 813 002d 00       		.byte	0
 814 002e 03       		.uleb128 0x3
 815 002f 0E       		.uleb128 0xe
 816 0030 3A       		.uleb128 0x3a
 817 0031 0B       		.uleb128 0xb
 818 0032 3B       		.uleb128 0x3b
 819 0033 0B       		.uleb128 0xb
 820 0034 49       		.uleb128 0x49
 821 0035 13       		.uleb128 0x13
 822 0036 00       		.byte	0
 823 0037 00       		.byte	0
 824 0038 05       		.uleb128 0x5
 825 0039 35       		.uleb128 0x35
 826 003a 00       		.byte	0
 827 003b 49       		.uleb128 0x49
 828 003c 13       		.uleb128 0x13
 829 003d 00       		.byte	0
 830 003e 00       		.byte	0
 831 003f 06       		.uleb128 0x6
 832 0040 2E       		.uleb128 0x2e
 833 0041 00       		.byte	0
 834 0042 3F       		.uleb128 0x3f
 835 0043 0C       		.uleb128 0xc
 836 0044 03       		.uleb128 0x3
 837 0045 0E       		.uleb128 0xe
 838 0046 3A       		.uleb128 0x3a
 839 0047 0B       		.uleb128 0xb
 840 0048 3B       		.uleb128 0x3b
 841 0049 0B       		.uleb128 0xb
 842 004a 27       		.uleb128 0x27
 843 004b 0C       		.uleb128 0xc
 844 004c 49       		.uleb128 0x49
 845 004d 13       		.uleb128 0x13
ARM GAS  C:\Users\Brian\AppData\Local\Temp\ccjvCNkx.s 			page 22


 846 004e 11       		.uleb128 0x11
 847 004f 01       		.uleb128 0x1
 848 0050 12       		.uleb128 0x12
 849 0051 01       		.uleb128 0x1
 850 0052 40       		.uleb128 0x40
 851 0053 06       		.uleb128 0x6
 852 0054 9742     		.uleb128 0x2117
 853 0056 0C       		.uleb128 0xc
 854 0057 00       		.byte	0
 855 0058 00       		.byte	0
 856 0059 07       		.uleb128 0x7
 857 005a 2E       		.uleb128 0x2e
 858 005b 01       		.byte	0x1
 859 005c 3F       		.uleb128 0x3f
 860 005d 0C       		.uleb128 0xc
 861 005e 03       		.uleb128 0x3
 862 005f 0E       		.uleb128 0xe
 863 0060 3A       		.uleb128 0x3a
 864 0061 0B       		.uleb128 0xb
 865 0062 3B       		.uleb128 0x3b
 866 0063 0B       		.uleb128 0xb
 867 0064 27       		.uleb128 0x27
 868 0065 0C       		.uleb128 0xc
 869 0066 49       		.uleb128 0x49
 870 0067 13       		.uleb128 0x13
 871 0068 11       		.uleb128 0x11
 872 0069 01       		.uleb128 0x1
 873 006a 12       		.uleb128 0x12
 874 006b 01       		.uleb128 0x1
 875 006c 40       		.uleb128 0x40
 876 006d 06       		.uleb128 0x6
 877 006e 9742     		.uleb128 0x2117
 878 0070 0C       		.uleb128 0xc
 879 0071 01       		.uleb128 0x1
 880 0072 13       		.uleb128 0x13
 881 0073 00       		.byte	0
 882 0074 00       		.byte	0
 883 0075 08       		.uleb128 0x8
 884 0076 34       		.uleb128 0x34
 885 0077 00       		.byte	0
 886 0078 03       		.uleb128 0x3
 887 0079 0E       		.uleb128 0xe
 888 007a 3A       		.uleb128 0x3a
 889 007b 0B       		.uleb128 0xb
 890 007c 3B       		.uleb128 0x3b
 891 007d 0B       		.uleb128 0xb
 892 007e 49       		.uleb128 0x49
 893 007f 13       		.uleb128 0x13
 894 0080 02       		.uleb128 0x2
 895 0081 0A       		.uleb128 0xa
 896 0082 00       		.byte	0
 897 0083 00       		.byte	0
 898 0084 09       		.uleb128 0x9
 899 0085 2E       		.uleb128 0x2e
 900 0086 01       		.byte	0x1
 901 0087 3F       		.uleb128 0x3f
 902 0088 0C       		.uleb128 0xc
ARM GAS  C:\Users\Brian\AppData\Local\Temp\ccjvCNkx.s 			page 23


 903 0089 03       		.uleb128 0x3
 904 008a 0E       		.uleb128 0xe
 905 008b 3A       		.uleb128 0x3a
 906 008c 0B       		.uleb128 0xb
 907 008d 3B       		.uleb128 0x3b
 908 008e 0B       		.uleb128 0xb
 909 008f 27       		.uleb128 0x27
 910 0090 0C       		.uleb128 0xc
 911 0091 11       		.uleb128 0x11
 912 0092 01       		.uleb128 0x1
 913 0093 12       		.uleb128 0x12
 914 0094 01       		.uleb128 0x1
 915 0095 40       		.uleb128 0x40
 916 0096 06       		.uleb128 0x6
 917 0097 9742     		.uleb128 0x2117
 918 0099 0C       		.uleb128 0xc
 919 009a 01       		.uleb128 0x1
 920 009b 13       		.uleb128 0x13
 921 009c 00       		.byte	0
 922 009d 00       		.byte	0
 923 009e 0A       		.uleb128 0xa
 924 009f 05       		.uleb128 0x5
 925 00a0 00       		.byte	0
 926 00a1 03       		.uleb128 0x3
 927 00a2 0E       		.uleb128 0xe
 928 00a3 3A       		.uleb128 0x3a
 929 00a4 0B       		.uleb128 0xb
 930 00a5 3B       		.uleb128 0x3b
 931 00a6 0B       		.uleb128 0xb
 932 00a7 49       		.uleb128 0x49
 933 00a8 13       		.uleb128 0x13
 934 00a9 02       		.uleb128 0x2
 935 00aa 0A       		.uleb128 0xa
 936 00ab 00       		.byte	0
 937 00ac 00       		.byte	0
 938 00ad 0B       		.uleb128 0xb
 939 00ae 0F       		.uleb128 0xf
 940 00af 00       		.byte	0
 941 00b0 0B       		.uleb128 0xb
 942 00b1 0B       		.uleb128 0xb
 943 00b2 49       		.uleb128 0x49
 944 00b3 13       		.uleb128 0x13
 945 00b4 00       		.byte	0
 946 00b5 00       		.byte	0
 947 00b6 0C       		.uleb128 0xc
 948 00b7 2E       		.uleb128 0x2e
 949 00b8 00       		.byte	0
 950 00b9 3F       		.uleb128 0x3f
 951 00ba 0C       		.uleb128 0xc
 952 00bb 03       		.uleb128 0x3
 953 00bc 0E       		.uleb128 0xe
 954 00bd 3A       		.uleb128 0x3a
 955 00be 0B       		.uleb128 0xb
 956 00bf 3B       		.uleb128 0x3b
 957 00c0 05       		.uleb128 0x5
 958 00c1 27       		.uleb128 0x27
 959 00c2 0C       		.uleb128 0xc
ARM GAS  C:\Users\Brian\AppData\Local\Temp\ccjvCNkx.s 			page 24


 960 00c3 49       		.uleb128 0x49
 961 00c4 13       		.uleb128 0x13
 962 00c5 11       		.uleb128 0x11
 963 00c6 01       		.uleb128 0x1
 964 00c7 12       		.uleb128 0x12
 965 00c8 01       		.uleb128 0x1
 966 00c9 40       		.uleb128 0x40
 967 00ca 06       		.uleb128 0x6
 968 00cb 9742     		.uleb128 0x2117
 969 00cd 0C       		.uleb128 0xc
 970 00ce 00       		.byte	0
 971 00cf 00       		.byte	0
 972 00d0 0D       		.uleb128 0xd
 973 00d1 2E       		.uleb128 0x2e
 974 00d2 00       		.byte	0
 975 00d3 3F       		.uleb128 0x3f
 976 00d4 0C       		.uleb128 0xc
 977 00d5 03       		.uleb128 0x3
 978 00d6 0E       		.uleb128 0xe
 979 00d7 3A       		.uleb128 0x3a
 980 00d8 0B       		.uleb128 0xb
 981 00d9 3B       		.uleb128 0x3b
 982 00da 05       		.uleb128 0x5
 983 00db 27       		.uleb128 0x27
 984 00dc 0C       		.uleb128 0xc
 985 00dd 11       		.uleb128 0x11
 986 00de 01       		.uleb128 0x1
 987 00df 12       		.uleb128 0x12
 988 00e0 01       		.uleb128 0x1
 989 00e1 40       		.uleb128 0x40
 990 00e2 06       		.uleb128 0x6
 991 00e3 9742     		.uleb128 0x2117
 992 00e5 0C       		.uleb128 0xc
 993 00e6 00       		.byte	0
 994 00e7 00       		.byte	0
 995 00e8 0E       		.uleb128 0xe
 996 00e9 34       		.uleb128 0x34
 997 00ea 00       		.byte	0
 998 00eb 03       		.uleb128 0x3
 999 00ec 0E       		.uleb128 0xe
 1000 00ed 3A       		.uleb128 0x3a
 1001 00ee 0B       		.uleb128 0xb
 1002 00ef 3B       		.uleb128 0x3b
 1003 00f0 0B       		.uleb128 0xb
 1004 00f1 49       		.uleb128 0x49
 1005 00f2 13       		.uleb128 0x13
 1006 00f3 3F       		.uleb128 0x3f
 1007 00f4 0C       		.uleb128 0xc
 1008 00f5 02       		.uleb128 0x2
 1009 00f6 0A       		.uleb128 0xa
 1010 00f7 00       		.byte	0
 1011 00f8 00       		.byte	0
 1012 00f9 00       		.byte	0
 1013              		.section	.debug_loc,"",%progbits
 1014              	.Ldebug_loc0:
 1015              	.LLST0:
 1016 0000 00000000 		.4byte	.LFB0
ARM GAS  C:\Users\Brian\AppData\Local\Temp\ccjvCNkx.s 			page 25


 1017 0004 02000000 		.4byte	.LCFI0
 1018 0008 0200     		.2byte	0x2
 1019 000a 7D       		.byte	0x7d
 1020 000b 00       		.sleb128 0
 1021 000c 02000000 		.4byte	.LCFI0
 1022 0010 04000000 		.4byte	.LCFI1
 1023 0014 0200     		.2byte	0x2
 1024 0016 7D       		.byte	0x7d
 1025 0017 04       		.sleb128 4
 1026 0018 04000000 		.4byte	.LCFI1
 1027 001c 18000000 		.4byte	.LFE0
 1028 0020 0200     		.2byte	0x2
 1029 0022 77       		.byte	0x77
 1030 0023 04       		.sleb128 4
 1031 0024 00000000 		.4byte	0
 1032 0028 00000000 		.4byte	0
 1033              	.LLST1:
 1034 002c 00000000 		.4byte	.LFB1
 1035 0030 02000000 		.4byte	.LCFI2
 1036 0034 0200     		.2byte	0x2
 1037 0036 7D       		.byte	0x7d
 1038 0037 00       		.sleb128 0
 1039 0038 02000000 		.4byte	.LCFI2
 1040 003c 04000000 		.4byte	.LCFI3
 1041 0040 0200     		.2byte	0x2
 1042 0042 7D       		.byte	0x7d
 1043 0043 04       		.sleb128 4
 1044 0044 04000000 		.4byte	.LCFI3
 1045 0048 06000000 		.4byte	.LCFI4
 1046 004c 0200     		.2byte	0x2
 1047 004e 7D       		.byte	0x7d
 1048 004f 10       		.sleb128 16
 1049 0050 06000000 		.4byte	.LCFI4
 1050 0054 42000000 		.4byte	.LFE1
 1051 0058 0200     		.2byte	0x2
 1052 005a 77       		.byte	0x77
 1053 005b 10       		.sleb128 16
 1054 005c 00000000 		.4byte	0
 1055 0060 00000000 		.4byte	0
 1056              	.LLST2:
 1057 0064 00000000 		.4byte	.LFB2
 1058 0068 02000000 		.4byte	.LCFI5
 1059 006c 0200     		.2byte	0x2
 1060 006e 7D       		.byte	0x7d
 1061 006f 00       		.sleb128 0
 1062 0070 02000000 		.4byte	.LCFI5
 1063 0074 04000000 		.4byte	.LCFI6
 1064 0078 0200     		.2byte	0x2
 1065 007a 7D       		.byte	0x7d
 1066 007b 04       		.sleb128 4
 1067 007c 04000000 		.4byte	.LCFI6
 1068 0080 06000000 		.4byte	.LCFI7
 1069 0084 0200     		.2byte	0x2
 1070 0086 7D       		.byte	0x7d
 1071 0087 10       		.sleb128 16
 1072 0088 06000000 		.4byte	.LCFI7
 1073 008c 42000000 		.4byte	.LFE2
ARM GAS  C:\Users\Brian\AppData\Local\Temp\ccjvCNkx.s 			page 26


 1074 0090 0200     		.2byte	0x2
 1075 0092 77       		.byte	0x77
 1076 0093 10       		.sleb128 16
 1077 0094 00000000 		.4byte	0
 1078 0098 00000000 		.4byte	0
 1079              	.LLST3:
 1080 009c 00000000 		.4byte	.LFB3
 1081 00a0 02000000 		.4byte	.LCFI8
 1082 00a4 0200     		.2byte	0x2
 1083 00a6 7D       		.byte	0x7d
 1084 00a7 00       		.sleb128 0
 1085 00a8 02000000 		.4byte	.LCFI8
 1086 00ac 04000000 		.4byte	.LCFI9
 1087 00b0 0200     		.2byte	0x2
 1088 00b2 7D       		.byte	0x7d
 1089 00b3 04       		.sleb128 4
 1090 00b4 04000000 		.4byte	.LCFI9
 1091 00b8 06000000 		.4byte	.LCFI10
 1092 00bc 0200     		.2byte	0x2
 1093 00be 7D       		.byte	0x7d
 1094 00bf 10       		.sleb128 16
 1095 00c0 06000000 		.4byte	.LCFI10
 1096 00c4 26000000 		.4byte	.LFE3
 1097 00c8 0200     		.2byte	0x2
 1098 00ca 77       		.byte	0x77
 1099 00cb 10       		.sleb128 16
 1100 00cc 00000000 		.4byte	0
 1101 00d0 00000000 		.4byte	0
 1102              	.LLST4:
 1103 00d4 00000000 		.4byte	.LFB4
 1104 00d8 02000000 		.4byte	.LCFI11
 1105 00dc 0200     		.2byte	0x2
 1106 00de 7D       		.byte	0x7d
 1107 00df 00       		.sleb128 0
 1108 00e0 02000000 		.4byte	.LCFI11
 1109 00e4 04000000 		.4byte	.LCFI12
 1110 00e8 0200     		.2byte	0x2
 1111 00ea 7D       		.byte	0x7d
 1112 00eb 04       		.sleb128 4
 1113 00ec 04000000 		.4byte	.LCFI12
 1114 00f0 06000000 		.4byte	.LCFI13
 1115 00f4 0200     		.2byte	0x2
 1116 00f6 7D       		.byte	0x7d
 1117 00f7 10       		.sleb128 16
 1118 00f8 06000000 		.4byte	.LCFI13
 1119 00fc 42000000 		.4byte	.LFE4
 1120 0100 0200     		.2byte	0x2
 1121 0102 77       		.byte	0x77
 1122 0103 10       		.sleb128 16
 1123 0104 00000000 		.4byte	0
 1124 0108 00000000 		.4byte	0
 1125              	.LLST5:
 1126 010c 00000000 		.4byte	.LFB5
 1127 0110 02000000 		.4byte	.LCFI14
 1128 0114 0200     		.2byte	0x2
 1129 0116 7D       		.byte	0x7d
 1130 0117 00       		.sleb128 0
ARM GAS  C:\Users\Brian\AppData\Local\Temp\ccjvCNkx.s 			page 27


 1131 0118 02000000 		.4byte	.LCFI14
 1132 011c 04000000 		.4byte	.LCFI15
 1133 0120 0200     		.2byte	0x2
 1134 0122 7D       		.byte	0x7d
 1135 0123 04       		.sleb128 4
 1136 0124 04000000 		.4byte	.LCFI15
 1137 0128 06000000 		.4byte	.LCFI16
 1138 012c 0200     		.2byte	0x2
 1139 012e 7D       		.byte	0x7d
 1140 012f 10       		.sleb128 16
 1141 0130 06000000 		.4byte	.LCFI16
 1142 0134 42000000 		.4byte	.LFE5
 1143 0138 0200     		.2byte	0x2
 1144 013a 77       		.byte	0x77
 1145 013b 10       		.sleb128 16
 1146 013c 00000000 		.4byte	0
 1147 0140 00000000 		.4byte	0
 1148              	.LLST6:
 1149 0144 00000000 		.4byte	.LFB6
 1150 0148 02000000 		.4byte	.LCFI17
 1151 014c 0200     		.2byte	0x2
 1152 014e 7D       		.byte	0x7d
 1153 014f 00       		.sleb128 0
 1154 0150 02000000 		.4byte	.LCFI17
 1155 0154 04000000 		.4byte	.LCFI18
 1156 0158 0200     		.2byte	0x2
 1157 015a 7D       		.byte	0x7d
 1158 015b 04       		.sleb128 4
 1159 015c 04000000 		.4byte	.LCFI18
 1160 0160 18000000 		.4byte	.LFE6
 1161 0164 0200     		.2byte	0x2
 1162 0166 77       		.byte	0x77
 1163 0167 04       		.sleb128 4
 1164 0168 00000000 		.4byte	0
 1165 016c 00000000 		.4byte	0
 1166              	.LLST7:
 1167 0170 00000000 		.4byte	.LFB7
 1168 0174 02000000 		.4byte	.LCFI19
 1169 0178 0200     		.2byte	0x2
 1170 017a 7D       		.byte	0x7d
 1171 017b 00       		.sleb128 0
 1172 017c 02000000 		.4byte	.LCFI19
 1173 0180 04000000 		.4byte	.LCFI20
 1174 0184 0200     		.2byte	0x2
 1175 0186 7D       		.byte	0x7d
 1176 0187 04       		.sleb128 4
 1177 0188 04000000 		.4byte	.LCFI20
 1178 018c 18000000 		.4byte	.LFE7
 1179 0190 0200     		.2byte	0x2
 1180 0192 77       		.byte	0x77
 1181 0193 04       		.sleb128 4
 1182 0194 00000000 		.4byte	0
 1183 0198 00000000 		.4byte	0
 1184              	.LLST8:
 1185 019c 00000000 		.4byte	.LFB8
 1186 01a0 02000000 		.4byte	.LCFI21
 1187 01a4 0200     		.2byte	0x2
ARM GAS  C:\Users\Brian\AppData\Local\Temp\ccjvCNkx.s 			page 28


 1188 01a6 7D       		.byte	0x7d
 1189 01a7 00       		.sleb128 0
 1190 01a8 02000000 		.4byte	.LCFI21
 1191 01ac 04000000 		.4byte	.LCFI22
 1192 01b0 0200     		.2byte	0x2
 1193 01b2 7D       		.byte	0x7d
 1194 01b3 04       		.sleb128 4
 1195 01b4 04000000 		.4byte	.LCFI22
 1196 01b8 18000000 		.4byte	.LFE8
 1197 01bc 0200     		.2byte	0x2
 1198 01be 77       		.byte	0x77
 1199 01bf 04       		.sleb128 4
 1200 01c0 00000000 		.4byte	0
 1201 01c4 00000000 		.4byte	0
 1202              	.LLST9:
 1203 01c8 00000000 		.4byte	.LFB9
 1204 01cc 02000000 		.4byte	.LCFI23
 1205 01d0 0200     		.2byte	0x2
 1206 01d2 7D       		.byte	0x7d
 1207 01d3 00       		.sleb128 0
 1208 01d4 02000000 		.4byte	.LCFI23
 1209 01d8 04000000 		.4byte	.LCFI24
 1210 01dc 0200     		.2byte	0x2
 1211 01de 7D       		.byte	0x7d
 1212 01df 04       		.sleb128 4
 1213 01e0 04000000 		.4byte	.LCFI24
 1214 01e4 18000000 		.4byte	.LFE9
 1215 01e8 0200     		.2byte	0x2
 1216 01ea 77       		.byte	0x77
 1217 01eb 04       		.sleb128 4
 1218 01ec 00000000 		.4byte	0
 1219 01f0 00000000 		.4byte	0
 1220              		.section	.debug_aranges,"",%progbits
 1221 0000 64000000 		.4byte	0x64
 1222 0004 0200     		.2byte	0x2
 1223 0006 00000000 		.4byte	.Ldebug_info0
 1224 000a 04       		.byte	0x4
 1225 000b 00       		.byte	0
 1226 000c 0000     		.2byte	0
 1227 000e 0000     		.2byte	0
 1228 0010 00000000 		.4byte	.LFB0
 1229 0014 18000000 		.4byte	.LFE0-.LFB0
 1230 0018 00000000 		.4byte	.LFB1
 1231 001c 42000000 		.4byte	.LFE1-.LFB1
 1232 0020 00000000 		.4byte	.LFB2
 1233 0024 42000000 		.4byte	.LFE2-.LFB2
 1234 0028 00000000 		.4byte	.LFB3
 1235 002c 26000000 		.4byte	.LFE3-.LFB3
 1236 0030 00000000 		.4byte	.LFB4
 1237 0034 42000000 		.4byte	.LFE4-.LFB4
 1238 0038 00000000 		.4byte	.LFB5
 1239 003c 42000000 		.4byte	.LFE5-.LFB5
 1240 0040 00000000 		.4byte	.LFB6
 1241 0044 18000000 		.4byte	.LFE6-.LFB6
 1242 0048 00000000 		.4byte	.LFB7
 1243 004c 18000000 		.4byte	.LFE7-.LFB7
 1244 0050 00000000 		.4byte	.LFB8
ARM GAS  C:\Users\Brian\AppData\Local\Temp\ccjvCNkx.s 			page 29


 1245 0054 18000000 		.4byte	.LFE8-.LFB8
 1246 0058 00000000 		.4byte	.LFB9
 1247 005c 18000000 		.4byte	.LFE9-.LFB9
 1248 0060 00000000 		.4byte	0
 1249 0064 00000000 		.4byte	0
 1250              		.section	.debug_ranges,"",%progbits
 1251              	.Ldebug_ranges0:
 1252 0000 00000000 		.4byte	.LFB0
 1253 0004 18000000 		.4byte	.LFE0
 1254 0008 00000000 		.4byte	.LFB1
 1255 000c 42000000 		.4byte	.LFE1
 1256 0010 00000000 		.4byte	.LFB2
 1257 0014 42000000 		.4byte	.LFE2
 1258 0018 00000000 		.4byte	.LFB3
 1259 001c 26000000 		.4byte	.LFE3
 1260 0020 00000000 		.4byte	.LFB4
 1261 0024 42000000 		.4byte	.LFE4
 1262 0028 00000000 		.4byte	.LFB5
 1263 002c 42000000 		.4byte	.LFE5
 1264 0030 00000000 		.4byte	.LFB6
 1265 0034 18000000 		.4byte	.LFE6
 1266 0038 00000000 		.4byte	.LFB7
 1267 003c 18000000 		.4byte	.LFE7
 1268 0040 00000000 		.4byte	.LFB8
 1269 0044 18000000 		.4byte	.LFE8
 1270 0048 00000000 		.4byte	.LFB9
 1271 004c 18000000 		.4byte	.LFE9
 1272 0050 00000000 		.4byte	0
 1273 0054 00000000 		.4byte	0
 1274              		.section	.debug_line,"",%progbits
 1275              	.Ldebug_line0:
 1276 0000 0D010000 		.section	.debug_str,"MS",%progbits,1
 1276      02004A00 
 1276      00000201 
 1276      FB0E0D00 
 1276      01010101 
 1277              	.LASF32:
 1278 0000 4932435F 		.ascii	"I2C_1_slRdBufSize\000"
 1278      315F736C 
 1278      52644275 
 1278      6653697A 
 1278      6500
 1279              	.LASF30:
 1280 0012 4932435F 		.ascii	"I2C_1_slStatus\000"
 1280      315F736C 
 1280      53746174 
 1280      757300
 1281              	.LASF29:
 1282 0021 4932435F 		.ascii	"I2C_1_SlaveClearWriteBuf\000"
 1282      315F536C 
 1282      61766543 
 1282      6C656172 
 1282      57726974 
 1283              	.LASF4:
 1284 003a 6C6F6E67 		.ascii	"long int\000"
 1284      20696E74 
 1284      00
ARM GAS  C:\Users\Brian\AppData\Local\Temp\ccjvCNkx.s 			page 30


 1285              	.LASF3:
 1286 0043 73686F72 		.ascii	"short unsigned int\000"
 1286      7420756E 
 1286      7369676E 
 1286      65642069 
 1286      6E7400
 1287              	.LASF39:
 1288 0056 433A5C55 		.ascii	"C:\\Users\\Brian\\Dropbox\\RPiSoC\\Projects\\PSoC_2"
 1288      73657273 
 1288      5C427269 
 1288      616E5C44 
 1288      726F7062 
 1289 0083 5F50695C 		.ascii	"_Pi\\PSoC Creator\\PSoC_2_Pi.cydsn\000"
 1289      50536F43 
 1289      20437265 
 1289      61746F72 
 1289      5C50536F 
 1290              	.LASF26:
 1291 00a4 4932435F 		.ascii	"I2C_1_SlaveGetReadBufSize\000"
 1291      315F536C 
 1291      61766547 
 1291      65745265 
 1291      61644275 
 1292              	.LASF17:
 1293 00be 73746174 		.ascii	"status\000"
 1293      757300
 1294              	.LASF16:
 1295 00c5 4932435F 		.ascii	"I2C_1_SlaveClearWriteStatus\000"
 1295      315F536C 
 1295      61766543 
 1295      6C656172 
 1295      57726974 
 1296              	.LASF21:
 1297 00e1 72644275 		.ascii	"rdBuf\000"
 1297      6600
 1298              	.LASF27:
 1299 00e7 4932435F 		.ascii	"I2C_1_SlaveGetWriteBufSize\000"
 1299      315F536C 
 1299      61766547 
 1299      65745772 
 1299      69746542 
 1300              	.LASF31:
 1301 0102 4932435F 		.ascii	"I2C_1_slRdBufPtr\000"
 1301      315F736C 
 1301      52644275 
 1301      66507472 
 1301      00
 1302              	.LASF9:
 1303 0113 666C6F61 		.ascii	"float\000"
 1303      7400
 1304              	.LASF38:
 1305 0119 2E5C4765 		.ascii	".\\Generated_Source\\PSoC5\\I2C_1_SLAVE.c\000"
 1305      6E657261 
 1305      7465645F 
 1305      536F7572 
 1305      63655C50 
 1306              	.LASF1:
ARM GAS  C:\Users\Brian\AppData\Local\Temp\ccjvCNkx.s 			page 31


 1307 0140 756E7369 		.ascii	"unsigned char\000"
 1307      676E6564 
 1307      20636861 
 1307      7200
 1308              	.LASF13:
 1309 014e 72656738 		.ascii	"reg8\000"
 1309      00
 1310              	.LASF5:
 1311 0153 6C6F6E67 		.ascii	"long unsigned int\000"
 1311      20756E73 
 1311      69676E65 
 1311      6420696E 
 1311      7400
 1312              	.LASF15:
 1313 0165 4932435F 		.ascii	"I2C_1_SlaveClearReadStatus\000"
 1313      315F536C 
 1313      61766543 
 1313      6C656172 
 1313      52656164 
 1314              	.LASF25:
 1315 0180 4932435F 		.ascii	"I2C_1_SlaveStatus\000"
 1315      315F536C 
 1315      61766553 
 1315      74617475 
 1315      7300
 1316              	.LASF23:
 1317 0192 4932435F 		.ascii	"I2C_1_SlaveInitWriteBuf\000"
 1317      315F536C 
 1317      61766549 
 1317      6E697457 
 1317      72697465 
 1318              	.LASF24:
 1319 01aa 77724275 		.ascii	"wrBuf\000"
 1319      6600
 1320              	.LASF35:
 1321 01b0 4932435F 		.ascii	"I2C_1_slWrBufSize\000"
 1321      315F736C 
 1321      57724275 
 1321      6653697A 
 1321      6500
 1322              	.LASF10:
 1323 01c2 646F7562 		.ascii	"double\000"
 1323      6C6500
 1324              	.LASF34:
 1325 01c9 4932435F 		.ascii	"I2C_1_slWrBufPtr\000"
 1325      315F736C 
 1325      57724275 
 1325      66507472 
 1325      00
 1326              	.LASF36:
 1327 01da 4932435F 		.ascii	"I2C_1_slWrBufIndex\000"
 1327      315F736C 
 1327      57724275 
 1327      66496E64 
 1327      657800
 1328              	.LASF8:
 1329 01ed 756E7369 		.ascii	"unsigned int\000"
ARM GAS  C:\Users\Brian\AppData\Local\Temp\ccjvCNkx.s 			page 32


 1329      676E6564 
 1329      20696E74 
 1329      00
 1330              	.LASF20:
 1331 01fa 61646472 		.ascii	"address\000"
 1331      65737300 
 1332              	.LASF7:
 1333 0202 6C6F6E67 		.ascii	"long long unsigned int\000"
 1333      206C6F6E 
 1333      6720756E 
 1333      7369676E 
 1333      65642069 
 1334              	.LASF14:
 1335 0219 73697A65 		.ascii	"sizetype\000"
 1335      74797065 
 1335      00
 1336              	.LASF6:
 1337 0222 6C6F6E67 		.ascii	"long long int\000"
 1337      206C6F6E 
 1337      6720696E 
 1337      7400
 1338              	.LASF28:
 1339 0230 4932435F 		.ascii	"I2C_1_SlaveClearReadBuf\000"
 1339      315F536C 
 1339      61766543 
 1339      6C656172 
 1339      52656164 
 1340              	.LASF18:
 1341 0248 4932435F 		.ascii	"I2C_1_SlaveSetAddress\000"
 1341      315F536C 
 1341      61766553 
 1341      65744164 
 1341      64726573 
 1342              	.LASF2:
 1343 025e 73686F72 		.ascii	"short int\000"
 1343      7420696E 
 1343      7400
 1344              	.LASF22:
 1345 0268 62756653 		.ascii	"bufSize\000"
 1345      697A6500 
 1346              	.LASF12:
 1347 0270 75696E74 		.ascii	"uint8\000"
 1347      3800
 1348              	.LASF37:
 1349 0276 474E5520 		.ascii	"GNU C 4.7.3 20130312 (release) [ARM/embedded-4_7-br"
 1349      4320342E 
 1349      372E3320 
 1349      32303133 
 1349      30333132 
 1350 02a9 616E6368 		.ascii	"anch revision 196615]\000"
 1350      20726576 
 1350      6973696F 
 1350      6E203139 
 1350      36363135 
 1351              	.LASF33:
 1352 02bf 4932435F 		.ascii	"I2C_1_slRdBufIndex\000"
 1352      315F736C 
ARM GAS  C:\Users\Brian\AppData\Local\Temp\ccjvCNkx.s 			page 33


 1352      52644275 
 1352      66496E64 
 1352      657800
 1353              	.LASF11:
 1354 02d2 63686172 		.ascii	"char\000"
 1354      00
 1355              	.LASF0:
 1356 02d7 7369676E 		.ascii	"signed char\000"
 1356      65642063 
 1356      68617200 
 1357              	.LASF19:
 1358 02e3 4932435F 		.ascii	"I2C_1_SlaveInitReadBuf\000"
 1358      315F536C 
 1358      61766549 
 1358      6E697452 
 1358      65616442 
 1359              		.ident	"GCC: (GNU Tools for ARM Embedded Processors) 4.7.3 20130312 (release) [ARM/embedded-4_7-br
