ARM GAS  C:\Users\Brian\AppData\Local\Temp\ccSkCJiN.s 			page 1


   1              		.syntax unified
   2              		.cpu cortex-m3
   3              		.fpu softvfp
   4              		.eabi_attribute 20, 1
   5              		.eabi_attribute 21, 1
   6              		.eabi_attribute 23, 3
   7              		.eabi_attribute 24, 1
   8              		.eabi_attribute 25, 1
   9              		.eabi_attribute 26, 1
  10              		.eabi_attribute 30, 6
  11              		.eabi_attribute 34, 1
  12              		.eabi_attribute 18, 4
  13              		.thumb
  14              		.file	"IDAC8_1_PM.c"
  15              		.text
  16              	.Ltext0:
  17              		.cfi_sections	.debug_frame
  18              		.bss
  19              		.align	2
  20              	IDAC8_1_backup:
  21 0000 0000     		.space	2
  22 0002 0000     		.section	.text.IDAC8_1_SaveConfig,"ax",%progbits
  23              		.align	2
  24              		.global	IDAC8_1_SaveConfig
  25              		.thumb
  26              		.thumb_func
  27              		.type	IDAC8_1_SaveConfig, %function
  28              	IDAC8_1_SaveConfig:
  29              	.LFB0:
  30              		.file 1 ".\\Generated_Source\\PSoC5\\IDAC8_1_PM.c"
   1:.\Generated_Source\PSoC5/IDAC8_1_PM.c **** /*******************************************************************************
   2:.\Generated_Source\PSoC5/IDAC8_1_PM.c **** * File Name: IDAC8_1.c
   3:.\Generated_Source\PSoC5/IDAC8_1_PM.c **** * Version 2.0
   4:.\Generated_Source\PSoC5/IDAC8_1_PM.c **** *
   5:.\Generated_Source\PSoC5/IDAC8_1_PM.c **** * Description:
   6:.\Generated_Source\PSoC5/IDAC8_1_PM.c **** *  This file provides the power management source code to API for the
   7:.\Generated_Source\PSoC5/IDAC8_1_PM.c **** *  IDAC8.
   8:.\Generated_Source\PSoC5/IDAC8_1_PM.c **** *
   9:.\Generated_Source\PSoC5/IDAC8_1_PM.c **** * Note:
  10:.\Generated_Source\PSoC5/IDAC8_1_PM.c **** *  None
  11:.\Generated_Source\PSoC5/IDAC8_1_PM.c **** *
  12:.\Generated_Source\PSoC5/IDAC8_1_PM.c **** ********************************************************************************
  13:.\Generated_Source\PSoC5/IDAC8_1_PM.c **** * Copyright 2008-2012, Cypress Semiconductor Corporation.  All rights reserved.
  14:.\Generated_Source\PSoC5/IDAC8_1_PM.c **** * You may use this file only in accordance with the license, terms, conditions, 
  15:.\Generated_Source\PSoC5/IDAC8_1_PM.c **** * disclaimers, and limitations in the end user license agreement accompanying 
  16:.\Generated_Source\PSoC5/IDAC8_1_PM.c **** * the software package with which this file was provided.
  17:.\Generated_Source\PSoC5/IDAC8_1_PM.c **** *******************************************************************************/
  18:.\Generated_Source\PSoC5/IDAC8_1_PM.c **** 
  19:.\Generated_Source\PSoC5/IDAC8_1_PM.c **** 
  20:.\Generated_Source\PSoC5/IDAC8_1_PM.c **** #include "IDAC8_1.h"
  21:.\Generated_Source\PSoC5/IDAC8_1_PM.c **** 
  22:.\Generated_Source\PSoC5/IDAC8_1_PM.c **** static IDAC8_1_backupStruct IDAC8_1_backup;
  23:.\Generated_Source\PSoC5/IDAC8_1_PM.c **** 
  24:.\Generated_Source\PSoC5/IDAC8_1_PM.c **** 
  25:.\Generated_Source\PSoC5/IDAC8_1_PM.c **** /*******************************************************************************
  26:.\Generated_Source\PSoC5/IDAC8_1_PM.c **** * Function Name: IDAC8_1_SaveConfig
  27:.\Generated_Source\PSoC5/IDAC8_1_PM.c **** ********************************************************************************
ARM GAS  C:\Users\Brian\AppData\Local\Temp\ccSkCJiN.s 			page 2


  28:.\Generated_Source\PSoC5/IDAC8_1_PM.c **** * Summary:
  29:.\Generated_Source\PSoC5/IDAC8_1_PM.c **** *  Save the current user configuration
  30:.\Generated_Source\PSoC5/IDAC8_1_PM.c **** *
  31:.\Generated_Source\PSoC5/IDAC8_1_PM.c **** * Parameters:
  32:.\Generated_Source\PSoC5/IDAC8_1_PM.c **** *  void
  33:.\Generated_Source\PSoC5/IDAC8_1_PM.c **** *
  34:.\Generated_Source\PSoC5/IDAC8_1_PM.c **** * Return:
  35:.\Generated_Source\PSoC5/IDAC8_1_PM.c **** *  void
  36:.\Generated_Source\PSoC5/IDAC8_1_PM.c **** *
  37:.\Generated_Source\PSoC5/IDAC8_1_PM.c **** *******************************************************************************/
  38:.\Generated_Source\PSoC5/IDAC8_1_PM.c **** void IDAC8_1_SaveConfig(void) 
  39:.\Generated_Source\PSoC5/IDAC8_1_PM.c **** {
  31              		.loc 1 39 0
  32              		.cfi_startproc
  33              		@ args = 0, pretend = 0, frame = 0
  34              		@ frame_needed = 1, uses_anonymous_args = 0
  35              		@ link register save eliminated.
  36 0000 80B4     		push	{r7}
  37              	.LCFI0:
  38              		.cfi_def_cfa_offset 4
  39              		.cfi_offset 7, -4
  40 0002 00AF     		add	r7, sp, #0
  41              	.LCFI1:
  42              		.cfi_def_cfa_register 7
  40:.\Generated_Source\PSoC5/IDAC8_1_PM.c ****     if (!((IDAC8_1_CR1 & IDAC8_1_SRC_MASK) == IDAC8_1_SRC_UDB))
  43              		.loc 1 40 0
  44 0004 45F62103 		movw	r3, #22561
  45 0008 C4F20003 		movt	r3, 16384
  46 000c 1B78     		ldrb	r3, [r3, #0]
  47 000e DBB2     		uxtb	r3, r3
  48 0010 03F02003 		and	r3, r3, #32
  49 0014 002B     		cmp	r3, #0
  50 0016 0AD1     		bne	.L1
  41:.\Generated_Source\PSoC5/IDAC8_1_PM.c ****     {
  42:.\Generated_Source\PSoC5/IDAC8_1_PM.c ****         IDAC8_1_backup.data_value = IDAC8_1_Data;
  51              		.loc 1 42 0
  52 0018 4FF4B743 		mov	r3, #23424
  53 001c C4F20003 		movt	r3, 16384
  54 0020 1B78     		ldrb	r3, [r3, #0]
  55 0022 DAB2     		uxtb	r2, r3
  56 0024 40F20003 		movw	r3, #:lower16:IDAC8_1_backup
  57 0028 C0F20003 		movt	r3, #:upper16:IDAC8_1_backup
  58 002c 5A70     		strb	r2, [r3, #1]
  59              	.L1:
  43:.\Generated_Source\PSoC5/IDAC8_1_PM.c ****     }
  44:.\Generated_Source\PSoC5/IDAC8_1_PM.c **** }
  60              		.loc 1 44 0
  61 002e BD46     		mov	sp, r7
  62 0030 80BC     		pop	{r7}
  63 0032 7047     		bx	lr
  64              		.cfi_endproc
  65              	.LFE0:
  66              		.size	IDAC8_1_SaveConfig, .-IDAC8_1_SaveConfig
  67              		.section	.text.IDAC8_1_RestoreConfig,"ax",%progbits
  68              		.align	2
  69              		.global	IDAC8_1_RestoreConfig
  70              		.thumb
ARM GAS  C:\Users\Brian\AppData\Local\Temp\ccSkCJiN.s 			page 3


  71              		.thumb_func
  72              		.type	IDAC8_1_RestoreConfig, %function
  73              	IDAC8_1_RestoreConfig:
  74              	.LFB1:
  45:.\Generated_Source\PSoC5/IDAC8_1_PM.c **** 
  46:.\Generated_Source\PSoC5/IDAC8_1_PM.c **** 
  47:.\Generated_Source\PSoC5/IDAC8_1_PM.c **** /*******************************************************************************
  48:.\Generated_Source\PSoC5/IDAC8_1_PM.c **** * Function Name: IDAC8_1_RestoreConfig
  49:.\Generated_Source\PSoC5/IDAC8_1_PM.c **** ********************************************************************************
  50:.\Generated_Source\PSoC5/IDAC8_1_PM.c **** *
  51:.\Generated_Source\PSoC5/IDAC8_1_PM.c **** * Summary:
  52:.\Generated_Source\PSoC5/IDAC8_1_PM.c **** *  Restores the current user configuration.
  53:.\Generated_Source\PSoC5/IDAC8_1_PM.c **** *
  54:.\Generated_Source\PSoC5/IDAC8_1_PM.c **** * Parameters:
  55:.\Generated_Source\PSoC5/IDAC8_1_PM.c **** *  void
  56:.\Generated_Source\PSoC5/IDAC8_1_PM.c **** *
  57:.\Generated_Source\PSoC5/IDAC8_1_PM.c **** * Return:
  58:.\Generated_Source\PSoC5/IDAC8_1_PM.c **** *  void
  59:.\Generated_Source\PSoC5/IDAC8_1_PM.c **** *
  60:.\Generated_Source\PSoC5/IDAC8_1_PM.c **** *******************************************************************************/
  61:.\Generated_Source\PSoC5/IDAC8_1_PM.c **** void IDAC8_1_RestoreConfig(void) 
  62:.\Generated_Source\PSoC5/IDAC8_1_PM.c **** {
  75              		.loc 1 62 0
  76              		.cfi_startproc
  77              		@ args = 0, pretend = 0, frame = 0
  78              		@ frame_needed = 1, uses_anonymous_args = 0
  79              		@ link register save eliminated.
  80 0000 80B4     		push	{r7}
  81              	.LCFI2:
  82              		.cfi_def_cfa_offset 4
  83              		.cfi_offset 7, -4
  84 0002 00AF     		add	r7, sp, #0
  85              	.LCFI3:
  86              		.cfi_def_cfa_register 7
  63:.\Generated_Source\PSoC5/IDAC8_1_PM.c ****     if (!((IDAC8_1_CR1 & IDAC8_1_SRC_MASK) == IDAC8_1_SRC_UDB))
  87              		.loc 1 63 0
  88 0004 45F62103 		movw	r3, #22561
  89 0008 C4F20003 		movt	r3, 16384
  90 000c 1B78     		ldrb	r3, [r3, #0]
  91 000e DBB2     		uxtb	r3, r3
  92 0010 03F02003 		and	r3, r3, #32
  93 0014 002B     		cmp	r3, #0
  94 0016 3AD1     		bne	.L3
  64:.\Generated_Source\PSoC5/IDAC8_1_PM.c ****     {
  65:.\Generated_Source\PSoC5/IDAC8_1_PM.c ****         if((IDAC8_1_Strobe & IDAC8_1_STRB_MASK) == IDAC8_1_STRB_EN)
  95              		.loc 1 65 0
  96 0018 45F68723 		movw	r3, #23175
  97 001c C4F20003 		movt	r3, 16384
  98 0020 1B78     		ldrb	r3, [r3, #0]
  99 0022 DBB2     		uxtb	r3, r3
 100 0024 03F00803 		and	r3, r3, #8
 101 0028 002B     		cmp	r3, #0
 102 002a 26D0     		beq	.L5
  66:.\Generated_Source\PSoC5/IDAC8_1_PM.c ****         {
  67:.\Generated_Source\PSoC5/IDAC8_1_PM.c ****             IDAC8_1_Strobe &= (uint8)(~IDAC8_1_STRB_MASK);
 103              		.loc 1 67 0
 104 002c 45F68723 		movw	r3, #23175
ARM GAS  C:\Users\Brian\AppData\Local\Temp\ccSkCJiN.s 			page 4


 105 0030 C4F20003 		movt	r3, 16384
 106 0034 45F68722 		movw	r2, #23175
 107 0038 C4F20002 		movt	r2, 16384
 108 003c 1278     		ldrb	r2, [r2, #0]
 109 003e D2B2     		uxtb	r2, r2
 110 0040 22F00802 		bic	r2, r2, #8
 111 0044 D2B2     		uxtb	r2, r2
 112 0046 1A70     		strb	r2, [r3, #0]
  68:.\Generated_Source\PSoC5/IDAC8_1_PM.c ****             IDAC8_1_Data = IDAC8_1_backup.data_value;
 113              		.loc 1 68 0
 114 0048 4FF4B743 		mov	r3, #23424
 115 004c C4F20003 		movt	r3, 16384
 116 0050 40F20002 		movw	r2, #:lower16:IDAC8_1_backup
 117 0054 C0F20002 		movt	r2, #:upper16:IDAC8_1_backup
 118 0058 5278     		ldrb	r2, [r2, #1]	@ zero_extendqisi2
 119 005a 1A70     		strb	r2, [r3, #0]
  69:.\Generated_Source\PSoC5/IDAC8_1_PM.c ****             IDAC8_1_Strobe |= IDAC8_1_STRB_EN;
 120              		.loc 1 69 0
 121 005c 45F68723 		movw	r3, #23175
 122 0060 C4F20003 		movt	r3, 16384
 123 0064 45F68722 		movw	r2, #23175
 124 0068 C4F20002 		movt	r2, 16384
 125 006c 1278     		ldrb	r2, [r2, #0]
 126 006e D2B2     		uxtb	r2, r2
 127 0070 42F00802 		orr	r2, r2, #8
 128 0074 D2B2     		uxtb	r2, r2
 129 0076 1A70     		strb	r2, [r3, #0]
 130 0078 09E0     		b	.L3
 131              	.L5:
  70:.\Generated_Source\PSoC5/IDAC8_1_PM.c ****         }
  71:.\Generated_Source\PSoC5/IDAC8_1_PM.c ****         else
  72:.\Generated_Source\PSoC5/IDAC8_1_PM.c ****         {
  73:.\Generated_Source\PSoC5/IDAC8_1_PM.c ****             IDAC8_1_Data = IDAC8_1_backup.data_value;
 132              		.loc 1 73 0
 133 007a 4FF4B743 		mov	r3, #23424
 134 007e C4F20003 		movt	r3, 16384
 135 0082 40F20002 		movw	r2, #:lower16:IDAC8_1_backup
 136 0086 C0F20002 		movt	r2, #:upper16:IDAC8_1_backup
 137 008a 5278     		ldrb	r2, [r2, #1]	@ zero_extendqisi2
 138 008c 1A70     		strb	r2, [r3, #0]
 139              	.L3:
  74:.\Generated_Source\PSoC5/IDAC8_1_PM.c ****         }
  75:.\Generated_Source\PSoC5/IDAC8_1_PM.c ****     }
  76:.\Generated_Source\PSoC5/IDAC8_1_PM.c **** }
 140              		.loc 1 76 0
 141 008e BD46     		mov	sp, r7
 142 0090 80BC     		pop	{r7}
 143 0092 7047     		bx	lr
 144              		.cfi_endproc
 145              	.LFE1:
 146              		.size	IDAC8_1_RestoreConfig, .-IDAC8_1_RestoreConfig
 147              		.section	.text.IDAC8_1_Sleep,"ax",%progbits
 148              		.align	2
 149              		.global	IDAC8_1_Sleep
 150              		.thumb
 151              		.thumb_func
 152              		.type	IDAC8_1_Sleep, %function
ARM GAS  C:\Users\Brian\AppData\Local\Temp\ccSkCJiN.s 			page 5


 153              	IDAC8_1_Sleep:
 154              	.LFB2:
  77:.\Generated_Source\PSoC5/IDAC8_1_PM.c **** 
  78:.\Generated_Source\PSoC5/IDAC8_1_PM.c **** 
  79:.\Generated_Source\PSoC5/IDAC8_1_PM.c **** /*******************************************************************************
  80:.\Generated_Source\PSoC5/IDAC8_1_PM.c **** * Function Name: IDAC8_1_Sleep
  81:.\Generated_Source\PSoC5/IDAC8_1_PM.c **** ********************************************************************************
  82:.\Generated_Source\PSoC5/IDAC8_1_PM.c **** * Summary:
  83:.\Generated_Source\PSoC5/IDAC8_1_PM.c **** *  Stop and Save the user configuration
  84:.\Generated_Source\PSoC5/IDAC8_1_PM.c **** *
  85:.\Generated_Source\PSoC5/IDAC8_1_PM.c **** * Parameters:
  86:.\Generated_Source\PSoC5/IDAC8_1_PM.c **** *  void:
  87:.\Generated_Source\PSoC5/IDAC8_1_PM.c **** *
  88:.\Generated_Source\PSoC5/IDAC8_1_PM.c **** * Return:
  89:.\Generated_Source\PSoC5/IDAC8_1_PM.c **** *  void
  90:.\Generated_Source\PSoC5/IDAC8_1_PM.c **** *
  91:.\Generated_Source\PSoC5/IDAC8_1_PM.c **** * Global variables:
  92:.\Generated_Source\PSoC5/IDAC8_1_PM.c **** *  IDAC8_1_backup.enableState: Is modified depending on the enable 
  93:.\Generated_Source\PSoC5/IDAC8_1_PM.c **** *  state of the block before entering sleep mode.
  94:.\Generated_Source\PSoC5/IDAC8_1_PM.c **** *
  95:.\Generated_Source\PSoC5/IDAC8_1_PM.c **** *******************************************************************************/
  96:.\Generated_Source\PSoC5/IDAC8_1_PM.c **** void IDAC8_1_Sleep(void) 
  97:.\Generated_Source\PSoC5/IDAC8_1_PM.c **** {
 155              		.loc 1 97 0
 156              		.cfi_startproc
 157              		@ args = 0, pretend = 0, frame = 0
 158              		@ frame_needed = 1, uses_anonymous_args = 0
 159 0000 80B5     		push	{r7, lr}
 160              	.LCFI4:
 161              		.cfi_def_cfa_offset 8
 162              		.cfi_offset 7, -8
 163              		.cfi_offset 14, -4
 164 0002 00AF     		add	r7, sp, #0
 165              	.LCFI5:
 166              		.cfi_def_cfa_register 7
  98:.\Generated_Source\PSoC5/IDAC8_1_PM.c ****     if(IDAC8_1_ACT_PWR_EN == (IDAC8_1_PWRMGR & IDAC8_1_ACT_PWR_EN))
 167              		.loc 1 98 0
 168 0004 44F2A833 		movw	r3, #17320
 169 0008 C4F20003 		movt	r3, 16384
 170 000c 1B78     		ldrb	r3, [r3, #0]
 171 000e DBB2     		uxtb	r3, r3
 172 0010 03F00103 		and	r3, r3, #1
 173 0014 002B     		cmp	r3, #0
 174 0016 07D0     		beq	.L7
  99:.\Generated_Source\PSoC5/IDAC8_1_PM.c ****     {
 100:.\Generated_Source\PSoC5/IDAC8_1_PM.c ****         /* IDAC8 is enabled */
 101:.\Generated_Source\PSoC5/IDAC8_1_PM.c ****         IDAC8_1_backup.enableState = 1u;
 175              		.loc 1 101 0
 176 0018 40F20003 		movw	r3, #:lower16:IDAC8_1_backup
 177 001c C0F20003 		movt	r3, #:upper16:IDAC8_1_backup
 178 0020 4FF00102 		mov	r2, #1
 179 0024 1A70     		strb	r2, [r3, #0]
 180 0026 06E0     		b	.L8
 181              	.L7:
 102:.\Generated_Source\PSoC5/IDAC8_1_PM.c ****     }
 103:.\Generated_Source\PSoC5/IDAC8_1_PM.c ****     else
 104:.\Generated_Source\PSoC5/IDAC8_1_PM.c ****     {
ARM GAS  C:\Users\Brian\AppData\Local\Temp\ccSkCJiN.s 			page 6


 105:.\Generated_Source\PSoC5/IDAC8_1_PM.c ****         /* IDAC8 is disabled */
 106:.\Generated_Source\PSoC5/IDAC8_1_PM.c ****         IDAC8_1_backup.enableState = 0u;
 182              		.loc 1 106 0
 183 0028 40F20003 		movw	r3, #:lower16:IDAC8_1_backup
 184 002c C0F20003 		movt	r3, #:upper16:IDAC8_1_backup
 185 0030 4FF00002 		mov	r2, #0
 186 0034 1A70     		strb	r2, [r3, #0]
 187              	.L8:
 107:.\Generated_Source\PSoC5/IDAC8_1_PM.c ****     }
 108:.\Generated_Source\PSoC5/IDAC8_1_PM.c **** 
 109:.\Generated_Source\PSoC5/IDAC8_1_PM.c ****     IDAC8_1_Stop();
 188              		.loc 1 109 0
 189 0036 FFF7FEFF 		bl	IDAC8_1_Stop
 110:.\Generated_Source\PSoC5/IDAC8_1_PM.c ****     IDAC8_1_SaveConfig();
 190              		.loc 1 110 0
 191 003a FFF7FEFF 		bl	IDAC8_1_SaveConfig
 111:.\Generated_Source\PSoC5/IDAC8_1_PM.c **** }
 192              		.loc 1 111 0
 193 003e 80BD     		pop	{r7, pc}
 194              		.cfi_endproc
 195              	.LFE2:
 196              		.size	IDAC8_1_Sleep, .-IDAC8_1_Sleep
 197              		.section	.text.IDAC8_1_Wakeup,"ax",%progbits
 198              		.align	2
 199              		.global	IDAC8_1_Wakeup
 200              		.thumb
 201              		.thumb_func
 202              		.type	IDAC8_1_Wakeup, %function
 203              	IDAC8_1_Wakeup:
 204              	.LFB3:
 112:.\Generated_Source\PSoC5/IDAC8_1_PM.c **** 
 113:.\Generated_Source\PSoC5/IDAC8_1_PM.c **** 
 114:.\Generated_Source\PSoC5/IDAC8_1_PM.c **** /*******************************************************************************
 115:.\Generated_Source\PSoC5/IDAC8_1_PM.c **** * Function Name: IDAC8_1_Wakeup
 116:.\Generated_Source\PSoC5/IDAC8_1_PM.c **** ********************************************************************************
 117:.\Generated_Source\PSoC5/IDAC8_1_PM.c **** *
 118:.\Generated_Source\PSoC5/IDAC8_1_PM.c **** * Summary:
 119:.\Generated_Source\PSoC5/IDAC8_1_PM.c **** *  Restores and enables the user configuration
 120:.\Generated_Source\PSoC5/IDAC8_1_PM.c **** *  
 121:.\Generated_Source\PSoC5/IDAC8_1_PM.c **** * Parameters:
 122:.\Generated_Source\PSoC5/IDAC8_1_PM.c **** *  void
 123:.\Generated_Source\PSoC5/IDAC8_1_PM.c **** *
 124:.\Generated_Source\PSoC5/IDAC8_1_PM.c **** * Return:
 125:.\Generated_Source\PSoC5/IDAC8_1_PM.c **** *  void
 126:.\Generated_Source\PSoC5/IDAC8_1_PM.c **** *
 127:.\Generated_Source\PSoC5/IDAC8_1_PM.c **** * Global variables:
 128:.\Generated_Source\PSoC5/IDAC8_1_PM.c **** *  IDAC8_1_backup.enableState: Is used to restore the enable state of 
 129:.\Generated_Source\PSoC5/IDAC8_1_PM.c **** *  block on wakeup from sleep mode.
 130:.\Generated_Source\PSoC5/IDAC8_1_PM.c **** *
 131:.\Generated_Source\PSoC5/IDAC8_1_PM.c **** *******************************************************************************/
 132:.\Generated_Source\PSoC5/IDAC8_1_PM.c **** void IDAC8_1_Wakeup(void) 
 133:.\Generated_Source\PSoC5/IDAC8_1_PM.c **** {
 205              		.loc 1 133 0
 206              		.cfi_startproc
 207              		@ args = 0, pretend = 0, frame = 0
 208              		@ frame_needed = 1, uses_anonymous_args = 0
 209 0000 80B5     		push	{r7, lr}
ARM GAS  C:\Users\Brian\AppData\Local\Temp\ccSkCJiN.s 			page 7


 210              	.LCFI6:
 211              		.cfi_def_cfa_offset 8
 212              		.cfi_offset 7, -8
 213              		.cfi_offset 14, -4
 214 0002 00AF     		add	r7, sp, #0
 215              	.LCFI7:
 216              		.cfi_def_cfa_register 7
 134:.\Generated_Source\PSoC5/IDAC8_1_PM.c ****     IDAC8_1_RestoreConfig();
 217              		.loc 1 134 0
 218 0004 FFF7FEFF 		bl	IDAC8_1_RestoreConfig
 135:.\Generated_Source\PSoC5/IDAC8_1_PM.c ****     
 136:.\Generated_Source\PSoC5/IDAC8_1_PM.c ****     if(IDAC8_1_backup.enableState == 1u)
 219              		.loc 1 136 0
 220 0008 40F20003 		movw	r3, #:lower16:IDAC8_1_backup
 221 000c C0F20003 		movt	r3, #:upper16:IDAC8_1_backup
 222 0010 1B78     		ldrb	r3, [r3, #0]	@ zero_extendqisi2
 223 0012 012B     		cmp	r3, #1
 224 0014 0AD1     		bne	.L9
 137:.\Generated_Source\PSoC5/IDAC8_1_PM.c ****     {
 138:.\Generated_Source\PSoC5/IDAC8_1_PM.c ****         /* Enable IDAC8's operation */
 139:.\Generated_Source\PSoC5/IDAC8_1_PM.c ****         IDAC8_1_Enable();
 225              		.loc 1 139 0
 226 0016 FFF7FEFF 		bl	IDAC8_1_Enable
 140:.\Generated_Source\PSoC5/IDAC8_1_PM.c ****         
 141:.\Generated_Source\PSoC5/IDAC8_1_PM.c ****         /* Set the data register */
 142:.\Generated_Source\PSoC5/IDAC8_1_PM.c ****         IDAC8_1_SetValue(IDAC8_1_Data);
 227              		.loc 1 142 0
 228 001a 4FF4B743 		mov	r3, #23424
 229 001e C4F20003 		movt	r3, 16384
 230 0022 1B78     		ldrb	r3, [r3, #0]
 231 0024 DBB2     		uxtb	r3, r3
 232 0026 1846     		mov	r0, r3
 233 0028 FFF7FEFF 		bl	IDAC8_1_SetValue
 234              	.L9:
 143:.\Generated_Source\PSoC5/IDAC8_1_PM.c ****     } /* Do nothing if IDAC8 was disabled before */    
 144:.\Generated_Source\PSoC5/IDAC8_1_PM.c **** }
 235              		.loc 1 144 0
 236 002c 80BD     		pop	{r7, pc}
 237              		.cfi_endproc
 238              	.LFE3:
 239              		.size	IDAC8_1_Wakeup, .-IDAC8_1_Wakeup
 240 002e 00BF     		.text
 241              	.Letext0:
 242              		.file 2 ".\\Generated_Source\\PSoC5\\cytypes.h"
 243              		.file 3 ".\\Generated_Source\\PSoC5\\IDAC8_1.h"
 244              		.section	.debug_info,"",%progbits
 245              	.Ldebug_info0:
 246 0000 35010000 		.4byte	0x135
 247 0004 0200     		.2byte	0x2
 248 0006 00000000 		.4byte	.Ldebug_abbrev0
 249 000a 04       		.byte	0x4
 250 000b 01       		.uleb128 0x1
 251 000c 51010000 		.4byte	.LASF21
 252 0010 01       		.byte	0x1
 253 0011 25010000 		.4byte	.LASF22
 254 0015 13000000 		.4byte	.LASF23
 255 0019 00000000 		.4byte	.Ldebug_ranges0+0
ARM GAS  C:\Users\Brian\AppData\Local\Temp\ccSkCJiN.s 			page 8


 256 001d 00000000 		.4byte	0
 257 0021 00000000 		.4byte	0
 258 0025 00000000 		.4byte	.Ldebug_line0
 259 0029 02       		.uleb128 0x2
 260 002a 01       		.byte	0x1
 261 002b 06       		.byte	0x6
 262 002c BE010000 		.4byte	.LASF0
 263 0030 02       		.uleb128 0x2
 264 0031 01       		.byte	0x1
 265 0032 08       		.byte	0x8
 266 0033 72000000 		.4byte	.LASF1
 267 0037 02       		.uleb128 0x2
 268 0038 02       		.byte	0x2
 269 0039 05       		.byte	0x5
 270 003a 1B010000 		.4byte	.LASF2
 271 003e 02       		.uleb128 0x2
 272 003f 02       		.byte	0x2
 273 0040 07       		.byte	0x7
 274 0041 A5000000 		.4byte	.LASF3
 275 0045 02       		.uleb128 0x2
 276 0046 04       		.byte	0x4
 277 0047 05       		.byte	0x5
 278 0048 A9010000 		.4byte	.LASF4
 279 004c 02       		.uleb128 0x2
 280 004d 04       		.byte	0x4
 281 004e 07       		.byte	0x7
 282 004f 93000000 		.4byte	.LASF5
 283 0053 02       		.uleb128 0x2
 284 0054 08       		.byte	0x8
 285 0055 05       		.byte	0x5
 286 0056 F9000000 		.4byte	.LASF6
 287 005a 02       		.uleb128 0x2
 288 005b 08       		.byte	0x8
 289 005c 07       		.byte	0x7
 290 005d E2000000 		.4byte	.LASF7
 291 0061 03       		.uleb128 0x3
 292 0062 04       		.byte	0x4
 293 0063 05       		.byte	0x5
 294 0064 696E7400 		.ascii	"int\000"
 295 0068 02       		.uleb128 0x2
 296 0069 04       		.byte	0x4
 297 006a 07       		.byte	0x7
 298 006b D5000000 		.4byte	.LASF8
 299 006f 04       		.uleb128 0x4
 300 0070 4B010000 		.4byte	.LASF12
 301 0074 02       		.byte	0x2
 302 0075 5B       		.byte	0x5b
 303 0076 30000000 		.4byte	0x30
 304 007a 02       		.uleb128 0x2
 305 007b 04       		.byte	0x4
 306 007c 04       		.byte	0x4
 307 007d 6C000000 		.4byte	.LASF9
 308 0081 02       		.uleb128 0x2
 309 0082 08       		.byte	0x8
 310 0083 04       		.byte	0x4
 311 0084 B8000000 		.4byte	.LASF10
 312 0088 02       		.uleb128 0x2
ARM GAS  C:\Users\Brian\AppData\Local\Temp\ccSkCJiN.s 			page 9


 313 0089 01       		.byte	0x1
 314 008a 08       		.byte	0x8
 315 008b 07010000 		.4byte	.LASF11
 316 008f 04       		.uleb128 0x4
 317 0090 8E000000 		.4byte	.LASF13
 318 0094 02       		.byte	0x2
 319 0095 F0       		.byte	0xf0
 320 0096 9A000000 		.4byte	0x9a
 321 009a 05       		.uleb128 0x5
 322 009b 6F000000 		.4byte	0x6f
 323 009f 06       		.uleb128 0x6
 324 00a0 02       		.byte	0x2
 325 00a1 03       		.byte	0x3
 326 00a2 25       		.byte	0x25
 327 00a3 C4000000 		.4byte	0xc4
 328 00a7 07       		.uleb128 0x7
 329 00a8 B2010000 		.4byte	.LASF14
 330 00ac 03       		.byte	0x3
 331 00ad 27       		.byte	0x27
 332 00ae 6F000000 		.4byte	0x6f
 333 00b2 02       		.byte	0x2
 334 00b3 23       		.byte	0x23
 335 00b4 00       		.uleb128 0
 336 00b5 07       		.uleb128 0x7
 337 00b6 61000000 		.4byte	.LASF15
 338 00ba 03       		.byte	0x3
 339 00bb 28       		.byte	0x28
 340 00bc 6F000000 		.4byte	0x6f
 341 00c0 02       		.byte	0x2
 342 00c1 23       		.byte	0x23
 343 00c2 01       		.uleb128 0x1
 344 00c3 00       		.byte	0
 345 00c4 04       		.uleb128 0x4
 346 00c5 CA010000 		.4byte	.LASF16
 347 00c9 03       		.byte	0x3
 348 00ca 29       		.byte	0x29
 349 00cb 9F000000 		.4byte	0x9f
 350 00cf 08       		.uleb128 0x8
 351 00d0 01       		.byte	0x1
 352 00d1 00000000 		.4byte	.LASF17
 353 00d5 01       		.byte	0x1
 354 00d6 26       		.byte	0x26
 355 00d7 01       		.byte	0x1
 356 00d8 00000000 		.4byte	.LFB0
 357 00dc 34000000 		.4byte	.LFE0
 358 00e0 00000000 		.4byte	.LLST0
 359 00e4 01       		.byte	0x1
 360 00e5 08       		.uleb128 0x8
 361 00e6 01       		.byte	0x1
 362 00e7 BF000000 		.4byte	.LASF18
 363 00eb 01       		.byte	0x1
 364 00ec 3D       		.byte	0x3d
 365 00ed 01       		.byte	0x1
 366 00ee 00000000 		.4byte	.LFB1
 367 00f2 94000000 		.4byte	.LFE1
 368 00f6 2C000000 		.4byte	.LLST1
 369 00fa 01       		.byte	0x1
ARM GAS  C:\Users\Brian\AppData\Local\Temp\ccSkCJiN.s 			page 10


 370 00fb 09       		.uleb128 0x9
 371 00fc 01       		.byte	0x1
 372 00fd 80000000 		.4byte	.LASF19
 373 0101 01       		.byte	0x1
 374 0102 60       		.byte	0x60
 375 0103 01       		.byte	0x1
 376 0104 00000000 		.4byte	.LFB2
 377 0108 40000000 		.4byte	.LFE2
 378 010c 58000000 		.4byte	.LLST2
 379 0110 01       		.byte	0x1
 380 0111 09       		.uleb128 0x9
 381 0112 01       		.byte	0x1
 382 0113 9A010000 		.4byte	.LASF20
 383 0117 01       		.byte	0x1
 384 0118 84       		.byte	0x84
 385 0119 01       		.byte	0x1
 386 011a 00000000 		.4byte	.LFB3
 387 011e 2E000000 		.4byte	.LFE3
 388 0122 84000000 		.4byte	.LLST3
 389 0126 01       		.byte	0x1
 390 0127 0A       		.uleb128 0xa
 391 0128 0C010000 		.4byte	.LASF24
 392 012c 01       		.byte	0x1
 393 012d 16       		.byte	0x16
 394 012e C4000000 		.4byte	0xc4
 395 0132 05       		.byte	0x5
 396 0133 03       		.byte	0x3
 397 0134 00000000 		.4byte	IDAC8_1_backup
 398 0138 00       		.byte	0
 399              		.section	.debug_abbrev,"",%progbits
 400              	.Ldebug_abbrev0:
 401 0000 01       		.uleb128 0x1
 402 0001 11       		.uleb128 0x11
 403 0002 01       		.byte	0x1
 404 0003 25       		.uleb128 0x25
 405 0004 0E       		.uleb128 0xe
 406 0005 13       		.uleb128 0x13
 407 0006 0B       		.uleb128 0xb
 408 0007 03       		.uleb128 0x3
 409 0008 0E       		.uleb128 0xe
 410 0009 1B       		.uleb128 0x1b
 411 000a 0E       		.uleb128 0xe
 412 000b 55       		.uleb128 0x55
 413 000c 06       		.uleb128 0x6
 414 000d 11       		.uleb128 0x11
 415 000e 01       		.uleb128 0x1
 416 000f 52       		.uleb128 0x52
 417 0010 01       		.uleb128 0x1
 418 0011 10       		.uleb128 0x10
 419 0012 06       		.uleb128 0x6
 420 0013 00       		.byte	0
 421 0014 00       		.byte	0
 422 0015 02       		.uleb128 0x2
 423 0016 24       		.uleb128 0x24
 424 0017 00       		.byte	0
 425 0018 0B       		.uleb128 0xb
 426 0019 0B       		.uleb128 0xb
ARM GAS  C:\Users\Brian\AppData\Local\Temp\ccSkCJiN.s 			page 11


 427 001a 3E       		.uleb128 0x3e
 428 001b 0B       		.uleb128 0xb
 429 001c 03       		.uleb128 0x3
 430 001d 0E       		.uleb128 0xe
 431 001e 00       		.byte	0
 432 001f 00       		.byte	0
 433 0020 03       		.uleb128 0x3
 434 0021 24       		.uleb128 0x24
 435 0022 00       		.byte	0
 436 0023 0B       		.uleb128 0xb
 437 0024 0B       		.uleb128 0xb
 438 0025 3E       		.uleb128 0x3e
 439 0026 0B       		.uleb128 0xb
 440 0027 03       		.uleb128 0x3
 441 0028 08       		.uleb128 0x8
 442 0029 00       		.byte	0
 443 002a 00       		.byte	0
 444 002b 04       		.uleb128 0x4
 445 002c 16       		.uleb128 0x16
 446 002d 00       		.byte	0
 447 002e 03       		.uleb128 0x3
 448 002f 0E       		.uleb128 0xe
 449 0030 3A       		.uleb128 0x3a
 450 0031 0B       		.uleb128 0xb
 451 0032 3B       		.uleb128 0x3b
 452 0033 0B       		.uleb128 0xb
 453 0034 49       		.uleb128 0x49
 454 0035 13       		.uleb128 0x13
 455 0036 00       		.byte	0
 456 0037 00       		.byte	0
 457 0038 05       		.uleb128 0x5
 458 0039 35       		.uleb128 0x35
 459 003a 00       		.byte	0
 460 003b 49       		.uleb128 0x49
 461 003c 13       		.uleb128 0x13
 462 003d 00       		.byte	0
 463 003e 00       		.byte	0
 464 003f 06       		.uleb128 0x6
 465 0040 13       		.uleb128 0x13
 466 0041 01       		.byte	0x1
 467 0042 0B       		.uleb128 0xb
 468 0043 0B       		.uleb128 0xb
 469 0044 3A       		.uleb128 0x3a
 470 0045 0B       		.uleb128 0xb
 471 0046 3B       		.uleb128 0x3b
 472 0047 0B       		.uleb128 0xb
 473 0048 01       		.uleb128 0x1
 474 0049 13       		.uleb128 0x13
 475 004a 00       		.byte	0
 476 004b 00       		.byte	0
 477 004c 07       		.uleb128 0x7
 478 004d 0D       		.uleb128 0xd
 479 004e 00       		.byte	0
 480 004f 03       		.uleb128 0x3
 481 0050 0E       		.uleb128 0xe
 482 0051 3A       		.uleb128 0x3a
 483 0052 0B       		.uleb128 0xb
ARM GAS  C:\Users\Brian\AppData\Local\Temp\ccSkCJiN.s 			page 12


 484 0053 3B       		.uleb128 0x3b
 485 0054 0B       		.uleb128 0xb
 486 0055 49       		.uleb128 0x49
 487 0056 13       		.uleb128 0x13
 488 0057 38       		.uleb128 0x38
 489 0058 0A       		.uleb128 0xa
 490 0059 00       		.byte	0
 491 005a 00       		.byte	0
 492 005b 08       		.uleb128 0x8
 493 005c 2E       		.uleb128 0x2e
 494 005d 00       		.byte	0
 495 005e 3F       		.uleb128 0x3f
 496 005f 0C       		.uleb128 0xc
 497 0060 03       		.uleb128 0x3
 498 0061 0E       		.uleb128 0xe
 499 0062 3A       		.uleb128 0x3a
 500 0063 0B       		.uleb128 0xb
 501 0064 3B       		.uleb128 0x3b
 502 0065 0B       		.uleb128 0xb
 503 0066 27       		.uleb128 0x27
 504 0067 0C       		.uleb128 0xc
 505 0068 11       		.uleb128 0x11
 506 0069 01       		.uleb128 0x1
 507 006a 12       		.uleb128 0x12
 508 006b 01       		.uleb128 0x1
 509 006c 40       		.uleb128 0x40
 510 006d 06       		.uleb128 0x6
 511 006e 9742     		.uleb128 0x2117
 512 0070 0C       		.uleb128 0xc
 513 0071 00       		.byte	0
 514 0072 00       		.byte	0
 515 0073 09       		.uleb128 0x9
 516 0074 2E       		.uleb128 0x2e
 517 0075 00       		.byte	0
 518 0076 3F       		.uleb128 0x3f
 519 0077 0C       		.uleb128 0xc
 520 0078 03       		.uleb128 0x3
 521 0079 0E       		.uleb128 0xe
 522 007a 3A       		.uleb128 0x3a
 523 007b 0B       		.uleb128 0xb
 524 007c 3B       		.uleb128 0x3b
 525 007d 0B       		.uleb128 0xb
 526 007e 27       		.uleb128 0x27
 527 007f 0C       		.uleb128 0xc
 528 0080 11       		.uleb128 0x11
 529 0081 01       		.uleb128 0x1
 530 0082 12       		.uleb128 0x12
 531 0083 01       		.uleb128 0x1
 532 0084 40       		.uleb128 0x40
 533 0085 06       		.uleb128 0x6
 534 0086 9642     		.uleb128 0x2116
 535 0088 0C       		.uleb128 0xc
 536 0089 00       		.byte	0
 537 008a 00       		.byte	0
 538 008b 0A       		.uleb128 0xa
 539 008c 34       		.uleb128 0x34
 540 008d 00       		.byte	0
ARM GAS  C:\Users\Brian\AppData\Local\Temp\ccSkCJiN.s 			page 13


 541 008e 03       		.uleb128 0x3
 542 008f 0E       		.uleb128 0xe
 543 0090 3A       		.uleb128 0x3a
 544 0091 0B       		.uleb128 0xb
 545 0092 3B       		.uleb128 0x3b
 546 0093 0B       		.uleb128 0xb
 547 0094 49       		.uleb128 0x49
 548 0095 13       		.uleb128 0x13
 549 0096 02       		.uleb128 0x2
 550 0097 0A       		.uleb128 0xa
 551 0098 00       		.byte	0
 552 0099 00       		.byte	0
 553 009a 00       		.byte	0
 554              		.section	.debug_loc,"",%progbits
 555              	.Ldebug_loc0:
 556              	.LLST0:
 557 0000 00000000 		.4byte	.LFB0
 558 0004 02000000 		.4byte	.LCFI0
 559 0008 0200     		.2byte	0x2
 560 000a 7D       		.byte	0x7d
 561 000b 00       		.sleb128 0
 562 000c 02000000 		.4byte	.LCFI0
 563 0010 04000000 		.4byte	.LCFI1
 564 0014 0200     		.2byte	0x2
 565 0016 7D       		.byte	0x7d
 566 0017 04       		.sleb128 4
 567 0018 04000000 		.4byte	.LCFI1
 568 001c 34000000 		.4byte	.LFE0
 569 0020 0200     		.2byte	0x2
 570 0022 77       		.byte	0x77
 571 0023 04       		.sleb128 4
 572 0024 00000000 		.4byte	0
 573 0028 00000000 		.4byte	0
 574              	.LLST1:
 575 002c 00000000 		.4byte	.LFB1
 576 0030 02000000 		.4byte	.LCFI2
 577 0034 0200     		.2byte	0x2
 578 0036 7D       		.byte	0x7d
 579 0037 00       		.sleb128 0
 580 0038 02000000 		.4byte	.LCFI2
 581 003c 04000000 		.4byte	.LCFI3
 582 0040 0200     		.2byte	0x2
 583 0042 7D       		.byte	0x7d
 584 0043 04       		.sleb128 4
 585 0044 04000000 		.4byte	.LCFI3
 586 0048 94000000 		.4byte	.LFE1
 587 004c 0200     		.2byte	0x2
 588 004e 77       		.byte	0x77
 589 004f 04       		.sleb128 4
 590 0050 00000000 		.4byte	0
 591 0054 00000000 		.4byte	0
 592              	.LLST2:
 593 0058 00000000 		.4byte	.LFB2
 594 005c 02000000 		.4byte	.LCFI4
 595 0060 0200     		.2byte	0x2
 596 0062 7D       		.byte	0x7d
 597 0063 00       		.sleb128 0
ARM GAS  C:\Users\Brian\AppData\Local\Temp\ccSkCJiN.s 			page 14


 598 0064 02000000 		.4byte	.LCFI4
 599 0068 04000000 		.4byte	.LCFI5
 600 006c 0200     		.2byte	0x2
 601 006e 7D       		.byte	0x7d
 602 006f 08       		.sleb128 8
 603 0070 04000000 		.4byte	.LCFI5
 604 0074 40000000 		.4byte	.LFE2
 605 0078 0200     		.2byte	0x2
 606 007a 77       		.byte	0x77
 607 007b 08       		.sleb128 8
 608 007c 00000000 		.4byte	0
 609 0080 00000000 		.4byte	0
 610              	.LLST3:
 611 0084 00000000 		.4byte	.LFB3
 612 0088 02000000 		.4byte	.LCFI6
 613 008c 0200     		.2byte	0x2
 614 008e 7D       		.byte	0x7d
 615 008f 00       		.sleb128 0
 616 0090 02000000 		.4byte	.LCFI6
 617 0094 04000000 		.4byte	.LCFI7
 618 0098 0200     		.2byte	0x2
 619 009a 7D       		.byte	0x7d
 620 009b 08       		.sleb128 8
 621 009c 04000000 		.4byte	.LCFI7
 622 00a0 2E000000 		.4byte	.LFE3
 623 00a4 0200     		.2byte	0x2
 624 00a6 77       		.byte	0x77
 625 00a7 08       		.sleb128 8
 626 00a8 00000000 		.4byte	0
 627 00ac 00000000 		.4byte	0
 628              		.section	.debug_aranges,"",%progbits
 629 0000 34000000 		.4byte	0x34
 630 0004 0200     		.2byte	0x2
 631 0006 00000000 		.4byte	.Ldebug_info0
 632 000a 04       		.byte	0x4
 633 000b 00       		.byte	0
 634 000c 0000     		.2byte	0
 635 000e 0000     		.2byte	0
 636 0010 00000000 		.4byte	.LFB0
 637 0014 34000000 		.4byte	.LFE0-.LFB0
 638 0018 00000000 		.4byte	.LFB1
 639 001c 94000000 		.4byte	.LFE1-.LFB1
 640 0020 00000000 		.4byte	.LFB2
 641 0024 40000000 		.4byte	.LFE2-.LFB2
 642 0028 00000000 		.4byte	.LFB3
 643 002c 2E000000 		.4byte	.LFE3-.LFB3
 644 0030 00000000 		.4byte	0
 645 0034 00000000 		.4byte	0
 646              		.section	.debug_ranges,"",%progbits
 647              	.Ldebug_ranges0:
 648 0000 00000000 		.4byte	.LFB0
 649 0004 34000000 		.4byte	.LFE0
 650 0008 00000000 		.4byte	.LFB1
 651 000c 94000000 		.4byte	.LFE1
 652 0010 00000000 		.4byte	.LFB2
 653 0014 40000000 		.4byte	.LFE2
 654 0018 00000000 		.4byte	.LFB3
ARM GAS  C:\Users\Brian\AppData\Local\Temp\ccSkCJiN.s 			page 15


 655 001c 2E000000 		.4byte	.LFE3
 656 0020 00000000 		.4byte	0
 657 0024 00000000 		.4byte	0
 658              		.section	.debug_line,"",%progbits
 659              	.Ldebug_line0:
 660 0000 AF000000 		.section	.debug_str,"MS",%progbits,1
 660      02005600 
 660      00000201 
 660      FB0E0D00 
 660      01010101 
 661              	.LASF17:
 662 0000 49444143 		.ascii	"IDAC8_1_SaveConfig\000"
 662      385F315F 
 662      53617665 
 662      436F6E66 
 662      696700
 663              	.LASF23:
 664 0013 433A5C55 		.ascii	"C:\\Users\\Brian\\Dropbox\\RPiSoC\\Projects\\PSoC_2"
 664      73657273 
 664      5C427269 
 664      616E5C44 
 664      726F7062 
 665 0040 5F50695C 		.ascii	"_Pi\\PSoC Creator\\PSoC_2_Pi.cydsn\000"
 665      50536F43 
 665      20437265 
 665      61746F72 
 665      5C50536F 
 666              	.LASF15:
 667 0061 64617461 		.ascii	"data_value\000"
 667      5F76616C 
 667      756500
 668              	.LASF9:
 669 006c 666C6F61 		.ascii	"float\000"
 669      7400
 670              	.LASF1:
 671 0072 756E7369 		.ascii	"unsigned char\000"
 671      676E6564 
 671      20636861 
 671      7200
 672              	.LASF19:
 673 0080 49444143 		.ascii	"IDAC8_1_Sleep\000"
 673      385F315F 
 673      536C6565 
 673      7000
 674              	.LASF13:
 675 008e 72656738 		.ascii	"reg8\000"
 675      00
 676              	.LASF5:
 677 0093 6C6F6E67 		.ascii	"long unsigned int\000"
 677      20756E73 
 677      69676E65 
 677      6420696E 
 677      7400
 678              	.LASF3:
 679 00a5 73686F72 		.ascii	"short unsigned int\000"
 679      7420756E 
 679      7369676E 
ARM GAS  C:\Users\Brian\AppData\Local\Temp\ccSkCJiN.s 			page 16


 679      65642069 
 679      6E7400
 680              	.LASF10:
 681 00b8 646F7562 		.ascii	"double\000"
 681      6C6500
 682              	.LASF18:
 683 00bf 49444143 		.ascii	"IDAC8_1_RestoreConfig\000"
 683      385F315F 
 683      52657374 
 683      6F726543 
 683      6F6E6669 
 684              	.LASF8:
 685 00d5 756E7369 		.ascii	"unsigned int\000"
 685      676E6564 
 685      20696E74 
 685      00
 686              	.LASF7:
 687 00e2 6C6F6E67 		.ascii	"long long unsigned int\000"
 687      206C6F6E 
 687      6720756E 
 687      7369676E 
 687      65642069 
 688              	.LASF6:
 689 00f9 6C6F6E67 		.ascii	"long long int\000"
 689      206C6F6E 
 689      6720696E 
 689      7400
 690              	.LASF11:
 691 0107 63686172 		.ascii	"char\000"
 691      00
 692              	.LASF24:
 693 010c 49444143 		.ascii	"IDAC8_1_backup\000"
 693      385F315F 
 693      6261636B 
 693      757000
 694              	.LASF2:
 695 011b 73686F72 		.ascii	"short int\000"
 695      7420696E 
 695      7400
 696              	.LASF22:
 697 0125 2E5C4765 		.ascii	".\\Generated_Source\\PSoC5\\IDAC8_1_PM.c\000"
 697      6E657261 
 697      7465645F 
 697      536F7572 
 697      63655C50 
 698              	.LASF12:
 699 014b 75696E74 		.ascii	"uint8\000"
 699      3800
 700              	.LASF21:
 701 0151 474E5520 		.ascii	"GNU C 4.7.3 20130312 (release) [ARM/embedded-4_7-br"
 701      4320342E 
 701      372E3320 
 701      32303133 
 701      30333132 
 702 0184 616E6368 		.ascii	"anch revision 196615]\000"
 702      20726576 
 702      6973696F 
ARM GAS  C:\Users\Brian\AppData\Local\Temp\ccSkCJiN.s 			page 17


 702      6E203139 
 702      36363135 
 703              	.LASF20:
 704 019a 49444143 		.ascii	"IDAC8_1_Wakeup\000"
 704      385F315F 
 704      57616B65 
 704      757000
 705              	.LASF4:
 706 01a9 6C6F6E67 		.ascii	"long int\000"
 706      20696E74 
 706      00
 707              	.LASF14:
 708 01b2 656E6162 		.ascii	"enableState\000"
 708      6C655374 
 708      61746500 
 709              	.LASF0:
 710 01be 7369676E 		.ascii	"signed char\000"
 710      65642063 
 710      68617200 
 711              	.LASF16:
 712 01ca 49444143 		.ascii	"IDAC8_1_backupStruct\000"
 712      385F315F 
 712      6261636B 
 712      75705374 
 712      72756374 
 713              		.ident	"GCC: (GNU Tools for ARM Embedded Processors) 4.7.3 20130312 (release) [ARM/embedded-4_7-br
