ARM GAS  C:\Users\Robert\AppData\Local\Temp\ccuq6WQh.s 			page 1


   1              		.syntax unified
   2              		.cpu cortex-m3
   3              		.fpu softvfp
   4              		.eabi_attribute 20, 1
   5              		.eabi_attribute 21, 1
   6              		.eabi_attribute 23, 3
   7              		.eabi_attribute 24, 1
   8              		.eabi_attribute 25, 1
   9              		.eabi_attribute 26, 1
  10              		.eabi_attribute 30, 6
  11              		.eabi_attribute 34, 1
  12              		.eabi_attribute 18, 4
  13              		.thumb
  14              		.file	"main.c"
  15              		.text
  16              	.Ltext0:
  17              		.cfi_sections	.debug_frame
  18              		.comm	WR_buf,4,4
  19              		.global	RD_buf
  20              		.bss
  21              		.align	2
  22              		.type	RD_buf, %object
  23              		.size	RD_buf, 4
  24              	RD_buf:
  25 0000 00000000 		.space	4
  26              		.section	.text.main,"ax",%progbits
  27              		.align	2
  28              		.global	main
  29              		.thumb
  30              		.thumb_func
  31              		.type	main, %function
  32              	main:
  33              	.LFB56:
  34              		.file 1 ".\\main.c"
   1:.\main.c      **** /**
   2:.\main.c      **** * \file main.c
   3:.\main.c      **** * \brief This file will receive data from an SPI Master device, and pass it along 
   4:.\main.c      **** *   to mem1.c where data will be returned to the SPI Master when applicable
   5:.\main.c      **** *   
   6:.\main.c      **** *
   7:.\main.c      **** * Version 1.1
   8:.\main.c      **** *
   9:.\main.c      **** * \author Brian Bradley
  10:.\main.c      **** *
  11:.\main.c      **** * \bug No known bugs, but I2C is untested
  12:.\main.c      **** *
  13:.\main.c      **** * 
  14:.\main.c      **** *
  15:.\main.c      **** * Copyright Embedit Electronics
  16:.\main.c      **** * 
  17:.\main.c      **** */
  18:.\main.c      **** #include <project.h>
  19:.\main.c      **** //#include <device.h>
  20:.\main.c      **** #include <stdio.h>
  21:.\main.c      **** #include <mem1.h>
  22:.\main.c      **** 
  23:.\main.c      **** #ifdef CY_I2C_I2C_1_H
ARM GAS  C:\Users\Robert\AppData\Local\Temp\ccuq6WQh.s 			page 2


  24:.\main.c      ****     uint8 WR_buf[I2C_BUFFER_SIZE]; 
  25:.\main.c      ****     uint8 RD_buf[I2C_BUFFER_SIZE] = {0,0,0,0};
  26:.\main.c      **** #endif
  27:.\main.c      **** 
  28:.\main.c      **** int main()
  29:.\main.c      **** {
  35              		.loc 1 29 0
  36              		.cfi_startproc
  37              		@ args = 0, pretend = 0, frame = 16
  38              		@ frame_needed = 1, uses_anonymous_args = 0
  39 0000 80B5     		push	{r7, lr}
  40              	.LCFI0:
  41              		.cfi_def_cfa_offset 8
  42              		.cfi_offset 7, -8
  43              		.cfi_offset 14, -4
  44 0002 84B0     		sub	sp, sp, #16
  45              	.LCFI1:
  46              		.cfi_def_cfa_offset 24
  47 0004 00AF     		add	r7, sp, #0
  48              	.LCFI2:
  49              		.cfi_def_cfa_register 7
  30:.\main.c      ****     /* Place your initialization/startup code here (e.g. MyInst_Start()) */
  31:.\main.c      ****     #ifdef CY_SPIS_SPIS_1_H
  32:.\main.c      ****         SPIS_1_Start();
  33:.\main.c      ****         SPIS_1_ClearFIFO();
  34:.\main.c      ****         SPIS_1_ClearRxBuffer();
  35:.\main.c      ****         SPIS_1_ClearTxBuffer();
  36:.\main.c      ****     #endif
  37:.\main.c      **** 
  38:.\main.c      ****     #ifdef CY_I2C_I2C_1_H
  39:.\main.c      ****         I2C_1_SlaveInitReadBuf(RD_buf,  I2C_BUFFER_SIZE);
  50              		.loc 1 39 0
  51 0006 40F20000 		movw	r0, #:lower16:RD_buf
  52 000a C0F20000 		movt	r0, #:upper16:RD_buf
  53 000e 4FF00401 		mov	r1, #4
  54 0012 FFF7FEFF 		bl	I2C_1_SlaveInitReadBuf
  40:.\main.c      ****         I2C_1_SlaveInitWriteBuf(WR_buf,  I2C_BUFFER_SIZE);
  55              		.loc 1 40 0
  56 0016 40F20000 		movw	r0, #:lower16:WR_buf
  57 001a C0F20000 		movt	r0, #:upper16:WR_buf
  58 001e 4FF00401 		mov	r1, #4
  59 0022 FFF7FEFF 		bl	I2C_1_SlaveInitWriteBuf
  41:.\main.c      ****         I2C_1_Start();
  60              		.loc 1 41 0
  61 0026 FFF7FEFF 		bl	I2C_1_Start
  42:.\main.c      ****     #endif
  43:.\main.c      ****     
  44:.\main.c      ****     CyGlobalIntEnable;  /* enable global interrupts. */
  62              		.loc 1 44 0
  63              	@ 44 ".\main.c" 1
  64 002a 62B6     		CPSIE   i
  65              	@ 0 "" 2
  66              		.thumb
  67              	.L2:
  68              	.LBB2:
  45:.\main.c      ****     
  46:.\main.c      ****     /* Gets data from the Pi and send it to mem1.c*/
ARM GAS  C:\Users\Robert\AppData\Local\Temp\ccuq6WQh.s 			page 3


  47:.\main.c      ****     for(;;)
  48:.\main.c      ****     {
  49:.\main.c      ****       
  50:.\main.c      ****         uint32 input = ReadFrom_Pi();
  69              		.loc 1 50 0 discriminator 1
  70 002c FFF7FEFF 		bl	ReadFrom_Pi
  71 0030 F860     		str	r0, [r7, #12]
  51:.\main.c      ****         
  52:.\main.c      ****         uint8 addr = (input & 0xFF000000)>>24;
  72              		.loc 1 52 0 discriminator 1
  73 0032 FB68     		ldr	r3, [r7, #12]
  74 0034 4FEA1363 		lsr	r3, r3, #24
  75 0038 FB72     		strb	r3, [r7, #11]
  53:.\main.c      ****         uint8 cmd = (input & 0x00FF0000)>>16;
  76              		.loc 1 53 0 discriminator 1
  77 003a FB68     		ldr	r3, [r7, #12]
  78 003c 03F47F03 		and	r3, r3, #16711680
  79 0040 4FEA1343 		lsr	r3, r3, #16
  80 0044 BB72     		strb	r3, [r7, #10]
  54:.\main.c      ****         uint8 dat_lo = (input & 0x0000FF00)>>8;
  81              		.loc 1 54 0 discriminator 1
  82 0046 FB68     		ldr	r3, [r7, #12]
  83 0048 03F47F43 		and	r3, r3, #65280
  84 004c 4FEA1323 		lsr	r3, r3, #8
  85 0050 7B72     		strb	r3, [r7, #9]
  55:.\main.c      ****         uint8 dat_hi = input & 0x000000FF;
  86              		.loc 1 55 0 discriminator 1
  87 0052 FB68     		ldr	r3, [r7, #12]
  88 0054 3B72     		strb	r3, [r7, #8]
  56:.\main.c      ****         uint16 dat = (dat_hi<<8) | dat_lo;
  89              		.loc 1 56 0 discriminator 1
  90 0056 3B7A     		ldrb	r3, [r7, #8]	@ zero_extendqisi2
  91 0058 4FEA0323 		lsl	r3, r3, #8
  92 005c 9AB2     		uxth	r2, r3
  93 005e 7B7A     		ldrb	r3, [r7, #9]	@ zero_extendqisi2
  94 0060 9BB2     		uxth	r3, r3
  95 0062 1343     		orrs	r3, r3, r2
  96 0064 9BB2     		uxth	r3, r3
  97 0066 FB80     		strh	r3, [r7, #6]	@ movhi
  57:.\main.c      ****         
  58:.\main.c      ****         readData(addr,cmd,dat); 
  98              		.loc 1 58 0 discriminator 1
  99 0068 F97A     		ldrb	r1, [r7, #11]	@ zero_extendqisi2
 100 006a BA7A     		ldrb	r2, [r7, #10]	@ zero_extendqisi2
 101 006c FB88     		ldrh	r3, [r7, #6]
 102 006e 0846     		mov	r0, r1
 103 0070 1146     		mov	r1, r2
 104 0072 1A46     		mov	r2, r3
 105 0074 FFF7FEFF 		bl	readData
 106              	.LBE2:
  59:.\main.c      ****         
  60:.\main.c      ****         /*          Add your code here            */
  61:.\main.c      ****         
  62:.\main.c      ****     }
 107              		.loc 1 62 0 discriminator 1
 108 0078 D8E7     		b	.L2
 109              		.cfi_endproc
ARM GAS  C:\Users\Robert\AppData\Local\Temp\ccuq6WQh.s 			page 4


 110              	.LFE56:
 111              		.size	main, .-main
 112 007a 00BF     		.section	.text.ReadFrom_Pi,"ax",%progbits
 113              		.align	2
 114              		.global	ReadFrom_Pi
 115              		.thumb
 116              		.thumb_func
 117              		.type	ReadFrom_Pi, %function
 118              	ReadFrom_Pi:
 119              	.LFB57:
  63:.\main.c      **** }
  64:.\main.c      **** 
  65:.\main.c      ****    
  66:.\main.c      **** 
  67:.\main.c      **** 
  68:.\main.c      **** 
  69:.\main.c      **** 
  70:.\main.c      **** 
  71:.\main.c      **** 
  72:.\main.c      **** 
  73:.\main.c      **** 
  74:.\main.c      **** 
  75:.\main.c      **** /****************************************************************************************//**
  76:.\main.c      **** *  @brief receives 4 bytes of data from a Master Device, merges them into a 32 bit number, and
  77:.\main.c      **** *         returns the result
  78:.\main.c      **** *
  79:.\main.c      **** *  @return: 32-bit number which contains all 4 bytes of transferred data, where the MSB is the 
  80:.\main.c      ****             first item received.
  81:.\main.c      **** *
  82:.\main.c      **** *********************************************************************************************/
  83:.\main.c      ****     
  84:.\main.c      ****     uint32 ReadFrom_Pi(void)
  85:.\main.c      ****     {   
 120              		.loc 1 85 0
 121              		.cfi_startproc
 122              		@ args = 0, pretend = 0, frame = 16
 123              		@ frame_needed = 1, uses_anonymous_args = 0
 124 0000 80B5     		push	{r7, lr}
 125              	.LCFI3:
 126              		.cfi_def_cfa_offset 8
 127              		.cfi_offset 7, -8
 128              		.cfi_offset 14, -4
 129 0002 84B0     		sub	sp, sp, #16
 130              	.LCFI4:
 131              		.cfi_def_cfa_offset 24
 132 0004 00AF     		add	r7, sp, #0
 133              	.LCFI5:
 134              		.cfi_def_cfa_register 7
  86:.\main.c      ****         uint8 addr = 0;
 135              		.loc 1 86 0
 136 0006 4FF00003 		mov	r3, #0
 137 000a FB73     		strb	r3, [r7, #15]
  87:.\main.c      ****         uint8 cmd = 0;
 138              		.loc 1 87 0
 139 000c 4FF00003 		mov	r3, #0
 140 0010 BB73     		strb	r3, [r7, #14]
  88:.\main.c      ****         uint8 dat_lo = 0;
ARM GAS  C:\Users\Robert\AppData\Local\Temp\ccuq6WQh.s 			page 5


 141              		.loc 1 88 0
 142 0012 4FF00003 		mov	r3, #0
 143 0016 7B73     		strb	r3, [r7, #13]
  89:.\main.c      ****         uint8 dat_hi = 0;
 144              		.loc 1 89 0
 145 0018 4FF00003 		mov	r3, #0
 146 001c 3B73     		strb	r3, [r7, #12]
  90:.\main.c      ****         
  91:.\main.c      ****         /* SPI READ HANDLER */
  92:.\main.c      ****         #ifdef CY_SPIS_SPIS_1_H
  93:.\main.c      ****             while(!SPIS_1_GetRxBufferSize()){/* Wait until the Rx buffer isn't empty */}
  94:.\main.c      ****                 addr = SPIS_1_ReadRxData();
  95:.\main.c      ****     	    while(!SPIS_1_GetRxBufferSize()){/* Wait until the Rx buffer isn't empty */}
  96:.\main.c      ****     	        cmd = SPIS_1_ReadRxData();
  97:.\main.c      ****     	    while(!SPIS_1_GetRxBufferSize()){/* Wait until the Rx buffer isn't empty */}
  98:.\main.c      ****     	        dat_lo = SPIS_1_ReadRxData();
  99:.\main.c      ****             while(!SPIS_1_GetRxBufferSize()){/* Wait until the Rx buffer isn't empty */}
 100:.\main.c      ****     	        dat_hi = SPIS_1_ReadRxData();
 101:.\main.c      ****         #endif
 102:.\main.c      ****       
 103:.\main.c      ****         /* I2C READ HANDLER */
 104:.\main.c      ****         #ifdef CY_I2C_I2C_1_H
 105:.\main.c      ****             while (!I2C_1_SlaveGetWriteBufSize()){}
 147              		.loc 1 105 0
 148 001e 00BF     		nop
 149              	.L4:
 150              		.loc 1 105 0 is_stmt 0 discriminator 1
 151 0020 FFF7FEFF 		bl	I2C_1_SlaveGetWriteBufSize
 152 0024 0346     		mov	r3, r0
 153 0026 002B     		cmp	r3, #0
 154 0028 FAD0     		beq	.L4
 106:.\main.c      ****             /* wait until I2C master is not writing or reading from the Buffer */
 107:.\main.c      ****             while (!(I2C_1_SlaveStatus() & I2C_1_SSTAT_WR_CMPLT)){}         
 155              		.loc 1 107 0 is_stmt 1
 156 002a 00BF     		nop
 157              	.L5:
 158              		.loc 1 107 0 is_stmt 0 discriminator 1
 159 002c FFF7FEFF 		bl	I2C_1_SlaveStatus
 160 0030 0346     		mov	r3, r0
 161 0032 03F01003 		and	r3, r3, #16
 162 0036 002B     		cmp	r3, #0
 163 0038 F8D0     		beq	.L5
 108:.\main.c      ****                 uint8 byteCount = I2C_1_SlaveGetWriteBufSize(); 
 164              		.loc 1 108 0 is_stmt 1
 165 003a FFF7FEFF 		bl	I2C_1_SlaveGetWriteBufSize
 166 003e 0346     		mov	r3, r0
 167 0040 FB72     		strb	r3, [r7, #11]
 109:.\main.c      ****            
 110:.\main.c      ****                 addr = WR_buf[0];
 168              		.loc 1 110 0
 169 0042 40F20003 		movw	r3, #:lower16:WR_buf
 170 0046 C0F20003 		movt	r3, #:upper16:WR_buf
 171 004a 1B78     		ldrb	r3, [r3, #0]
 172 004c FB73     		strb	r3, [r7, #15]
 111:.\main.c      ****                 cmd = WR_buf[1];
 173              		.loc 1 111 0
 174 004e 40F20003 		movw	r3, #:lower16:WR_buf
ARM GAS  C:\Users\Robert\AppData\Local\Temp\ccuq6WQh.s 			page 6


 175 0052 C0F20003 		movt	r3, #:upper16:WR_buf
 176 0056 5B78     		ldrb	r3, [r3, #1]
 177 0058 BB73     		strb	r3, [r7, #14]
 112:.\main.c      ****                 dat_lo = WR_buf[2];
 178              		.loc 1 112 0
 179 005a 40F20003 		movw	r3, #:lower16:WR_buf
 180 005e C0F20003 		movt	r3, #:upper16:WR_buf
 181 0062 9B78     		ldrb	r3, [r3, #2]
 182 0064 7B73     		strb	r3, [r7, #13]
 113:.\main.c      ****                 dat_hi = WR_buf[3];
 183              		.loc 1 113 0
 184 0066 40F20003 		movw	r3, #:lower16:WR_buf
 185 006a C0F20003 		movt	r3, #:upper16:WR_buf
 186 006e DB78     		ldrb	r3, [r3, #3]
 187 0070 3B73     		strb	r3, [r7, #12]
 114:.\main.c      ****                 
 115:.\main.c      ****                 I2C_1_SlaveClearWriteStatus();
 188              		.loc 1 115 0
 189 0072 FFF7FEFF 		bl	I2C_1_SlaveClearWriteStatus
 116:.\main.c      ****                 I2C_1_SlaveClearWriteBuf();
 190              		.loc 1 116 0
 191 0076 FFF7FEFF 		bl	I2C_1_SlaveClearWriteBuf
 117:.\main.c      ****                 
 118:.\main.c      ****         #endif
 119:.\main.c      ****   
 120:.\main.c      ****         
 121:.\main.c      ****         uint32 input = (((addr<<24)|(cmd<<16))|(dat_lo<<8))|(dat_hi);
 192              		.loc 1 121 0
 193 007a FB7B     		ldrb	r3, [r7, #15]	@ zero_extendqisi2
 194 007c 4FEA0362 		lsl	r2, r3, #24
 195 0080 BB7B     		ldrb	r3, [r7, #14]	@ zero_extendqisi2
 196 0082 4FEA0343 		lsl	r3, r3, #16
 197 0086 1A43     		orrs	r2, r2, r3
 198 0088 7B7B     		ldrb	r3, [r7, #13]	@ zero_extendqisi2
 199 008a 4FEA0323 		lsl	r3, r3, #8
 200 008e 1A43     		orrs	r2, r2, r3
 201 0090 3B7B     		ldrb	r3, [r7, #12]	@ zero_extendqisi2
 202 0092 1343     		orrs	r3, r3, r2
 203 0094 7B60     		str	r3, [r7, #4]
 122:.\main.c      ****         return input;
 204              		.loc 1 122 0
 205 0096 7B68     		ldr	r3, [r7, #4]
 123:.\main.c      ****     }
 206              		.loc 1 123 0
 207 0098 1846     		mov	r0, r3
 208 009a 07F11007 		add	r7, r7, #16
 209 009e BD46     		mov	sp, r7
 210 00a0 80BD     		pop	{r7, pc}
 211              		.cfi_endproc
 212              	.LFE57:
 213              		.size	ReadFrom_Pi, .-ReadFrom_Pi
 214 00a2 00BF     		.section	.text.WriteTo_Pi,"ax",%progbits
 215              		.align	2
 216              		.global	WriteTo_Pi
 217              		.thumb
 218              		.thumb_func
 219              		.type	WriteTo_Pi, %function
ARM GAS  C:\Users\Robert\AppData\Local\Temp\ccuq6WQh.s 			page 7


 220              	WriteTo_Pi:
 221              	.LFB58:
 124:.\main.c      ****     
 125:.\main.c      **** /****************************************************************************************//**
 126:.\main.c      **** *  @brief Writes data back to the Master device when appropriate. 
 127:.\main.c      **** *
 128:.\main.c      **** *  @param dat: 32-bit number which is to be sent to the Master device. It is split into 4
 129:.\main.c      **** *              individual bytes, and transferred one at a time starting with the lowest byte
 130:.\main.c      **** *
 131:.\main.c      **** *********************************************************************************************/
 132:.\main.c      ****     
 133:.\main.c      ****     void WriteTo_Pi(uint32 dat)
 134:.\main.c      ****     {
 222              		.loc 1 134 0
 223              		.cfi_startproc
 224              		@ args = 0, pretend = 0, frame = 16
 225              		@ frame_needed = 1, uses_anonymous_args = 0
 226 0000 80B5     		push	{r7, lr}
 227              	.LCFI6:
 228              		.cfi_def_cfa_offset 8
 229              		.cfi_offset 7, -8
 230              		.cfi_offset 14, -4
 231 0002 84B0     		sub	sp, sp, #16
 232              	.LCFI7:
 233              		.cfi_def_cfa_offset 24
 234 0004 00AF     		add	r7, sp, #0
 235              	.LCFI8:
 236              		.cfi_def_cfa_register 7
 237 0006 7860     		str	r0, [r7, #4]
 135:.\main.c      ****         
 136:.\main.c      ****         
 137:.\main.c      ****             uint8 out_hi = (dat & 0xFF000000)>>24;
 238              		.loc 1 137 0
 239 0008 7B68     		ldr	r3, [r7, #4]
 240 000a 4FEA1363 		lsr	r3, r3, #24
 241 000e FB73     		strb	r3, [r7, #15]
 138:.\main.c      ****             uint8 out_mid_hi = (dat & 0x00FF0000)>>16;
 242              		.loc 1 138 0
 243 0010 7B68     		ldr	r3, [r7, #4]
 244 0012 03F47F03 		and	r3, r3, #16711680
 245 0016 4FEA1343 		lsr	r3, r3, #16
 246 001a BB73     		strb	r3, [r7, #14]
 139:.\main.c      ****             uint8 out_mid_lo = (dat & 0x0000FF00)>>8;
 247              		.loc 1 139 0
 248 001c 7B68     		ldr	r3, [r7, #4]
 249 001e 03F47F43 		and	r3, r3, #65280
 250 0022 4FEA1323 		lsr	r3, r3, #8
 251 0026 7B73     		strb	r3, [r7, #13]
 140:.\main.c      ****             uint8 out_lo = dat & 0x000000FF;
 252              		.loc 1 140 0
 253 0028 7B68     		ldr	r3, [r7, #4]
 254 002a 3B73     		strb	r3, [r7, #12]
 141:.\main.c      ****         
 142:.\main.c      ****         /* SPI WRITE HANDLER */
 143:.\main.c      ****         #ifdef CY_SPIS_SPIS_1_H
 144:.\main.c      ****             SPIS_1_ClearTxBuffer();
 145:.\main.c      ****             SPIS_1_ClearFIFO();    //Clear the SPI buffers
ARM GAS  C:\Users\Robert\AppData\Local\Temp\ccuq6WQh.s 			page 8


 146:.\main.c      ****             SPIS_1_ClearRxBuffer();
 147:.\main.c      ****             
 148:.\main.c      ****             uint8 SPI_buffer[3] = {out_mid_lo, out_mid_hi, out_hi};
 149:.\main.c      ****             SPIS_1_WriteTxDataZero(out_lo);
 150:.\main.c      ****             SPIS_1_PutArray(SPI_buffer, 3);
 151:.\main.c      ****            
 152:.\main.c      ****             while(!(SPIS_1_ReadTxStatus() & SPIS_1_STS_SPI_DONE)); //Wait until Tx buffer empties  
 153:.\main.c      ****         #endif
 154:.\main.c      ****         
 155:.\main.c      ****         /* I2C WRITE HANDLER */
 156:.\main.c      ****         #ifdef CY_I2C_I2C_1_H
 157:.\main.c      ****             while (I2C_1_SlaveGetReadBufSize()){}
 255              		.loc 1 157 0
 256 002c 00BF     		nop
 257              	.L8:
 258              		.loc 1 157 0 is_stmt 0 discriminator 1
 259 002e FFF7FEFF 		bl	I2C_1_SlaveGetReadBufSize
 260 0032 0346     		mov	r3, r0
 261 0034 002B     		cmp	r3, #0
 262 0036 FAD1     		bne	.L8
 158:.\main.c      ****             RD_buf[0] = out_lo;
 263              		.loc 1 158 0 is_stmt 1
 264 0038 40F20003 		movw	r3, #:lower16:RD_buf
 265 003c C0F20003 		movt	r3, #:upper16:RD_buf
 266 0040 3A7B     		ldrb	r2, [r7, #12]
 267 0042 1A70     		strb	r2, [r3, #0]
 159:.\main.c      ****             RD_buf[1] = out_mid_lo;
 268              		.loc 1 159 0
 269 0044 40F20003 		movw	r3, #:lower16:RD_buf
 270 0048 C0F20003 		movt	r3, #:upper16:RD_buf
 271 004c 7A7B     		ldrb	r2, [r7, #13]
 272 004e 5A70     		strb	r2, [r3, #1]
 160:.\main.c      ****             RD_buf[2] = out_mid_hi;
 273              		.loc 1 160 0
 274 0050 40F20003 		movw	r3, #:lower16:RD_buf
 275 0054 C0F20003 		movt	r3, #:upper16:RD_buf
 276 0058 BA7B     		ldrb	r2, [r7, #14]
 277 005a 9A70     		strb	r2, [r3, #2]
 161:.\main.c      ****             RD_buf[3] = out_hi;
 278              		.loc 1 161 0
 279 005c 40F20003 		movw	r3, #:lower16:RD_buf
 280 0060 C0F20003 		movt	r3, #:upper16:RD_buf
 281 0064 FA7B     		ldrb	r2, [r7, #15]
 282 0066 DA70     		strb	r2, [r3, #3]
 162:.\main.c      ****             
 163:.\main.c      ****             /*Wait until read is complete*/
 164:.\main.c      ****             while (0u == (I2C_1_SlaveStatus() & I2C_1_SSTAT_RD_CMPLT)){}
 283              		.loc 1 164 0
 284 0068 00BF     		nop
 285              	.L9:
 286              		.loc 1 164 0 is_stmt 0 discriminator 1
 287 006a FFF7FEFF 		bl	I2C_1_SlaveStatus
 288 006e 0346     		mov	r3, r0
 289 0070 03F00103 		and	r3, r3, #1
 290 0074 002B     		cmp	r3, #0
 291 0076 F8D0     		beq	.L9
 165:.\main.c      ****                 I2C_1_SlaveClearReadBuf();          /* Clear slave read buffer and status */
ARM GAS  C:\Users\Robert\AppData\Local\Temp\ccuq6WQh.s 			page 9


 292              		.loc 1 165 0 is_stmt 1
 293 0078 FFF7FEFF 		bl	I2C_1_SlaveClearReadBuf
 166:.\main.c      ****                 (void) I2C_1_SlaveClearReadStatus();
 294              		.loc 1 166 0
 295 007c FFF7FEFF 		bl	I2C_1_SlaveClearReadStatus
 167:.\main.c      ****         #endif
 168:.\main.c      ****         
 169:.\main.c      ****     }
 296              		.loc 1 169 0
 297 0080 07F11007 		add	r7, r7, #16
 298 0084 BD46     		mov	sp, r7
 299 0086 80BD     		pop	{r7, pc}
 300              		.cfi_endproc
 301              	.LFE58:
 302              		.size	WriteTo_Pi, .-WriteTo_Pi
 303              		.text
 304              	.Letext0:
 305              		.file 2 "c:\\program files (x86)\\cypress\\psoc creator\\3.0\\psoc creator\\import\\gnu_cs\\arm\\4
 306              		.file 3 "./Generated_Source/PSoC5/cytypes.h"
 307              		.file 4 "./Generated_Source/PSoC5/core_cm3.h"
 308              		.section	.debug_info,"",%progbits
 309              	.Ldebug_info0:
 310 0000 4B020000 		.4byte	0x24b
 311 0004 0200     		.2byte	0x2
 312 0006 00000000 		.4byte	.Ldebug_abbrev0
 313 000a 04       		.byte	0x4
 314 000b 01       		.uleb128 0x1
 315 000c 48010000 		.4byte	.LASF31
 316 0010 01       		.byte	0x1
 317 0011 47000000 		.4byte	.LASF32
 318 0015 CF000000 		.4byte	.LASF33
 319 0019 00000000 		.4byte	.Ldebug_ranges0+0
 320 001d 00000000 		.4byte	0
 321 0021 00000000 		.4byte	0
 322 0025 00000000 		.4byte	.Ldebug_line0
 323 0029 02       		.uleb128 0x2
 324 002a 01       		.byte	0x1
 325 002b 06       		.byte	0x6
 326 002c BE010000 		.4byte	.LASF0
 327 0030 02       		.uleb128 0x2
 328 0031 01       		.byte	0x1
 329 0032 08       		.byte	0x8
 330 0033 33000000 		.4byte	.LASF1
 331 0037 02       		.uleb128 0x2
 332 0038 02       		.byte	0x2
 333 0039 05       		.byte	0x5
 334 003a 38010000 		.4byte	.LASF2
 335 003e 02       		.uleb128 0x2
 336 003f 02       		.byte	0x2
 337 0040 07       		.byte	0x7
 338 0041 13000000 		.4byte	.LASF3
 339 0045 03       		.uleb128 0x3
 340 0046 C7000000 		.4byte	.LASF9
 341 004a 02       		.byte	0x2
 342 004b 4F       		.byte	0x4f
 343 004c 50000000 		.4byte	0x50
 344 0050 02       		.uleb128 0x2
ARM GAS  C:\Users\Robert\AppData\Local\Temp\ccuq6WQh.s 			page 10


 345 0051 04       		.byte	0x4
 346 0052 05       		.byte	0x5
 347 0053 AE010000 		.4byte	.LASF4
 348 0057 02       		.uleb128 0x2
 349 0058 04       		.byte	0x4
 350 0059 07       		.byte	0x7
 351 005a 50000000 		.4byte	.LASF5
 352 005e 02       		.uleb128 0x2
 353 005f 08       		.byte	0x8
 354 0060 05       		.byte	0x5
 355 0061 25010000 		.4byte	.LASF6
 356 0065 02       		.uleb128 0x2
 357 0066 08       		.byte	0x8
 358 0067 07       		.byte	0x7
 359 0068 A3000000 		.4byte	.LASF7
 360 006c 04       		.uleb128 0x4
 361 006d 04       		.byte	0x4
 362 006e 05       		.byte	0x5
 363 006f 696E7400 		.ascii	"int\000"
 364 0073 02       		.uleb128 0x2
 365 0074 04       		.byte	0x4
 366 0075 07       		.byte	0x7
 367 0076 96000000 		.4byte	.LASF8
 368 007a 03       		.uleb128 0x3
 369 007b 42010000 		.4byte	.LASF10
 370 007f 03       		.byte	0x3
 371 0080 5B       		.byte	0x5b
 372 0081 30000000 		.4byte	0x30
 373 0085 03       		.uleb128 0x3
 374 0086 88000000 		.4byte	.LASF11
 375 008a 03       		.byte	0x3
 376 008b 5C       		.byte	0x5c
 377 008c 3E000000 		.4byte	0x3e
 378 0090 03       		.uleb128 0x3
 379 0091 8F000000 		.4byte	.LASF12
 380 0095 03       		.byte	0x3
 381 0096 5D       		.byte	0x5d
 382 0097 57000000 		.4byte	0x57
 383 009b 02       		.uleb128 0x2
 384 009c 04       		.byte	0x4
 385 009d 04       		.byte	0x4
 386 009e 26000000 		.4byte	.LASF13
 387 00a2 02       		.uleb128 0x2
 388 00a3 08       		.byte	0x8
 389 00a4 04       		.byte	0x4
 390 00a5 7C000000 		.4byte	.LASF14
 391 00a9 02       		.uleb128 0x2
 392 00aa 01       		.byte	0x1
 393 00ab 08       		.byte	0x8
 394 00ac 33010000 		.4byte	.LASF15
 395 00b0 02       		.uleb128 0x2
 396 00b1 04       		.byte	0x4
 397 00b2 07       		.byte	0x7
 398 00b3 1C010000 		.4byte	.LASF16
 399 00b7 05       		.uleb128 0x5
 400 00b8 7A000000 		.4byte	0x7a
 401 00bc C7000000 		.4byte	0xc7
ARM GAS  C:\Users\Robert\AppData\Local\Temp\ccuq6WQh.s 			page 11


 402 00c0 06       		.uleb128 0x6
 403 00c1 B0000000 		.4byte	0xb0
 404 00c5 03       		.byte	0x3
 405 00c6 00       		.byte	0
 406 00c7 07       		.uleb128 0x7
 407 00c8 01       		.byte	0x1
 408 00c9 83000000 		.4byte	.LASF22
 409 00cd 01       		.byte	0x1
 410 00ce 1C       		.byte	0x1c
 411 00cf 6C000000 		.4byte	0x6c
 412 00d3 00000000 		.4byte	.LFB56
 413 00d7 7A000000 		.4byte	.LFE56
 414 00db 00000000 		.4byte	.LLST0
 415 00df 01       		.byte	0x1
 416 00e0 43010000 		.4byte	0x143
 417 00e4 08       		.uleb128 0x8
 418 00e5 2C000000 		.4byte	.LBB2
 419 00e9 78000000 		.4byte	.LBE2
 420 00ed 09       		.uleb128 0x9
 421 00ee 41000000 		.4byte	.LASF17
 422 00f2 01       		.byte	0x1
 423 00f3 32       		.byte	0x32
 424 00f4 90000000 		.4byte	0x90
 425 00f8 02       		.byte	0x2
 426 00f9 91       		.byte	0x91
 427 00fa 74       		.sleb128 -12
 428 00fb 09       		.uleb128 0x9
 429 00fc 62000000 		.4byte	.LASF18
 430 0100 01       		.byte	0x1
 431 0101 34       		.byte	0x34
 432 0102 7A000000 		.4byte	0x7a
 433 0106 02       		.byte	0x2
 434 0107 91       		.byte	0x91
 435 0108 73       		.sleb128 -13
 436 0109 0A       		.uleb128 0xa
 437 010a 636D6400 		.ascii	"cmd\000"
 438 010e 01       		.byte	0x1
 439 010f 35       		.byte	0x35
 440 0110 7A000000 		.4byte	0x7a
 441 0114 02       		.byte	0x2
 442 0115 91       		.byte	0x91
 443 0116 72       		.sleb128 -14
 444 0117 09       		.uleb128 0x9
 445 0118 A7010000 		.4byte	.LASF19
 446 011c 01       		.byte	0x1
 447 011d 36       		.byte	0x36
 448 011e 7A000000 		.4byte	0x7a
 449 0122 02       		.byte	0x2
 450 0123 91       		.byte	0x91
 451 0124 71       		.sleb128 -15
 452 0125 09       		.uleb128 0x9
 453 0126 CA010000 		.4byte	.LASF20
 454 012a 01       		.byte	0x1
 455 012b 37       		.byte	0x37
 456 012c 7A000000 		.4byte	0x7a
 457 0130 02       		.byte	0x2
 458 0131 91       		.byte	0x91
ARM GAS  C:\Users\Robert\AppData\Local\Temp\ccuq6WQh.s 			page 12


 459 0132 70       		.sleb128 -16
 460 0133 0A       		.uleb128 0xa
 461 0134 64617400 		.ascii	"dat\000"
 462 0138 01       		.byte	0x1
 463 0139 38       		.byte	0x38
 464 013a 85000000 		.4byte	0x85
 465 013e 02       		.byte	0x2
 466 013f 91       		.byte	0x91
 467 0140 6E       		.sleb128 -18
 468 0141 00       		.byte	0
 469 0142 00       		.byte	0
 470 0143 0B       		.uleb128 0xb
 471 0144 01       		.byte	0x1
 472 0145 00000000 		.4byte	.LASF34
 473 0149 01       		.byte	0x1
 474 014a 54       		.byte	0x54
 475 014b 01       		.byte	0x1
 476 014c 90000000 		.4byte	0x90
 477 0150 00000000 		.4byte	.LFB57
 478 0154 A2000000 		.4byte	.LFE57
 479 0158 38000000 		.4byte	.LLST1
 480 015c 01       		.byte	0x1
 481 015d B6010000 		.4byte	0x1b6
 482 0161 09       		.uleb128 0x9
 483 0162 62000000 		.4byte	.LASF18
 484 0166 01       		.byte	0x1
 485 0167 56       		.byte	0x56
 486 0168 7A000000 		.4byte	0x7a
 487 016c 02       		.byte	0x2
 488 016d 91       		.byte	0x91
 489 016e 77       		.sleb128 -9
 490 016f 0A       		.uleb128 0xa
 491 0170 636D6400 		.ascii	"cmd\000"
 492 0174 01       		.byte	0x1
 493 0175 57       		.byte	0x57
 494 0176 7A000000 		.4byte	0x7a
 495 017a 02       		.byte	0x2
 496 017b 91       		.byte	0x91
 497 017c 76       		.sleb128 -10
 498 017d 09       		.uleb128 0x9
 499 017e A7010000 		.4byte	.LASF19
 500 0182 01       		.byte	0x1
 501 0183 58       		.byte	0x58
 502 0184 7A000000 		.4byte	0x7a
 503 0188 02       		.byte	0x2
 504 0189 91       		.byte	0x91
 505 018a 75       		.sleb128 -11
 506 018b 09       		.uleb128 0x9
 507 018c CA010000 		.4byte	.LASF20
 508 0190 01       		.byte	0x1
 509 0191 59       		.byte	0x59
 510 0192 7A000000 		.4byte	0x7a
 511 0196 02       		.byte	0x2
 512 0197 91       		.byte	0x91
 513 0198 74       		.sleb128 -12
 514 0199 09       		.uleb128 0x9
 515 019a 72000000 		.4byte	.LASF21
ARM GAS  C:\Users\Robert\AppData\Local\Temp\ccuq6WQh.s 			page 13


 516 019e 01       		.byte	0x1
 517 019f 6C       		.byte	0x6c
 518 01a0 7A000000 		.4byte	0x7a
 519 01a4 02       		.byte	0x2
 520 01a5 91       		.byte	0x91
 521 01a6 73       		.sleb128 -13
 522 01a7 09       		.uleb128 0x9
 523 01a8 41000000 		.4byte	.LASF17
 524 01ac 01       		.byte	0x1
 525 01ad 79       		.byte	0x79
 526 01ae 90000000 		.4byte	0x90
 527 01b2 02       		.byte	0x2
 528 01b3 91       		.byte	0x91
 529 01b4 6C       		.sleb128 -20
 530 01b5 00       		.byte	0
 531 01b6 0C       		.uleb128 0xc
 532 01b7 01       		.byte	0x1
 533 01b8 9C010000 		.4byte	.LASF23
 534 01bc 01       		.byte	0x1
 535 01bd 85       		.byte	0x85
 536 01be 01       		.byte	0x1
 537 01bf 00000000 		.4byte	.LFB58
 538 01c3 88000000 		.4byte	.LFE58
 539 01c7 70000000 		.4byte	.LLST2
 540 01cb 01       		.byte	0x1
 541 01cc 17020000 		.4byte	0x217
 542 01d0 0D       		.uleb128 0xd
 543 01d1 64617400 		.ascii	"dat\000"
 544 01d5 01       		.byte	0x1
 545 01d6 85       		.byte	0x85
 546 01d7 90000000 		.4byte	0x90
 547 01db 02       		.byte	0x2
 548 01dc 91       		.byte	0x91
 549 01dd 6C       		.sleb128 -20
 550 01de 09       		.uleb128 0x9
 551 01df D1010000 		.4byte	.LASF24
 552 01e3 01       		.byte	0x1
 553 01e4 89       		.byte	0x89
 554 01e5 7A000000 		.4byte	0x7a
 555 01e9 02       		.byte	0x2
 556 01ea 91       		.byte	0x91
 557 01eb 77       		.sleb128 -9
 558 01ec 09       		.uleb128 0x9
 559 01ed 67000000 		.4byte	.LASF25
 560 01f1 01       		.byte	0x1
 561 01f2 8A       		.byte	0x8a
 562 01f3 7A000000 		.4byte	0x7a
 563 01f7 02       		.byte	0x2
 564 01f8 91       		.byte	0x91
 565 01f9 76       		.sleb128 -10
 566 01fa 09       		.uleb128 0x9
 567 01fb 91010000 		.4byte	.LASF26
 568 01ff 01       		.byte	0x1
 569 0200 8B       		.byte	0x8b
 570 0201 7A000000 		.4byte	0x7a
 571 0205 02       		.byte	0x2
 572 0206 91       		.byte	0x91
ARM GAS  C:\Users\Robert\AppData\Local\Temp\ccuq6WQh.s 			page 14


 573 0207 75       		.sleb128 -11
 574 0208 09       		.uleb128 0x9
 575 0209 0C000000 		.4byte	.LASF27
 576 020d 01       		.byte	0x1
 577 020e 8C       		.byte	0x8c
 578 020f 7A000000 		.4byte	0x7a
 579 0213 02       		.byte	0x2
 580 0214 91       		.byte	0x91
 581 0215 74       		.sleb128 -12
 582 0216 00       		.byte	0
 583 0217 0E       		.uleb128 0xe
 584 0218 BA000000 		.4byte	.LASF28
 585 021c 04       		.byte	0x4
 586 021d 1606     		.2byte	0x616
 587 021f 25020000 		.4byte	0x225
 588 0223 01       		.byte	0x1
 589 0224 01       		.byte	0x1
 590 0225 0F       		.uleb128 0xf
 591 0226 45000000 		.4byte	0x45
 592 022a 10       		.uleb128 0x10
 593 022b B7010000 		.4byte	.LASF29
 594 022f 01       		.byte	0x1
 595 0230 18       		.byte	0x18
 596 0231 B7000000 		.4byte	0xb7
 597 0235 01       		.byte	0x1
 598 0236 05       		.byte	0x5
 599 0237 03       		.byte	0x3
 600 0238 00000000 		.4byte	WR_buf
 601 023c 10       		.uleb128 0x10
 602 023d 2C000000 		.4byte	.LASF30
 603 0241 01       		.byte	0x1
 604 0242 19       		.byte	0x19
 605 0243 B7000000 		.4byte	0xb7
 606 0247 01       		.byte	0x1
 607 0248 05       		.byte	0x5
 608 0249 03       		.byte	0x3
 609 024a 00000000 		.4byte	RD_buf
 610 024e 00       		.byte	0
 611              		.section	.debug_abbrev,"",%progbits
 612              	.Ldebug_abbrev0:
 613 0000 01       		.uleb128 0x1
 614 0001 11       		.uleb128 0x11
 615 0002 01       		.byte	0x1
 616 0003 25       		.uleb128 0x25
 617 0004 0E       		.uleb128 0xe
 618 0005 13       		.uleb128 0x13
 619 0006 0B       		.uleb128 0xb
 620 0007 03       		.uleb128 0x3
 621 0008 0E       		.uleb128 0xe
 622 0009 1B       		.uleb128 0x1b
 623 000a 0E       		.uleb128 0xe
 624 000b 55       		.uleb128 0x55
 625 000c 06       		.uleb128 0x6
 626 000d 11       		.uleb128 0x11
 627 000e 01       		.uleb128 0x1
 628 000f 52       		.uleb128 0x52
 629 0010 01       		.uleb128 0x1
ARM GAS  C:\Users\Robert\AppData\Local\Temp\ccuq6WQh.s 			page 15


 630 0011 10       		.uleb128 0x10
 631 0012 06       		.uleb128 0x6
 632 0013 00       		.byte	0
 633 0014 00       		.byte	0
 634 0015 02       		.uleb128 0x2
 635 0016 24       		.uleb128 0x24
 636 0017 00       		.byte	0
 637 0018 0B       		.uleb128 0xb
 638 0019 0B       		.uleb128 0xb
 639 001a 3E       		.uleb128 0x3e
 640 001b 0B       		.uleb128 0xb
 641 001c 03       		.uleb128 0x3
 642 001d 0E       		.uleb128 0xe
 643 001e 00       		.byte	0
 644 001f 00       		.byte	0
 645 0020 03       		.uleb128 0x3
 646 0021 16       		.uleb128 0x16
 647 0022 00       		.byte	0
 648 0023 03       		.uleb128 0x3
 649 0024 0E       		.uleb128 0xe
 650 0025 3A       		.uleb128 0x3a
 651 0026 0B       		.uleb128 0xb
 652 0027 3B       		.uleb128 0x3b
 653 0028 0B       		.uleb128 0xb
 654 0029 49       		.uleb128 0x49
 655 002a 13       		.uleb128 0x13
 656 002b 00       		.byte	0
 657 002c 00       		.byte	0
 658 002d 04       		.uleb128 0x4
 659 002e 24       		.uleb128 0x24
 660 002f 00       		.byte	0
 661 0030 0B       		.uleb128 0xb
 662 0031 0B       		.uleb128 0xb
 663 0032 3E       		.uleb128 0x3e
 664 0033 0B       		.uleb128 0xb
 665 0034 03       		.uleb128 0x3
 666 0035 08       		.uleb128 0x8
 667 0036 00       		.byte	0
 668 0037 00       		.byte	0
 669 0038 05       		.uleb128 0x5
 670 0039 01       		.uleb128 0x1
 671 003a 01       		.byte	0x1
 672 003b 49       		.uleb128 0x49
 673 003c 13       		.uleb128 0x13
 674 003d 01       		.uleb128 0x1
 675 003e 13       		.uleb128 0x13
 676 003f 00       		.byte	0
 677 0040 00       		.byte	0
 678 0041 06       		.uleb128 0x6
 679 0042 21       		.uleb128 0x21
 680 0043 00       		.byte	0
 681 0044 49       		.uleb128 0x49
 682 0045 13       		.uleb128 0x13
 683 0046 2F       		.uleb128 0x2f
 684 0047 0B       		.uleb128 0xb
 685 0048 00       		.byte	0
 686 0049 00       		.byte	0
ARM GAS  C:\Users\Robert\AppData\Local\Temp\ccuq6WQh.s 			page 16


 687 004a 07       		.uleb128 0x7
 688 004b 2E       		.uleb128 0x2e
 689 004c 01       		.byte	0x1
 690 004d 3F       		.uleb128 0x3f
 691 004e 0C       		.uleb128 0xc
 692 004f 03       		.uleb128 0x3
 693 0050 0E       		.uleb128 0xe
 694 0051 3A       		.uleb128 0x3a
 695 0052 0B       		.uleb128 0xb
 696 0053 3B       		.uleb128 0x3b
 697 0054 0B       		.uleb128 0xb
 698 0055 49       		.uleb128 0x49
 699 0056 13       		.uleb128 0x13
 700 0057 11       		.uleb128 0x11
 701 0058 01       		.uleb128 0x1
 702 0059 12       		.uleb128 0x12
 703 005a 01       		.uleb128 0x1
 704 005b 40       		.uleb128 0x40
 705 005c 06       		.uleb128 0x6
 706 005d 9642     		.uleb128 0x2116
 707 005f 0C       		.uleb128 0xc
 708 0060 01       		.uleb128 0x1
 709 0061 13       		.uleb128 0x13
 710 0062 00       		.byte	0
 711 0063 00       		.byte	0
 712 0064 08       		.uleb128 0x8
 713 0065 0B       		.uleb128 0xb
 714 0066 01       		.byte	0x1
 715 0067 11       		.uleb128 0x11
 716 0068 01       		.uleb128 0x1
 717 0069 12       		.uleb128 0x12
 718 006a 01       		.uleb128 0x1
 719 006b 00       		.byte	0
 720 006c 00       		.byte	0
 721 006d 09       		.uleb128 0x9
 722 006e 34       		.uleb128 0x34
 723 006f 00       		.byte	0
 724 0070 03       		.uleb128 0x3
 725 0071 0E       		.uleb128 0xe
 726 0072 3A       		.uleb128 0x3a
 727 0073 0B       		.uleb128 0xb
 728 0074 3B       		.uleb128 0x3b
 729 0075 0B       		.uleb128 0xb
 730 0076 49       		.uleb128 0x49
 731 0077 13       		.uleb128 0x13
 732 0078 02       		.uleb128 0x2
 733 0079 0A       		.uleb128 0xa
 734 007a 00       		.byte	0
 735 007b 00       		.byte	0
 736 007c 0A       		.uleb128 0xa
 737 007d 34       		.uleb128 0x34
 738 007e 00       		.byte	0
 739 007f 03       		.uleb128 0x3
 740 0080 08       		.uleb128 0x8
 741 0081 3A       		.uleb128 0x3a
 742 0082 0B       		.uleb128 0xb
 743 0083 3B       		.uleb128 0x3b
ARM GAS  C:\Users\Robert\AppData\Local\Temp\ccuq6WQh.s 			page 17


 744 0084 0B       		.uleb128 0xb
 745 0085 49       		.uleb128 0x49
 746 0086 13       		.uleb128 0x13
 747 0087 02       		.uleb128 0x2
 748 0088 0A       		.uleb128 0xa
 749 0089 00       		.byte	0
 750 008a 00       		.byte	0
 751 008b 0B       		.uleb128 0xb
 752 008c 2E       		.uleb128 0x2e
 753 008d 01       		.byte	0x1
 754 008e 3F       		.uleb128 0x3f
 755 008f 0C       		.uleb128 0xc
 756 0090 03       		.uleb128 0x3
 757 0091 0E       		.uleb128 0xe
 758 0092 3A       		.uleb128 0x3a
 759 0093 0B       		.uleb128 0xb
 760 0094 3B       		.uleb128 0x3b
 761 0095 0B       		.uleb128 0xb
 762 0096 27       		.uleb128 0x27
 763 0097 0C       		.uleb128 0xc
 764 0098 49       		.uleb128 0x49
 765 0099 13       		.uleb128 0x13
 766 009a 11       		.uleb128 0x11
 767 009b 01       		.uleb128 0x1
 768 009c 12       		.uleb128 0x12
 769 009d 01       		.uleb128 0x1
 770 009e 40       		.uleb128 0x40
 771 009f 06       		.uleb128 0x6
 772 00a0 9642     		.uleb128 0x2116
 773 00a2 0C       		.uleb128 0xc
 774 00a3 01       		.uleb128 0x1
 775 00a4 13       		.uleb128 0x13
 776 00a5 00       		.byte	0
 777 00a6 00       		.byte	0
 778 00a7 0C       		.uleb128 0xc
 779 00a8 2E       		.uleb128 0x2e
 780 00a9 01       		.byte	0x1
 781 00aa 3F       		.uleb128 0x3f
 782 00ab 0C       		.uleb128 0xc
 783 00ac 03       		.uleb128 0x3
 784 00ad 0E       		.uleb128 0xe
 785 00ae 3A       		.uleb128 0x3a
 786 00af 0B       		.uleb128 0xb
 787 00b0 3B       		.uleb128 0x3b
 788 00b1 0B       		.uleb128 0xb
 789 00b2 27       		.uleb128 0x27
 790 00b3 0C       		.uleb128 0xc
 791 00b4 11       		.uleb128 0x11
 792 00b5 01       		.uleb128 0x1
 793 00b6 12       		.uleb128 0x12
 794 00b7 01       		.uleb128 0x1
 795 00b8 40       		.uleb128 0x40
 796 00b9 06       		.uleb128 0x6
 797 00ba 9642     		.uleb128 0x2116
 798 00bc 0C       		.uleb128 0xc
 799 00bd 01       		.uleb128 0x1
 800 00be 13       		.uleb128 0x13
ARM GAS  C:\Users\Robert\AppData\Local\Temp\ccuq6WQh.s 			page 18


 801 00bf 00       		.byte	0
 802 00c0 00       		.byte	0
 803 00c1 0D       		.uleb128 0xd
 804 00c2 05       		.uleb128 0x5
 805 00c3 00       		.byte	0
 806 00c4 03       		.uleb128 0x3
 807 00c5 08       		.uleb128 0x8
 808 00c6 3A       		.uleb128 0x3a
 809 00c7 0B       		.uleb128 0xb
 810 00c8 3B       		.uleb128 0x3b
 811 00c9 0B       		.uleb128 0xb
 812 00ca 49       		.uleb128 0x49
 813 00cb 13       		.uleb128 0x13
 814 00cc 02       		.uleb128 0x2
 815 00cd 0A       		.uleb128 0xa
 816 00ce 00       		.byte	0
 817 00cf 00       		.byte	0
 818 00d0 0E       		.uleb128 0xe
 819 00d1 34       		.uleb128 0x34
 820 00d2 00       		.byte	0
 821 00d3 03       		.uleb128 0x3
 822 00d4 0E       		.uleb128 0xe
 823 00d5 3A       		.uleb128 0x3a
 824 00d6 0B       		.uleb128 0xb
 825 00d7 3B       		.uleb128 0x3b
 826 00d8 05       		.uleb128 0x5
 827 00d9 49       		.uleb128 0x49
 828 00da 13       		.uleb128 0x13
 829 00db 3F       		.uleb128 0x3f
 830 00dc 0C       		.uleb128 0xc
 831 00dd 3C       		.uleb128 0x3c
 832 00de 0C       		.uleb128 0xc
 833 00df 00       		.byte	0
 834 00e0 00       		.byte	0
 835 00e1 0F       		.uleb128 0xf
 836 00e2 35       		.uleb128 0x35
 837 00e3 00       		.byte	0
 838 00e4 49       		.uleb128 0x49
 839 00e5 13       		.uleb128 0x13
 840 00e6 00       		.byte	0
 841 00e7 00       		.byte	0
 842 00e8 10       		.uleb128 0x10
 843 00e9 34       		.uleb128 0x34
 844 00ea 00       		.byte	0
 845 00eb 03       		.uleb128 0x3
 846 00ec 0E       		.uleb128 0xe
 847 00ed 3A       		.uleb128 0x3a
 848 00ee 0B       		.uleb128 0xb
 849 00ef 3B       		.uleb128 0x3b
 850 00f0 0B       		.uleb128 0xb
 851 00f1 49       		.uleb128 0x49
 852 00f2 13       		.uleb128 0x13
 853 00f3 3F       		.uleb128 0x3f
 854 00f4 0C       		.uleb128 0xc
 855 00f5 02       		.uleb128 0x2
 856 00f6 0A       		.uleb128 0xa
 857 00f7 00       		.byte	0
ARM GAS  C:\Users\Robert\AppData\Local\Temp\ccuq6WQh.s 			page 19


 858 00f8 00       		.byte	0
 859 00f9 00       		.byte	0
 860              		.section	.debug_loc,"",%progbits
 861              	.Ldebug_loc0:
 862              	.LLST0:
 863 0000 00000000 		.4byte	.LFB56
 864 0004 02000000 		.4byte	.LCFI0
 865 0008 0200     		.2byte	0x2
 866 000a 7D       		.byte	0x7d
 867 000b 00       		.sleb128 0
 868 000c 02000000 		.4byte	.LCFI0
 869 0010 04000000 		.4byte	.LCFI1
 870 0014 0200     		.2byte	0x2
 871 0016 7D       		.byte	0x7d
 872 0017 08       		.sleb128 8
 873 0018 04000000 		.4byte	.LCFI1
 874 001c 06000000 		.4byte	.LCFI2
 875 0020 0200     		.2byte	0x2
 876 0022 7D       		.byte	0x7d
 877 0023 18       		.sleb128 24
 878 0024 06000000 		.4byte	.LCFI2
 879 0028 7A000000 		.4byte	.LFE56
 880 002c 0200     		.2byte	0x2
 881 002e 77       		.byte	0x77
 882 002f 18       		.sleb128 24
 883 0030 00000000 		.4byte	0
 884 0034 00000000 		.4byte	0
 885              	.LLST1:
 886 0038 00000000 		.4byte	.LFB57
 887 003c 02000000 		.4byte	.LCFI3
 888 0040 0200     		.2byte	0x2
 889 0042 7D       		.byte	0x7d
 890 0043 00       		.sleb128 0
 891 0044 02000000 		.4byte	.LCFI3
 892 0048 04000000 		.4byte	.LCFI4
 893 004c 0200     		.2byte	0x2
 894 004e 7D       		.byte	0x7d
 895 004f 08       		.sleb128 8
 896 0050 04000000 		.4byte	.LCFI4
 897 0054 06000000 		.4byte	.LCFI5
 898 0058 0200     		.2byte	0x2
 899 005a 7D       		.byte	0x7d
 900 005b 18       		.sleb128 24
 901 005c 06000000 		.4byte	.LCFI5
 902 0060 A2000000 		.4byte	.LFE57
 903 0064 0200     		.2byte	0x2
 904 0066 77       		.byte	0x77
 905 0067 18       		.sleb128 24
 906 0068 00000000 		.4byte	0
 907 006c 00000000 		.4byte	0
 908              	.LLST2:
 909 0070 00000000 		.4byte	.LFB58
 910 0074 02000000 		.4byte	.LCFI6
 911 0078 0200     		.2byte	0x2
 912 007a 7D       		.byte	0x7d
 913 007b 00       		.sleb128 0
 914 007c 02000000 		.4byte	.LCFI6
ARM GAS  C:\Users\Robert\AppData\Local\Temp\ccuq6WQh.s 			page 20


 915 0080 04000000 		.4byte	.LCFI7
 916 0084 0200     		.2byte	0x2
 917 0086 7D       		.byte	0x7d
 918 0087 08       		.sleb128 8
 919 0088 04000000 		.4byte	.LCFI7
 920 008c 06000000 		.4byte	.LCFI8
 921 0090 0200     		.2byte	0x2
 922 0092 7D       		.byte	0x7d
 923 0093 18       		.sleb128 24
 924 0094 06000000 		.4byte	.LCFI8
 925 0098 88000000 		.4byte	.LFE58
 926 009c 0200     		.2byte	0x2
 927 009e 77       		.byte	0x77
 928 009f 18       		.sleb128 24
 929 00a0 00000000 		.4byte	0
 930 00a4 00000000 		.4byte	0
 931              		.section	.debug_aranges,"",%progbits
 932 0000 2C000000 		.4byte	0x2c
 933 0004 0200     		.2byte	0x2
 934 0006 00000000 		.4byte	.Ldebug_info0
 935 000a 04       		.byte	0x4
 936 000b 00       		.byte	0
 937 000c 0000     		.2byte	0
 938 000e 0000     		.2byte	0
 939 0010 00000000 		.4byte	.LFB56
 940 0014 7A000000 		.4byte	.LFE56-.LFB56
 941 0018 00000000 		.4byte	.LFB57
 942 001c A2000000 		.4byte	.LFE57-.LFB57
 943 0020 00000000 		.4byte	.LFB58
 944 0024 88000000 		.4byte	.LFE58-.LFB58
 945 0028 00000000 		.4byte	0
 946 002c 00000000 		.4byte	0
 947              		.section	.debug_ranges,"",%progbits
 948              	.Ldebug_ranges0:
 949 0000 00000000 		.4byte	.LFB56
 950 0004 7A000000 		.4byte	.LFE56
 951 0008 00000000 		.4byte	.LFB57
 952 000c A2000000 		.4byte	.LFE57
 953 0010 00000000 		.4byte	.LFB58
 954 0014 88000000 		.4byte	.LFE58
 955 0018 00000000 		.4byte	0
 956 001c 00000000 		.4byte	0
 957              		.section	.debug_line,"",%progbits
 958              	.Ldebug_line0:
 959 0000 99010000 		.section	.debug_str,"MS",%progbits,1
 959      0200F900 
 959      00000201 
 959      FB0E0D00 
 959      01010101 
 960              	.LASF34:
 961 0000 52656164 		.ascii	"ReadFrom_Pi\000"
 961      46726F6D 
 961      5F506900 
 962              	.LASF27:
 963 000c 6F75745F 		.ascii	"out_lo\000"
 963      6C6F00
 964              	.LASF3:
ARM GAS  C:\Users\Robert\AppData\Local\Temp\ccuq6WQh.s 			page 21


 965 0013 73686F72 		.ascii	"short unsigned int\000"
 965      7420756E 
 965      7369676E 
 965      65642069 
 965      6E7400
 966              	.LASF13:
 967 0026 666C6F61 		.ascii	"float\000"
 967      7400
 968              	.LASF30:
 969 002c 52445F62 		.ascii	"RD_buf\000"
 969      756600
 970              	.LASF1:
 971 0033 756E7369 		.ascii	"unsigned char\000"
 971      676E6564 
 971      20636861 
 971      7200
 972              	.LASF17:
 973 0041 696E7075 		.ascii	"input\000"
 973      7400
 974              	.LASF32:
 975 0047 2E5C6D61 		.ascii	".\\main.c\000"
 975      696E2E63 
 975      00
 976              	.LASF5:
 977 0050 6C6F6E67 		.ascii	"long unsigned int\000"
 977      20756E73 
 977      69676E65 
 977      6420696E 
 977      7400
 978              	.LASF18:
 979 0062 61646472 		.ascii	"addr\000"
 979      00
 980              	.LASF25:
 981 0067 6F75745F 		.ascii	"out_mid_hi\000"
 981      6D69645F 
 981      686900
 982              	.LASF21:
 983 0072 62797465 		.ascii	"byteCount\000"
 983      436F756E 
 983      7400
 984              	.LASF14:
 985 007c 646F7562 		.ascii	"double\000"
 985      6C6500
 986              	.LASF22:
 987 0083 6D61696E 		.ascii	"main\000"
 987      00
 988              	.LASF11:
 989 0088 75696E74 		.ascii	"uint16\000"
 989      313600
 990              	.LASF12:
 991 008f 75696E74 		.ascii	"uint32\000"
 991      333200
 992              	.LASF8:
 993 0096 756E7369 		.ascii	"unsigned int\000"
 993      676E6564 
 993      20696E74 
 993      00
ARM GAS  C:\Users\Robert\AppData\Local\Temp\ccuq6WQh.s 			page 22


 994              	.LASF7:
 995 00a3 6C6F6E67 		.ascii	"long long unsigned int\000"
 995      206C6F6E 
 995      6720756E 
 995      7369676E 
 995      65642069 
 996              	.LASF28:
 997 00ba 49544D5F 		.ascii	"ITM_RxBuffer\000"
 997      52784275 
 997      66666572 
 997      00
 998              	.LASF9:
 999 00c7 696E7433 		.ascii	"int32_t\000"
 999      325F7400 
 1000              	.LASF33:
 1001 00cf 433A5C55 		.ascii	"C:\\Users\\Robert\\workspace\\embedit_git\\psoc_2_p"
 1001      73657273 
 1001      5C526F62 
 1001      6572745C 
 1001      776F726B 
 1002 00fd 695C5053 		.ascii	"i\\PSoC Creator\\PSoC_2_Pi.cydsn\000"
 1002      6F432043 
 1002      72656174 
 1002      6F725C50 
 1002      536F435F 
 1003              	.LASF16:
 1004 011c 73697A65 		.ascii	"sizetype\000"
 1004      74797065 
 1004      00
 1005              	.LASF6:
 1006 0125 6C6F6E67 		.ascii	"long long int\000"
 1006      206C6F6E 
 1006      6720696E 
 1006      7400
 1007              	.LASF15:
 1008 0133 63686172 		.ascii	"char\000"
 1008      00
 1009              	.LASF2:
 1010 0138 73686F72 		.ascii	"short int\000"
 1010      7420696E 
 1010      7400
 1011              	.LASF10:
 1012 0142 75696E74 		.ascii	"uint8\000"
 1012      3800
 1013              	.LASF31:
 1014 0148 474E5520 		.ascii	"GNU C 4.7.3 20130312 (release) [ARM/embedded-4_7-br"
 1014      4320342E 
 1014      372E3320 
 1014      32303133 
 1014      30333132 
 1015 017b 616E6368 		.ascii	"anch revision 196615]\000"
 1015      20726576 
 1015      6973696F 
 1015      6E203139 
 1015      36363135 
 1016              	.LASF26:
 1017 0191 6F75745F 		.ascii	"out_mid_lo\000"
ARM GAS  C:\Users\Robert\AppData\Local\Temp\ccuq6WQh.s 			page 23


 1017      6D69645F 
 1017      6C6F00
 1018              	.LASF23:
 1019 019c 57726974 		.ascii	"WriteTo_Pi\000"
 1019      65546F5F 
 1019      506900
 1020              	.LASF19:
 1021 01a7 6461745F 		.ascii	"dat_lo\000"
 1021      6C6F00
 1022              	.LASF4:
 1023 01ae 6C6F6E67 		.ascii	"long int\000"
 1023      20696E74 
 1023      00
 1024              	.LASF29:
 1025 01b7 57525F62 		.ascii	"WR_buf\000"
 1025      756600
 1026              	.LASF0:
 1027 01be 7369676E 		.ascii	"signed char\000"
 1027      65642063 
 1027      68617200 
 1028              	.LASF20:
 1029 01ca 6461745F 		.ascii	"dat_hi\000"
 1029      686900
 1030              	.LASF24:
 1031 01d1 6F75745F 		.ascii	"out_hi\000"
 1031      686900
 1032              		.ident	"GCC: (GNU Tools for ARM Embedded Processors) 4.7.3 20130312 (release) [ARM/embedded-4_7-br
