ARM GAS  C:\Users\Brian\AppData\Local\Temp\ccZmbW1W.s 			page 1


   1              		.syntax unified
   2              		.cpu cortex-m3
   3              		.fpu softvfp
   4              		.eabi_attribute 20, 1
   5              		.eabi_attribute 21, 1
   6              		.eabi_attribute 23, 3
   7              		.eabi_attribute 24, 1
   8              		.eabi_attribute 25, 1
   9              		.eabi_attribute 26, 1
  10              		.eabi_attribute 30, 6
  11              		.eabi_attribute 34, 1
  12              		.eabi_attribute 18, 4
  13              		.thumb
  14              		.file	"Out_20.c"
  15              		.text
  16              	.Ltext0:
  17              		.cfi_sections	.debug_frame
  18              		.section	.text.Out_20_Write,"ax",%progbits
  19              		.align	2
  20              		.global	Out_20_Write
  21              		.thumb
  22              		.thumb_func
  23              		.type	Out_20_Write, %function
  24              	Out_20_Write:
  25              	.LFB0:
  26              		.file 1 ".\\Generated_Source\\PSoC5\\Out_20.c"
   1:.\Generated_Source\PSoC5/Out_20.c **** /*******************************************************************************
   2:.\Generated_Source\PSoC5/Out_20.c **** * File Name: Out_20.c  
   3:.\Generated_Source\PSoC5/Out_20.c **** * Version 2.0
   4:.\Generated_Source\PSoC5/Out_20.c **** *
   5:.\Generated_Source\PSoC5/Out_20.c **** * Description:
   6:.\Generated_Source\PSoC5/Out_20.c **** *  This file contains API to enable firmware control of a Pins component.
   7:.\Generated_Source\PSoC5/Out_20.c **** *
   8:.\Generated_Source\PSoC5/Out_20.c **** * Note:
   9:.\Generated_Source\PSoC5/Out_20.c **** *
  10:.\Generated_Source\PSoC5/Out_20.c **** ********************************************************************************
  11:.\Generated_Source\PSoC5/Out_20.c **** * Copyright 2008-2014, Cypress Semiconductor Corporation.  All rights reserved.
  12:.\Generated_Source\PSoC5/Out_20.c **** * You may use this file only in accordance with the license, terms, conditions, 
  13:.\Generated_Source\PSoC5/Out_20.c **** * disclaimers, and limitations in the end user license agreement accompanying 
  14:.\Generated_Source\PSoC5/Out_20.c **** * the software package with which this file was provided.
  15:.\Generated_Source\PSoC5/Out_20.c **** *******************************************************************************/
  16:.\Generated_Source\PSoC5/Out_20.c **** 
  17:.\Generated_Source\PSoC5/Out_20.c **** #include "cytypes.h"
  18:.\Generated_Source\PSoC5/Out_20.c **** #include "Out_20.h"
  19:.\Generated_Source\PSoC5/Out_20.c **** 
  20:.\Generated_Source\PSoC5/Out_20.c **** /* APIs are not generated for P15[7:6] on PSoC 5 */
  21:.\Generated_Source\PSoC5/Out_20.c **** #if !(CY_PSOC5A &&\
  22:.\Generated_Source\PSoC5/Out_20.c **** 	 Out_20__PORT == 15 && ((Out_20__MASK & 0xC0) != 0))
  23:.\Generated_Source\PSoC5/Out_20.c **** 
  24:.\Generated_Source\PSoC5/Out_20.c **** 
  25:.\Generated_Source\PSoC5/Out_20.c **** /*******************************************************************************
  26:.\Generated_Source\PSoC5/Out_20.c **** * Function Name: Out_20_Write
  27:.\Generated_Source\PSoC5/Out_20.c **** ********************************************************************************
  28:.\Generated_Source\PSoC5/Out_20.c **** *
  29:.\Generated_Source\PSoC5/Out_20.c **** * Summary:
  30:.\Generated_Source\PSoC5/Out_20.c **** *  Assign a new value to the digital port's data output register.  
  31:.\Generated_Source\PSoC5/Out_20.c **** *
ARM GAS  C:\Users\Brian\AppData\Local\Temp\ccZmbW1W.s 			page 2


  32:.\Generated_Source\PSoC5/Out_20.c **** * Parameters:  
  33:.\Generated_Source\PSoC5/Out_20.c **** *  prtValue:  The value to be assigned to the Digital Port. 
  34:.\Generated_Source\PSoC5/Out_20.c **** *
  35:.\Generated_Source\PSoC5/Out_20.c **** * Return: 
  36:.\Generated_Source\PSoC5/Out_20.c **** *  None
  37:.\Generated_Source\PSoC5/Out_20.c **** *  
  38:.\Generated_Source\PSoC5/Out_20.c **** *******************************************************************************/
  39:.\Generated_Source\PSoC5/Out_20.c **** void Out_20_Write(uint8 value) 
  40:.\Generated_Source\PSoC5/Out_20.c **** {
  27              		.loc 1 40 0
  28              		.cfi_startproc
  29              		@ args = 0, pretend = 0, frame = 16
  30              		@ frame_needed = 1, uses_anonymous_args = 0
  31              		@ link register save eliminated.
  32 0000 80B4     		push	{r7}
  33              	.LCFI0:
  34              		.cfi_def_cfa_offset 4
  35              		.cfi_offset 7, -4
  36 0002 85B0     		sub	sp, sp, #20
  37              	.LCFI1:
  38              		.cfi_def_cfa_offset 24
  39 0004 00AF     		add	r7, sp, #0
  40              	.LCFI2:
  41              		.cfi_def_cfa_register 7
  42 0006 0346     		mov	r3, r0
  43 0008 FB71     		strb	r3, [r7, #7]
  41:.\Generated_Source\PSoC5/Out_20.c ****     uint8 staticBits = (Out_20_DR & (uint8)(~Out_20_MASK));
  44              		.loc 1 41 0
  45 000a 45F22013 		movw	r3, #20768
  46 000e C4F20003 		movt	r3, 16384
  47 0012 1B78     		ldrb	r3, [r3, #0]
  48 0014 DBB2     		uxtb	r3, r3
  49 0016 03F07F03 		and	r3, r3, #127
  50 001a FB73     		strb	r3, [r7, #15]
  42:.\Generated_Source\PSoC5/Out_20.c ****     Out_20_DR = staticBits | ((uint8)(value << Out_20_SHIFT) & Out_20_MASK);
  51              		.loc 1 42 0
  52 001c 45F22013 		movw	r3, #20768
  53 0020 C4F20003 		movt	r3, 16384
  54 0024 FA79     		ldrb	r2, [r7, #7]
  55 0026 4FEAC212 		lsl	r2, r2, #7
  56 002a D1B2     		uxtb	r1, r2
  57 002c FA7B     		ldrb	r2, [r7, #15]
  58 002e 0A43     		orrs	r2, r2, r1
  59 0030 D2B2     		uxtb	r2, r2
  60 0032 1A70     		strb	r2, [r3, #0]
  43:.\Generated_Source\PSoC5/Out_20.c **** }
  61              		.loc 1 43 0
  62 0034 07F11407 		add	r7, r7, #20
  63 0038 BD46     		mov	sp, r7
  64 003a 80BC     		pop	{r7}
  65 003c 7047     		bx	lr
  66              		.cfi_endproc
  67              	.LFE0:
  68              		.size	Out_20_Write, .-Out_20_Write
  69 003e 00BF     		.section	.text.Out_20_SetDriveMode,"ax",%progbits
  70              		.align	2
  71              		.global	Out_20_SetDriveMode
ARM GAS  C:\Users\Brian\AppData\Local\Temp\ccZmbW1W.s 			page 3


  72              		.thumb
  73              		.thumb_func
  74              		.type	Out_20_SetDriveMode, %function
  75              	Out_20_SetDriveMode:
  76              	.LFB1:
  44:.\Generated_Source\PSoC5/Out_20.c **** 
  45:.\Generated_Source\PSoC5/Out_20.c **** 
  46:.\Generated_Source\PSoC5/Out_20.c **** /*******************************************************************************
  47:.\Generated_Source\PSoC5/Out_20.c **** * Function Name: Out_20_SetDriveMode
  48:.\Generated_Source\PSoC5/Out_20.c **** ********************************************************************************
  49:.\Generated_Source\PSoC5/Out_20.c **** *
  50:.\Generated_Source\PSoC5/Out_20.c **** * Summary:
  51:.\Generated_Source\PSoC5/Out_20.c **** *  Change the drive mode on the pins of the port.
  52:.\Generated_Source\PSoC5/Out_20.c **** * 
  53:.\Generated_Source\PSoC5/Out_20.c **** * Parameters:  
  54:.\Generated_Source\PSoC5/Out_20.c **** *  mode:  Change the pins to one of the following drive modes.
  55:.\Generated_Source\PSoC5/Out_20.c **** *
  56:.\Generated_Source\PSoC5/Out_20.c **** *  Out_20_DM_STRONG     Strong Drive 
  57:.\Generated_Source\PSoC5/Out_20.c **** *  Out_20_DM_OD_HI      Open Drain, Drives High 
  58:.\Generated_Source\PSoC5/Out_20.c **** *  Out_20_DM_OD_LO      Open Drain, Drives Low 
  59:.\Generated_Source\PSoC5/Out_20.c **** *  Out_20_DM_RES_UP     Resistive Pull Up 
  60:.\Generated_Source\PSoC5/Out_20.c **** *  Out_20_DM_RES_DWN    Resistive Pull Down 
  61:.\Generated_Source\PSoC5/Out_20.c **** *  Out_20_DM_RES_UPDWN  Resistive Pull Up/Down 
  62:.\Generated_Source\PSoC5/Out_20.c **** *  Out_20_DM_DIG_HIZ    High Impedance Digital 
  63:.\Generated_Source\PSoC5/Out_20.c **** *  Out_20_DM_ALG_HIZ    High Impedance Analog 
  64:.\Generated_Source\PSoC5/Out_20.c **** *
  65:.\Generated_Source\PSoC5/Out_20.c **** * Return: 
  66:.\Generated_Source\PSoC5/Out_20.c **** *  None
  67:.\Generated_Source\PSoC5/Out_20.c **** *
  68:.\Generated_Source\PSoC5/Out_20.c **** *******************************************************************************/
  69:.\Generated_Source\PSoC5/Out_20.c **** void Out_20_SetDriveMode(uint8 mode) 
  70:.\Generated_Source\PSoC5/Out_20.c **** {
  77              		.loc 1 70 0
  78              		.cfi_startproc
  79              		@ args = 0, pretend = 0, frame = 8
  80              		@ frame_needed = 1, uses_anonymous_args = 0
  81              		@ link register save eliminated.
  82 0000 80B4     		push	{r7}
  83              	.LCFI3:
  84              		.cfi_def_cfa_offset 4
  85              		.cfi_offset 7, -4
  86 0002 83B0     		sub	sp, sp, #12
  87              	.LCFI4:
  88              		.cfi_def_cfa_offset 16
  89 0004 00AF     		add	r7, sp, #0
  90              	.LCFI5:
  91              		.cfi_def_cfa_register 7
  92 0006 0346     		mov	r3, r0
  93 0008 FB71     		strb	r3, [r7, #7]
  71:.\Generated_Source\PSoC5/Out_20.c **** 	CyPins_SetPinDriveMode(Out_20_0, mode);
  94              		.loc 1 71 0
  95 000a 45F21703 		movw	r3, #20503
  96 000e C4F20003 		movt	r3, 16384
  97 0012 45F21702 		movw	r2, #20503
  98 0016 C4F20002 		movt	r2, 16384
  99 001a 1278     		ldrb	r2, [r2, #0]
 100 001c D2B2     		uxtb	r2, r2
ARM GAS  C:\Users\Brian\AppData\Local\Temp\ccZmbW1W.s 			page 4


 101 001e D2B2     		uxtb	r2, r2
 102 0020 22F00E02 		bic	r2, r2, #14
 103 0024 D1B2     		uxtb	r1, r2
 104 0026 FA79     		ldrb	r2, [r7, #7]	@ zero_extendqisi2
 105 0028 02F00E02 		and	r2, r2, #14
 106 002c D2B2     		uxtb	r2, r2
 107 002e 0A43     		orrs	r2, r2, r1
 108 0030 D2B2     		uxtb	r2, r2
 109 0032 D2B2     		uxtb	r2, r2
 110 0034 1A70     		strb	r2, [r3, #0]
  72:.\Generated_Source\PSoC5/Out_20.c **** }
 111              		.loc 1 72 0
 112 0036 07F10C07 		add	r7, r7, #12
 113 003a BD46     		mov	sp, r7
 114 003c 80BC     		pop	{r7}
 115 003e 7047     		bx	lr
 116              		.cfi_endproc
 117              	.LFE1:
 118              		.size	Out_20_SetDriveMode, .-Out_20_SetDriveMode
 119              		.section	.text.Out_20_Read,"ax",%progbits
 120              		.align	2
 121              		.global	Out_20_Read
 122              		.thumb
 123              		.thumb_func
 124              		.type	Out_20_Read, %function
 125              	Out_20_Read:
 126              	.LFB2:
  73:.\Generated_Source\PSoC5/Out_20.c **** 
  74:.\Generated_Source\PSoC5/Out_20.c **** 
  75:.\Generated_Source\PSoC5/Out_20.c **** /*******************************************************************************
  76:.\Generated_Source\PSoC5/Out_20.c **** * Function Name: Out_20_Read
  77:.\Generated_Source\PSoC5/Out_20.c **** ********************************************************************************
  78:.\Generated_Source\PSoC5/Out_20.c **** *
  79:.\Generated_Source\PSoC5/Out_20.c **** * Summary:
  80:.\Generated_Source\PSoC5/Out_20.c **** *  Read the current value on the pins of the Digital Port in right justified 
  81:.\Generated_Source\PSoC5/Out_20.c **** *  form.
  82:.\Generated_Source\PSoC5/Out_20.c **** *
  83:.\Generated_Source\PSoC5/Out_20.c **** * Parameters:  
  84:.\Generated_Source\PSoC5/Out_20.c **** *  None
  85:.\Generated_Source\PSoC5/Out_20.c **** *
  86:.\Generated_Source\PSoC5/Out_20.c **** * Return: 
  87:.\Generated_Source\PSoC5/Out_20.c **** *  Returns the current value of the Digital Port as a right justified number
  88:.\Generated_Source\PSoC5/Out_20.c **** *  
  89:.\Generated_Source\PSoC5/Out_20.c **** * Note:
  90:.\Generated_Source\PSoC5/Out_20.c **** *  Macro Out_20_ReadPS calls this function. 
  91:.\Generated_Source\PSoC5/Out_20.c **** *  
  92:.\Generated_Source\PSoC5/Out_20.c **** *******************************************************************************/
  93:.\Generated_Source\PSoC5/Out_20.c **** uint8 Out_20_Read(void) 
  94:.\Generated_Source\PSoC5/Out_20.c **** {
 127              		.loc 1 94 0
 128              		.cfi_startproc
 129              		@ args = 0, pretend = 0, frame = 0
 130              		@ frame_needed = 1, uses_anonymous_args = 0
 131              		@ link register save eliminated.
 132 0000 80B4     		push	{r7}
 133              	.LCFI6:
 134              		.cfi_def_cfa_offset 4
ARM GAS  C:\Users\Brian\AppData\Local\Temp\ccZmbW1W.s 			page 5


 135              		.cfi_offset 7, -4
 136 0002 00AF     		add	r7, sp, #0
 137              	.LCFI7:
 138              		.cfi_def_cfa_register 7
  95:.\Generated_Source\PSoC5/Out_20.c ****     return (Out_20_PS & Out_20_MASK) >> Out_20_SHIFT;
 139              		.loc 1 95 0
 140 0004 45F22113 		movw	r3, #20769
 141 0008 C4F20003 		movt	r3, 16384
 142 000c 1B78     		ldrb	r3, [r3, #0]
 143 000e DBB2     		uxtb	r3, r3
 144 0010 4FEAD313 		lsr	r3, r3, #7
 145 0014 DBB2     		uxtb	r3, r3
  96:.\Generated_Source\PSoC5/Out_20.c **** }
 146              		.loc 1 96 0
 147 0016 1846     		mov	r0, r3
 148 0018 BD46     		mov	sp, r7
 149 001a 80BC     		pop	{r7}
 150 001c 7047     		bx	lr
 151              		.cfi_endproc
 152              	.LFE2:
 153              		.size	Out_20_Read, .-Out_20_Read
 154 001e 00BF     		.section	.text.Out_20_ReadDataReg,"ax",%progbits
 155              		.align	2
 156              		.global	Out_20_ReadDataReg
 157              		.thumb
 158              		.thumb_func
 159              		.type	Out_20_ReadDataReg, %function
 160              	Out_20_ReadDataReg:
 161              	.LFB3:
  97:.\Generated_Source\PSoC5/Out_20.c **** 
  98:.\Generated_Source\PSoC5/Out_20.c **** 
  99:.\Generated_Source\PSoC5/Out_20.c **** /*******************************************************************************
 100:.\Generated_Source\PSoC5/Out_20.c **** * Function Name: Out_20_ReadDataReg
 101:.\Generated_Source\PSoC5/Out_20.c **** ********************************************************************************
 102:.\Generated_Source\PSoC5/Out_20.c **** *
 103:.\Generated_Source\PSoC5/Out_20.c **** * Summary:
 104:.\Generated_Source\PSoC5/Out_20.c **** *  Read the current value assigned to a Digital Port's data output register
 105:.\Generated_Source\PSoC5/Out_20.c **** *
 106:.\Generated_Source\PSoC5/Out_20.c **** * Parameters:  
 107:.\Generated_Source\PSoC5/Out_20.c **** *  None 
 108:.\Generated_Source\PSoC5/Out_20.c **** *
 109:.\Generated_Source\PSoC5/Out_20.c **** * Return: 
 110:.\Generated_Source\PSoC5/Out_20.c **** *  Returns the current value assigned to the Digital Port's data output register
 111:.\Generated_Source\PSoC5/Out_20.c **** *  
 112:.\Generated_Source\PSoC5/Out_20.c **** *******************************************************************************/
 113:.\Generated_Source\PSoC5/Out_20.c **** uint8 Out_20_ReadDataReg(void) 
 114:.\Generated_Source\PSoC5/Out_20.c **** {
 162              		.loc 1 114 0
 163              		.cfi_startproc
 164              		@ args = 0, pretend = 0, frame = 0
 165              		@ frame_needed = 1, uses_anonymous_args = 0
 166              		@ link register save eliminated.
 167 0000 80B4     		push	{r7}
 168              	.LCFI8:
 169              		.cfi_def_cfa_offset 4
 170              		.cfi_offset 7, -4
 171 0002 00AF     		add	r7, sp, #0
ARM GAS  C:\Users\Brian\AppData\Local\Temp\ccZmbW1W.s 			page 6


 172              	.LCFI9:
 173              		.cfi_def_cfa_register 7
 115:.\Generated_Source\PSoC5/Out_20.c ****     return (Out_20_DR & Out_20_MASK) >> Out_20_SHIFT;
 174              		.loc 1 115 0
 175 0004 45F22013 		movw	r3, #20768
 176 0008 C4F20003 		movt	r3, 16384
 177 000c 1B78     		ldrb	r3, [r3, #0]
 178 000e DBB2     		uxtb	r3, r3
 179 0010 4FEAD313 		lsr	r3, r3, #7
 180 0014 DBB2     		uxtb	r3, r3
 116:.\Generated_Source\PSoC5/Out_20.c **** }
 181              		.loc 1 116 0
 182 0016 1846     		mov	r0, r3
 183 0018 BD46     		mov	sp, r7
 184 001a 80BC     		pop	{r7}
 185 001c 7047     		bx	lr
 186              		.cfi_endproc
 187              	.LFE3:
 188              		.size	Out_20_ReadDataReg, .-Out_20_ReadDataReg
 189 001e 00BF     		.text
 190              	.Letext0:
 191              		.file 2 ".\\Generated_Source\\PSoC5\\cytypes.h"
 192              		.section	.debug_info,"",%progbits
 193              	.Ldebug_info0:
 194 0000 30010000 		.4byte	0x130
 195 0004 0200     		.2byte	0x2
 196 0006 00000000 		.4byte	.Ldebug_abbrev0
 197 000a 04       		.byte	0x4
 198 000b 01       		.uleb128 0x1
 199 000c 10010000 		.4byte	.LASF20
 200 0010 01       		.byte	0x1
 201 0011 62010000 		.4byte	.LASF21
 202 0015 11000000 		.4byte	.LASF22
 203 0019 00000000 		.4byte	.Ldebug_ranges0+0
 204 001d 00000000 		.4byte	0
 205 0021 00000000 		.4byte	0
 206 0025 00000000 		.4byte	.Ldebug_line0
 207 0029 02       		.uleb128 0x2
 208 002a 01       		.byte	0x1
 209 002b 06       		.byte	0x6
 210 002c 90010000 		.4byte	.LASF0
 211 0030 02       		.uleb128 0x2
 212 0031 01       		.byte	0x1
 213 0032 08       		.byte	0x8
 214 0033 65000000 		.4byte	.LASF1
 215 0037 02       		.uleb128 0x2
 216 0038 02       		.byte	0x2
 217 0039 05       		.byte	0x5
 218 003a 00010000 		.4byte	.LASF2
 219 003e 02       		.uleb128 0x2
 220 003f 02       		.byte	0x2
 221 0040 07       		.byte	0x7
 222 0041 8A000000 		.4byte	.LASF3
 223 0045 02       		.uleb128 0x2
 224 0046 04       		.byte	0x4
 225 0047 05       		.byte	0x5
 226 0048 59010000 		.4byte	.LASF4
ARM GAS  C:\Users\Brian\AppData\Local\Temp\ccZmbW1W.s 			page 7


 227 004c 02       		.uleb128 0x2
 228 004d 04       		.byte	0x4
 229 004e 07       		.byte	0x7
 230 004f 78000000 		.4byte	.LASF5
 231 0053 02       		.uleb128 0x2
 232 0054 08       		.byte	0x8
 233 0055 05       		.byte	0x5
 234 0056 DA000000 		.4byte	.LASF6
 235 005a 02       		.uleb128 0x2
 236 005b 08       		.byte	0x8
 237 005c 07       		.byte	0x7
 238 005d BE000000 		.4byte	.LASF7
 239 0061 03       		.uleb128 0x3
 240 0062 04       		.byte	0x4
 241 0063 05       		.byte	0x5
 242 0064 696E7400 		.ascii	"int\000"
 243 0068 02       		.uleb128 0x2
 244 0069 04       		.byte	0x4
 245 006a 07       		.byte	0x7
 246 006b A4000000 		.4byte	.LASF8
 247 006f 04       		.uleb128 0x4
 248 0070 0A010000 		.4byte	.LASF12
 249 0074 02       		.byte	0x2
 250 0075 5B       		.byte	0x5b
 251 0076 30000000 		.4byte	0x30
 252 007a 02       		.uleb128 0x2
 253 007b 04       		.byte	0x4
 254 007c 04       		.byte	0x4
 255 007d 5F000000 		.4byte	.LASF9
 256 0081 02       		.uleb128 0x2
 257 0082 08       		.byte	0x8
 258 0083 04       		.byte	0x4
 259 0084 9D000000 		.4byte	.LASF10
 260 0088 02       		.uleb128 0x2
 261 0089 01       		.byte	0x1
 262 008a 08       		.byte	0x8
 263 008b E8000000 		.4byte	.LASF11
 264 008f 04       		.uleb128 0x4
 265 0090 73000000 		.4byte	.LASF13
 266 0094 02       		.byte	0x2
 267 0095 F0       		.byte	0xf0
 268 0096 9A000000 		.4byte	0x9a
 269 009a 05       		.uleb128 0x5
 270 009b 6F000000 		.4byte	0x6f
 271 009f 06       		.uleb128 0x6
 272 00a0 01       		.byte	0x1
 273 00a1 B1000000 		.4byte	.LASF14
 274 00a5 01       		.byte	0x1
 275 00a6 27       		.byte	0x27
 276 00a7 01       		.byte	0x1
 277 00a8 00000000 		.4byte	.LFB0
 278 00ac 3E000000 		.4byte	.LFE0
 279 00b0 00000000 		.4byte	.LLST0
 280 00b4 01       		.byte	0x1
 281 00b5 D6000000 		.4byte	0xd6
 282 00b9 07       		.uleb128 0x7
 283 00ba 00000000 		.4byte	.LASF16
ARM GAS  C:\Users\Brian\AppData\Local\Temp\ccZmbW1W.s 			page 8


 284 00be 01       		.byte	0x1
 285 00bf 27       		.byte	0x27
 286 00c0 6F000000 		.4byte	0x6f
 287 00c4 02       		.byte	0x2
 288 00c5 91       		.byte	0x91
 289 00c6 6F       		.sleb128 -17
 290 00c7 08       		.uleb128 0x8
 291 00c8 06000000 		.4byte	.LASF23
 292 00cc 01       		.byte	0x1
 293 00cd 29       		.byte	0x29
 294 00ce 6F000000 		.4byte	0x6f
 295 00d2 02       		.byte	0x2
 296 00d3 91       		.byte	0x91
 297 00d4 77       		.sleb128 -9
 298 00d5 00       		.byte	0
 299 00d6 06       		.uleb128 0x6
 300 00d7 01       		.byte	0x1
 301 00d8 9C010000 		.4byte	.LASF15
 302 00dc 01       		.byte	0x1
 303 00dd 45       		.byte	0x45
 304 00de 01       		.byte	0x1
 305 00df 00000000 		.4byte	.LFB1
 306 00e3 40000000 		.4byte	.LFE1
 307 00e7 38000000 		.4byte	.LLST1
 308 00eb 01       		.byte	0x1
 309 00ec FF000000 		.4byte	0xff
 310 00f0 07       		.uleb128 0x7
 311 00f1 D5000000 		.4byte	.LASF17
 312 00f5 01       		.byte	0x1
 313 00f6 45       		.byte	0x45
 314 00f7 6F000000 		.4byte	0x6f
 315 00fb 02       		.byte	0x2
 316 00fc 91       		.byte	0x91
 317 00fd 77       		.sleb128 -9
 318 00fe 00       		.byte	0
 319 00ff 09       		.uleb128 0x9
 320 0100 01       		.byte	0x1
 321 0101 84010000 		.4byte	.LASF18
 322 0105 01       		.byte	0x1
 323 0106 5D       		.byte	0x5d
 324 0107 01       		.byte	0x1
 325 0108 6F000000 		.4byte	0x6f
 326 010c 00000000 		.4byte	.LFB2
 327 0110 1E000000 		.4byte	.LFE2
 328 0114 70000000 		.4byte	.LLST2
 329 0118 01       		.byte	0x1
 330 0119 09       		.uleb128 0x9
 331 011a 01       		.byte	0x1
 332 011b ED000000 		.4byte	.LASF19
 333 011f 01       		.byte	0x1
 334 0120 71       		.byte	0x71
 335 0121 01       		.byte	0x1
 336 0122 6F000000 		.4byte	0x6f
 337 0126 00000000 		.4byte	.LFB3
 338 012a 1E000000 		.4byte	.LFE3
 339 012e 9C000000 		.4byte	.LLST3
 340 0132 01       		.byte	0x1
ARM GAS  C:\Users\Brian\AppData\Local\Temp\ccZmbW1W.s 			page 9


 341 0133 00       		.byte	0
 342              		.section	.debug_abbrev,"",%progbits
 343              	.Ldebug_abbrev0:
 344 0000 01       		.uleb128 0x1
 345 0001 11       		.uleb128 0x11
 346 0002 01       		.byte	0x1
 347 0003 25       		.uleb128 0x25
 348 0004 0E       		.uleb128 0xe
 349 0005 13       		.uleb128 0x13
 350 0006 0B       		.uleb128 0xb
 351 0007 03       		.uleb128 0x3
 352 0008 0E       		.uleb128 0xe
 353 0009 1B       		.uleb128 0x1b
 354 000a 0E       		.uleb128 0xe
 355 000b 55       		.uleb128 0x55
 356 000c 06       		.uleb128 0x6
 357 000d 11       		.uleb128 0x11
 358 000e 01       		.uleb128 0x1
 359 000f 52       		.uleb128 0x52
 360 0010 01       		.uleb128 0x1
 361 0011 10       		.uleb128 0x10
 362 0012 06       		.uleb128 0x6
 363 0013 00       		.byte	0
 364 0014 00       		.byte	0
 365 0015 02       		.uleb128 0x2
 366 0016 24       		.uleb128 0x24
 367 0017 00       		.byte	0
 368 0018 0B       		.uleb128 0xb
 369 0019 0B       		.uleb128 0xb
 370 001a 3E       		.uleb128 0x3e
 371 001b 0B       		.uleb128 0xb
 372 001c 03       		.uleb128 0x3
 373 001d 0E       		.uleb128 0xe
 374 001e 00       		.byte	0
 375 001f 00       		.byte	0
 376 0020 03       		.uleb128 0x3
 377 0021 24       		.uleb128 0x24
 378 0022 00       		.byte	0
 379 0023 0B       		.uleb128 0xb
 380 0024 0B       		.uleb128 0xb
 381 0025 3E       		.uleb128 0x3e
 382 0026 0B       		.uleb128 0xb
 383 0027 03       		.uleb128 0x3
 384 0028 08       		.uleb128 0x8
 385 0029 00       		.byte	0
 386 002a 00       		.byte	0
 387 002b 04       		.uleb128 0x4
 388 002c 16       		.uleb128 0x16
 389 002d 00       		.byte	0
 390 002e 03       		.uleb128 0x3
 391 002f 0E       		.uleb128 0xe
 392 0030 3A       		.uleb128 0x3a
 393 0031 0B       		.uleb128 0xb
 394 0032 3B       		.uleb128 0x3b
 395 0033 0B       		.uleb128 0xb
 396 0034 49       		.uleb128 0x49
 397 0035 13       		.uleb128 0x13
ARM GAS  C:\Users\Brian\AppData\Local\Temp\ccZmbW1W.s 			page 10


 398 0036 00       		.byte	0
 399 0037 00       		.byte	0
 400 0038 05       		.uleb128 0x5
 401 0039 35       		.uleb128 0x35
 402 003a 00       		.byte	0
 403 003b 49       		.uleb128 0x49
 404 003c 13       		.uleb128 0x13
 405 003d 00       		.byte	0
 406 003e 00       		.byte	0
 407 003f 06       		.uleb128 0x6
 408 0040 2E       		.uleb128 0x2e
 409 0041 01       		.byte	0x1
 410 0042 3F       		.uleb128 0x3f
 411 0043 0C       		.uleb128 0xc
 412 0044 03       		.uleb128 0x3
 413 0045 0E       		.uleb128 0xe
 414 0046 3A       		.uleb128 0x3a
 415 0047 0B       		.uleb128 0xb
 416 0048 3B       		.uleb128 0x3b
 417 0049 0B       		.uleb128 0xb
 418 004a 27       		.uleb128 0x27
 419 004b 0C       		.uleb128 0xc
 420 004c 11       		.uleb128 0x11
 421 004d 01       		.uleb128 0x1
 422 004e 12       		.uleb128 0x12
 423 004f 01       		.uleb128 0x1
 424 0050 40       		.uleb128 0x40
 425 0051 06       		.uleb128 0x6
 426 0052 9742     		.uleb128 0x2117
 427 0054 0C       		.uleb128 0xc
 428 0055 01       		.uleb128 0x1
 429 0056 13       		.uleb128 0x13
 430 0057 00       		.byte	0
 431 0058 00       		.byte	0
 432 0059 07       		.uleb128 0x7
 433 005a 05       		.uleb128 0x5
 434 005b 00       		.byte	0
 435 005c 03       		.uleb128 0x3
 436 005d 0E       		.uleb128 0xe
 437 005e 3A       		.uleb128 0x3a
 438 005f 0B       		.uleb128 0xb
 439 0060 3B       		.uleb128 0x3b
 440 0061 0B       		.uleb128 0xb
 441 0062 49       		.uleb128 0x49
 442 0063 13       		.uleb128 0x13
 443 0064 02       		.uleb128 0x2
 444 0065 0A       		.uleb128 0xa
 445 0066 00       		.byte	0
 446 0067 00       		.byte	0
 447 0068 08       		.uleb128 0x8
 448 0069 34       		.uleb128 0x34
 449 006a 00       		.byte	0
 450 006b 03       		.uleb128 0x3
 451 006c 0E       		.uleb128 0xe
 452 006d 3A       		.uleb128 0x3a
 453 006e 0B       		.uleb128 0xb
 454 006f 3B       		.uleb128 0x3b
ARM GAS  C:\Users\Brian\AppData\Local\Temp\ccZmbW1W.s 			page 11


 455 0070 0B       		.uleb128 0xb
 456 0071 49       		.uleb128 0x49
 457 0072 13       		.uleb128 0x13
 458 0073 02       		.uleb128 0x2
 459 0074 0A       		.uleb128 0xa
 460 0075 00       		.byte	0
 461 0076 00       		.byte	0
 462 0077 09       		.uleb128 0x9
 463 0078 2E       		.uleb128 0x2e
 464 0079 00       		.byte	0
 465 007a 3F       		.uleb128 0x3f
 466 007b 0C       		.uleb128 0xc
 467 007c 03       		.uleb128 0x3
 468 007d 0E       		.uleb128 0xe
 469 007e 3A       		.uleb128 0x3a
 470 007f 0B       		.uleb128 0xb
 471 0080 3B       		.uleb128 0x3b
 472 0081 0B       		.uleb128 0xb
 473 0082 27       		.uleb128 0x27
 474 0083 0C       		.uleb128 0xc
 475 0084 49       		.uleb128 0x49
 476 0085 13       		.uleb128 0x13
 477 0086 11       		.uleb128 0x11
 478 0087 01       		.uleb128 0x1
 479 0088 12       		.uleb128 0x12
 480 0089 01       		.uleb128 0x1
 481 008a 40       		.uleb128 0x40
 482 008b 06       		.uleb128 0x6
 483 008c 9742     		.uleb128 0x2117
 484 008e 0C       		.uleb128 0xc
 485 008f 00       		.byte	0
 486 0090 00       		.byte	0
 487 0091 00       		.byte	0
 488              		.section	.debug_loc,"",%progbits
 489              	.Ldebug_loc0:
 490              	.LLST0:
 491 0000 00000000 		.4byte	.LFB0
 492 0004 02000000 		.4byte	.LCFI0
 493 0008 0200     		.2byte	0x2
 494 000a 7D       		.byte	0x7d
 495 000b 00       		.sleb128 0
 496 000c 02000000 		.4byte	.LCFI0
 497 0010 04000000 		.4byte	.LCFI1
 498 0014 0200     		.2byte	0x2
 499 0016 7D       		.byte	0x7d
 500 0017 04       		.sleb128 4
 501 0018 04000000 		.4byte	.LCFI1
 502 001c 06000000 		.4byte	.LCFI2
 503 0020 0200     		.2byte	0x2
 504 0022 7D       		.byte	0x7d
 505 0023 18       		.sleb128 24
 506 0024 06000000 		.4byte	.LCFI2
 507 0028 3E000000 		.4byte	.LFE0
 508 002c 0200     		.2byte	0x2
 509 002e 77       		.byte	0x77
 510 002f 18       		.sleb128 24
 511 0030 00000000 		.4byte	0
ARM GAS  C:\Users\Brian\AppData\Local\Temp\ccZmbW1W.s 			page 12


 512 0034 00000000 		.4byte	0
 513              	.LLST1:
 514 0038 00000000 		.4byte	.LFB1
 515 003c 02000000 		.4byte	.LCFI3
 516 0040 0200     		.2byte	0x2
 517 0042 7D       		.byte	0x7d
 518 0043 00       		.sleb128 0
 519 0044 02000000 		.4byte	.LCFI3
 520 0048 04000000 		.4byte	.LCFI4
 521 004c 0200     		.2byte	0x2
 522 004e 7D       		.byte	0x7d
 523 004f 04       		.sleb128 4
 524 0050 04000000 		.4byte	.LCFI4
 525 0054 06000000 		.4byte	.LCFI5
 526 0058 0200     		.2byte	0x2
 527 005a 7D       		.byte	0x7d
 528 005b 10       		.sleb128 16
 529 005c 06000000 		.4byte	.LCFI5
 530 0060 40000000 		.4byte	.LFE1
 531 0064 0200     		.2byte	0x2
 532 0066 77       		.byte	0x77
 533 0067 10       		.sleb128 16
 534 0068 00000000 		.4byte	0
 535 006c 00000000 		.4byte	0
 536              	.LLST2:
 537 0070 00000000 		.4byte	.LFB2
 538 0074 02000000 		.4byte	.LCFI6
 539 0078 0200     		.2byte	0x2
 540 007a 7D       		.byte	0x7d
 541 007b 00       		.sleb128 0
 542 007c 02000000 		.4byte	.LCFI6
 543 0080 04000000 		.4byte	.LCFI7
 544 0084 0200     		.2byte	0x2
 545 0086 7D       		.byte	0x7d
 546 0087 04       		.sleb128 4
 547 0088 04000000 		.4byte	.LCFI7
 548 008c 1E000000 		.4byte	.LFE2
 549 0090 0200     		.2byte	0x2
 550 0092 77       		.byte	0x77
 551 0093 04       		.sleb128 4
 552 0094 00000000 		.4byte	0
 553 0098 00000000 		.4byte	0
 554              	.LLST3:
 555 009c 00000000 		.4byte	.LFB3
 556 00a0 02000000 		.4byte	.LCFI8
 557 00a4 0200     		.2byte	0x2
 558 00a6 7D       		.byte	0x7d
 559 00a7 00       		.sleb128 0
 560 00a8 02000000 		.4byte	.LCFI8
 561 00ac 04000000 		.4byte	.LCFI9
 562 00b0 0200     		.2byte	0x2
 563 00b2 7D       		.byte	0x7d
 564 00b3 04       		.sleb128 4
 565 00b4 04000000 		.4byte	.LCFI9
 566 00b8 1E000000 		.4byte	.LFE3
 567 00bc 0200     		.2byte	0x2
 568 00be 77       		.byte	0x77
ARM GAS  C:\Users\Brian\AppData\Local\Temp\ccZmbW1W.s 			page 13


 569 00bf 04       		.sleb128 4
 570 00c0 00000000 		.4byte	0
 571 00c4 00000000 		.4byte	0
 572              		.section	.debug_aranges,"",%progbits
 573 0000 34000000 		.4byte	0x34
 574 0004 0200     		.2byte	0x2
 575 0006 00000000 		.4byte	.Ldebug_info0
 576 000a 04       		.byte	0x4
 577 000b 00       		.byte	0
 578 000c 0000     		.2byte	0
 579 000e 0000     		.2byte	0
 580 0010 00000000 		.4byte	.LFB0
 581 0014 3E000000 		.4byte	.LFE0-.LFB0
 582 0018 00000000 		.4byte	.LFB1
 583 001c 40000000 		.4byte	.LFE1-.LFB1
 584 0020 00000000 		.4byte	.LFB2
 585 0024 1E000000 		.4byte	.LFE2-.LFB2
 586 0028 00000000 		.4byte	.LFB3
 587 002c 1E000000 		.4byte	.LFE3-.LFB3
 588 0030 00000000 		.4byte	0
 589 0034 00000000 		.4byte	0
 590              		.section	.debug_ranges,"",%progbits
 591              	.Ldebug_ranges0:
 592 0000 00000000 		.4byte	.LFB0
 593 0004 3E000000 		.4byte	.LFE0
 594 0008 00000000 		.4byte	.LFB1
 595 000c 40000000 		.4byte	.LFE1
 596 0010 00000000 		.4byte	.LFB2
 597 0014 1E000000 		.4byte	.LFE2
 598 0018 00000000 		.4byte	.LFB3
 599 001c 1E000000 		.4byte	.LFE3
 600 0020 00000000 		.4byte	0
 601 0024 00000000 		.4byte	0
 602              		.section	.debug_line,"",%progbits
 603              	.Ldebug_line0:
 604 0000 94000000 		.section	.debug_str,"MS",%progbits,1
 604      02004500 
 604      00000201 
 604      FB0E0D00 
 604      01010101 
 605              	.LASF16:
 606 0000 76616C75 		.ascii	"value\000"
 606      6500
 607              	.LASF23:
 608 0006 73746174 		.ascii	"staticBits\000"
 608      69634269 
 608      747300
 609              	.LASF22:
 610 0011 433A5C55 		.ascii	"C:\\Users\\Brian\\Dropbox\\RPiSoC\\Projects\\PSoC_2"
 610      73657273 
 610      5C427269 
 610      616E5C44 
 610      726F7062 
 611 003e 5F50695C 		.ascii	"_Pi\\PSoC Creator\\PSoC_2_Pi.cydsn\000"
 611      50536F43 
 611      20437265 
 611      61746F72 
ARM GAS  C:\Users\Brian\AppData\Local\Temp\ccZmbW1W.s 			page 14


 611      5C50536F 
 612              	.LASF9:
 613 005f 666C6F61 		.ascii	"float\000"
 613      7400
 614              	.LASF1:
 615 0065 756E7369 		.ascii	"unsigned char\000"
 615      676E6564 
 615      20636861 
 615      7200
 616              	.LASF13:
 617 0073 72656738 		.ascii	"reg8\000"
 617      00
 618              	.LASF5:
 619 0078 6C6F6E67 		.ascii	"long unsigned int\000"
 619      20756E73 
 619      69676E65 
 619      6420696E 
 619      7400
 620              	.LASF3:
 621 008a 73686F72 		.ascii	"short unsigned int\000"
 621      7420756E 
 621      7369676E 
 621      65642069 
 621      6E7400
 622              	.LASF10:
 623 009d 646F7562 		.ascii	"double\000"
 623      6C6500
 624              	.LASF8:
 625 00a4 756E7369 		.ascii	"unsigned int\000"
 625      676E6564 
 625      20696E74 
 625      00
 626              	.LASF14:
 627 00b1 4F75745F 		.ascii	"Out_20_Write\000"
 627      32305F57 
 627      72697465 
 627      00
 628              	.LASF7:
 629 00be 6C6F6E67 		.ascii	"long long unsigned int\000"
 629      206C6F6E 
 629      6720756E 
 629      7369676E 
 629      65642069 
 630              	.LASF17:
 631 00d5 6D6F6465 		.ascii	"mode\000"
 631      00
 632              	.LASF6:
 633 00da 6C6F6E67 		.ascii	"long long int\000"
 633      206C6F6E 
 633      6720696E 
 633      7400
 634              	.LASF11:
 635 00e8 63686172 		.ascii	"char\000"
 635      00
 636              	.LASF19:
 637 00ed 4F75745F 		.ascii	"Out_20_ReadDataReg\000"
 637      32305F52 
ARM GAS  C:\Users\Brian\AppData\Local\Temp\ccZmbW1W.s 			page 15


 637      65616444 
 637      61746152 
 637      656700
 638              	.LASF2:
 639 0100 73686F72 		.ascii	"short int\000"
 639      7420696E 
 639      7400
 640              	.LASF12:
 641 010a 75696E74 		.ascii	"uint8\000"
 641      3800
 642              	.LASF20:
 643 0110 474E5520 		.ascii	"GNU C 4.7.3 20130312 (release) [ARM/embedded-4_7-br"
 643      4320342E 
 643      372E3320 
 643      32303133 
 643      30333132 
 644 0143 616E6368 		.ascii	"anch revision 196615]\000"
 644      20726576 
 644      6973696F 
 644      6E203139 
 644      36363135 
 645              	.LASF4:
 646 0159 6C6F6E67 		.ascii	"long int\000"
 646      20696E74 
 646      00
 647              	.LASF21:
 648 0162 2E5C4765 		.ascii	".\\Generated_Source\\PSoC5\\Out_20.c\000"
 648      6E657261 
 648      7465645F 
 648      536F7572 
 648      63655C50 
 649              	.LASF18:
 650 0184 4F75745F 		.ascii	"Out_20_Read\000"
 650      32305F52 
 650      65616400 
 651              	.LASF0:
 652 0190 7369676E 		.ascii	"signed char\000"
 652      65642063 
 652      68617200 
 653              	.LASF15:
 654 019c 4F75745F 		.ascii	"Out_20_SetDriveMode\000"
 654      32305F53 
 654      65744472 
 654      6976654D 
 654      6F646500 
 655              		.ident	"GCC: (GNU Tools for ARM Embedded Processors) 4.7.3 20130312 (release) [ARM/embedded-4_7-br
