ARM GAS  C:\Users\Brian\AppData\Local\Temp\ccifIRPL.s 			page 1


   1              		.syntax unified
   2              		.cpu cortex-m3
   3              		.fpu softvfp
   4              		.eabi_attribute 20, 1
   5              		.eabi_attribute 21, 1
   6              		.eabi_attribute 23, 3
   7              		.eabi_attribute 24, 1
   8              		.eabi_attribute 25, 1
   9              		.eabi_attribute 26, 1
  10              		.eabi_attribute 30, 6
  11              		.eabi_attribute 34, 1
  12              		.eabi_attribute 18, 4
  13              		.thumb
  14              		.file	"Port_4.c"
  15              		.text
  16              	.Ltext0:
  17              		.cfi_sections	.debug_frame
  18              		.section	.text.Port_4_Write,"ax",%progbits
  19              		.align	2
  20              		.global	Port_4_Write
  21              		.thumb
  22              		.thumb_func
  23              		.type	Port_4_Write, %function
  24              	Port_4_Write:
  25              	.LFB0:
  26              		.file 1 ".\\Generated_Source\\PSoC5\\Port_4.c"
   1:.\Generated_Source\PSoC5/Port_4.c **** /*******************************************************************************
   2:.\Generated_Source\PSoC5/Port_4.c **** * File Name: Port_4.c  
   3:.\Generated_Source\PSoC5/Port_4.c **** * Version 2.0
   4:.\Generated_Source\PSoC5/Port_4.c **** *
   5:.\Generated_Source\PSoC5/Port_4.c **** * Description:
   6:.\Generated_Source\PSoC5/Port_4.c **** *  This file contains API to enable firmware control of a Pins component.
   7:.\Generated_Source\PSoC5/Port_4.c **** *
   8:.\Generated_Source\PSoC5/Port_4.c **** * Note:
   9:.\Generated_Source\PSoC5/Port_4.c **** *
  10:.\Generated_Source\PSoC5/Port_4.c **** ********************************************************************************
  11:.\Generated_Source\PSoC5/Port_4.c **** * Copyright 2008-2014, Cypress Semiconductor Corporation.  All rights reserved.
  12:.\Generated_Source\PSoC5/Port_4.c **** * You may use this file only in accordance with the license, terms, conditions, 
  13:.\Generated_Source\PSoC5/Port_4.c **** * disclaimers, and limitations in the end user license agreement accompanying 
  14:.\Generated_Source\PSoC5/Port_4.c **** * the software package with which this file was provided.
  15:.\Generated_Source\PSoC5/Port_4.c **** *******************************************************************************/
  16:.\Generated_Source\PSoC5/Port_4.c **** 
  17:.\Generated_Source\PSoC5/Port_4.c **** #include "cytypes.h"
  18:.\Generated_Source\PSoC5/Port_4.c **** #include "Port_4.h"
  19:.\Generated_Source\PSoC5/Port_4.c **** 
  20:.\Generated_Source\PSoC5/Port_4.c **** /* APIs are not generated for P15[7:6] on PSoC 5 */
  21:.\Generated_Source\PSoC5/Port_4.c **** #if !(CY_PSOC5A &&\
  22:.\Generated_Source\PSoC5/Port_4.c **** 	 Port_4__PORT == 15 && ((Port_4__MASK & 0xC0) != 0))
  23:.\Generated_Source\PSoC5/Port_4.c **** 
  24:.\Generated_Source\PSoC5/Port_4.c **** 
  25:.\Generated_Source\PSoC5/Port_4.c **** /*******************************************************************************
  26:.\Generated_Source\PSoC5/Port_4.c **** * Function Name: Port_4_Write
  27:.\Generated_Source\PSoC5/Port_4.c **** ********************************************************************************
  28:.\Generated_Source\PSoC5/Port_4.c **** *
  29:.\Generated_Source\PSoC5/Port_4.c **** * Summary:
  30:.\Generated_Source\PSoC5/Port_4.c **** *  Assign a new value to the digital port's data output register.  
  31:.\Generated_Source\PSoC5/Port_4.c **** *
ARM GAS  C:\Users\Brian\AppData\Local\Temp\ccifIRPL.s 			page 2


  32:.\Generated_Source\PSoC5/Port_4.c **** * Parameters:  
  33:.\Generated_Source\PSoC5/Port_4.c **** *  prtValue:  The value to be assigned to the Digital Port. 
  34:.\Generated_Source\PSoC5/Port_4.c **** *
  35:.\Generated_Source\PSoC5/Port_4.c **** * Return: 
  36:.\Generated_Source\PSoC5/Port_4.c **** *  None
  37:.\Generated_Source\PSoC5/Port_4.c **** *  
  38:.\Generated_Source\PSoC5/Port_4.c **** *******************************************************************************/
  39:.\Generated_Source\PSoC5/Port_4.c **** void Port_4_Write(uint8 value) 
  40:.\Generated_Source\PSoC5/Port_4.c **** {
  27              		.loc 1 40 0
  28              		.cfi_startproc
  29              		@ args = 0, pretend = 0, frame = 16
  30              		@ frame_needed = 1, uses_anonymous_args = 0
  31              		@ link register save eliminated.
  32 0000 80B4     		push	{r7}
  33              	.LCFI0:
  34              		.cfi_def_cfa_offset 4
  35              		.cfi_offset 7, -4
  36 0002 85B0     		sub	sp, sp, #20
  37              	.LCFI1:
  38              		.cfi_def_cfa_offset 24
  39 0004 00AF     		add	r7, sp, #0
  40              	.LCFI2:
  41              		.cfi_def_cfa_register 7
  42 0006 0346     		mov	r3, r0
  43 0008 FB71     		strb	r3, [r7, #7]
  41:.\Generated_Source\PSoC5/Port_4.c ****     uint8 staticBits = (Port_4_DR & (uint8)(~Port_4_MASK));
  44              		.loc 1 41 0
  45 000a 45F24013 		movw	r3, #20800
  46 000e C4F20003 		movt	r3, 16384
  47 0012 1B78     		ldrb	r3, [r3, #0]
  48 0014 DBB2     		uxtb	r3, r3
  49 0016 23F07F03 		bic	r3, r3, #127
  50 001a FB73     		strb	r3, [r7, #15]
  42:.\Generated_Source\PSoC5/Port_4.c ****     Port_4_DR = staticBits | ((uint8)(value << Port_4_SHIFT) & Port_4_MASK);
  51              		.loc 1 42 0
  52 001c 45F24013 		movw	r3, #20800
  53 0020 C4F20003 		movt	r3, 16384
  54 0024 FA79     		ldrb	r2, [r7, #7]
  55 0026 02F07F02 		and	r2, r2, #127
  56 002a D1B2     		uxtb	r1, r2
  57 002c FA7B     		ldrb	r2, [r7, #15]
  58 002e 0A43     		orrs	r2, r2, r1
  59 0030 D2B2     		uxtb	r2, r2
  60 0032 1A70     		strb	r2, [r3, #0]
  43:.\Generated_Source\PSoC5/Port_4.c **** }
  61              		.loc 1 43 0
  62 0034 07F11407 		add	r7, r7, #20
  63 0038 BD46     		mov	sp, r7
  64 003a 80BC     		pop	{r7}
  65 003c 7047     		bx	lr
  66              		.cfi_endproc
  67              	.LFE0:
  68              		.size	Port_4_Write, .-Port_4_Write
  69 003e 00BF     		.section	.text.Port_4_SetDriveMode,"ax",%progbits
  70              		.align	2
  71              		.global	Port_4_SetDriveMode
ARM GAS  C:\Users\Brian\AppData\Local\Temp\ccifIRPL.s 			page 3


  72              		.thumb
  73              		.thumb_func
  74              		.type	Port_4_SetDriveMode, %function
  75              	Port_4_SetDriveMode:
  76              	.LFB1:
  44:.\Generated_Source\PSoC5/Port_4.c **** 
  45:.\Generated_Source\PSoC5/Port_4.c **** 
  46:.\Generated_Source\PSoC5/Port_4.c **** /*******************************************************************************
  47:.\Generated_Source\PSoC5/Port_4.c **** * Function Name: Port_4_SetDriveMode
  48:.\Generated_Source\PSoC5/Port_4.c **** ********************************************************************************
  49:.\Generated_Source\PSoC5/Port_4.c **** *
  50:.\Generated_Source\PSoC5/Port_4.c **** * Summary:
  51:.\Generated_Source\PSoC5/Port_4.c **** *  Change the drive mode on the pins of the port.
  52:.\Generated_Source\PSoC5/Port_4.c **** * 
  53:.\Generated_Source\PSoC5/Port_4.c **** * Parameters:  
  54:.\Generated_Source\PSoC5/Port_4.c **** *  mode:  Change the pins to one of the following drive modes.
  55:.\Generated_Source\PSoC5/Port_4.c **** *
  56:.\Generated_Source\PSoC5/Port_4.c **** *  Port_4_DM_STRONG     Strong Drive 
  57:.\Generated_Source\PSoC5/Port_4.c **** *  Port_4_DM_OD_HI      Open Drain, Drives High 
  58:.\Generated_Source\PSoC5/Port_4.c **** *  Port_4_DM_OD_LO      Open Drain, Drives Low 
  59:.\Generated_Source\PSoC5/Port_4.c **** *  Port_4_DM_RES_UP     Resistive Pull Up 
  60:.\Generated_Source\PSoC5/Port_4.c **** *  Port_4_DM_RES_DWN    Resistive Pull Down 
  61:.\Generated_Source\PSoC5/Port_4.c **** *  Port_4_DM_RES_UPDWN  Resistive Pull Up/Down 
  62:.\Generated_Source\PSoC5/Port_4.c **** *  Port_4_DM_DIG_HIZ    High Impedance Digital 
  63:.\Generated_Source\PSoC5/Port_4.c **** *  Port_4_DM_ALG_HIZ    High Impedance Analog 
  64:.\Generated_Source\PSoC5/Port_4.c **** *
  65:.\Generated_Source\PSoC5/Port_4.c **** * Return: 
  66:.\Generated_Source\PSoC5/Port_4.c **** *  None
  67:.\Generated_Source\PSoC5/Port_4.c **** *
  68:.\Generated_Source\PSoC5/Port_4.c **** *******************************************************************************/
  69:.\Generated_Source\PSoC5/Port_4.c **** void Port_4_SetDriveMode(uint8 mode) 
  70:.\Generated_Source\PSoC5/Port_4.c **** {
  77              		.loc 1 70 0
  78              		.cfi_startproc
  79              		@ args = 0, pretend = 0, frame = 8
  80              		@ frame_needed = 1, uses_anonymous_args = 0
  81              		@ link register save eliminated.
  82 0000 80B4     		push	{r7}
  83              	.LCFI3:
  84              		.cfi_def_cfa_offset 4
  85              		.cfi_offset 7, -4
  86 0002 83B0     		sub	sp, sp, #12
  87              	.LCFI4:
  88              		.cfi_def_cfa_offset 16
  89 0004 00AF     		add	r7, sp, #0
  90              	.LCFI5:
  91              		.cfi_def_cfa_register 7
  92 0006 0346     		mov	r3, r0
  93 0008 FB71     		strb	r3, [r7, #7]
  71:.\Generated_Source\PSoC5/Port_4.c **** 	CyPins_SetPinDriveMode(Port_4_0, mode);
  94              		.loc 1 71 0
  95 000a 45F22003 		movw	r3, #20512
  96 000e C4F20003 		movt	r3, 16384
  97 0012 45F22002 		movw	r2, #20512
  98 0016 C4F20002 		movt	r2, 16384
  99 001a 1278     		ldrb	r2, [r2, #0]
 100 001c D2B2     		uxtb	r2, r2
ARM GAS  C:\Users\Brian\AppData\Local\Temp\ccifIRPL.s 			page 4


 101 001e D2B2     		uxtb	r2, r2
 102 0020 22F00E02 		bic	r2, r2, #14
 103 0024 D1B2     		uxtb	r1, r2
 104 0026 FA79     		ldrb	r2, [r7, #7]	@ zero_extendqisi2
 105 0028 02F00E02 		and	r2, r2, #14
 106 002c D2B2     		uxtb	r2, r2
 107 002e 0A43     		orrs	r2, r2, r1
 108 0030 D2B2     		uxtb	r2, r2
 109 0032 D2B2     		uxtb	r2, r2
 110 0034 1A70     		strb	r2, [r3, #0]
  72:.\Generated_Source\PSoC5/Port_4.c **** 	CyPins_SetPinDriveMode(Port_4_1, mode);
 111              		.loc 1 72 0
 112 0036 45F22103 		movw	r3, #20513
 113 003a C4F20003 		movt	r3, 16384
 114 003e 45F22102 		movw	r2, #20513
 115 0042 C4F20002 		movt	r2, 16384
 116 0046 1278     		ldrb	r2, [r2, #0]
 117 0048 D2B2     		uxtb	r2, r2
 118 004a D2B2     		uxtb	r2, r2
 119 004c 22F00E02 		bic	r2, r2, #14
 120 0050 D1B2     		uxtb	r1, r2
 121 0052 FA79     		ldrb	r2, [r7, #7]	@ zero_extendqisi2
 122 0054 02F00E02 		and	r2, r2, #14
 123 0058 D2B2     		uxtb	r2, r2
 124 005a 0A43     		orrs	r2, r2, r1
 125 005c D2B2     		uxtb	r2, r2
 126 005e D2B2     		uxtb	r2, r2
 127 0060 1A70     		strb	r2, [r3, #0]
  73:.\Generated_Source\PSoC5/Port_4.c **** 	CyPins_SetPinDriveMode(Port_4_2, mode);
 128              		.loc 1 73 0
 129 0062 45F22203 		movw	r3, #20514
 130 0066 C4F20003 		movt	r3, 16384
 131 006a 45F22202 		movw	r2, #20514
 132 006e C4F20002 		movt	r2, 16384
 133 0072 1278     		ldrb	r2, [r2, #0]
 134 0074 D2B2     		uxtb	r2, r2
 135 0076 D2B2     		uxtb	r2, r2
 136 0078 22F00E02 		bic	r2, r2, #14
 137 007c D1B2     		uxtb	r1, r2
 138 007e FA79     		ldrb	r2, [r7, #7]	@ zero_extendqisi2
 139 0080 02F00E02 		and	r2, r2, #14
 140 0084 D2B2     		uxtb	r2, r2
 141 0086 0A43     		orrs	r2, r2, r1
 142 0088 D2B2     		uxtb	r2, r2
 143 008a D2B2     		uxtb	r2, r2
 144 008c 1A70     		strb	r2, [r3, #0]
  74:.\Generated_Source\PSoC5/Port_4.c **** 	CyPins_SetPinDriveMode(Port_4_3, mode);
 145              		.loc 1 74 0
 146 008e 45F22303 		movw	r3, #20515
 147 0092 C4F20003 		movt	r3, 16384
 148 0096 45F22302 		movw	r2, #20515
 149 009a C4F20002 		movt	r2, 16384
 150 009e 1278     		ldrb	r2, [r2, #0]
 151 00a0 D2B2     		uxtb	r2, r2
 152 00a2 D2B2     		uxtb	r2, r2
 153 00a4 22F00E02 		bic	r2, r2, #14
 154 00a8 D1B2     		uxtb	r1, r2
ARM GAS  C:\Users\Brian\AppData\Local\Temp\ccifIRPL.s 			page 5


 155 00aa FA79     		ldrb	r2, [r7, #7]	@ zero_extendqisi2
 156 00ac 02F00E02 		and	r2, r2, #14
 157 00b0 D2B2     		uxtb	r2, r2
 158 00b2 0A43     		orrs	r2, r2, r1
 159 00b4 D2B2     		uxtb	r2, r2
 160 00b6 D2B2     		uxtb	r2, r2
 161 00b8 1A70     		strb	r2, [r3, #0]
  75:.\Generated_Source\PSoC5/Port_4.c **** 	CyPins_SetPinDriveMode(Port_4_4, mode);
 162              		.loc 1 75 0
 163 00ba 45F22403 		movw	r3, #20516
 164 00be C4F20003 		movt	r3, 16384
 165 00c2 45F22402 		movw	r2, #20516
 166 00c6 C4F20002 		movt	r2, 16384
 167 00ca 1278     		ldrb	r2, [r2, #0]
 168 00cc D2B2     		uxtb	r2, r2
 169 00ce D2B2     		uxtb	r2, r2
 170 00d0 22F00E02 		bic	r2, r2, #14
 171 00d4 D1B2     		uxtb	r1, r2
 172 00d6 FA79     		ldrb	r2, [r7, #7]	@ zero_extendqisi2
 173 00d8 02F00E02 		and	r2, r2, #14
 174 00dc D2B2     		uxtb	r2, r2
 175 00de 0A43     		orrs	r2, r2, r1
 176 00e0 D2B2     		uxtb	r2, r2
 177 00e2 D2B2     		uxtb	r2, r2
 178 00e4 1A70     		strb	r2, [r3, #0]
  76:.\Generated_Source\PSoC5/Port_4.c **** 	CyPins_SetPinDriveMode(Port_4_5, mode);
 179              		.loc 1 76 0
 180 00e6 45F22503 		movw	r3, #20517
 181 00ea C4F20003 		movt	r3, 16384
 182 00ee 45F22502 		movw	r2, #20517
 183 00f2 C4F20002 		movt	r2, 16384
 184 00f6 1278     		ldrb	r2, [r2, #0]
 185 00f8 D2B2     		uxtb	r2, r2
 186 00fa D2B2     		uxtb	r2, r2
 187 00fc 22F00E02 		bic	r2, r2, #14
 188 0100 D1B2     		uxtb	r1, r2
 189 0102 FA79     		ldrb	r2, [r7, #7]	@ zero_extendqisi2
 190 0104 02F00E02 		and	r2, r2, #14
 191 0108 D2B2     		uxtb	r2, r2
 192 010a 0A43     		orrs	r2, r2, r1
 193 010c D2B2     		uxtb	r2, r2
 194 010e D2B2     		uxtb	r2, r2
 195 0110 1A70     		strb	r2, [r3, #0]
  77:.\Generated_Source\PSoC5/Port_4.c **** 	CyPins_SetPinDriveMode(Port_4_6, mode);
 196              		.loc 1 77 0
 197 0112 45F22603 		movw	r3, #20518
 198 0116 C4F20003 		movt	r3, 16384
 199 011a 45F22602 		movw	r2, #20518
 200 011e C4F20002 		movt	r2, 16384
 201 0122 1278     		ldrb	r2, [r2, #0]
 202 0124 D2B2     		uxtb	r2, r2
 203 0126 D2B2     		uxtb	r2, r2
 204 0128 22F00E02 		bic	r2, r2, #14
 205 012c D1B2     		uxtb	r1, r2
 206 012e FA79     		ldrb	r2, [r7, #7]	@ zero_extendqisi2
 207 0130 02F00E02 		and	r2, r2, #14
 208 0134 D2B2     		uxtb	r2, r2
ARM GAS  C:\Users\Brian\AppData\Local\Temp\ccifIRPL.s 			page 6


 209 0136 0A43     		orrs	r2, r2, r1
 210 0138 D2B2     		uxtb	r2, r2
 211 013a D2B2     		uxtb	r2, r2
 212 013c 1A70     		strb	r2, [r3, #0]
  78:.\Generated_Source\PSoC5/Port_4.c **** }
 213              		.loc 1 78 0
 214 013e 07F10C07 		add	r7, r7, #12
 215 0142 BD46     		mov	sp, r7
 216 0144 80BC     		pop	{r7}
 217 0146 7047     		bx	lr
 218              		.cfi_endproc
 219              	.LFE1:
 220              		.size	Port_4_SetDriveMode, .-Port_4_SetDriveMode
 221              		.section	.text.Port_4_Read,"ax",%progbits
 222              		.align	2
 223              		.global	Port_4_Read
 224              		.thumb
 225              		.thumb_func
 226              		.type	Port_4_Read, %function
 227              	Port_4_Read:
 228              	.LFB2:
  79:.\Generated_Source\PSoC5/Port_4.c **** 
  80:.\Generated_Source\PSoC5/Port_4.c **** 
  81:.\Generated_Source\PSoC5/Port_4.c **** /*******************************************************************************
  82:.\Generated_Source\PSoC5/Port_4.c **** * Function Name: Port_4_Read
  83:.\Generated_Source\PSoC5/Port_4.c **** ********************************************************************************
  84:.\Generated_Source\PSoC5/Port_4.c **** *
  85:.\Generated_Source\PSoC5/Port_4.c **** * Summary:
  86:.\Generated_Source\PSoC5/Port_4.c **** *  Read the current value on the pins of the Digital Port in right justified 
  87:.\Generated_Source\PSoC5/Port_4.c **** *  form.
  88:.\Generated_Source\PSoC5/Port_4.c **** *
  89:.\Generated_Source\PSoC5/Port_4.c **** * Parameters:  
  90:.\Generated_Source\PSoC5/Port_4.c **** *  None
  91:.\Generated_Source\PSoC5/Port_4.c **** *
  92:.\Generated_Source\PSoC5/Port_4.c **** * Return: 
  93:.\Generated_Source\PSoC5/Port_4.c **** *  Returns the current value of the Digital Port as a right justified number
  94:.\Generated_Source\PSoC5/Port_4.c **** *  
  95:.\Generated_Source\PSoC5/Port_4.c **** * Note:
  96:.\Generated_Source\PSoC5/Port_4.c **** *  Macro Port_4_ReadPS calls this function. 
  97:.\Generated_Source\PSoC5/Port_4.c **** *  
  98:.\Generated_Source\PSoC5/Port_4.c **** *******************************************************************************/
  99:.\Generated_Source\PSoC5/Port_4.c **** uint8 Port_4_Read(void) 
 100:.\Generated_Source\PSoC5/Port_4.c **** {
 229              		.loc 1 100 0
 230              		.cfi_startproc
 231              		@ args = 0, pretend = 0, frame = 0
 232              		@ frame_needed = 1, uses_anonymous_args = 0
 233              		@ link register save eliminated.
 234 0000 80B4     		push	{r7}
 235              	.LCFI6:
 236              		.cfi_def_cfa_offset 4
 237              		.cfi_offset 7, -4
 238 0002 00AF     		add	r7, sp, #0
 239              	.LCFI7:
 240              		.cfi_def_cfa_register 7
 101:.\Generated_Source\PSoC5/Port_4.c ****     return (Port_4_PS & Port_4_MASK) >> Port_4_SHIFT;
 241              		.loc 1 101 0
ARM GAS  C:\Users\Brian\AppData\Local\Temp\ccifIRPL.s 			page 7


 242 0004 45F24113 		movw	r3, #20801
 243 0008 C4F20003 		movt	r3, 16384
 244 000c 1B78     		ldrb	r3, [r3, #0]
 245 000e DBB2     		uxtb	r3, r3
 246 0010 03F07F03 		and	r3, r3, #127
 247 0014 DBB2     		uxtb	r3, r3
 102:.\Generated_Source\PSoC5/Port_4.c **** }
 248              		.loc 1 102 0
 249 0016 1846     		mov	r0, r3
 250 0018 BD46     		mov	sp, r7
 251 001a 80BC     		pop	{r7}
 252 001c 7047     		bx	lr
 253              		.cfi_endproc
 254              	.LFE2:
 255              		.size	Port_4_Read, .-Port_4_Read
 256 001e 00BF     		.section	.text.Port_4_ReadDataReg,"ax",%progbits
 257              		.align	2
 258              		.global	Port_4_ReadDataReg
 259              		.thumb
 260              		.thumb_func
 261              		.type	Port_4_ReadDataReg, %function
 262              	Port_4_ReadDataReg:
 263              	.LFB3:
 103:.\Generated_Source\PSoC5/Port_4.c **** 
 104:.\Generated_Source\PSoC5/Port_4.c **** 
 105:.\Generated_Source\PSoC5/Port_4.c **** /*******************************************************************************
 106:.\Generated_Source\PSoC5/Port_4.c **** * Function Name: Port_4_ReadDataReg
 107:.\Generated_Source\PSoC5/Port_4.c **** ********************************************************************************
 108:.\Generated_Source\PSoC5/Port_4.c **** *
 109:.\Generated_Source\PSoC5/Port_4.c **** * Summary:
 110:.\Generated_Source\PSoC5/Port_4.c **** *  Read the current value assigned to a Digital Port's data output register
 111:.\Generated_Source\PSoC5/Port_4.c **** *
 112:.\Generated_Source\PSoC5/Port_4.c **** * Parameters:  
 113:.\Generated_Source\PSoC5/Port_4.c **** *  None 
 114:.\Generated_Source\PSoC5/Port_4.c **** *
 115:.\Generated_Source\PSoC5/Port_4.c **** * Return: 
 116:.\Generated_Source\PSoC5/Port_4.c **** *  Returns the current value assigned to the Digital Port's data output register
 117:.\Generated_Source\PSoC5/Port_4.c **** *  
 118:.\Generated_Source\PSoC5/Port_4.c **** *******************************************************************************/
 119:.\Generated_Source\PSoC5/Port_4.c **** uint8 Port_4_ReadDataReg(void) 
 120:.\Generated_Source\PSoC5/Port_4.c **** {
 264              		.loc 1 120 0
 265              		.cfi_startproc
 266              		@ args = 0, pretend = 0, frame = 0
 267              		@ frame_needed = 1, uses_anonymous_args = 0
 268              		@ link register save eliminated.
 269 0000 80B4     		push	{r7}
 270              	.LCFI8:
 271              		.cfi_def_cfa_offset 4
 272              		.cfi_offset 7, -4
 273 0002 00AF     		add	r7, sp, #0
 274              	.LCFI9:
 275              		.cfi_def_cfa_register 7
 121:.\Generated_Source\PSoC5/Port_4.c ****     return (Port_4_DR & Port_4_MASK) >> Port_4_SHIFT;
 276              		.loc 1 121 0
 277 0004 45F24013 		movw	r3, #20800
 278 0008 C4F20003 		movt	r3, 16384
ARM GAS  C:\Users\Brian\AppData\Local\Temp\ccifIRPL.s 			page 8


 279 000c 1B78     		ldrb	r3, [r3, #0]
 280 000e DBB2     		uxtb	r3, r3
 281 0010 03F07F03 		and	r3, r3, #127
 282 0014 DBB2     		uxtb	r3, r3
 122:.\Generated_Source\PSoC5/Port_4.c **** }
 283              		.loc 1 122 0
 284 0016 1846     		mov	r0, r3
 285 0018 BD46     		mov	sp, r7
 286 001a 80BC     		pop	{r7}
 287 001c 7047     		bx	lr
 288              		.cfi_endproc
 289              	.LFE3:
 290              		.size	Port_4_ReadDataReg, .-Port_4_ReadDataReg
 291 001e 00BF     		.text
 292              	.Letext0:
 293              		.file 2 ".\\Generated_Source\\PSoC5\\cytypes.h"
 294              		.section	.debug_info,"",%progbits
 295              	.Ldebug_info0:
 296 0000 30010000 		.4byte	0x130
 297 0004 0200     		.2byte	0x2
 298 0006 00000000 		.4byte	.Ldebug_abbrev0
 299 000a 04       		.byte	0x4
 300 000b 01       		.uleb128 0x1
 301 000c 46010000 		.4byte	.LASF20
 302 0010 01       		.byte	0x1
 303 0011 B1000000 		.4byte	.LASF21
 304 0015 1E000000 		.4byte	.LASF22
 305 0019 00000000 		.4byte	.Ldebug_ranges0+0
 306 001d 00000000 		.4byte	0
 307 0021 00000000 		.4byte	0
 308 0025 00000000 		.4byte	.Ldebug_line0
 309 0029 02       		.uleb128 0x2
 310 002a 01       		.byte	0x1
 311 002b 06       		.byte	0x6
 312 002c A4010000 		.4byte	.LASF0
 313 0030 02       		.uleb128 0x2
 314 0031 01       		.byte	0x1
 315 0032 08       		.byte	0x8
 316 0033 72000000 		.4byte	.LASF1
 317 0037 02       		.uleb128 0x2
 318 0038 02       		.byte	0x2
 319 0039 05       		.byte	0x5
 320 003a 36010000 		.4byte	.LASF2
 321 003e 02       		.uleb128 0x2
 322 003f 02       		.byte	0x2
 323 0040 07       		.byte	0x7
 324 0041 97000000 		.4byte	.LASF3
 325 0045 02       		.uleb128 0x2
 326 0046 04       		.byte	0x4
 327 0047 05       		.byte	0x5
 328 0048 8F010000 		.4byte	.LASF4
 329 004c 02       		.uleb128 0x2
 330 004d 04       		.byte	0x4
 331 004e 07       		.byte	0x7
 332 004f 85000000 		.4byte	.LASF5
 333 0053 02       		.uleb128 0x2
 334 0054 08       		.byte	0x8
ARM GAS  C:\Users\Brian\AppData\Local\Temp\ccifIRPL.s 			page 9


 335 0055 05       		.byte	0x5
 336 0056 FC000000 		.4byte	.LASF6
 337 005a 02       		.uleb128 0x2
 338 005b 08       		.byte	0x8
 339 005c 07       		.byte	0x7
 340 005d E0000000 		.4byte	.LASF7
 341 0061 03       		.uleb128 0x3
 342 0062 04       		.byte	0x4
 343 0063 05       		.byte	0x5
 344 0064 696E7400 		.ascii	"int\000"
 345 0068 02       		.uleb128 0x2
 346 0069 04       		.byte	0x4
 347 006a 07       		.byte	0x7
 348 006b D3000000 		.4byte	.LASF8
 349 006f 04       		.uleb128 0x4
 350 0070 40010000 		.4byte	.LASF12
 351 0074 02       		.byte	0x2
 352 0075 5B       		.byte	0x5b
 353 0076 30000000 		.4byte	0x30
 354 007a 02       		.uleb128 0x2
 355 007b 04       		.byte	0x4
 356 007c 04       		.byte	0x4
 357 007d 6C000000 		.4byte	.LASF9
 358 0081 02       		.uleb128 0x2
 359 0082 08       		.byte	0x8
 360 0083 04       		.byte	0x4
 361 0084 AA000000 		.4byte	.LASF10
 362 0088 02       		.uleb128 0x2
 363 0089 01       		.byte	0x1
 364 008a 08       		.byte	0x8
 365 008b 0A010000 		.4byte	.LASF11
 366 008f 04       		.uleb128 0x4
 367 0090 80000000 		.4byte	.LASF13
 368 0094 02       		.byte	0x2
 369 0095 F0       		.byte	0xf0
 370 0096 9A000000 		.4byte	0x9a
 371 009a 05       		.uleb128 0x5
 372 009b 6F000000 		.4byte	0x6f
 373 009f 06       		.uleb128 0x6
 374 00a0 01       		.byte	0x1
 375 00a1 00000000 		.4byte	.LASF14
 376 00a5 01       		.byte	0x1
 377 00a6 27       		.byte	0x27
 378 00a7 01       		.byte	0x1
 379 00a8 00000000 		.4byte	.LFB0
 380 00ac 3E000000 		.4byte	.LFE0
 381 00b0 00000000 		.4byte	.LLST0
 382 00b4 01       		.byte	0x1
 383 00b5 D6000000 		.4byte	0xd6
 384 00b9 07       		.uleb128 0x7
 385 00ba 0D000000 		.4byte	.LASF16
 386 00be 01       		.byte	0x1
 387 00bf 27       		.byte	0x27
 388 00c0 6F000000 		.4byte	0x6f
 389 00c4 02       		.byte	0x2
 390 00c5 91       		.byte	0x91
 391 00c6 6F       		.sleb128 -17
ARM GAS  C:\Users\Brian\AppData\Local\Temp\ccifIRPL.s 			page 10


 392 00c7 08       		.uleb128 0x8
 393 00c8 13000000 		.4byte	.LASF23
 394 00cc 01       		.byte	0x1
 395 00cd 29       		.byte	0x29
 396 00ce 6F000000 		.4byte	0x6f
 397 00d2 02       		.byte	0x2
 398 00d3 91       		.byte	0x91
 399 00d4 77       		.sleb128 -9
 400 00d5 00       		.byte	0
 401 00d6 06       		.uleb128 0x6
 402 00d7 01       		.byte	0x1
 403 00d8 22010000 		.4byte	.LASF15
 404 00dc 01       		.byte	0x1
 405 00dd 45       		.byte	0x45
 406 00de 01       		.byte	0x1
 407 00df 00000000 		.4byte	.LFB1
 408 00e3 48010000 		.4byte	.LFE1
 409 00e7 38000000 		.4byte	.LLST1
 410 00eb 01       		.byte	0x1
 411 00ec FF000000 		.4byte	0xff
 412 00f0 07       		.uleb128 0x7
 413 00f1 F7000000 		.4byte	.LASF17
 414 00f5 01       		.byte	0x1
 415 00f6 45       		.byte	0x45
 416 00f7 6F000000 		.4byte	0x6f
 417 00fb 02       		.byte	0x2
 418 00fc 91       		.byte	0x91
 419 00fd 77       		.sleb128 -9
 420 00fe 00       		.byte	0
 421 00ff 09       		.uleb128 0x9
 422 0100 01       		.byte	0x1
 423 0101 98010000 		.4byte	.LASF18
 424 0105 01       		.byte	0x1
 425 0106 63       		.byte	0x63
 426 0107 01       		.byte	0x1
 427 0108 6F000000 		.4byte	0x6f
 428 010c 00000000 		.4byte	.LFB2
 429 0110 1E000000 		.4byte	.LFE2
 430 0114 70000000 		.4byte	.LLST2
 431 0118 01       		.byte	0x1
 432 0119 09       		.uleb128 0x9
 433 011a 01       		.byte	0x1
 434 011b 0F010000 		.4byte	.LASF19
 435 011f 01       		.byte	0x1
 436 0120 77       		.byte	0x77
 437 0121 01       		.byte	0x1
 438 0122 6F000000 		.4byte	0x6f
 439 0126 00000000 		.4byte	.LFB3
 440 012a 1E000000 		.4byte	.LFE3
 441 012e 9C000000 		.4byte	.LLST3
 442 0132 01       		.byte	0x1
 443 0133 00       		.byte	0
 444              		.section	.debug_abbrev,"",%progbits
 445              	.Ldebug_abbrev0:
 446 0000 01       		.uleb128 0x1
 447 0001 11       		.uleb128 0x11
 448 0002 01       		.byte	0x1
ARM GAS  C:\Users\Brian\AppData\Local\Temp\ccifIRPL.s 			page 11


 449 0003 25       		.uleb128 0x25
 450 0004 0E       		.uleb128 0xe
 451 0005 13       		.uleb128 0x13
 452 0006 0B       		.uleb128 0xb
 453 0007 03       		.uleb128 0x3
 454 0008 0E       		.uleb128 0xe
 455 0009 1B       		.uleb128 0x1b
 456 000a 0E       		.uleb128 0xe
 457 000b 55       		.uleb128 0x55
 458 000c 06       		.uleb128 0x6
 459 000d 11       		.uleb128 0x11
 460 000e 01       		.uleb128 0x1
 461 000f 52       		.uleb128 0x52
 462 0010 01       		.uleb128 0x1
 463 0011 10       		.uleb128 0x10
 464 0012 06       		.uleb128 0x6
 465 0013 00       		.byte	0
 466 0014 00       		.byte	0
 467 0015 02       		.uleb128 0x2
 468 0016 24       		.uleb128 0x24
 469 0017 00       		.byte	0
 470 0018 0B       		.uleb128 0xb
 471 0019 0B       		.uleb128 0xb
 472 001a 3E       		.uleb128 0x3e
 473 001b 0B       		.uleb128 0xb
 474 001c 03       		.uleb128 0x3
 475 001d 0E       		.uleb128 0xe
 476 001e 00       		.byte	0
 477 001f 00       		.byte	0
 478 0020 03       		.uleb128 0x3
 479 0021 24       		.uleb128 0x24
 480 0022 00       		.byte	0
 481 0023 0B       		.uleb128 0xb
 482 0024 0B       		.uleb128 0xb
 483 0025 3E       		.uleb128 0x3e
 484 0026 0B       		.uleb128 0xb
 485 0027 03       		.uleb128 0x3
 486 0028 08       		.uleb128 0x8
 487 0029 00       		.byte	0
 488 002a 00       		.byte	0
 489 002b 04       		.uleb128 0x4
 490 002c 16       		.uleb128 0x16
 491 002d 00       		.byte	0
 492 002e 03       		.uleb128 0x3
 493 002f 0E       		.uleb128 0xe
 494 0030 3A       		.uleb128 0x3a
 495 0031 0B       		.uleb128 0xb
 496 0032 3B       		.uleb128 0x3b
 497 0033 0B       		.uleb128 0xb
 498 0034 49       		.uleb128 0x49
 499 0035 13       		.uleb128 0x13
 500 0036 00       		.byte	0
 501 0037 00       		.byte	0
 502 0038 05       		.uleb128 0x5
 503 0039 35       		.uleb128 0x35
 504 003a 00       		.byte	0
 505 003b 49       		.uleb128 0x49
ARM GAS  C:\Users\Brian\AppData\Local\Temp\ccifIRPL.s 			page 12


 506 003c 13       		.uleb128 0x13
 507 003d 00       		.byte	0
 508 003e 00       		.byte	0
 509 003f 06       		.uleb128 0x6
 510 0040 2E       		.uleb128 0x2e
 511 0041 01       		.byte	0x1
 512 0042 3F       		.uleb128 0x3f
 513 0043 0C       		.uleb128 0xc
 514 0044 03       		.uleb128 0x3
 515 0045 0E       		.uleb128 0xe
 516 0046 3A       		.uleb128 0x3a
 517 0047 0B       		.uleb128 0xb
 518 0048 3B       		.uleb128 0x3b
 519 0049 0B       		.uleb128 0xb
 520 004a 27       		.uleb128 0x27
 521 004b 0C       		.uleb128 0xc
 522 004c 11       		.uleb128 0x11
 523 004d 01       		.uleb128 0x1
 524 004e 12       		.uleb128 0x12
 525 004f 01       		.uleb128 0x1
 526 0050 40       		.uleb128 0x40
 527 0051 06       		.uleb128 0x6
 528 0052 9742     		.uleb128 0x2117
 529 0054 0C       		.uleb128 0xc
 530 0055 01       		.uleb128 0x1
 531 0056 13       		.uleb128 0x13
 532 0057 00       		.byte	0
 533 0058 00       		.byte	0
 534 0059 07       		.uleb128 0x7
 535 005a 05       		.uleb128 0x5
 536 005b 00       		.byte	0
 537 005c 03       		.uleb128 0x3
 538 005d 0E       		.uleb128 0xe
 539 005e 3A       		.uleb128 0x3a
 540 005f 0B       		.uleb128 0xb
 541 0060 3B       		.uleb128 0x3b
 542 0061 0B       		.uleb128 0xb
 543 0062 49       		.uleb128 0x49
 544 0063 13       		.uleb128 0x13
 545 0064 02       		.uleb128 0x2
 546 0065 0A       		.uleb128 0xa
 547 0066 00       		.byte	0
 548 0067 00       		.byte	0
 549 0068 08       		.uleb128 0x8
 550 0069 34       		.uleb128 0x34
 551 006a 00       		.byte	0
 552 006b 03       		.uleb128 0x3
 553 006c 0E       		.uleb128 0xe
 554 006d 3A       		.uleb128 0x3a
 555 006e 0B       		.uleb128 0xb
 556 006f 3B       		.uleb128 0x3b
 557 0070 0B       		.uleb128 0xb
 558 0071 49       		.uleb128 0x49
 559 0072 13       		.uleb128 0x13
 560 0073 02       		.uleb128 0x2
 561 0074 0A       		.uleb128 0xa
 562 0075 00       		.byte	0
ARM GAS  C:\Users\Brian\AppData\Local\Temp\ccifIRPL.s 			page 13


 563 0076 00       		.byte	0
 564 0077 09       		.uleb128 0x9
 565 0078 2E       		.uleb128 0x2e
 566 0079 00       		.byte	0
 567 007a 3F       		.uleb128 0x3f
 568 007b 0C       		.uleb128 0xc
 569 007c 03       		.uleb128 0x3
 570 007d 0E       		.uleb128 0xe
 571 007e 3A       		.uleb128 0x3a
 572 007f 0B       		.uleb128 0xb
 573 0080 3B       		.uleb128 0x3b
 574 0081 0B       		.uleb128 0xb
 575 0082 27       		.uleb128 0x27
 576 0083 0C       		.uleb128 0xc
 577 0084 49       		.uleb128 0x49
 578 0085 13       		.uleb128 0x13
 579 0086 11       		.uleb128 0x11
 580 0087 01       		.uleb128 0x1
 581 0088 12       		.uleb128 0x12
 582 0089 01       		.uleb128 0x1
 583 008a 40       		.uleb128 0x40
 584 008b 06       		.uleb128 0x6
 585 008c 9742     		.uleb128 0x2117
 586 008e 0C       		.uleb128 0xc
 587 008f 00       		.byte	0
 588 0090 00       		.byte	0
 589 0091 00       		.byte	0
 590              		.section	.debug_loc,"",%progbits
 591              	.Ldebug_loc0:
 592              	.LLST0:
 593 0000 00000000 		.4byte	.LFB0
 594 0004 02000000 		.4byte	.LCFI0
 595 0008 0200     		.2byte	0x2
 596 000a 7D       		.byte	0x7d
 597 000b 00       		.sleb128 0
 598 000c 02000000 		.4byte	.LCFI0
 599 0010 04000000 		.4byte	.LCFI1
 600 0014 0200     		.2byte	0x2
 601 0016 7D       		.byte	0x7d
 602 0017 04       		.sleb128 4
 603 0018 04000000 		.4byte	.LCFI1
 604 001c 06000000 		.4byte	.LCFI2
 605 0020 0200     		.2byte	0x2
 606 0022 7D       		.byte	0x7d
 607 0023 18       		.sleb128 24
 608 0024 06000000 		.4byte	.LCFI2
 609 0028 3E000000 		.4byte	.LFE0
 610 002c 0200     		.2byte	0x2
 611 002e 77       		.byte	0x77
 612 002f 18       		.sleb128 24
 613 0030 00000000 		.4byte	0
 614 0034 00000000 		.4byte	0
 615              	.LLST1:
 616 0038 00000000 		.4byte	.LFB1
 617 003c 02000000 		.4byte	.LCFI3
 618 0040 0200     		.2byte	0x2
 619 0042 7D       		.byte	0x7d
ARM GAS  C:\Users\Brian\AppData\Local\Temp\ccifIRPL.s 			page 14


 620 0043 00       		.sleb128 0
 621 0044 02000000 		.4byte	.LCFI3
 622 0048 04000000 		.4byte	.LCFI4
 623 004c 0200     		.2byte	0x2
 624 004e 7D       		.byte	0x7d
 625 004f 04       		.sleb128 4
 626 0050 04000000 		.4byte	.LCFI4
 627 0054 06000000 		.4byte	.LCFI5
 628 0058 0200     		.2byte	0x2
 629 005a 7D       		.byte	0x7d
 630 005b 10       		.sleb128 16
 631 005c 06000000 		.4byte	.LCFI5
 632 0060 48010000 		.4byte	.LFE1
 633 0064 0200     		.2byte	0x2
 634 0066 77       		.byte	0x77
 635 0067 10       		.sleb128 16
 636 0068 00000000 		.4byte	0
 637 006c 00000000 		.4byte	0
 638              	.LLST2:
 639 0070 00000000 		.4byte	.LFB2
 640 0074 02000000 		.4byte	.LCFI6
 641 0078 0200     		.2byte	0x2
 642 007a 7D       		.byte	0x7d
 643 007b 00       		.sleb128 0
 644 007c 02000000 		.4byte	.LCFI6
 645 0080 04000000 		.4byte	.LCFI7
 646 0084 0200     		.2byte	0x2
 647 0086 7D       		.byte	0x7d
 648 0087 04       		.sleb128 4
 649 0088 04000000 		.4byte	.LCFI7
 650 008c 1E000000 		.4byte	.LFE2
 651 0090 0200     		.2byte	0x2
 652 0092 77       		.byte	0x77
 653 0093 04       		.sleb128 4
 654 0094 00000000 		.4byte	0
 655 0098 00000000 		.4byte	0
 656              	.LLST3:
 657 009c 00000000 		.4byte	.LFB3
 658 00a0 02000000 		.4byte	.LCFI8
 659 00a4 0200     		.2byte	0x2
 660 00a6 7D       		.byte	0x7d
 661 00a7 00       		.sleb128 0
 662 00a8 02000000 		.4byte	.LCFI8
 663 00ac 04000000 		.4byte	.LCFI9
 664 00b0 0200     		.2byte	0x2
 665 00b2 7D       		.byte	0x7d
 666 00b3 04       		.sleb128 4
 667 00b4 04000000 		.4byte	.LCFI9
 668 00b8 1E000000 		.4byte	.LFE3
 669 00bc 0200     		.2byte	0x2
 670 00be 77       		.byte	0x77
 671 00bf 04       		.sleb128 4
 672 00c0 00000000 		.4byte	0
 673 00c4 00000000 		.4byte	0
 674              		.section	.debug_aranges,"",%progbits
 675 0000 34000000 		.4byte	0x34
 676 0004 0200     		.2byte	0x2
ARM GAS  C:\Users\Brian\AppData\Local\Temp\ccifIRPL.s 			page 15


 677 0006 00000000 		.4byte	.Ldebug_info0
 678 000a 04       		.byte	0x4
 679 000b 00       		.byte	0
 680 000c 0000     		.2byte	0
 681 000e 0000     		.2byte	0
 682 0010 00000000 		.4byte	.LFB0
 683 0014 3E000000 		.4byte	.LFE0-.LFB0
 684 0018 00000000 		.4byte	.LFB1
 685 001c 48010000 		.4byte	.LFE1-.LFB1
 686 0020 00000000 		.4byte	.LFB2
 687 0024 1E000000 		.4byte	.LFE2-.LFB2
 688 0028 00000000 		.4byte	.LFB3
 689 002c 1E000000 		.4byte	.LFE3-.LFB3
 690 0030 00000000 		.4byte	0
 691 0034 00000000 		.4byte	0
 692              		.section	.debug_ranges,"",%progbits
 693              	.Ldebug_ranges0:
 694 0000 00000000 		.4byte	.LFB0
 695 0004 3E000000 		.4byte	.LFE0
 696 0008 00000000 		.4byte	.LFB1
 697 000c 48010000 		.4byte	.LFE1
 698 0010 00000000 		.4byte	.LFB2
 699 0014 1E000000 		.4byte	.LFE2
 700 0018 00000000 		.4byte	.LFB3
 701 001c 1E000000 		.4byte	.LFE3
 702 0020 00000000 		.4byte	0
 703 0024 00000000 		.4byte	0
 704              		.section	.debug_line,"",%progbits
 705              	.Ldebug_line0:
 706 0000 A0000000 		.section	.debug_str,"MS",%progbits,1
 706      02004500 
 706      00000201 
 706      FB0E0D00 
 706      01010101 
 707              	.LASF14:
 708 0000 506F7274 		.ascii	"Port_4_Write\000"
 708      5F345F57 
 708      72697465 
 708      00
 709              	.LASF16:
 710 000d 76616C75 		.ascii	"value\000"
 710      6500
 711              	.LASF23:
 712 0013 73746174 		.ascii	"staticBits\000"
 712      69634269 
 712      747300
 713              	.LASF22:
 714 001e 433A5C55 		.ascii	"C:\\Users\\Brian\\Dropbox\\RPiSoC\\Projects\\PSoC_2"
 714      73657273 
 714      5C427269 
 714      616E5C44 
 714      726F7062 
 715 004b 5F50695C 		.ascii	"_Pi\\PSoC Creator\\PSoC_2_Pi.cydsn\000"
 715      50536F43 
 715      20437265 
 715      61746F72 
 715      5C50536F 
ARM GAS  C:\Users\Brian\AppData\Local\Temp\ccifIRPL.s 			page 16


 716              	.LASF9:
 717 006c 666C6F61 		.ascii	"float\000"
 717      7400
 718              	.LASF1:
 719 0072 756E7369 		.ascii	"unsigned char\000"
 719      676E6564 
 719      20636861 
 719      7200
 720              	.LASF13:
 721 0080 72656738 		.ascii	"reg8\000"
 721      00
 722              	.LASF5:
 723 0085 6C6F6E67 		.ascii	"long unsigned int\000"
 723      20756E73 
 723      69676E65 
 723      6420696E 
 723      7400
 724              	.LASF3:
 725 0097 73686F72 		.ascii	"short unsigned int\000"
 725      7420756E 
 725      7369676E 
 725      65642069 
 725      6E7400
 726              	.LASF10:
 727 00aa 646F7562 		.ascii	"double\000"
 727      6C6500
 728              	.LASF21:
 729 00b1 2E5C4765 		.ascii	".\\Generated_Source\\PSoC5\\Port_4.c\000"
 729      6E657261 
 729      7465645F 
 729      536F7572 
 729      63655C50 
 730              	.LASF8:
 731 00d3 756E7369 		.ascii	"unsigned int\000"
 731      676E6564 
 731      20696E74 
 731      00
 732              	.LASF7:
 733 00e0 6C6F6E67 		.ascii	"long long unsigned int\000"
 733      206C6F6E 
 733      6720756E 
 733      7369676E 
 733      65642069 
 734              	.LASF17:
 735 00f7 6D6F6465 		.ascii	"mode\000"
 735      00
 736              	.LASF6:
 737 00fc 6C6F6E67 		.ascii	"long long int\000"
 737      206C6F6E 
 737      6720696E 
 737      7400
 738              	.LASF11:
 739 010a 63686172 		.ascii	"char\000"
 739      00
 740              	.LASF19:
 741 010f 506F7274 		.ascii	"Port_4_ReadDataReg\000"
 741      5F345F52 
ARM GAS  C:\Users\Brian\AppData\Local\Temp\ccifIRPL.s 			page 17


 741      65616444 
 741      61746152 
 741      656700
 742              	.LASF15:
 743 0122 506F7274 		.ascii	"Port_4_SetDriveMode\000"
 743      5F345F53 
 743      65744472 
 743      6976654D 
 743      6F646500 
 744              	.LASF2:
 745 0136 73686F72 		.ascii	"short int\000"
 745      7420696E 
 745      7400
 746              	.LASF12:
 747 0140 75696E74 		.ascii	"uint8\000"
 747      3800
 748              	.LASF20:
 749 0146 474E5520 		.ascii	"GNU C 4.7.3 20130312 (release) [ARM/embedded-4_7-br"
 749      4320342E 
 749      372E3320 
 749      32303133 
 749      30333132 
 750 0179 616E6368 		.ascii	"anch revision 196615]\000"
 750      20726576 
 750      6973696F 
 750      6E203139 
 750      36363135 
 751              	.LASF4:
 752 018f 6C6F6E67 		.ascii	"long int\000"
 752      20696E74 
 752      00
 753              	.LASF18:
 754 0198 506F7274 		.ascii	"Port_4_Read\000"
 754      5F345F52 
 754      65616400 
 755              	.LASF0:
 756 01a4 7369676E 		.ascii	"signed char\000"
 756      65642063 
 756      68617200 
 757              		.ident	"GCC: (GNU Tools for ARM Embedded Processors) 4.7.3 20130312 (release) [ARM/embedded-4_7-br
