ARM GAS  C:\Users\Brian\AppData\Local\Temp\ccp578GL.s 			page 1


   1              		.syntax unified
   2              		.cpu cortex-m3
   3              		.fpu softvfp
   4              		.eabi_attribute 20, 1
   5              		.eabi_attribute 21, 1
   6              		.eabi_attribute 23, 3
   7              		.eabi_attribute 24, 1
   8              		.eabi_attribute 25, 1
   9              		.eabi_attribute 26, 1
  10              		.eabi_attribute 30, 6
  11              		.eabi_attribute 34, 1
  12              		.eabi_attribute 18, 4
  13              		.thumb
  14              		.file	"Port_5_Control.c"
  15              		.text
  16              	.Ltext0:
  17              		.cfi_sections	.debug_frame
  18              		.section	.text.Port_5_Control_Write,"ax",%progbits
  19              		.align	2
  20              		.global	Port_5_Control_Write
  21              		.thumb
  22              		.thumb_func
  23              		.type	Port_5_Control_Write, %function
  24              	Port_5_Control_Write:
  25              	.LFB0:
  26              		.file 1 ".\\Generated_Source\\PSoC5\\Port_5_Control.c"
   1:.\Generated_Source\PSoC5/Port_5_Control.c **** /*******************************************************************************
   2:.\Generated_Source\PSoC5/Port_5_Control.c **** * File Name: Port_5_Control.c  
   3:.\Generated_Source\PSoC5/Port_5_Control.c **** * Version 1.70
   4:.\Generated_Source\PSoC5/Port_5_Control.c **** *
   5:.\Generated_Source\PSoC5/Port_5_Control.c **** * Description:
   6:.\Generated_Source\PSoC5/Port_5_Control.c **** *  This file contains API to enable firmware control of a Control Register.
   7:.\Generated_Source\PSoC5/Port_5_Control.c **** *
   8:.\Generated_Source\PSoC5/Port_5_Control.c **** * Note:
   9:.\Generated_Source\PSoC5/Port_5_Control.c **** *
  10:.\Generated_Source\PSoC5/Port_5_Control.c **** ********************************************************************************
  11:.\Generated_Source\PSoC5/Port_5_Control.c **** * Copyright 2008-2012, Cypress Semiconductor Corporation.  All rights reserved.
  12:.\Generated_Source\PSoC5/Port_5_Control.c **** * You may use this file only in accordance with the license, terms, conditions, 
  13:.\Generated_Source\PSoC5/Port_5_Control.c **** * disclaimers, and limitations in the end user license agreement accompanying 
  14:.\Generated_Source\PSoC5/Port_5_Control.c **** * the software package with which this file was provided.
  15:.\Generated_Source\PSoC5/Port_5_Control.c **** *******************************************************************************/
  16:.\Generated_Source\PSoC5/Port_5_Control.c **** 
  17:.\Generated_Source\PSoC5/Port_5_Control.c **** #include "Port_5_Control.h"
  18:.\Generated_Source\PSoC5/Port_5_Control.c **** 
  19:.\Generated_Source\PSoC5/Port_5_Control.c **** #if !defined(Port_5_Control_Sync_ctrl_reg__REMOVED) /* Check for removal by optimization */
  20:.\Generated_Source\PSoC5/Port_5_Control.c **** 
  21:.\Generated_Source\PSoC5/Port_5_Control.c **** /*******************************************************************************
  22:.\Generated_Source\PSoC5/Port_5_Control.c **** * Function Name: Port_5_Control_Write
  23:.\Generated_Source\PSoC5/Port_5_Control.c **** ********************************************************************************
  24:.\Generated_Source\PSoC5/Port_5_Control.c **** *
  25:.\Generated_Source\PSoC5/Port_5_Control.c **** * Summary:
  26:.\Generated_Source\PSoC5/Port_5_Control.c **** *  Write a byte to the Control Register.
  27:.\Generated_Source\PSoC5/Port_5_Control.c **** *
  28:.\Generated_Source\PSoC5/Port_5_Control.c **** * Parameters:
  29:.\Generated_Source\PSoC5/Port_5_Control.c **** *  control:  The value to be assigned to the Control Register.
  30:.\Generated_Source\PSoC5/Port_5_Control.c **** *
  31:.\Generated_Source\PSoC5/Port_5_Control.c **** * Return:
ARM GAS  C:\Users\Brian\AppData\Local\Temp\ccp578GL.s 			page 2


  32:.\Generated_Source\PSoC5/Port_5_Control.c **** *  None.
  33:.\Generated_Source\PSoC5/Port_5_Control.c **** *
  34:.\Generated_Source\PSoC5/Port_5_Control.c **** *******************************************************************************/
  35:.\Generated_Source\PSoC5/Port_5_Control.c **** void Port_5_Control_Write(uint8 control) 
  36:.\Generated_Source\PSoC5/Port_5_Control.c **** {
  27              		.loc 1 36 0
  28              		.cfi_startproc
  29              		@ args = 0, pretend = 0, frame = 8
  30              		@ frame_needed = 1, uses_anonymous_args = 0
  31              		@ link register save eliminated.
  32 0000 80B4     		push	{r7}
  33              	.LCFI0:
  34              		.cfi_def_cfa_offset 4
  35              		.cfi_offset 7, -4
  36 0002 83B0     		sub	sp, sp, #12
  37              	.LCFI1:
  38              		.cfi_def_cfa_offset 16
  39 0004 00AF     		add	r7, sp, #0
  40              	.LCFI2:
  41              		.cfi_def_cfa_register 7
  42 0006 0346     		mov	r3, r0
  43 0008 FB71     		strb	r3, [r7, #7]
  37:.\Generated_Source\PSoC5/Port_5_Control.c ****     Port_5_Control_Control = control;
  44              		.loc 1 37 0
  45 000a 46F27953 		movw	r3, #25977
  46 000e C4F20003 		movt	r3, 16384
  47 0012 FA79     		ldrb	r2, [r7, #7]
  48 0014 1A70     		strb	r2, [r3, #0]
  38:.\Generated_Source\PSoC5/Port_5_Control.c **** }
  49              		.loc 1 38 0
  50 0016 07F10C07 		add	r7, r7, #12
  51 001a BD46     		mov	sp, r7
  52 001c 80BC     		pop	{r7}
  53 001e 7047     		bx	lr
  54              		.cfi_endproc
  55              	.LFE0:
  56              		.size	Port_5_Control_Write, .-Port_5_Control_Write
  57              		.section	.text.Port_5_Control_Read,"ax",%progbits
  58              		.align	2
  59              		.global	Port_5_Control_Read
  60              		.thumb
  61              		.thumb_func
  62              		.type	Port_5_Control_Read, %function
  63              	Port_5_Control_Read:
  64              	.LFB1:
  39:.\Generated_Source\PSoC5/Port_5_Control.c **** 
  40:.\Generated_Source\PSoC5/Port_5_Control.c **** 
  41:.\Generated_Source\PSoC5/Port_5_Control.c **** /*******************************************************************************
  42:.\Generated_Source\PSoC5/Port_5_Control.c **** * Function Name: Port_5_Control_Read
  43:.\Generated_Source\PSoC5/Port_5_Control.c **** ********************************************************************************
  44:.\Generated_Source\PSoC5/Port_5_Control.c **** *
  45:.\Generated_Source\PSoC5/Port_5_Control.c **** * Summary:
  46:.\Generated_Source\PSoC5/Port_5_Control.c **** *  Reads the current value assigned to the Control Register.
  47:.\Generated_Source\PSoC5/Port_5_Control.c **** *
  48:.\Generated_Source\PSoC5/Port_5_Control.c **** * Parameters:
  49:.\Generated_Source\PSoC5/Port_5_Control.c **** *  None.
  50:.\Generated_Source\PSoC5/Port_5_Control.c **** *
ARM GAS  C:\Users\Brian\AppData\Local\Temp\ccp578GL.s 			page 3


  51:.\Generated_Source\PSoC5/Port_5_Control.c **** * Return:
  52:.\Generated_Source\PSoC5/Port_5_Control.c **** *  Returns the current value in the Control Register.
  53:.\Generated_Source\PSoC5/Port_5_Control.c **** *
  54:.\Generated_Source\PSoC5/Port_5_Control.c **** *******************************************************************************/
  55:.\Generated_Source\PSoC5/Port_5_Control.c **** uint8 Port_5_Control_Read(void) 
  56:.\Generated_Source\PSoC5/Port_5_Control.c **** {
  65              		.loc 1 56 0
  66              		.cfi_startproc
  67              		@ args = 0, pretend = 0, frame = 0
  68              		@ frame_needed = 1, uses_anonymous_args = 0
  69              		@ link register save eliminated.
  70 0000 80B4     		push	{r7}
  71              	.LCFI3:
  72              		.cfi_def_cfa_offset 4
  73              		.cfi_offset 7, -4
  74 0002 00AF     		add	r7, sp, #0
  75              	.LCFI4:
  76              		.cfi_def_cfa_register 7
  57:.\Generated_Source\PSoC5/Port_5_Control.c ****     return Port_5_Control_Control;
  77              		.loc 1 57 0
  78 0004 46F27953 		movw	r3, #25977
  79 0008 C4F20003 		movt	r3, 16384
  80 000c 1B78     		ldrb	r3, [r3, #0]
  81 000e DBB2     		uxtb	r3, r3
  58:.\Generated_Source\PSoC5/Port_5_Control.c **** }
  82              		.loc 1 58 0
  83 0010 1846     		mov	r0, r3
  84 0012 BD46     		mov	sp, r7
  85 0014 80BC     		pop	{r7}
  86 0016 7047     		bx	lr
  87              		.cfi_endproc
  88              	.LFE1:
  89              		.size	Port_5_Control_Read, .-Port_5_Control_Read
  90              		.text
  91              	.Letext0:
  92              		.file 2 ".\\Generated_Source\\PSoC5\\cytypes.h"
  93              		.section	.debug_info,"",%progbits
  94              	.Ldebug_info0:
  95 0000 DF000000 		.4byte	0xdf
  96 0004 0200     		.2byte	0x2
  97 0006 00000000 		.4byte	.Ldebug_abbrev0
  98 000a 04       		.byte	0x4
  99 000b 01       		.uleb128 0x1
 100 000c 35010000 		.4byte	.LASF14
 101 0010 01       		.byte	0x1
 102 0011 63000000 		.4byte	.LASF15
 103 0015 15000000 		.4byte	.LASF16
 104 0019 00000000 		.4byte	.Ldebug_ranges0+0
 105 001d 00000000 		.4byte	0
 106 0021 00000000 		.4byte	0
 107 0025 00000000 		.4byte	.Ldebug_line0
 108 0029 02       		.uleb128 0x2
 109 002a 01       		.byte	0x1
 110 002b 06       		.byte	0x6
 111 002c 87010000 		.4byte	.LASF0
 112 0030 02       		.uleb128 0x2
 113 0031 01       		.byte	0x1
ARM GAS  C:\Users\Brian\AppData\Local\Temp\ccp578GL.s 			page 4


 114 0032 08       		.byte	0x8
 115 0033 93000000 		.4byte	.LASF1
 116 0037 02       		.uleb128 0x2
 117 0038 02       		.byte	0x2
 118 0039 05       		.byte	0x5
 119 003a 25010000 		.4byte	.LASF2
 120 003e 02       		.uleb128 0x2
 121 003f 02       		.byte	0x2
 122 0040 07       		.byte	0x7
 123 0041 B8000000 		.4byte	.LASF3
 124 0045 02       		.uleb128 0x2
 125 0046 04       		.byte	0x4
 126 0047 05       		.byte	0x5
 127 0048 7E010000 		.4byte	.LASF4
 128 004c 02       		.uleb128 0x2
 129 004d 04       		.byte	0x4
 130 004e 07       		.byte	0x7
 131 004f A6000000 		.4byte	.LASF5
 132 0053 02       		.uleb128 0x2
 133 0054 08       		.byte	0x8
 134 0055 05       		.byte	0x5
 135 0056 12010000 		.4byte	.LASF6
 136 005a 02       		.uleb128 0x2
 137 005b 08       		.byte	0x8
 138 005c 07       		.byte	0x7
 139 005d FB000000 		.4byte	.LASF7
 140 0061 03       		.uleb128 0x3
 141 0062 04       		.byte	0x4
 142 0063 05       		.byte	0x5
 143 0064 696E7400 		.ascii	"int\000"
 144 0068 02       		.uleb128 0x2
 145 0069 04       		.byte	0x4
 146 006a 07       		.byte	0x7
 147 006b EE000000 		.4byte	.LASF8
 148 006f 04       		.uleb128 0x4
 149 0070 2F010000 		.4byte	.LASF12
 150 0074 02       		.byte	0x2
 151 0075 5B       		.byte	0x5b
 152 0076 30000000 		.4byte	0x30
 153 007a 02       		.uleb128 0x2
 154 007b 04       		.byte	0x4
 155 007c 04       		.byte	0x4
 156 007d 8D000000 		.4byte	.LASF9
 157 0081 02       		.uleb128 0x2
 158 0082 08       		.byte	0x8
 159 0083 04       		.byte	0x4
 160 0084 E7000000 		.4byte	.LASF10
 161 0088 02       		.uleb128 0x2
 162 0089 01       		.byte	0x1
 163 008a 08       		.byte	0x8
 164 008b 20010000 		.4byte	.LASF11
 165 008f 04       		.uleb128 0x4
 166 0090 A1000000 		.4byte	.LASF13
 167 0094 02       		.byte	0x2
 168 0095 F0       		.byte	0xf0
 169 0096 9A000000 		.4byte	0x9a
 170 009a 05       		.uleb128 0x5
ARM GAS  C:\Users\Brian\AppData\Local\Temp\ccp578GL.s 			page 5


 171 009b 6F000000 		.4byte	0x6f
 172 009f 06       		.uleb128 0x6
 173 00a0 01       		.byte	0x1
 174 00a1 00000000 		.4byte	.LASF17
 175 00a5 01       		.byte	0x1
 176 00a6 23       		.byte	0x23
 177 00a7 01       		.byte	0x1
 178 00a8 00000000 		.4byte	.LFB0
 179 00ac 20000000 		.4byte	.LFE0
 180 00b0 00000000 		.4byte	.LLST0
 181 00b4 01       		.byte	0x1
 182 00b5 C8000000 		.4byte	0xc8
 183 00b9 07       		.uleb128 0x7
 184 00ba CB000000 		.4byte	.LASF18
 185 00be 01       		.byte	0x1
 186 00bf 23       		.byte	0x23
 187 00c0 6F000000 		.4byte	0x6f
 188 00c4 02       		.byte	0x2
 189 00c5 91       		.byte	0x91
 190 00c6 77       		.sleb128 -9
 191 00c7 00       		.byte	0
 192 00c8 08       		.uleb128 0x8
 193 00c9 01       		.byte	0x1
 194 00ca D3000000 		.4byte	.LASF19
 195 00ce 01       		.byte	0x1
 196 00cf 37       		.byte	0x37
 197 00d0 01       		.byte	0x1
 198 00d1 6F000000 		.4byte	0x6f
 199 00d5 00000000 		.4byte	.LFB1
 200 00d9 18000000 		.4byte	.LFE1
 201 00dd 38000000 		.4byte	.LLST1
 202 00e1 01       		.byte	0x1
 203 00e2 00       		.byte	0
 204              		.section	.debug_abbrev,"",%progbits
 205              	.Ldebug_abbrev0:
 206 0000 01       		.uleb128 0x1
 207 0001 11       		.uleb128 0x11
 208 0002 01       		.byte	0x1
 209 0003 25       		.uleb128 0x25
 210 0004 0E       		.uleb128 0xe
 211 0005 13       		.uleb128 0x13
 212 0006 0B       		.uleb128 0xb
 213 0007 03       		.uleb128 0x3
 214 0008 0E       		.uleb128 0xe
 215 0009 1B       		.uleb128 0x1b
 216 000a 0E       		.uleb128 0xe
 217 000b 55       		.uleb128 0x55
 218 000c 06       		.uleb128 0x6
 219 000d 11       		.uleb128 0x11
 220 000e 01       		.uleb128 0x1
 221 000f 52       		.uleb128 0x52
 222 0010 01       		.uleb128 0x1
 223 0011 10       		.uleb128 0x10
 224 0012 06       		.uleb128 0x6
 225 0013 00       		.byte	0
 226 0014 00       		.byte	0
 227 0015 02       		.uleb128 0x2
ARM GAS  C:\Users\Brian\AppData\Local\Temp\ccp578GL.s 			page 6


 228 0016 24       		.uleb128 0x24
 229 0017 00       		.byte	0
 230 0018 0B       		.uleb128 0xb
 231 0019 0B       		.uleb128 0xb
 232 001a 3E       		.uleb128 0x3e
 233 001b 0B       		.uleb128 0xb
 234 001c 03       		.uleb128 0x3
 235 001d 0E       		.uleb128 0xe
 236 001e 00       		.byte	0
 237 001f 00       		.byte	0
 238 0020 03       		.uleb128 0x3
 239 0021 24       		.uleb128 0x24
 240 0022 00       		.byte	0
 241 0023 0B       		.uleb128 0xb
 242 0024 0B       		.uleb128 0xb
 243 0025 3E       		.uleb128 0x3e
 244 0026 0B       		.uleb128 0xb
 245 0027 03       		.uleb128 0x3
 246 0028 08       		.uleb128 0x8
 247 0029 00       		.byte	0
 248 002a 00       		.byte	0
 249 002b 04       		.uleb128 0x4
 250 002c 16       		.uleb128 0x16
 251 002d 00       		.byte	0
 252 002e 03       		.uleb128 0x3
 253 002f 0E       		.uleb128 0xe
 254 0030 3A       		.uleb128 0x3a
 255 0031 0B       		.uleb128 0xb
 256 0032 3B       		.uleb128 0x3b
 257 0033 0B       		.uleb128 0xb
 258 0034 49       		.uleb128 0x49
 259 0035 13       		.uleb128 0x13
 260 0036 00       		.byte	0
 261 0037 00       		.byte	0
 262 0038 05       		.uleb128 0x5
 263 0039 35       		.uleb128 0x35
 264 003a 00       		.byte	0
 265 003b 49       		.uleb128 0x49
 266 003c 13       		.uleb128 0x13
 267 003d 00       		.byte	0
 268 003e 00       		.byte	0
 269 003f 06       		.uleb128 0x6
 270 0040 2E       		.uleb128 0x2e
 271 0041 01       		.byte	0x1
 272 0042 3F       		.uleb128 0x3f
 273 0043 0C       		.uleb128 0xc
 274 0044 03       		.uleb128 0x3
 275 0045 0E       		.uleb128 0xe
 276 0046 3A       		.uleb128 0x3a
 277 0047 0B       		.uleb128 0xb
 278 0048 3B       		.uleb128 0x3b
 279 0049 0B       		.uleb128 0xb
 280 004a 27       		.uleb128 0x27
 281 004b 0C       		.uleb128 0xc
 282 004c 11       		.uleb128 0x11
 283 004d 01       		.uleb128 0x1
 284 004e 12       		.uleb128 0x12
ARM GAS  C:\Users\Brian\AppData\Local\Temp\ccp578GL.s 			page 7


 285 004f 01       		.uleb128 0x1
 286 0050 40       		.uleb128 0x40
 287 0051 06       		.uleb128 0x6
 288 0052 9742     		.uleb128 0x2117
 289 0054 0C       		.uleb128 0xc
 290 0055 01       		.uleb128 0x1
 291 0056 13       		.uleb128 0x13
 292 0057 00       		.byte	0
 293 0058 00       		.byte	0
 294 0059 07       		.uleb128 0x7
 295 005a 05       		.uleb128 0x5
 296 005b 00       		.byte	0
 297 005c 03       		.uleb128 0x3
 298 005d 0E       		.uleb128 0xe
 299 005e 3A       		.uleb128 0x3a
 300 005f 0B       		.uleb128 0xb
 301 0060 3B       		.uleb128 0x3b
 302 0061 0B       		.uleb128 0xb
 303 0062 49       		.uleb128 0x49
 304 0063 13       		.uleb128 0x13
 305 0064 02       		.uleb128 0x2
 306 0065 0A       		.uleb128 0xa
 307 0066 00       		.byte	0
 308 0067 00       		.byte	0
 309 0068 08       		.uleb128 0x8
 310 0069 2E       		.uleb128 0x2e
 311 006a 00       		.byte	0
 312 006b 3F       		.uleb128 0x3f
 313 006c 0C       		.uleb128 0xc
 314 006d 03       		.uleb128 0x3
 315 006e 0E       		.uleb128 0xe
 316 006f 3A       		.uleb128 0x3a
 317 0070 0B       		.uleb128 0xb
 318 0071 3B       		.uleb128 0x3b
 319 0072 0B       		.uleb128 0xb
 320 0073 27       		.uleb128 0x27
 321 0074 0C       		.uleb128 0xc
 322 0075 49       		.uleb128 0x49
 323 0076 13       		.uleb128 0x13
 324 0077 11       		.uleb128 0x11
 325 0078 01       		.uleb128 0x1
 326 0079 12       		.uleb128 0x12
 327 007a 01       		.uleb128 0x1
 328 007b 40       		.uleb128 0x40
 329 007c 06       		.uleb128 0x6
 330 007d 9742     		.uleb128 0x2117
 331 007f 0C       		.uleb128 0xc
 332 0080 00       		.byte	0
 333 0081 00       		.byte	0
 334 0082 00       		.byte	0
 335              		.section	.debug_loc,"",%progbits
 336              	.Ldebug_loc0:
 337              	.LLST0:
 338 0000 00000000 		.4byte	.LFB0
 339 0004 02000000 		.4byte	.LCFI0
 340 0008 0200     		.2byte	0x2
 341 000a 7D       		.byte	0x7d
ARM GAS  C:\Users\Brian\AppData\Local\Temp\ccp578GL.s 			page 8


 342 000b 00       		.sleb128 0
 343 000c 02000000 		.4byte	.LCFI0
 344 0010 04000000 		.4byte	.LCFI1
 345 0014 0200     		.2byte	0x2
 346 0016 7D       		.byte	0x7d
 347 0017 04       		.sleb128 4
 348 0018 04000000 		.4byte	.LCFI1
 349 001c 06000000 		.4byte	.LCFI2
 350 0020 0200     		.2byte	0x2
 351 0022 7D       		.byte	0x7d
 352 0023 10       		.sleb128 16
 353 0024 06000000 		.4byte	.LCFI2
 354 0028 20000000 		.4byte	.LFE0
 355 002c 0200     		.2byte	0x2
 356 002e 77       		.byte	0x77
 357 002f 10       		.sleb128 16
 358 0030 00000000 		.4byte	0
 359 0034 00000000 		.4byte	0
 360              	.LLST1:
 361 0038 00000000 		.4byte	.LFB1
 362 003c 02000000 		.4byte	.LCFI3
 363 0040 0200     		.2byte	0x2
 364 0042 7D       		.byte	0x7d
 365 0043 00       		.sleb128 0
 366 0044 02000000 		.4byte	.LCFI3
 367 0048 04000000 		.4byte	.LCFI4
 368 004c 0200     		.2byte	0x2
 369 004e 7D       		.byte	0x7d
 370 004f 04       		.sleb128 4
 371 0050 04000000 		.4byte	.LCFI4
 372 0054 18000000 		.4byte	.LFE1
 373 0058 0200     		.2byte	0x2
 374 005a 77       		.byte	0x77
 375 005b 04       		.sleb128 4
 376 005c 00000000 		.4byte	0
 377 0060 00000000 		.4byte	0
 378              		.section	.debug_aranges,"",%progbits
 379 0000 24000000 		.4byte	0x24
 380 0004 0200     		.2byte	0x2
 381 0006 00000000 		.4byte	.Ldebug_info0
 382 000a 04       		.byte	0x4
 383 000b 00       		.byte	0
 384 000c 0000     		.2byte	0
 385 000e 0000     		.2byte	0
 386 0010 00000000 		.4byte	.LFB0
 387 0014 20000000 		.4byte	.LFE0-.LFB0
 388 0018 00000000 		.4byte	.LFB1
 389 001c 18000000 		.4byte	.LFE1-.LFB1
 390 0020 00000000 		.4byte	0
 391 0024 00000000 		.4byte	0
 392              		.section	.debug_ranges,"",%progbits
 393              	.Ldebug_ranges0:
 394 0000 00000000 		.4byte	.LFB0
 395 0004 20000000 		.4byte	.LFE0
 396 0008 00000000 		.4byte	.LFB1
 397 000c 18000000 		.4byte	.LFE1
 398 0010 00000000 		.4byte	0
ARM GAS  C:\Users\Brian\AppData\Local\Temp\ccp578GL.s 			page 9


 399 0014 00000000 		.4byte	0
 400              		.section	.debug_line,"",%progbits
 401              	.Ldebug_line0:
 402 0000 75000000 		.section	.debug_str,"MS",%progbits,1
 402      02004D00 
 402      00000201 
 402      FB0E0D00 
 402      01010101 
 403              	.LASF17:
 404 0000 506F7274 		.ascii	"Port_5_Control_Write\000"
 404      5F355F43 
 404      6F6E7472 
 404      6F6C5F57 
 404      72697465 
 405              	.LASF16:
 406 0015 433A5C55 		.ascii	"C:\\Users\\Brian\\Dropbox\\RPiSoC\\Projects\\PSoC_2"
 406      73657273 
 406      5C427269 
 406      616E5C44 
 406      726F7062 
 407 0042 5F50695C 		.ascii	"_Pi\\PSoC Creator\\PSoC_2_Pi.cydsn\000"
 407      50536F43 
 407      20437265 
 407      61746F72 
 407      5C50536F 
 408              	.LASF15:
 409 0063 2E5C4765 		.ascii	".\\Generated_Source\\PSoC5\\Port_5_Control.c\000"
 409      6E657261 
 409      7465645F 
 409      536F7572 
 409      63655C50 
 410              	.LASF9:
 411 008d 666C6F61 		.ascii	"float\000"
 411      7400
 412              	.LASF1:
 413 0093 756E7369 		.ascii	"unsigned char\000"
 413      676E6564 
 413      20636861 
 413      7200
 414              	.LASF13:
 415 00a1 72656738 		.ascii	"reg8\000"
 415      00
 416              	.LASF5:
 417 00a6 6C6F6E67 		.ascii	"long unsigned int\000"
 417      20756E73 
 417      69676E65 
 417      6420696E 
 417      7400
 418              	.LASF3:
 419 00b8 73686F72 		.ascii	"short unsigned int\000"
 419      7420756E 
 419      7369676E 
 419      65642069 
 419      6E7400
 420              	.LASF18:
 421 00cb 636F6E74 		.ascii	"control\000"
 421      726F6C00 
ARM GAS  C:\Users\Brian\AppData\Local\Temp\ccp578GL.s 			page 10


 422              	.LASF19:
 423 00d3 506F7274 		.ascii	"Port_5_Control_Read\000"
 423      5F355F43 
 423      6F6E7472 
 423      6F6C5F52 
 423      65616400 
 424              	.LASF10:
 425 00e7 646F7562 		.ascii	"double\000"
 425      6C6500
 426              	.LASF8:
 427 00ee 756E7369 		.ascii	"unsigned int\000"
 427      676E6564 
 427      20696E74 
 427      00
 428              	.LASF7:
 429 00fb 6C6F6E67 		.ascii	"long long unsigned int\000"
 429      206C6F6E 
 429      6720756E 
 429      7369676E 
 429      65642069 
 430              	.LASF6:
 431 0112 6C6F6E67 		.ascii	"long long int\000"
 431      206C6F6E 
 431      6720696E 
 431      7400
 432              	.LASF11:
 433 0120 63686172 		.ascii	"char\000"
 433      00
 434              	.LASF2:
 435 0125 73686F72 		.ascii	"short int\000"
 435      7420696E 
 435      7400
 436              	.LASF12:
 437 012f 75696E74 		.ascii	"uint8\000"
 437      3800
 438              	.LASF14:
 439 0135 474E5520 		.ascii	"GNU C 4.7.3 20130312 (release) [ARM/embedded-4_7-br"
 439      4320342E 
 439      372E3320 
 439      32303133 
 439      30333132 
 440 0168 616E6368 		.ascii	"anch revision 196615]\000"
 440      20726576 
 440      6973696F 
 440      6E203139 
 440      36363135 
 441              	.LASF4:
 442 017e 6C6F6E67 		.ascii	"long int\000"
 442      20696E74 
 442      00
 443              	.LASF0:
 444 0187 7369676E 		.ascii	"signed char\000"
 444      65642063 
 444      68617200 
 445              		.ident	"GCC: (GNU Tools for ARM Embedded Processors) 4.7.3 20130312 (release) [ARM/embedded-4_7-br
