ARM GAS  C:\Users\Brian\AppData\Local\Temp\cczLBaxo.s 			page 1


   1              		.syntax unified
   2              		.cpu cortex-m3
   3              		.fpu softvfp
   4              		.eabi_attribute 20, 1
   5              		.eabi_attribute 21, 1
   6              		.eabi_attribute 23, 3
   7              		.eabi_attribute 24, 1
   8              		.eabi_attribute 25, 1
   9              		.eabi_attribute 26, 1
  10              		.eabi_attribute 30, 6
  11              		.eabi_attribute 34, 1
  12              		.eabi_attribute 18, 4
  13              		.thumb
  14              		.file	"Port_2.c"
  15              		.text
  16              	.Ltext0:
  17              		.cfi_sections	.debug_frame
  18              		.section	.text.Port_2_Write,"ax",%progbits
  19              		.align	2
  20              		.global	Port_2_Write
  21              		.thumb
  22              		.thumb_func
  23              		.type	Port_2_Write, %function
  24              	Port_2_Write:
  25              	.LFB0:
  26              		.file 1 ".\\Generated_Source\\PSoC5\\Port_2.c"
   1:.\Generated_Source\PSoC5/Port_2.c **** /*******************************************************************************
   2:.\Generated_Source\PSoC5/Port_2.c **** * File Name: Port_2.c  
   3:.\Generated_Source\PSoC5/Port_2.c **** * Version 2.0
   4:.\Generated_Source\PSoC5/Port_2.c **** *
   5:.\Generated_Source\PSoC5/Port_2.c **** * Description:
   6:.\Generated_Source\PSoC5/Port_2.c **** *  This file contains API to enable firmware control of a Pins component.
   7:.\Generated_Source\PSoC5/Port_2.c **** *
   8:.\Generated_Source\PSoC5/Port_2.c **** * Note:
   9:.\Generated_Source\PSoC5/Port_2.c **** *
  10:.\Generated_Source\PSoC5/Port_2.c **** ********************************************************************************
  11:.\Generated_Source\PSoC5/Port_2.c **** * Copyright 2008-2014, Cypress Semiconductor Corporation.  All rights reserved.
  12:.\Generated_Source\PSoC5/Port_2.c **** * You may use this file only in accordance with the license, terms, conditions, 
  13:.\Generated_Source\PSoC5/Port_2.c **** * disclaimers, and limitations in the end user license agreement accompanying 
  14:.\Generated_Source\PSoC5/Port_2.c **** * the software package with which this file was provided.
  15:.\Generated_Source\PSoC5/Port_2.c **** *******************************************************************************/
  16:.\Generated_Source\PSoC5/Port_2.c **** 
  17:.\Generated_Source\PSoC5/Port_2.c **** #include "cytypes.h"
  18:.\Generated_Source\PSoC5/Port_2.c **** #include "Port_2.h"
  19:.\Generated_Source\PSoC5/Port_2.c **** 
  20:.\Generated_Source\PSoC5/Port_2.c **** /* APIs are not generated for P15[7:6] on PSoC 5 */
  21:.\Generated_Source\PSoC5/Port_2.c **** #if !(CY_PSOC5A &&\
  22:.\Generated_Source\PSoC5/Port_2.c **** 	 Port_2__PORT == 15 && ((Port_2__MASK & 0xC0) != 0))
  23:.\Generated_Source\PSoC5/Port_2.c **** 
  24:.\Generated_Source\PSoC5/Port_2.c **** 
  25:.\Generated_Source\PSoC5/Port_2.c **** /*******************************************************************************
  26:.\Generated_Source\PSoC5/Port_2.c **** * Function Name: Port_2_Write
  27:.\Generated_Source\PSoC5/Port_2.c **** ********************************************************************************
  28:.\Generated_Source\PSoC5/Port_2.c **** *
  29:.\Generated_Source\PSoC5/Port_2.c **** * Summary:
  30:.\Generated_Source\PSoC5/Port_2.c **** *  Assign a new value to the digital port's data output register.  
  31:.\Generated_Source\PSoC5/Port_2.c **** *
ARM GAS  C:\Users\Brian\AppData\Local\Temp\cczLBaxo.s 			page 2


  32:.\Generated_Source\PSoC5/Port_2.c **** * Parameters:  
  33:.\Generated_Source\PSoC5/Port_2.c **** *  prtValue:  The value to be assigned to the Digital Port. 
  34:.\Generated_Source\PSoC5/Port_2.c **** *
  35:.\Generated_Source\PSoC5/Port_2.c **** * Return: 
  36:.\Generated_Source\PSoC5/Port_2.c **** *  None
  37:.\Generated_Source\PSoC5/Port_2.c **** *  
  38:.\Generated_Source\PSoC5/Port_2.c **** *******************************************************************************/
  39:.\Generated_Source\PSoC5/Port_2.c **** void Port_2_Write(uint8 value) 
  40:.\Generated_Source\PSoC5/Port_2.c **** {
  27              		.loc 1 40 0
  28              		.cfi_startproc
  29              		@ args = 0, pretend = 0, frame = 16
  30              		@ frame_needed = 1, uses_anonymous_args = 0
  31              		@ link register save eliminated.
  32 0000 80B4     		push	{r7}
  33              	.LCFI0:
  34              		.cfi_def_cfa_offset 4
  35              		.cfi_offset 7, -4
  36 0002 85B0     		sub	sp, sp, #20
  37              	.LCFI1:
  38              		.cfi_def_cfa_offset 24
  39 0004 00AF     		add	r7, sp, #0
  40              	.LCFI2:
  41              		.cfi_def_cfa_register 7
  42 0006 0346     		mov	r3, r0
  43 0008 FB71     		strb	r3, [r7, #7]
  41:.\Generated_Source\PSoC5/Port_2.c ****     uint8 staticBits = (Port_2_DR & (uint8)(~Port_2_MASK));
  44              		.loc 1 41 0
  45 000a 45F22013 		movw	r3, #20768
  46 000e C4F20003 		movt	r3, 16384
  47 0012 1B78     		ldrb	r3, [r3, #0]
  48 0014 4FF00003 		mov	r3, #0
  49 0018 FB73     		strb	r3, [r7, #15]
  42:.\Generated_Source\PSoC5/Port_2.c ****     Port_2_DR = staticBits | ((uint8)(value << Port_2_SHIFT) & Port_2_MASK);
  50              		.loc 1 42 0
  51 001a 45F22013 		movw	r3, #20768
  52 001e C4F20003 		movt	r3, 16384
  53 0022 F97B     		ldrb	r1, [r7, #15]
  54 0024 FA79     		ldrb	r2, [r7, #7]
  55 0026 0A43     		orrs	r2, r2, r1
  56 0028 D2B2     		uxtb	r2, r2
  57 002a 1A70     		strb	r2, [r3, #0]
  43:.\Generated_Source\PSoC5/Port_2.c **** }
  58              		.loc 1 43 0
  59 002c 07F11407 		add	r7, r7, #20
  60 0030 BD46     		mov	sp, r7
  61 0032 80BC     		pop	{r7}
  62 0034 7047     		bx	lr
  63              		.cfi_endproc
  64              	.LFE0:
  65              		.size	Port_2_Write, .-Port_2_Write
  66 0036 00BF     		.section	.text.Port_2_SetDriveMode,"ax",%progbits
  67              		.align	2
  68              		.global	Port_2_SetDriveMode
  69              		.thumb
  70              		.thumb_func
  71              		.type	Port_2_SetDriveMode, %function
ARM GAS  C:\Users\Brian\AppData\Local\Temp\cczLBaxo.s 			page 3


  72              	Port_2_SetDriveMode:
  73              	.LFB1:
  44:.\Generated_Source\PSoC5/Port_2.c **** 
  45:.\Generated_Source\PSoC5/Port_2.c **** 
  46:.\Generated_Source\PSoC5/Port_2.c **** /*******************************************************************************
  47:.\Generated_Source\PSoC5/Port_2.c **** * Function Name: Port_2_SetDriveMode
  48:.\Generated_Source\PSoC5/Port_2.c **** ********************************************************************************
  49:.\Generated_Source\PSoC5/Port_2.c **** *
  50:.\Generated_Source\PSoC5/Port_2.c **** * Summary:
  51:.\Generated_Source\PSoC5/Port_2.c **** *  Change the drive mode on the pins of the port.
  52:.\Generated_Source\PSoC5/Port_2.c **** * 
  53:.\Generated_Source\PSoC5/Port_2.c **** * Parameters:  
  54:.\Generated_Source\PSoC5/Port_2.c **** *  mode:  Change the pins to one of the following drive modes.
  55:.\Generated_Source\PSoC5/Port_2.c **** *
  56:.\Generated_Source\PSoC5/Port_2.c **** *  Port_2_DM_STRONG     Strong Drive 
  57:.\Generated_Source\PSoC5/Port_2.c **** *  Port_2_DM_OD_HI      Open Drain, Drives High 
  58:.\Generated_Source\PSoC5/Port_2.c **** *  Port_2_DM_OD_LO      Open Drain, Drives Low 
  59:.\Generated_Source\PSoC5/Port_2.c **** *  Port_2_DM_RES_UP     Resistive Pull Up 
  60:.\Generated_Source\PSoC5/Port_2.c **** *  Port_2_DM_RES_DWN    Resistive Pull Down 
  61:.\Generated_Source\PSoC5/Port_2.c **** *  Port_2_DM_RES_UPDWN  Resistive Pull Up/Down 
  62:.\Generated_Source\PSoC5/Port_2.c **** *  Port_2_DM_DIG_HIZ    High Impedance Digital 
  63:.\Generated_Source\PSoC5/Port_2.c **** *  Port_2_DM_ALG_HIZ    High Impedance Analog 
  64:.\Generated_Source\PSoC5/Port_2.c **** *
  65:.\Generated_Source\PSoC5/Port_2.c **** * Return: 
  66:.\Generated_Source\PSoC5/Port_2.c **** *  None
  67:.\Generated_Source\PSoC5/Port_2.c **** *
  68:.\Generated_Source\PSoC5/Port_2.c **** *******************************************************************************/
  69:.\Generated_Source\PSoC5/Port_2.c **** void Port_2_SetDriveMode(uint8 mode) 
  70:.\Generated_Source\PSoC5/Port_2.c **** {
  74              		.loc 1 70 0
  75              		.cfi_startproc
  76              		@ args = 0, pretend = 0, frame = 8
  77              		@ frame_needed = 1, uses_anonymous_args = 0
  78              		@ link register save eliminated.
  79 0000 80B4     		push	{r7}
  80              	.LCFI3:
  81              		.cfi_def_cfa_offset 4
  82              		.cfi_offset 7, -4
  83 0002 83B0     		sub	sp, sp, #12
  84              	.LCFI4:
  85              		.cfi_def_cfa_offset 16
  86 0004 00AF     		add	r7, sp, #0
  87              	.LCFI5:
  88              		.cfi_def_cfa_register 7
  89 0006 0346     		mov	r3, r0
  90 0008 FB71     		strb	r3, [r7, #7]
  71:.\Generated_Source\PSoC5/Port_2.c **** 	CyPins_SetPinDriveMode(Port_2_0, mode);
  91              		.loc 1 71 0
  92 000a 45F21003 		movw	r3, #20496
  93 000e C4F20003 		movt	r3, 16384
  94 0012 45F21002 		movw	r2, #20496
  95 0016 C4F20002 		movt	r2, 16384
  96 001a 1278     		ldrb	r2, [r2, #0]
  97 001c D2B2     		uxtb	r2, r2
  98 001e D2B2     		uxtb	r2, r2
  99 0020 22F00E02 		bic	r2, r2, #14
 100 0024 D1B2     		uxtb	r1, r2
ARM GAS  C:\Users\Brian\AppData\Local\Temp\cczLBaxo.s 			page 4


 101 0026 FA79     		ldrb	r2, [r7, #7]	@ zero_extendqisi2
 102 0028 02F00E02 		and	r2, r2, #14
 103 002c D2B2     		uxtb	r2, r2
 104 002e 0A43     		orrs	r2, r2, r1
 105 0030 D2B2     		uxtb	r2, r2
 106 0032 D2B2     		uxtb	r2, r2
 107 0034 1A70     		strb	r2, [r3, #0]
  72:.\Generated_Source\PSoC5/Port_2.c **** 	CyPins_SetPinDriveMode(Port_2_1, mode);
 108              		.loc 1 72 0
 109 0036 45F21103 		movw	r3, #20497
 110 003a C4F20003 		movt	r3, 16384
 111 003e 45F21102 		movw	r2, #20497
 112 0042 C4F20002 		movt	r2, 16384
 113 0046 1278     		ldrb	r2, [r2, #0]
 114 0048 D2B2     		uxtb	r2, r2
 115 004a D2B2     		uxtb	r2, r2
 116 004c 22F00E02 		bic	r2, r2, #14
 117 0050 D1B2     		uxtb	r1, r2
 118 0052 FA79     		ldrb	r2, [r7, #7]	@ zero_extendqisi2
 119 0054 02F00E02 		and	r2, r2, #14
 120 0058 D2B2     		uxtb	r2, r2
 121 005a 0A43     		orrs	r2, r2, r1
 122 005c D2B2     		uxtb	r2, r2
 123 005e D2B2     		uxtb	r2, r2
 124 0060 1A70     		strb	r2, [r3, #0]
  73:.\Generated_Source\PSoC5/Port_2.c **** 	CyPins_SetPinDriveMode(Port_2_2, mode);
 125              		.loc 1 73 0
 126 0062 45F21203 		movw	r3, #20498
 127 0066 C4F20003 		movt	r3, 16384
 128 006a 45F21202 		movw	r2, #20498
 129 006e C4F20002 		movt	r2, 16384
 130 0072 1278     		ldrb	r2, [r2, #0]
 131 0074 D2B2     		uxtb	r2, r2
 132 0076 D2B2     		uxtb	r2, r2
 133 0078 22F00E02 		bic	r2, r2, #14
 134 007c D1B2     		uxtb	r1, r2
 135 007e FA79     		ldrb	r2, [r7, #7]	@ zero_extendqisi2
 136 0080 02F00E02 		and	r2, r2, #14
 137 0084 D2B2     		uxtb	r2, r2
 138 0086 0A43     		orrs	r2, r2, r1
 139 0088 D2B2     		uxtb	r2, r2
 140 008a D2B2     		uxtb	r2, r2
 141 008c 1A70     		strb	r2, [r3, #0]
  74:.\Generated_Source\PSoC5/Port_2.c **** 	CyPins_SetPinDriveMode(Port_2_3, mode);
 142              		.loc 1 74 0
 143 008e 45F21303 		movw	r3, #20499
 144 0092 C4F20003 		movt	r3, 16384
 145 0096 45F21302 		movw	r2, #20499
 146 009a C4F20002 		movt	r2, 16384
 147 009e 1278     		ldrb	r2, [r2, #0]
 148 00a0 D2B2     		uxtb	r2, r2
 149 00a2 D2B2     		uxtb	r2, r2
 150 00a4 22F00E02 		bic	r2, r2, #14
 151 00a8 D1B2     		uxtb	r1, r2
 152 00aa FA79     		ldrb	r2, [r7, #7]	@ zero_extendqisi2
 153 00ac 02F00E02 		and	r2, r2, #14
 154 00b0 D2B2     		uxtb	r2, r2
ARM GAS  C:\Users\Brian\AppData\Local\Temp\cczLBaxo.s 			page 5


 155 00b2 0A43     		orrs	r2, r2, r1
 156 00b4 D2B2     		uxtb	r2, r2
 157 00b6 D2B2     		uxtb	r2, r2
 158 00b8 1A70     		strb	r2, [r3, #0]
  75:.\Generated_Source\PSoC5/Port_2.c **** 	CyPins_SetPinDriveMode(Port_2_4, mode);
 159              		.loc 1 75 0
 160 00ba 45F21403 		movw	r3, #20500
 161 00be C4F20003 		movt	r3, 16384
 162 00c2 45F21402 		movw	r2, #20500
 163 00c6 C4F20002 		movt	r2, 16384
 164 00ca 1278     		ldrb	r2, [r2, #0]
 165 00cc D2B2     		uxtb	r2, r2
 166 00ce D2B2     		uxtb	r2, r2
 167 00d0 22F00E02 		bic	r2, r2, #14
 168 00d4 D1B2     		uxtb	r1, r2
 169 00d6 FA79     		ldrb	r2, [r7, #7]	@ zero_extendqisi2
 170 00d8 02F00E02 		and	r2, r2, #14
 171 00dc D2B2     		uxtb	r2, r2
 172 00de 0A43     		orrs	r2, r2, r1
 173 00e0 D2B2     		uxtb	r2, r2
 174 00e2 D2B2     		uxtb	r2, r2
 175 00e4 1A70     		strb	r2, [r3, #0]
  76:.\Generated_Source\PSoC5/Port_2.c **** 	CyPins_SetPinDriveMode(Port_2_5, mode);
 176              		.loc 1 76 0
 177 00e6 45F21503 		movw	r3, #20501
 178 00ea C4F20003 		movt	r3, 16384
 179 00ee 45F21502 		movw	r2, #20501
 180 00f2 C4F20002 		movt	r2, 16384
 181 00f6 1278     		ldrb	r2, [r2, #0]
 182 00f8 D2B2     		uxtb	r2, r2
 183 00fa D2B2     		uxtb	r2, r2
 184 00fc 22F00E02 		bic	r2, r2, #14
 185 0100 D1B2     		uxtb	r1, r2
 186 0102 FA79     		ldrb	r2, [r7, #7]	@ zero_extendqisi2
 187 0104 02F00E02 		and	r2, r2, #14
 188 0108 D2B2     		uxtb	r2, r2
 189 010a 0A43     		orrs	r2, r2, r1
 190 010c D2B2     		uxtb	r2, r2
 191 010e D2B2     		uxtb	r2, r2
 192 0110 1A70     		strb	r2, [r3, #0]
  77:.\Generated_Source\PSoC5/Port_2.c **** 	CyPins_SetPinDriveMode(Port_2_6, mode);
 193              		.loc 1 77 0
 194 0112 45F21603 		movw	r3, #20502
 195 0116 C4F20003 		movt	r3, 16384
 196 011a 45F21602 		movw	r2, #20502
 197 011e C4F20002 		movt	r2, 16384
 198 0122 1278     		ldrb	r2, [r2, #0]
 199 0124 D2B2     		uxtb	r2, r2
 200 0126 D2B2     		uxtb	r2, r2
 201 0128 22F00E02 		bic	r2, r2, #14
 202 012c D1B2     		uxtb	r1, r2
 203 012e FA79     		ldrb	r2, [r7, #7]	@ zero_extendqisi2
 204 0130 02F00E02 		and	r2, r2, #14
 205 0134 D2B2     		uxtb	r2, r2
 206 0136 0A43     		orrs	r2, r2, r1
 207 0138 D2B2     		uxtb	r2, r2
 208 013a D2B2     		uxtb	r2, r2
ARM GAS  C:\Users\Brian\AppData\Local\Temp\cczLBaxo.s 			page 6


 209 013c 1A70     		strb	r2, [r3, #0]
  78:.\Generated_Source\PSoC5/Port_2.c **** 	CyPins_SetPinDriveMode(Port_2_7, mode);
 210              		.loc 1 78 0
 211 013e 45F21703 		movw	r3, #20503
 212 0142 C4F20003 		movt	r3, 16384
 213 0146 45F21702 		movw	r2, #20503
 214 014a C4F20002 		movt	r2, 16384
 215 014e 1278     		ldrb	r2, [r2, #0]
 216 0150 D2B2     		uxtb	r2, r2
 217 0152 D2B2     		uxtb	r2, r2
 218 0154 22F00E02 		bic	r2, r2, #14
 219 0158 D1B2     		uxtb	r1, r2
 220 015a FA79     		ldrb	r2, [r7, #7]	@ zero_extendqisi2
 221 015c 02F00E02 		and	r2, r2, #14
 222 0160 D2B2     		uxtb	r2, r2
 223 0162 0A43     		orrs	r2, r2, r1
 224 0164 D2B2     		uxtb	r2, r2
 225 0166 D2B2     		uxtb	r2, r2
 226 0168 1A70     		strb	r2, [r3, #0]
  79:.\Generated_Source\PSoC5/Port_2.c **** }
 227              		.loc 1 79 0
 228 016a 07F10C07 		add	r7, r7, #12
 229 016e BD46     		mov	sp, r7
 230 0170 80BC     		pop	{r7}
 231 0172 7047     		bx	lr
 232              		.cfi_endproc
 233              	.LFE1:
 234              		.size	Port_2_SetDriveMode, .-Port_2_SetDriveMode
 235              		.section	.text.Port_2_Read,"ax",%progbits
 236              		.align	2
 237              		.global	Port_2_Read
 238              		.thumb
 239              		.thumb_func
 240              		.type	Port_2_Read, %function
 241              	Port_2_Read:
 242              	.LFB2:
  80:.\Generated_Source\PSoC5/Port_2.c **** 
  81:.\Generated_Source\PSoC5/Port_2.c **** 
  82:.\Generated_Source\PSoC5/Port_2.c **** /*******************************************************************************
  83:.\Generated_Source\PSoC5/Port_2.c **** * Function Name: Port_2_Read
  84:.\Generated_Source\PSoC5/Port_2.c **** ********************************************************************************
  85:.\Generated_Source\PSoC5/Port_2.c **** *
  86:.\Generated_Source\PSoC5/Port_2.c **** * Summary:
  87:.\Generated_Source\PSoC5/Port_2.c **** *  Read the current value on the pins of the Digital Port in right justified 
  88:.\Generated_Source\PSoC5/Port_2.c **** *  form.
  89:.\Generated_Source\PSoC5/Port_2.c **** *
  90:.\Generated_Source\PSoC5/Port_2.c **** * Parameters:  
  91:.\Generated_Source\PSoC5/Port_2.c **** *  None
  92:.\Generated_Source\PSoC5/Port_2.c **** *
  93:.\Generated_Source\PSoC5/Port_2.c **** * Return: 
  94:.\Generated_Source\PSoC5/Port_2.c **** *  Returns the current value of the Digital Port as a right justified number
  95:.\Generated_Source\PSoC5/Port_2.c **** *  
  96:.\Generated_Source\PSoC5/Port_2.c **** * Note:
  97:.\Generated_Source\PSoC5/Port_2.c **** *  Macro Port_2_ReadPS calls this function. 
  98:.\Generated_Source\PSoC5/Port_2.c **** *  
  99:.\Generated_Source\PSoC5/Port_2.c **** *******************************************************************************/
 100:.\Generated_Source\PSoC5/Port_2.c **** uint8 Port_2_Read(void) 
ARM GAS  C:\Users\Brian\AppData\Local\Temp\cczLBaxo.s 			page 7


 101:.\Generated_Source\PSoC5/Port_2.c **** {
 243              		.loc 1 101 0
 244              		.cfi_startproc
 245              		@ args = 0, pretend = 0, frame = 0
 246              		@ frame_needed = 1, uses_anonymous_args = 0
 247              		@ link register save eliminated.
 248 0000 80B4     		push	{r7}
 249              	.LCFI6:
 250              		.cfi_def_cfa_offset 4
 251              		.cfi_offset 7, -4
 252 0002 00AF     		add	r7, sp, #0
 253              	.LCFI7:
 254              		.cfi_def_cfa_register 7
 102:.\Generated_Source\PSoC5/Port_2.c ****     return (Port_2_PS & Port_2_MASK) >> Port_2_SHIFT;
 255              		.loc 1 102 0
 256 0004 45F22113 		movw	r3, #20769
 257 0008 C4F20003 		movt	r3, 16384
 258 000c 1B78     		ldrb	r3, [r3, #0]
 259 000e DBB2     		uxtb	r3, r3
 103:.\Generated_Source\PSoC5/Port_2.c **** }
 260              		.loc 1 103 0
 261 0010 1846     		mov	r0, r3
 262 0012 BD46     		mov	sp, r7
 263 0014 80BC     		pop	{r7}
 264 0016 7047     		bx	lr
 265              		.cfi_endproc
 266              	.LFE2:
 267              		.size	Port_2_Read, .-Port_2_Read
 268              		.section	.text.Port_2_ReadDataReg,"ax",%progbits
 269              		.align	2
 270              		.global	Port_2_ReadDataReg
 271              		.thumb
 272              		.thumb_func
 273              		.type	Port_2_ReadDataReg, %function
 274              	Port_2_ReadDataReg:
 275              	.LFB3:
 104:.\Generated_Source\PSoC5/Port_2.c **** 
 105:.\Generated_Source\PSoC5/Port_2.c **** 
 106:.\Generated_Source\PSoC5/Port_2.c **** /*******************************************************************************
 107:.\Generated_Source\PSoC5/Port_2.c **** * Function Name: Port_2_ReadDataReg
 108:.\Generated_Source\PSoC5/Port_2.c **** ********************************************************************************
 109:.\Generated_Source\PSoC5/Port_2.c **** *
 110:.\Generated_Source\PSoC5/Port_2.c **** * Summary:
 111:.\Generated_Source\PSoC5/Port_2.c **** *  Read the current value assigned to a Digital Port's data output register
 112:.\Generated_Source\PSoC5/Port_2.c **** *
 113:.\Generated_Source\PSoC5/Port_2.c **** * Parameters:  
 114:.\Generated_Source\PSoC5/Port_2.c **** *  None 
 115:.\Generated_Source\PSoC5/Port_2.c **** *
 116:.\Generated_Source\PSoC5/Port_2.c **** * Return: 
 117:.\Generated_Source\PSoC5/Port_2.c **** *  Returns the current value assigned to the Digital Port's data output register
 118:.\Generated_Source\PSoC5/Port_2.c **** *  
 119:.\Generated_Source\PSoC5/Port_2.c **** *******************************************************************************/
 120:.\Generated_Source\PSoC5/Port_2.c **** uint8 Port_2_ReadDataReg(void) 
 121:.\Generated_Source\PSoC5/Port_2.c **** {
 276              		.loc 1 121 0
 277              		.cfi_startproc
 278              		@ args = 0, pretend = 0, frame = 0
ARM GAS  C:\Users\Brian\AppData\Local\Temp\cczLBaxo.s 			page 8


 279              		@ frame_needed = 1, uses_anonymous_args = 0
 280              		@ link register save eliminated.
 281 0000 80B4     		push	{r7}
 282              	.LCFI8:
 283              		.cfi_def_cfa_offset 4
 284              		.cfi_offset 7, -4
 285 0002 00AF     		add	r7, sp, #0
 286              	.LCFI9:
 287              		.cfi_def_cfa_register 7
 122:.\Generated_Source\PSoC5/Port_2.c ****     return (Port_2_DR & Port_2_MASK) >> Port_2_SHIFT;
 288              		.loc 1 122 0
 289 0004 45F22013 		movw	r3, #20768
 290 0008 C4F20003 		movt	r3, 16384
 291 000c 1B78     		ldrb	r3, [r3, #0]
 292 000e DBB2     		uxtb	r3, r3
 123:.\Generated_Source\PSoC5/Port_2.c **** }
 293              		.loc 1 123 0
 294 0010 1846     		mov	r0, r3
 295 0012 BD46     		mov	sp, r7
 296 0014 80BC     		pop	{r7}
 297 0016 7047     		bx	lr
 298              		.cfi_endproc
 299              	.LFE3:
 300              		.size	Port_2_ReadDataReg, .-Port_2_ReadDataReg
 301              		.text
 302              	.Letext0:
 303              		.file 2 ".\\Generated_Source\\PSoC5\\cytypes.h"
 304              		.section	.debug_info,"",%progbits
 305              	.Ldebug_info0:
 306 0000 30010000 		.4byte	0x130
 307 0004 0200     		.2byte	0x2
 308 0006 00000000 		.4byte	.Ldebug_abbrev0
 309 000a 04       		.byte	0x4
 310 000b 01       		.uleb128 0x1
 311 000c 45010000 		.4byte	.LASF20
 312 0010 01       		.byte	0x1
 313 0011 23010000 		.4byte	.LASF21
 314 0015 11000000 		.4byte	.LASF22
 315 0019 00000000 		.4byte	.Ldebug_ranges0+0
 316 001d 00000000 		.4byte	0
 317 0021 00000000 		.4byte	0
 318 0025 00000000 		.4byte	.Ldebug_line0
 319 0029 02       		.uleb128 0x2
 320 002a 01       		.byte	0x1
 321 002b 06       		.byte	0x6
 322 002c A4010000 		.4byte	.LASF0
 323 0030 02       		.uleb128 0x2
 324 0031 01       		.byte	0x1
 325 0032 08       		.byte	0x8
 326 0033 77000000 		.4byte	.LASF1
 327 0037 02       		.uleb128 0x2
 328 0038 02       		.byte	0x2
 329 0039 05       		.byte	0x5
 330 003a 19010000 		.4byte	.LASF2
 331 003e 02       		.uleb128 0x2
 332 003f 02       		.byte	0x2
 333 0040 07       		.byte	0x7
ARM GAS  C:\Users\Brian\AppData\Local\Temp\cczLBaxo.s 			page 9


 334 0041 AF000000 		.4byte	.LASF3
 335 0045 02       		.uleb128 0x2
 336 0046 04       		.byte	0x4
 337 0047 05       		.byte	0x5
 338 0048 8E010000 		.4byte	.LASF4
 339 004c 02       		.uleb128 0x2
 340 004d 04       		.byte	0x4
 341 004e 07       		.byte	0x7
 342 004f 9D000000 		.4byte	.LASF5
 343 0053 02       		.uleb128 0x2
 344 0054 08       		.byte	0x8
 345 0055 05       		.byte	0x5
 346 0056 F2000000 		.4byte	.LASF6
 347 005a 02       		.uleb128 0x2
 348 005b 08       		.byte	0x8
 349 005c 07       		.byte	0x7
 350 005d D6000000 		.4byte	.LASF7
 351 0061 03       		.uleb128 0x3
 352 0062 04       		.byte	0x4
 353 0063 05       		.byte	0x5
 354 0064 696E7400 		.ascii	"int\000"
 355 0068 02       		.uleb128 0x2
 356 0069 04       		.byte	0x4
 357 006a 07       		.byte	0x7
 358 006b C9000000 		.4byte	.LASF8
 359 006f 04       		.uleb128 0x4
 360 0070 71000000 		.4byte	.LASF12
 361 0074 02       		.byte	0x2
 362 0075 5B       		.byte	0x5b
 363 0076 30000000 		.4byte	0x30
 364 007a 02       		.uleb128 0x2
 365 007b 04       		.byte	0x4
 366 007c 04       		.byte	0x4
 367 007d 6B000000 		.4byte	.LASF9
 368 0081 02       		.uleb128 0x2
 369 0082 08       		.byte	0x8
 370 0083 04       		.byte	0x4
 371 0084 C2000000 		.4byte	.LASF10
 372 0088 02       		.uleb128 0x2
 373 0089 01       		.byte	0x1
 374 008a 08       		.byte	0x8
 375 008b 00010000 		.4byte	.LASF11
 376 008f 04       		.uleb128 0x4
 377 0090 98000000 		.4byte	.LASF13
 378 0094 02       		.byte	0x2
 379 0095 F0       		.byte	0xf0
 380 0096 9A000000 		.4byte	0x9a
 381 009a 05       		.uleb128 0x5
 382 009b 6F000000 		.4byte	0x6f
 383 009f 06       		.uleb128 0x6
 384 00a0 01       		.byte	0x1
 385 00a1 97010000 		.4byte	.LASF14
 386 00a5 01       		.byte	0x1
 387 00a6 27       		.byte	0x27
 388 00a7 01       		.byte	0x1
 389 00a8 00000000 		.4byte	.LFB0
 390 00ac 36000000 		.4byte	.LFE0
ARM GAS  C:\Users\Brian\AppData\Local\Temp\cczLBaxo.s 			page 10


 391 00b0 00000000 		.4byte	.LLST0
 392 00b4 01       		.byte	0x1
 393 00b5 D6000000 		.4byte	0xd6
 394 00b9 07       		.uleb128 0x7
 395 00ba 00000000 		.4byte	.LASF16
 396 00be 01       		.byte	0x1
 397 00bf 27       		.byte	0x27
 398 00c0 6F000000 		.4byte	0x6f
 399 00c4 02       		.byte	0x2
 400 00c5 91       		.byte	0x91
 401 00c6 6F       		.sleb128 -17
 402 00c7 08       		.uleb128 0x8
 403 00c8 06000000 		.4byte	.LASF23
 404 00cc 01       		.byte	0x1
 405 00cd 29       		.byte	0x29
 406 00ce 6F000000 		.4byte	0x6f
 407 00d2 02       		.byte	0x2
 408 00d3 91       		.byte	0x91
 409 00d4 77       		.sleb128 -9
 410 00d5 00       		.byte	0
 411 00d6 06       		.uleb128 0x6
 412 00d7 01       		.byte	0x1
 413 00d8 05010000 		.4byte	.LASF15
 414 00dc 01       		.byte	0x1
 415 00dd 45       		.byte	0x45
 416 00de 01       		.byte	0x1
 417 00df 00000000 		.4byte	.LFB1
 418 00e3 74010000 		.4byte	.LFE1
 419 00e7 38000000 		.4byte	.LLST1
 420 00eb 01       		.byte	0x1
 421 00ec FF000000 		.4byte	0xff
 422 00f0 07       		.uleb128 0x7
 423 00f1 ED000000 		.4byte	.LASF17
 424 00f5 01       		.byte	0x1
 425 00f6 45       		.byte	0x45
 426 00f7 6F000000 		.4byte	0x6f
 427 00fb 02       		.byte	0x2
 428 00fc 91       		.byte	0x91
 429 00fd 77       		.sleb128 -9
 430 00fe 00       		.byte	0
 431 00ff 09       		.uleb128 0x9
 432 0100 01       		.byte	0x1
 433 0101 5F000000 		.4byte	.LASF18
 434 0105 01       		.byte	0x1
 435 0106 64       		.byte	0x64
 436 0107 01       		.byte	0x1
 437 0108 6F000000 		.4byte	0x6f
 438 010c 00000000 		.4byte	.LFB2
 439 0110 18000000 		.4byte	.LFE2
 440 0114 70000000 		.4byte	.LLST2
 441 0118 01       		.byte	0x1
 442 0119 09       		.uleb128 0x9
 443 011a 01       		.byte	0x1
 444 011b 85000000 		.4byte	.LASF19
 445 011f 01       		.byte	0x1
 446 0120 78       		.byte	0x78
 447 0121 01       		.byte	0x1
ARM GAS  C:\Users\Brian\AppData\Local\Temp\cczLBaxo.s 			page 11


 448 0122 6F000000 		.4byte	0x6f
 449 0126 00000000 		.4byte	.LFB3
 450 012a 18000000 		.4byte	.LFE3
 451 012e 9C000000 		.4byte	.LLST3
 452 0132 01       		.byte	0x1
 453 0133 00       		.byte	0
 454              		.section	.debug_abbrev,"",%progbits
 455              	.Ldebug_abbrev0:
 456 0000 01       		.uleb128 0x1
 457 0001 11       		.uleb128 0x11
 458 0002 01       		.byte	0x1
 459 0003 25       		.uleb128 0x25
 460 0004 0E       		.uleb128 0xe
 461 0005 13       		.uleb128 0x13
 462 0006 0B       		.uleb128 0xb
 463 0007 03       		.uleb128 0x3
 464 0008 0E       		.uleb128 0xe
 465 0009 1B       		.uleb128 0x1b
 466 000a 0E       		.uleb128 0xe
 467 000b 55       		.uleb128 0x55
 468 000c 06       		.uleb128 0x6
 469 000d 11       		.uleb128 0x11
 470 000e 01       		.uleb128 0x1
 471 000f 52       		.uleb128 0x52
 472 0010 01       		.uleb128 0x1
 473 0011 10       		.uleb128 0x10
 474 0012 06       		.uleb128 0x6
 475 0013 00       		.byte	0
 476 0014 00       		.byte	0
 477 0015 02       		.uleb128 0x2
 478 0016 24       		.uleb128 0x24
 479 0017 00       		.byte	0
 480 0018 0B       		.uleb128 0xb
 481 0019 0B       		.uleb128 0xb
 482 001a 3E       		.uleb128 0x3e
 483 001b 0B       		.uleb128 0xb
 484 001c 03       		.uleb128 0x3
 485 001d 0E       		.uleb128 0xe
 486 001e 00       		.byte	0
 487 001f 00       		.byte	0
 488 0020 03       		.uleb128 0x3
 489 0021 24       		.uleb128 0x24
 490 0022 00       		.byte	0
 491 0023 0B       		.uleb128 0xb
 492 0024 0B       		.uleb128 0xb
 493 0025 3E       		.uleb128 0x3e
 494 0026 0B       		.uleb128 0xb
 495 0027 03       		.uleb128 0x3
 496 0028 08       		.uleb128 0x8
 497 0029 00       		.byte	0
 498 002a 00       		.byte	0
 499 002b 04       		.uleb128 0x4
 500 002c 16       		.uleb128 0x16
 501 002d 00       		.byte	0
 502 002e 03       		.uleb128 0x3
 503 002f 0E       		.uleb128 0xe
 504 0030 3A       		.uleb128 0x3a
ARM GAS  C:\Users\Brian\AppData\Local\Temp\cczLBaxo.s 			page 12


 505 0031 0B       		.uleb128 0xb
 506 0032 3B       		.uleb128 0x3b
 507 0033 0B       		.uleb128 0xb
 508 0034 49       		.uleb128 0x49
 509 0035 13       		.uleb128 0x13
 510 0036 00       		.byte	0
 511 0037 00       		.byte	0
 512 0038 05       		.uleb128 0x5
 513 0039 35       		.uleb128 0x35
 514 003a 00       		.byte	0
 515 003b 49       		.uleb128 0x49
 516 003c 13       		.uleb128 0x13
 517 003d 00       		.byte	0
 518 003e 00       		.byte	0
 519 003f 06       		.uleb128 0x6
 520 0040 2E       		.uleb128 0x2e
 521 0041 01       		.byte	0x1
 522 0042 3F       		.uleb128 0x3f
 523 0043 0C       		.uleb128 0xc
 524 0044 03       		.uleb128 0x3
 525 0045 0E       		.uleb128 0xe
 526 0046 3A       		.uleb128 0x3a
 527 0047 0B       		.uleb128 0xb
 528 0048 3B       		.uleb128 0x3b
 529 0049 0B       		.uleb128 0xb
 530 004a 27       		.uleb128 0x27
 531 004b 0C       		.uleb128 0xc
 532 004c 11       		.uleb128 0x11
 533 004d 01       		.uleb128 0x1
 534 004e 12       		.uleb128 0x12
 535 004f 01       		.uleb128 0x1
 536 0050 40       		.uleb128 0x40
 537 0051 06       		.uleb128 0x6
 538 0052 9742     		.uleb128 0x2117
 539 0054 0C       		.uleb128 0xc
 540 0055 01       		.uleb128 0x1
 541 0056 13       		.uleb128 0x13
 542 0057 00       		.byte	0
 543 0058 00       		.byte	0
 544 0059 07       		.uleb128 0x7
 545 005a 05       		.uleb128 0x5
 546 005b 00       		.byte	0
 547 005c 03       		.uleb128 0x3
 548 005d 0E       		.uleb128 0xe
 549 005e 3A       		.uleb128 0x3a
 550 005f 0B       		.uleb128 0xb
 551 0060 3B       		.uleb128 0x3b
 552 0061 0B       		.uleb128 0xb
 553 0062 49       		.uleb128 0x49
 554 0063 13       		.uleb128 0x13
 555 0064 02       		.uleb128 0x2
 556 0065 0A       		.uleb128 0xa
 557 0066 00       		.byte	0
 558 0067 00       		.byte	0
 559 0068 08       		.uleb128 0x8
 560 0069 34       		.uleb128 0x34
 561 006a 00       		.byte	0
ARM GAS  C:\Users\Brian\AppData\Local\Temp\cczLBaxo.s 			page 13


 562 006b 03       		.uleb128 0x3
 563 006c 0E       		.uleb128 0xe
 564 006d 3A       		.uleb128 0x3a
 565 006e 0B       		.uleb128 0xb
 566 006f 3B       		.uleb128 0x3b
 567 0070 0B       		.uleb128 0xb
 568 0071 49       		.uleb128 0x49
 569 0072 13       		.uleb128 0x13
 570 0073 02       		.uleb128 0x2
 571 0074 0A       		.uleb128 0xa
 572 0075 00       		.byte	0
 573 0076 00       		.byte	0
 574 0077 09       		.uleb128 0x9
 575 0078 2E       		.uleb128 0x2e
 576 0079 00       		.byte	0
 577 007a 3F       		.uleb128 0x3f
 578 007b 0C       		.uleb128 0xc
 579 007c 03       		.uleb128 0x3
 580 007d 0E       		.uleb128 0xe
 581 007e 3A       		.uleb128 0x3a
 582 007f 0B       		.uleb128 0xb
 583 0080 3B       		.uleb128 0x3b
 584 0081 0B       		.uleb128 0xb
 585 0082 27       		.uleb128 0x27
 586 0083 0C       		.uleb128 0xc
 587 0084 49       		.uleb128 0x49
 588 0085 13       		.uleb128 0x13
 589 0086 11       		.uleb128 0x11
 590 0087 01       		.uleb128 0x1
 591 0088 12       		.uleb128 0x12
 592 0089 01       		.uleb128 0x1
 593 008a 40       		.uleb128 0x40
 594 008b 06       		.uleb128 0x6
 595 008c 9742     		.uleb128 0x2117
 596 008e 0C       		.uleb128 0xc
 597 008f 00       		.byte	0
 598 0090 00       		.byte	0
 599 0091 00       		.byte	0
 600              		.section	.debug_loc,"",%progbits
 601              	.Ldebug_loc0:
 602              	.LLST0:
 603 0000 00000000 		.4byte	.LFB0
 604 0004 02000000 		.4byte	.LCFI0
 605 0008 0200     		.2byte	0x2
 606 000a 7D       		.byte	0x7d
 607 000b 00       		.sleb128 0
 608 000c 02000000 		.4byte	.LCFI0
 609 0010 04000000 		.4byte	.LCFI1
 610 0014 0200     		.2byte	0x2
 611 0016 7D       		.byte	0x7d
 612 0017 04       		.sleb128 4
 613 0018 04000000 		.4byte	.LCFI1
 614 001c 06000000 		.4byte	.LCFI2
 615 0020 0200     		.2byte	0x2
 616 0022 7D       		.byte	0x7d
 617 0023 18       		.sleb128 24
 618 0024 06000000 		.4byte	.LCFI2
ARM GAS  C:\Users\Brian\AppData\Local\Temp\cczLBaxo.s 			page 14


 619 0028 36000000 		.4byte	.LFE0
 620 002c 0200     		.2byte	0x2
 621 002e 77       		.byte	0x77
 622 002f 18       		.sleb128 24
 623 0030 00000000 		.4byte	0
 624 0034 00000000 		.4byte	0
 625              	.LLST1:
 626 0038 00000000 		.4byte	.LFB1
 627 003c 02000000 		.4byte	.LCFI3
 628 0040 0200     		.2byte	0x2
 629 0042 7D       		.byte	0x7d
 630 0043 00       		.sleb128 0
 631 0044 02000000 		.4byte	.LCFI3
 632 0048 04000000 		.4byte	.LCFI4
 633 004c 0200     		.2byte	0x2
 634 004e 7D       		.byte	0x7d
 635 004f 04       		.sleb128 4
 636 0050 04000000 		.4byte	.LCFI4
 637 0054 06000000 		.4byte	.LCFI5
 638 0058 0200     		.2byte	0x2
 639 005a 7D       		.byte	0x7d
 640 005b 10       		.sleb128 16
 641 005c 06000000 		.4byte	.LCFI5
 642 0060 74010000 		.4byte	.LFE1
 643 0064 0200     		.2byte	0x2
 644 0066 77       		.byte	0x77
 645 0067 10       		.sleb128 16
 646 0068 00000000 		.4byte	0
 647 006c 00000000 		.4byte	0
 648              	.LLST2:
 649 0070 00000000 		.4byte	.LFB2
 650 0074 02000000 		.4byte	.LCFI6
 651 0078 0200     		.2byte	0x2
 652 007a 7D       		.byte	0x7d
 653 007b 00       		.sleb128 0
 654 007c 02000000 		.4byte	.LCFI6
 655 0080 04000000 		.4byte	.LCFI7
 656 0084 0200     		.2byte	0x2
 657 0086 7D       		.byte	0x7d
 658 0087 04       		.sleb128 4
 659 0088 04000000 		.4byte	.LCFI7
 660 008c 18000000 		.4byte	.LFE2
 661 0090 0200     		.2byte	0x2
 662 0092 77       		.byte	0x77
 663 0093 04       		.sleb128 4
 664 0094 00000000 		.4byte	0
 665 0098 00000000 		.4byte	0
 666              	.LLST3:
 667 009c 00000000 		.4byte	.LFB3
 668 00a0 02000000 		.4byte	.LCFI8
 669 00a4 0200     		.2byte	0x2
 670 00a6 7D       		.byte	0x7d
 671 00a7 00       		.sleb128 0
 672 00a8 02000000 		.4byte	.LCFI8
 673 00ac 04000000 		.4byte	.LCFI9
 674 00b0 0200     		.2byte	0x2
 675 00b2 7D       		.byte	0x7d
ARM GAS  C:\Users\Brian\AppData\Local\Temp\cczLBaxo.s 			page 15


 676 00b3 04       		.sleb128 4
 677 00b4 04000000 		.4byte	.LCFI9
 678 00b8 18000000 		.4byte	.LFE3
 679 00bc 0200     		.2byte	0x2
 680 00be 77       		.byte	0x77
 681 00bf 04       		.sleb128 4
 682 00c0 00000000 		.4byte	0
 683 00c4 00000000 		.4byte	0
 684              		.section	.debug_aranges,"",%progbits
 685 0000 34000000 		.4byte	0x34
 686 0004 0200     		.2byte	0x2
 687 0006 00000000 		.4byte	.Ldebug_info0
 688 000a 04       		.byte	0x4
 689 000b 00       		.byte	0
 690 000c 0000     		.2byte	0
 691 000e 0000     		.2byte	0
 692 0010 00000000 		.4byte	.LFB0
 693 0014 36000000 		.4byte	.LFE0-.LFB0
 694 0018 00000000 		.4byte	.LFB1
 695 001c 74010000 		.4byte	.LFE1-.LFB1
 696 0020 00000000 		.4byte	.LFB2
 697 0024 18000000 		.4byte	.LFE2-.LFB2
 698 0028 00000000 		.4byte	.LFB3
 699 002c 18000000 		.4byte	.LFE3-.LFB3
 700 0030 00000000 		.4byte	0
 701 0034 00000000 		.4byte	0
 702              		.section	.debug_ranges,"",%progbits
 703              	.Ldebug_ranges0:
 704 0000 00000000 		.4byte	.LFB0
 705 0004 36000000 		.4byte	.LFE0
 706 0008 00000000 		.4byte	.LFB1
 707 000c 74010000 		.4byte	.LFE1
 708 0010 00000000 		.4byte	.LFB2
 709 0014 18000000 		.4byte	.LFE2
 710 0018 00000000 		.4byte	.LFB3
 711 001c 18000000 		.4byte	.LFE3
 712 0020 00000000 		.4byte	0
 713 0024 00000000 		.4byte	0
 714              		.section	.debug_line,"",%progbits
 715              	.Ldebug_line0:
 716 0000 A2000000 		.section	.debug_str,"MS",%progbits,1
 716      02004500 
 716      00000201 
 716      FB0E0D00 
 716      01010101 
 717              	.LASF16:
 718 0000 76616C75 		.ascii	"value\000"
 718      6500
 719              	.LASF23:
 720 0006 73746174 		.ascii	"staticBits\000"
 720      69634269 
 720      747300
 721              	.LASF22:
 722 0011 433A5C55 		.ascii	"C:\\Users\\Brian\\Dropbox\\RPiSoC\\Projects\\PSoC_2"
 722      73657273 
 722      5C427269 
 722      616E5C44 
ARM GAS  C:\Users\Brian\AppData\Local\Temp\cczLBaxo.s 			page 16


 722      726F7062 
 723 003e 5F50695C 		.ascii	"_Pi\\PSoC Creator\\PSoC_2_Pi.cydsn\000"
 723      50536F43 
 723      20437265 
 723      61746F72 
 723      5C50536F 
 724              	.LASF18:
 725 005f 506F7274 		.ascii	"Port_2_Read\000"
 725      5F325F52 
 725      65616400 
 726              	.LASF9:
 727 006b 666C6F61 		.ascii	"float\000"
 727      7400
 728              	.LASF12:
 729 0071 75696E74 		.ascii	"uint8\000"
 729      3800
 730              	.LASF1:
 731 0077 756E7369 		.ascii	"unsigned char\000"
 731      676E6564 
 731      20636861 
 731      7200
 732              	.LASF19:
 733 0085 506F7274 		.ascii	"Port_2_ReadDataReg\000"
 733      5F325F52 
 733      65616444 
 733      61746152 
 733      656700
 734              	.LASF13:
 735 0098 72656738 		.ascii	"reg8\000"
 735      00
 736              	.LASF5:
 737 009d 6C6F6E67 		.ascii	"long unsigned int\000"
 737      20756E73 
 737      69676E65 
 737      6420696E 
 737      7400
 738              	.LASF3:
 739 00af 73686F72 		.ascii	"short unsigned int\000"
 739      7420756E 
 739      7369676E 
 739      65642069 
 739      6E7400
 740              	.LASF10:
 741 00c2 646F7562 		.ascii	"double\000"
 741      6C6500
 742              	.LASF8:
 743 00c9 756E7369 		.ascii	"unsigned int\000"
 743      676E6564 
 743      20696E74 
 743      00
 744              	.LASF7:
 745 00d6 6C6F6E67 		.ascii	"long long unsigned int\000"
 745      206C6F6E 
 745      6720756E 
 745      7369676E 
 745      65642069 
 746              	.LASF17:
ARM GAS  C:\Users\Brian\AppData\Local\Temp\cczLBaxo.s 			page 17


 747 00ed 6D6F6465 		.ascii	"mode\000"
 747      00
 748              	.LASF6:
 749 00f2 6C6F6E67 		.ascii	"long long int\000"
 749      206C6F6E 
 749      6720696E 
 749      7400
 750              	.LASF11:
 751 0100 63686172 		.ascii	"char\000"
 751      00
 752              	.LASF15:
 753 0105 506F7274 		.ascii	"Port_2_SetDriveMode\000"
 753      5F325F53 
 753      65744472 
 753      6976654D 
 753      6F646500 
 754              	.LASF2:
 755 0119 73686F72 		.ascii	"short int\000"
 755      7420696E 
 755      7400
 756              	.LASF21:
 757 0123 2E5C4765 		.ascii	".\\Generated_Source\\PSoC5\\Port_2.c\000"
 757      6E657261 
 757      7465645F 
 757      536F7572 
 757      63655C50 
 758              	.LASF20:
 759 0145 474E5520 		.ascii	"GNU C 4.7.3 20130312 (release) [ARM/embedded-4_7-br"
 759      4320342E 
 759      372E3320 
 759      32303133 
 759      30333132 
 760 0178 616E6368 		.ascii	"anch revision 196615]\000"
 760      20726576 
 760      6973696F 
 760      6E203139 
 760      36363135 
 761              	.LASF4:
 762 018e 6C6F6E67 		.ascii	"long int\000"
 762      20696E74 
 762      00
 763              	.LASF14:
 764 0197 506F7274 		.ascii	"Port_2_Write\000"
 764      5F325F57 
 764      72697465 
 764      00
 765              	.LASF0:
 766 01a4 7369676E 		.ascii	"signed char\000"
 766      65642063 
 766      68617200 
 767              		.ident	"GCC: (GNU Tools for ARM Embedded Processors) 4.7.3 20130312 (release) [ARM/embedded-4_7-br
