--------------- Clean Started: 09/14/2014 22:50:07 Project: PSoC_2_Pi, Configuration: ARM GCC 4.7.3 Debug ---------------
Deleting file ".\CortexM3\ARM_GCC_473\Debug\main.o"
Deleting file ".\CortexM3\ARM_GCC_473\Debug\mem1.o"
Deleting file ".\CortexM3\ARM_GCC_473\Debug\cyfitter_cfg.o"
Deleting file ".\CortexM3\ARM_GCC_473\Debug\cymetadata.o"
Deleting file ".\CortexM3\ARM_GCC_473\Debug\SPIS_1.o"
Deleting file ".\CortexM3\ARM_GCC_473\Debug\SPIS_1_PM.o"
Deleting file ".\CortexM3\ARM_GCC_473\Debug\SPIS_1_INT.o"
Deleting file ".\CortexM3\ARM_GCC_473\Debug\SPIS_1_BOOT.o"
Deleting file ".\CortexM3\ARM_GCC_473\Debug\mosi.o"
Deleting file ".\CortexM3\ARM_GCC_473\Debug\sclk.o"
Deleting file ".\CortexM3\ARM_GCC_473\Debug\miso.o"
Deleting file ".\CortexM3\ARM_GCC_473\Debug\SPIS_1_IntClock.o"
Deleting file ".\CortexM3\ARM_GCC_473\Debug\Cm3Start.o"
Deleting file ".\CortexM3\ARM_GCC_473\Debug\CyBootAsmGnu.o"
Deleting file ".\CortexM3\ARM_GCC_473\Debug\CyDmac.o"
Deleting file ".\CortexM3\ARM_GCC_473\Debug\CyFlash.o"
Deleting file ".\CortexM3\ARM_GCC_473\Debug\CyLib.o"
Deleting file ".\CortexM3\ARM_GCC_473\Debug\cyPm.o"
Deleting file ".\CortexM3\ARM_GCC_473\Debug\CySpc.o"
Deleting file ".\CortexM3\ARM_GCC_473\Debug\cyutils.o"
Deleting file ".\CortexM3\ARM_GCC_473\Debug\cybootloader.o"
Deleting file ".\CortexM3\ARM_GCC_473\Debug\Bootloadable_1.o"
Deleting file ".\CortexM3\ARM_GCC_473\Debug\PWM_1.o"
Deleting file ".\CortexM3\ARM_GCC_473\Debug\PWM_1_PM.o"
Deleting file ".\CortexM3\ARM_GCC_473\Debug\ADC_SAR_1.o"
Deleting file ".\CortexM3\ARM_GCC_473\Debug\ADC_SAR_1_INT.o"
Deleting file ".\CortexM3\ARM_GCC_473\Debug\ADC_SAR_1_PM.o"
Deleting file ".\CortexM3\ARM_GCC_473\Debug\ADC_SAR_2.o"
Deleting file ".\CortexM3\ARM_GCC_473\Debug\ADC_SAR_2_INT.o"
Deleting file ".\CortexM3\ARM_GCC_473\Debug\ADC_SAR_2_PM.o"
Deleting file ".\CortexM3\ARM_GCC_473\Debug\ADC_SAR_1_IRQ.o"
Deleting file ".\CortexM3\ARM_GCC_473\Debug\ADC_SAR_1_theACLK.o"
Deleting file ".\CortexM3\ARM_GCC_473\Debug\ADC_SAR_1_Bypass.o"
Deleting file ".\CortexM3\ARM_GCC_473\Debug\ADC_SAR_2_IRQ.o"
Deleting file ".\CortexM3\ARM_GCC_473\Debug\ADC_SAR_2_theACLK.o"
Deleting file ".\CortexM3\ARM_GCC_473\Debug\ADC_SAR_2_Bypass.o"
Deleting file ".\CortexM3\ARM_GCC_473\Debug\VDAC8_1.o"
Deleting file ".\CortexM3\ARM_GCC_473\Debug\VDAC8_1_PM.o"
Deleting file ".\CortexM3\ARM_GCC_473\Debug\VDAC8_2.o"
Deleting file ".\CortexM3\ARM_GCC_473\Debug\VDAC8_2_PM.o"
Deleting file ".\CortexM3\ARM_GCC_473\Debug\IDAC8_1.o"
Deleting file ".\CortexM3\ARM_GCC_473\Debug\IDAC8_1_PM.o"
Deleting file ".\CortexM3\ARM_GCC_473\Debug\WaveDAC_clk.o"
Deleting file ".\CortexM3\ARM_GCC_473\Debug\WaveDAC8_1.o"
Deleting file ".\CortexM3\ARM_GCC_473\Debug\WaveDAC8_1_PM.o"
Deleting file ".\CortexM3\ARM_GCC_473\Debug\WaveDAC8_1_Wave1_DMA_dma.o"
Deleting file ".\CortexM3\ARM_GCC_473\Debug\WaveDAC8_1_Wave2_DMA_dma.o"
Deleting file ".\CortexM3\ARM_GCC_473\Debug\WaveDAC8_1_VDAC8.o"
Deleting file ".\CortexM3\ARM_GCC_473\Debug\WaveDAC8_1_VDAC8_PM.o"
Deleting file ".\CortexM3\ARM_GCC_473\Debug\PWM_out_1.o"
Deleting file ".\CortexM3\ARM_GCC_473\Debug\WaveDAC_out.o"
Deleting file ".\CortexM3\ARM_GCC_473\Debug\ADC_DelSig_1.o"
Deleting file ".\CortexM3\ARM_GCC_473\Debug\ADC_DelSig_1_PM.o"
Deleting file ".\CortexM3\ARM_GCC_473\Debug\ADC_DelSig_1_INT.o"
Deleting file ".\CortexM3\ARM_GCC_473\Debug\PWM_2.o"
Deleting file ".\CortexM3\ARM_GCC_473\Debug\PWM_2_PM.o"
Deleting file ".\CortexM3\ARM_GCC_473\Debug\PWM_3.o"
Deleting file ".\CortexM3\ARM_GCC_473\Debug\PWM_3_PM.o"
Deleting file ".\CortexM3\ARM_GCC_473\Debug\PWM_4.o"
Deleting file ".\CortexM3\ARM_GCC_473\Debug\PWM_4_PM.o"
Deleting file ".\CortexM3\ARM_GCC_473\Debug\PWM_5.o"
Deleting file ".\CortexM3\ARM_GCC_473\Debug\PWM_5_PM.o"
Deleting file ".\CortexM3\ARM_GCC_473\Debug\PWM_6.o"
Deleting file ".\CortexM3\ARM_GCC_473\Debug\PWM_6_PM.o"
Deleting file ".\CortexM3\ARM_GCC_473\Debug\PWM_7.o"
Deleting file ".\CortexM3\ARM_GCC_473\Debug\PWM_7_PM.o"
Deleting file ".\CortexM3\ARM_GCC_473\Debug\PWM_8.o"
Deleting file ".\CortexM3\ARM_GCC_473\Debug\PWM_8_PM.o"
Deleting file ".\CortexM3\ARM_GCC_473\Debug\PWM_out_3.o"
Deleting file ".\CortexM3\ARM_GCC_473\Debug\PWM_out_2.o"
Deleting file ".\CortexM3\ARM_GCC_473\Debug\PWM_out_4.o"
Deleting file ".\CortexM3\ARM_GCC_473\Debug\PWM_out_5.o"
Deleting file ".\CortexM3\ARM_GCC_473\Debug\PWM_out_6.o"
Deleting file ".\CortexM3\ARM_GCC_473\Debug\PWM_out_7.o"
Deleting file ".\CortexM3\ARM_GCC_473\Debug\PWM_out_8.o"
Deleting file ".\CortexM3\ARM_GCC_473\Debug\DELSIG_in.o"
Deleting file ".\CortexM3\ARM_GCC_473\Debug\SAR_in_1.o"
Deleting file ".\CortexM3\ARM_GCC_473\Debug\SAR_in_2.o"
Deleting file ".\CortexM3\ARM_GCC_473\Debug\IDAC_out_1.o"
Deleting file ".\CortexM3\ARM_GCC_473\Debug\VDAC_out_1.o"
Deleting file ".\CortexM3\ARM_GCC_473\Debug\VDAC_out_2.o"
Deleting file ".\CortexM3\ARM_GCC_473\Debug\ADC_DelSig_1_AMux.o"
Deleting file ".\CortexM3\ARM_GCC_473\Debug\ADC_DelSig_1_Ext_CP_Clk.o"
Deleting file ".\CortexM3\ARM_GCC_473\Debug\ADC_DelSig_1_IRQ.o"
Deleting file ".\CortexM3\ARM_GCC_473\Debug\ADC_DelSig_1_theACLK.o"
Deleting file ".\CortexM3\ARM_GCC_473\Debug\WaveDAC8_1_BuffAmp.o"
Deleting file ".\CortexM3\ARM_GCC_473\Debug\WaveDAC8_1_BuffAmp_PM.o"
Deleting file ".\CortexM3\ARM_GCC_473\Debug\PWM_1_2_clk.o"
Deleting file ".\CortexM3\ARM_GCC_473\Debug\PWM_3_4_clk.o"
Deleting file ".\CortexM3\ARM_GCC_473\Debug\PWM_5_6_clk.o"
Deleting file ".\CortexM3\ARM_GCC_473\Debug\PWM_7_8_clk.o"
Deleting file ".\CortexM3\ARM_GCC_473\Debug\I2C_1.o"
Deleting file ".\CortexM3\ARM_GCC_473\Debug\I2C_1_BOOT.o"
Deleting file ".\CortexM3\ARM_GCC_473\Debug\I2C_1_INT.o"
Deleting file ".\CortexM3\ARM_GCC_473\Debug\I2C_1_PM.o"
Deleting file ".\CortexM3\ARM_GCC_473\Debug\I2C_1_SLAVE.o"
Deleting file ".\CortexM3\ARM_GCC_473\Debug\I2C_1_MASTER.o"
Deleting file ".\CortexM3\ARM_GCC_473\Debug\SCL_1.o"
Deleting file ".\CortexM3\ARM_GCC_473\Debug\SDA_1.o"
Deleting file ".\CortexM3\ARM_GCC_473\Debug\Port_12.o"
Deleting file ".\CortexM3\ARM_GCC_473\Debug\Port_5.o"
Deleting file ".\CortexM3\ARM_GCC_473\Debug\Port_6.o"
Deleting file ".\CortexM3\ARM_GCC_473\Debug\Port_4.o"
Deleting file ".\CortexM3\ARM_GCC_473\Debug\Port_2.o"
Deleting file ".\CortexM3\ARM_GCC_473\Debug\PSoC_2_Pi.hex"
Deleting file ".\CortexM3\ARM_GCC_473\Debug\PSoC_2_Pi.elf"
Deleting file ".\CortexM3\ARM_GCC_473\Debug\PSoC_2_Pi.map"
Deleting file ".\CortexM3\ARM_GCC_473\Debug\PSoC_2_Pi.cyacd"
Deleting file ".\PSoC_2_Pi.cycdx"
Deleting file ".\PSoC_2_Pi.svd"
Deleting file ".\PSoC_2_Pi.rpt"
Deleting file ".\PSoC_2_Pi_timing.html"
Deleting file ".\CortexM3\ARM_GCC_473\Debug\.deps\C_FILE.P"
Deleting file ".\CortexM3\ARM_GCC_473\Debug\.deps\ARM_C_FILE.P"
Deleting file ".\CortexM3\ARM_GCC_473\Debug\.deps\GNU_ARM_ASM_FILE.P"
--------------- Clean Succeeded: 09/14/2014 22:50:13 ---------------
