ARM GAS  C:\Users\Brian\AppData\Local\Temp\ccXKxAlv.s 			page 1


   1              		.syntax unified
   2              		.cpu cortex-m3
   3              		.fpu softvfp
   4              		.eabi_attribute 20, 1
   5              		.eabi_attribute 21, 1
   6              		.eabi_attribute 23, 3
   7              		.eabi_attribute 24, 1
   8              		.eabi_attribute 25, 1
   9              		.eabi_attribute 26, 1
  10              		.eabi_attribute 30, 6
  11              		.eabi_attribute 34, 1
  12              		.eabi_attribute 18, 4
  13              		.thumb
  14              		.file	"VDAC8_2.c"
  15              		.text
  16              	.Ltext0:
  17              		.cfi_sections	.debug_frame
  18              		.global	VDAC8_2_initVar
  19              		.bss
  20              		.type	VDAC8_2_initVar, %object
  21              		.size	VDAC8_2_initVar, 1
  22              	VDAC8_2_initVar:
  23 0000 00       		.space	1
  24              		.section	.text.VDAC8_2_Init,"ax",%progbits
  25              		.align	2
  26              		.global	VDAC8_2_Init
  27              		.thumb
  28              		.thumb_func
  29              		.type	VDAC8_2_Init, %function
  30              	VDAC8_2_Init:
  31              	.LFB0:
  32              		.file 1 ".\\Generated_Source\\PSoC5\\VDAC8_2.c"
   1:.\Generated_Source\PSoC5/VDAC8_2.c **** /*******************************************************************************
   2:.\Generated_Source\PSoC5/VDAC8_2.c **** * File Name: VDAC8_2.c  
   3:.\Generated_Source\PSoC5/VDAC8_2.c **** * Version 1.90
   4:.\Generated_Source\PSoC5/VDAC8_2.c **** *
   5:.\Generated_Source\PSoC5/VDAC8_2.c **** * Description:
   6:.\Generated_Source\PSoC5/VDAC8_2.c **** *  This file provides the source code to the API for the 8-bit Voltage DAC 
   7:.\Generated_Source\PSoC5/VDAC8_2.c **** *  (VDAC8) User Module.
   8:.\Generated_Source\PSoC5/VDAC8_2.c **** *
   9:.\Generated_Source\PSoC5/VDAC8_2.c **** * Note:
  10:.\Generated_Source\PSoC5/VDAC8_2.c **** *  Any unusual or non-standard behavior should be noted here. Other-
  11:.\Generated_Source\PSoC5/VDAC8_2.c **** *  wise, this section should remain blank.
  12:.\Generated_Source\PSoC5/VDAC8_2.c **** *
  13:.\Generated_Source\PSoC5/VDAC8_2.c **** ********************************************************************************
  14:.\Generated_Source\PSoC5/VDAC8_2.c **** * Copyright 2008-2012, Cypress Semiconductor Corporation.  All rights reserved.
  15:.\Generated_Source\PSoC5/VDAC8_2.c **** * You may use this file only in accordance with the license, terms, conditions, 
  16:.\Generated_Source\PSoC5/VDAC8_2.c **** * disclaimers, and limitations in the end user license agreement accompanying 
  17:.\Generated_Source\PSoC5/VDAC8_2.c **** * the software package with which this file was provided.
  18:.\Generated_Source\PSoC5/VDAC8_2.c **** *******************************************************************************/
  19:.\Generated_Source\PSoC5/VDAC8_2.c **** 
  20:.\Generated_Source\PSoC5/VDAC8_2.c **** #include "cytypes.h"
  21:.\Generated_Source\PSoC5/VDAC8_2.c **** #include "VDAC8_2.h"
  22:.\Generated_Source\PSoC5/VDAC8_2.c **** 
  23:.\Generated_Source\PSoC5/VDAC8_2.c **** #if (CY_PSOC5A)
  24:.\Generated_Source\PSoC5/VDAC8_2.c **** #include <CyLib.h>
  25:.\Generated_Source\PSoC5/VDAC8_2.c **** #endif /* CY_PSOC5A */
ARM GAS  C:\Users\Brian\AppData\Local\Temp\ccXKxAlv.s 			page 2


  26:.\Generated_Source\PSoC5/VDAC8_2.c **** 
  27:.\Generated_Source\PSoC5/VDAC8_2.c **** uint8 VDAC8_2_initVar = 0u;
  28:.\Generated_Source\PSoC5/VDAC8_2.c **** 
  29:.\Generated_Source\PSoC5/VDAC8_2.c **** #if (CY_PSOC5A)
  30:.\Generated_Source\PSoC5/VDAC8_2.c ****     static uint8 VDAC8_2_restoreVal = 0u;
  31:.\Generated_Source\PSoC5/VDAC8_2.c **** #endif /* CY_PSOC5A */
  32:.\Generated_Source\PSoC5/VDAC8_2.c **** 
  33:.\Generated_Source\PSoC5/VDAC8_2.c **** #if (CY_PSOC5A)
  34:.\Generated_Source\PSoC5/VDAC8_2.c ****     static VDAC8_2_backupStruct VDAC8_2_backup;
  35:.\Generated_Source\PSoC5/VDAC8_2.c **** #endif /* CY_PSOC5A */
  36:.\Generated_Source\PSoC5/VDAC8_2.c **** 
  37:.\Generated_Source\PSoC5/VDAC8_2.c **** 
  38:.\Generated_Source\PSoC5/VDAC8_2.c **** /*******************************************************************************
  39:.\Generated_Source\PSoC5/VDAC8_2.c **** * Function Name: VDAC8_2_Init
  40:.\Generated_Source\PSoC5/VDAC8_2.c **** ********************************************************************************
  41:.\Generated_Source\PSoC5/VDAC8_2.c **** * Summary:
  42:.\Generated_Source\PSoC5/VDAC8_2.c **** *  Initialize to the schematic state.
  43:.\Generated_Source\PSoC5/VDAC8_2.c **** * 
  44:.\Generated_Source\PSoC5/VDAC8_2.c **** * Parameters:
  45:.\Generated_Source\PSoC5/VDAC8_2.c **** *  void:
  46:.\Generated_Source\PSoC5/VDAC8_2.c **** *
  47:.\Generated_Source\PSoC5/VDAC8_2.c **** * Return:
  48:.\Generated_Source\PSoC5/VDAC8_2.c **** *  void
  49:.\Generated_Source\PSoC5/VDAC8_2.c **** *
  50:.\Generated_Source\PSoC5/VDAC8_2.c **** * Theory:
  51:.\Generated_Source\PSoC5/VDAC8_2.c **** *
  52:.\Generated_Source\PSoC5/VDAC8_2.c **** * Side Effects:
  53:.\Generated_Source\PSoC5/VDAC8_2.c **** *
  54:.\Generated_Source\PSoC5/VDAC8_2.c **** *******************************************************************************/
  55:.\Generated_Source\PSoC5/VDAC8_2.c **** void VDAC8_2_Init(void) 
  56:.\Generated_Source\PSoC5/VDAC8_2.c **** {
  33              		.loc 1 56 0
  34              		.cfi_startproc
  35              		@ args = 0, pretend = 0, frame = 0
  36              		@ frame_needed = 1, uses_anonymous_args = 0
  37 0000 80B5     		push	{r7, lr}
  38              	.LCFI0:
  39              		.cfi_def_cfa_offset 8
  40              		.cfi_offset 7, -8
  41              		.cfi_offset 14, -4
  42 0002 00AF     		add	r7, sp, #0
  43              	.LCFI1:
  44              		.cfi_def_cfa_register 7
  57:.\Generated_Source\PSoC5/VDAC8_2.c ****     VDAC8_2_CR0 = (VDAC8_2_MODE_V );
  45              		.loc 1 57 0
  46 0004 45F62403 		movw	r3, #22564
  47 0008 C4F20003 		movt	r3, 16384
  48 000c 4FF00002 		mov	r2, #0
  49 0010 1A70     		strb	r2, [r3, #0]
  58:.\Generated_Source\PSoC5/VDAC8_2.c **** 
  59:.\Generated_Source\PSoC5/VDAC8_2.c ****     /* Set default data source */
  60:.\Generated_Source\PSoC5/VDAC8_2.c ****     #if(VDAC8_2_DEFAULT_DATA_SRC != 0 )
  61:.\Generated_Source\PSoC5/VDAC8_2.c ****         VDAC8_2_CR1 = (VDAC8_2_DEFAULT_CNTL | VDAC8_2_DACBUS_ENABLE) ;
  62:.\Generated_Source\PSoC5/VDAC8_2.c ****     #else
  63:.\Generated_Source\PSoC5/VDAC8_2.c ****         VDAC8_2_CR1 = (VDAC8_2_DEFAULT_CNTL | VDAC8_2_DACBUS_DISABLE) ;
  50              		.loc 1 63 0
  51 0012 45F62503 		movw	r3, #22565
ARM GAS  C:\Users\Brian\AppData\Local\Temp\ccXKxAlv.s 			page 3


  52 0016 C4F20003 		movt	r3, 16384
  53 001a 4FF00002 		mov	r2, #0
  54 001e 1A70     		strb	r2, [r3, #0]
  64:.\Generated_Source\PSoC5/VDAC8_2.c ****     #endif /* (VDAC8_2_DEFAULT_DATA_SRC != 0 ) */
  65:.\Generated_Source\PSoC5/VDAC8_2.c **** 
  66:.\Generated_Source\PSoC5/VDAC8_2.c ****     /* Set default strobe mode */
  67:.\Generated_Source\PSoC5/VDAC8_2.c ****     #if(VDAC8_2_DEFAULT_STRB != 0)
  68:.\Generated_Source\PSoC5/VDAC8_2.c ****         VDAC8_2_Strobe |= VDAC8_2_STRB_EN ;
  69:.\Generated_Source\PSoC5/VDAC8_2.c ****     #endif/* (VDAC8_2_DEFAULT_STRB != 0) */
  70:.\Generated_Source\PSoC5/VDAC8_2.c **** 
  71:.\Generated_Source\PSoC5/VDAC8_2.c ****     /* Set default range */
  72:.\Generated_Source\PSoC5/VDAC8_2.c ****     VDAC8_2_SetRange(VDAC8_2_DEFAULT_RANGE); 
  55              		.loc 1 72 0
  56 0020 4FF00000 		mov	r0, #0
  57 0024 FFF7FEFF 		bl	VDAC8_2_SetRange
  73:.\Generated_Source\PSoC5/VDAC8_2.c **** 
  74:.\Generated_Source\PSoC5/VDAC8_2.c ****     /* Set default speed */
  75:.\Generated_Source\PSoC5/VDAC8_2.c ****     VDAC8_2_SetSpeed(VDAC8_2_DEFAULT_SPEED);
  58              		.loc 1 75 0
  59 0028 4FF00000 		mov	r0, #0
  60 002c FFF7FEFF 		bl	VDAC8_2_SetSpeed
  76:.\Generated_Source\PSoC5/VDAC8_2.c **** }
  61              		.loc 1 76 0
  62 0030 80BD     		pop	{r7, pc}
  63              		.cfi_endproc
  64              	.LFE0:
  65              		.size	VDAC8_2_Init, .-VDAC8_2_Init
  66 0032 00BF     		.section	.text.VDAC8_2_Enable,"ax",%progbits
  67              		.align	2
  68              		.global	VDAC8_2_Enable
  69              		.thumb
  70              		.thumb_func
  71              		.type	VDAC8_2_Enable, %function
  72              	VDAC8_2_Enable:
  73              	.LFB1:
  77:.\Generated_Source\PSoC5/VDAC8_2.c **** 
  78:.\Generated_Source\PSoC5/VDAC8_2.c **** 
  79:.\Generated_Source\PSoC5/VDAC8_2.c **** /*******************************************************************************
  80:.\Generated_Source\PSoC5/VDAC8_2.c **** * Function Name: VDAC8_2_Enable
  81:.\Generated_Source\PSoC5/VDAC8_2.c **** ********************************************************************************
  82:.\Generated_Source\PSoC5/VDAC8_2.c **** * Summary:
  83:.\Generated_Source\PSoC5/VDAC8_2.c **** *  Enable the VDAC8
  84:.\Generated_Source\PSoC5/VDAC8_2.c **** * 
  85:.\Generated_Source\PSoC5/VDAC8_2.c **** * Parameters:
  86:.\Generated_Source\PSoC5/VDAC8_2.c **** *  void
  87:.\Generated_Source\PSoC5/VDAC8_2.c **** *
  88:.\Generated_Source\PSoC5/VDAC8_2.c **** * Return:
  89:.\Generated_Source\PSoC5/VDAC8_2.c **** *  void
  90:.\Generated_Source\PSoC5/VDAC8_2.c **** *
  91:.\Generated_Source\PSoC5/VDAC8_2.c **** * Theory:
  92:.\Generated_Source\PSoC5/VDAC8_2.c **** *
  93:.\Generated_Source\PSoC5/VDAC8_2.c **** * Side Effects:
  94:.\Generated_Source\PSoC5/VDAC8_2.c **** *
  95:.\Generated_Source\PSoC5/VDAC8_2.c **** *******************************************************************************/
  96:.\Generated_Source\PSoC5/VDAC8_2.c **** void VDAC8_2_Enable(void) 
  97:.\Generated_Source\PSoC5/VDAC8_2.c **** {
  74              		.loc 1 97 0
ARM GAS  C:\Users\Brian\AppData\Local\Temp\ccXKxAlv.s 			page 4


  75              		.cfi_startproc
  76              		@ args = 0, pretend = 0, frame = 0
  77              		@ frame_needed = 1, uses_anonymous_args = 0
  78              		@ link register save eliminated.
  79 0000 80B4     		push	{r7}
  80              	.LCFI2:
  81              		.cfi_def_cfa_offset 4
  82              		.cfi_offset 7, -4
  83 0002 00AF     		add	r7, sp, #0
  84              	.LCFI3:
  85              		.cfi_def_cfa_register 7
  98:.\Generated_Source\PSoC5/VDAC8_2.c ****     VDAC8_2_PWRMGR |= VDAC8_2_ACT_PWR_EN;
  86              		.loc 1 98 0
  87 0004 44F2A833 		movw	r3, #17320
  88 0008 C4F20003 		movt	r3, 16384
  89 000c 44F2A832 		movw	r2, #17320
  90 0010 C4F20002 		movt	r2, 16384
  91 0014 1278     		ldrb	r2, [r2, #0]
  92 0016 D2B2     		uxtb	r2, r2
  93 0018 42F00202 		orr	r2, r2, #2
  94 001c D2B2     		uxtb	r2, r2
  95 001e 1A70     		strb	r2, [r3, #0]
  99:.\Generated_Source\PSoC5/VDAC8_2.c ****     VDAC8_2_STBY_PWRMGR |= VDAC8_2_STBY_PWR_EN;
  96              		.loc 1 99 0
  97 0020 44F2B833 		movw	r3, #17336
  98 0024 C4F20003 		movt	r3, 16384
  99 0028 44F2B832 		movw	r2, #17336
 100 002c C4F20002 		movt	r2, 16384
 101 0030 1278     		ldrb	r2, [r2, #0]
 102 0032 D2B2     		uxtb	r2, r2
 103 0034 42F00202 		orr	r2, r2, #2
 104 0038 D2B2     		uxtb	r2, r2
 105 003a 1A70     		strb	r2, [r3, #0]
 100:.\Generated_Source\PSoC5/VDAC8_2.c **** 
 101:.\Generated_Source\PSoC5/VDAC8_2.c ****     /*This is to restore the value of register CR0 ,
 102:.\Generated_Source\PSoC5/VDAC8_2.c ****     which is modified  in Stop API , this prevents misbehaviour of VDAC */
 103:.\Generated_Source\PSoC5/VDAC8_2.c ****     #if (CY_PSOC5A)
 104:.\Generated_Source\PSoC5/VDAC8_2.c ****         if(VDAC8_2_restoreVal == 1u) 
 105:.\Generated_Source\PSoC5/VDAC8_2.c ****         {
 106:.\Generated_Source\PSoC5/VDAC8_2.c ****              VDAC8_2_CR0 = VDAC8_2_backup.data_value;
 107:.\Generated_Source\PSoC5/VDAC8_2.c ****              VDAC8_2_restoreVal = 0u;
 108:.\Generated_Source\PSoC5/VDAC8_2.c ****         }
 109:.\Generated_Source\PSoC5/VDAC8_2.c ****     #endif /* CY_PSOC5A */
 110:.\Generated_Source\PSoC5/VDAC8_2.c **** }
 106              		.loc 1 110 0
 107 003c BD46     		mov	sp, r7
 108 003e 80BC     		pop	{r7}
 109 0040 7047     		bx	lr
 110              		.cfi_endproc
 111              	.LFE1:
 112              		.size	VDAC8_2_Enable, .-VDAC8_2_Enable
 113 0042 00BF     		.section	.text.VDAC8_2_Start,"ax",%progbits
 114              		.align	2
 115              		.global	VDAC8_2_Start
 116              		.thumb
 117              		.thumb_func
 118              		.type	VDAC8_2_Start, %function
ARM GAS  C:\Users\Brian\AppData\Local\Temp\ccXKxAlv.s 			page 5


 119              	VDAC8_2_Start:
 120              	.LFB2:
 111:.\Generated_Source\PSoC5/VDAC8_2.c **** 
 112:.\Generated_Source\PSoC5/VDAC8_2.c **** 
 113:.\Generated_Source\PSoC5/VDAC8_2.c **** /*******************************************************************************
 114:.\Generated_Source\PSoC5/VDAC8_2.c **** * Function Name: VDAC8_2_Start
 115:.\Generated_Source\PSoC5/VDAC8_2.c **** ********************************************************************************
 116:.\Generated_Source\PSoC5/VDAC8_2.c **** *
 117:.\Generated_Source\PSoC5/VDAC8_2.c **** * Summary:
 118:.\Generated_Source\PSoC5/VDAC8_2.c **** *  The start function initializes the voltage DAC with the default values, 
 119:.\Generated_Source\PSoC5/VDAC8_2.c **** *  and sets the power to the given level.  A power level of 0, is the same as
 120:.\Generated_Source\PSoC5/VDAC8_2.c **** *  executing the stop function.
 121:.\Generated_Source\PSoC5/VDAC8_2.c **** *
 122:.\Generated_Source\PSoC5/VDAC8_2.c **** * Parameters:
 123:.\Generated_Source\PSoC5/VDAC8_2.c **** *  Power: Sets power level between off (0) and (3) high power
 124:.\Generated_Source\PSoC5/VDAC8_2.c **** *
 125:.\Generated_Source\PSoC5/VDAC8_2.c **** * Return:
 126:.\Generated_Source\PSoC5/VDAC8_2.c **** *  void 
 127:.\Generated_Source\PSoC5/VDAC8_2.c **** *
 128:.\Generated_Source\PSoC5/VDAC8_2.c **** * Global variables:
 129:.\Generated_Source\PSoC5/VDAC8_2.c **** *  VDAC8_2_initVar: Is modified when this function is called for the 
 130:.\Generated_Source\PSoC5/VDAC8_2.c **** *  first time. Is used to ensure that initialization happens only once.
 131:.\Generated_Source\PSoC5/VDAC8_2.c **** *
 132:.\Generated_Source\PSoC5/VDAC8_2.c **** *******************************************************************************/
 133:.\Generated_Source\PSoC5/VDAC8_2.c **** void VDAC8_2_Start(void)  
 134:.\Generated_Source\PSoC5/VDAC8_2.c **** {
 121              		.loc 1 134 0
 122              		.cfi_startproc
 123              		@ args = 0, pretend = 0, frame = 0
 124              		@ frame_needed = 1, uses_anonymous_args = 0
 125 0000 80B5     		push	{r7, lr}
 126              	.LCFI4:
 127              		.cfi_def_cfa_offset 8
 128              		.cfi_offset 7, -8
 129              		.cfi_offset 14, -4
 130 0002 00AF     		add	r7, sp, #0
 131              	.LCFI5:
 132              		.cfi_def_cfa_register 7
 135:.\Generated_Source\PSoC5/VDAC8_2.c ****     /* Hardware initiazation only needs to occure the first time */
 136:.\Generated_Source\PSoC5/VDAC8_2.c ****     if(VDAC8_2_initVar == 0u)
 133              		.loc 1 136 0
 134 0004 40F20003 		movw	r3, #:lower16:VDAC8_2_initVar
 135 0008 C0F20003 		movt	r3, #:upper16:VDAC8_2_initVar
 136 000c 1B78     		ldrb	r3, [r3, #0]	@ zero_extendqisi2
 137 000e 002B     		cmp	r3, #0
 138 0010 08D1     		bne	.L4
 137:.\Generated_Source\PSoC5/VDAC8_2.c ****     { 
 138:.\Generated_Source\PSoC5/VDAC8_2.c ****         VDAC8_2_Init();
 139              		.loc 1 138 0
 140 0012 FFF7FEFF 		bl	VDAC8_2_Init
 139:.\Generated_Source\PSoC5/VDAC8_2.c ****         VDAC8_2_initVar = 1u;
 141              		.loc 1 139 0
 142 0016 40F20003 		movw	r3, #:lower16:VDAC8_2_initVar
 143 001a C0F20003 		movt	r3, #:upper16:VDAC8_2_initVar
 144 001e 4FF00102 		mov	r2, #1
 145 0022 1A70     		strb	r2, [r3, #0]
 146              	.L4:
ARM GAS  C:\Users\Brian\AppData\Local\Temp\ccXKxAlv.s 			page 6


 140:.\Generated_Source\PSoC5/VDAC8_2.c ****     }
 141:.\Generated_Source\PSoC5/VDAC8_2.c **** 
 142:.\Generated_Source\PSoC5/VDAC8_2.c ****     /* Enable power to DAC */
 143:.\Generated_Source\PSoC5/VDAC8_2.c ****     VDAC8_2_Enable();
 147              		.loc 1 143 0
 148 0024 FFF7FEFF 		bl	VDAC8_2_Enable
 144:.\Generated_Source\PSoC5/VDAC8_2.c **** 
 145:.\Generated_Source\PSoC5/VDAC8_2.c ****     /* Set default value */
 146:.\Generated_Source\PSoC5/VDAC8_2.c ****     VDAC8_2_SetValue(VDAC8_2_DEFAULT_DATA); 
 149              		.loc 1 146 0
 150 0028 4FF06400 		mov	r0, #100
 151 002c FFF7FEFF 		bl	VDAC8_2_SetValue
 147:.\Generated_Source\PSoC5/VDAC8_2.c **** }
 152              		.loc 1 147 0
 153 0030 80BD     		pop	{r7, pc}
 154              		.cfi_endproc
 155              	.LFE2:
 156              		.size	VDAC8_2_Start, .-VDAC8_2_Start
 157 0032 00BF     		.section	.text.VDAC8_2_Stop,"ax",%progbits
 158              		.align	2
 159              		.global	VDAC8_2_Stop
 160              		.thumb
 161              		.thumb_func
 162              		.type	VDAC8_2_Stop, %function
 163              	VDAC8_2_Stop:
 164              	.LFB3:
 148:.\Generated_Source\PSoC5/VDAC8_2.c **** 
 149:.\Generated_Source\PSoC5/VDAC8_2.c **** 
 150:.\Generated_Source\PSoC5/VDAC8_2.c **** /*******************************************************************************
 151:.\Generated_Source\PSoC5/VDAC8_2.c **** * Function Name: VDAC8_2_Stop
 152:.\Generated_Source\PSoC5/VDAC8_2.c **** ********************************************************************************
 153:.\Generated_Source\PSoC5/VDAC8_2.c **** *
 154:.\Generated_Source\PSoC5/VDAC8_2.c **** * Summary:
 155:.\Generated_Source\PSoC5/VDAC8_2.c **** *  Powers down DAC to lowest power state.
 156:.\Generated_Source\PSoC5/VDAC8_2.c **** *
 157:.\Generated_Source\PSoC5/VDAC8_2.c **** * Parameters:
 158:.\Generated_Source\PSoC5/VDAC8_2.c **** *  void
 159:.\Generated_Source\PSoC5/VDAC8_2.c **** *
 160:.\Generated_Source\PSoC5/VDAC8_2.c **** * Return:
 161:.\Generated_Source\PSoC5/VDAC8_2.c **** *  void
 162:.\Generated_Source\PSoC5/VDAC8_2.c **** *
 163:.\Generated_Source\PSoC5/VDAC8_2.c **** * Theory:
 164:.\Generated_Source\PSoC5/VDAC8_2.c **** *
 165:.\Generated_Source\PSoC5/VDAC8_2.c **** * Side Effects:
 166:.\Generated_Source\PSoC5/VDAC8_2.c **** *
 167:.\Generated_Source\PSoC5/VDAC8_2.c **** *******************************************************************************/
 168:.\Generated_Source\PSoC5/VDAC8_2.c **** void VDAC8_2_Stop(void) 
 169:.\Generated_Source\PSoC5/VDAC8_2.c **** {
 165              		.loc 1 169 0
 166              		.cfi_startproc
 167              		@ args = 0, pretend = 0, frame = 0
 168              		@ frame_needed = 1, uses_anonymous_args = 0
 169              		@ link register save eliminated.
 170 0000 80B4     		push	{r7}
 171              	.LCFI6:
 172              		.cfi_def_cfa_offset 4
 173              		.cfi_offset 7, -4
ARM GAS  C:\Users\Brian\AppData\Local\Temp\ccXKxAlv.s 			page 7


 174 0002 00AF     		add	r7, sp, #0
 175              	.LCFI7:
 176              		.cfi_def_cfa_register 7
 170:.\Generated_Source\PSoC5/VDAC8_2.c ****     /* Disble power to DAC */
 171:.\Generated_Source\PSoC5/VDAC8_2.c ****     VDAC8_2_PWRMGR &= (uint8)(~VDAC8_2_ACT_PWR_EN);
 177              		.loc 1 171 0
 178 0004 44F2A833 		movw	r3, #17320
 179 0008 C4F20003 		movt	r3, 16384
 180 000c 44F2A832 		movw	r2, #17320
 181 0010 C4F20002 		movt	r2, 16384
 182 0014 1278     		ldrb	r2, [r2, #0]
 183 0016 D2B2     		uxtb	r2, r2
 184 0018 22F00202 		bic	r2, r2, #2
 185 001c D2B2     		uxtb	r2, r2
 186 001e 1A70     		strb	r2, [r3, #0]
 172:.\Generated_Source\PSoC5/VDAC8_2.c ****     VDAC8_2_STBY_PWRMGR &= (uint8)(~VDAC8_2_STBY_PWR_EN);
 187              		.loc 1 172 0
 188 0020 44F2B833 		movw	r3, #17336
 189 0024 C4F20003 		movt	r3, 16384
 190 0028 44F2B832 		movw	r2, #17336
 191 002c C4F20002 		movt	r2, 16384
 192 0030 1278     		ldrb	r2, [r2, #0]
 193 0032 D2B2     		uxtb	r2, r2
 194 0034 22F00202 		bic	r2, r2, #2
 195 0038 D2B2     		uxtb	r2, r2
 196 003a 1A70     		strb	r2, [r3, #0]
 173:.\Generated_Source\PSoC5/VDAC8_2.c **** 
 174:.\Generated_Source\PSoC5/VDAC8_2.c ****     /* This is a work around for PSoC5A  ,
 175:.\Generated_Source\PSoC5/VDAC8_2.c ****     this sets VDAC to current mode with output off */
 176:.\Generated_Source\PSoC5/VDAC8_2.c ****     #if (CY_PSOC5A)
 177:.\Generated_Source\PSoC5/VDAC8_2.c ****         VDAC8_2_backup.data_value = VDAC8_2_CR0;
 178:.\Generated_Source\PSoC5/VDAC8_2.c ****         VDAC8_2_CR0 = VDAC8_2_CUR_MODE_OUT_OFF;
 179:.\Generated_Source\PSoC5/VDAC8_2.c ****         VDAC8_2_restoreVal = 1u;
 180:.\Generated_Source\PSoC5/VDAC8_2.c ****     #endif /* CY_PSOC5A */
 181:.\Generated_Source\PSoC5/VDAC8_2.c **** }
 197              		.loc 1 181 0
 198 003c BD46     		mov	sp, r7
 199 003e 80BC     		pop	{r7}
 200 0040 7047     		bx	lr
 201              		.cfi_endproc
 202              	.LFE3:
 203              		.size	VDAC8_2_Stop, .-VDAC8_2_Stop
 204 0042 00BF     		.section	.text.VDAC8_2_SetSpeed,"ax",%progbits
 205              		.align	2
 206              		.global	VDAC8_2_SetSpeed
 207              		.thumb
 208              		.thumb_func
 209              		.type	VDAC8_2_SetSpeed, %function
 210              	VDAC8_2_SetSpeed:
 211              	.LFB4:
 182:.\Generated_Source\PSoC5/VDAC8_2.c **** 
 183:.\Generated_Source\PSoC5/VDAC8_2.c **** 
 184:.\Generated_Source\PSoC5/VDAC8_2.c **** /*******************************************************************************
 185:.\Generated_Source\PSoC5/VDAC8_2.c **** * Function Name: VDAC8_2_SetSpeed
 186:.\Generated_Source\PSoC5/VDAC8_2.c **** ********************************************************************************
 187:.\Generated_Source\PSoC5/VDAC8_2.c **** *
 188:.\Generated_Source\PSoC5/VDAC8_2.c **** * Summary:
ARM GAS  C:\Users\Brian\AppData\Local\Temp\ccXKxAlv.s 			page 8


 189:.\Generated_Source\PSoC5/VDAC8_2.c **** *  Set DAC speed
 190:.\Generated_Source\PSoC5/VDAC8_2.c **** *
 191:.\Generated_Source\PSoC5/VDAC8_2.c **** * Parameters:
 192:.\Generated_Source\PSoC5/VDAC8_2.c **** *  power: Sets speed value
 193:.\Generated_Source\PSoC5/VDAC8_2.c **** *
 194:.\Generated_Source\PSoC5/VDAC8_2.c **** * Return:
 195:.\Generated_Source\PSoC5/VDAC8_2.c **** *  void
 196:.\Generated_Source\PSoC5/VDAC8_2.c **** *
 197:.\Generated_Source\PSoC5/VDAC8_2.c **** * Theory:
 198:.\Generated_Source\PSoC5/VDAC8_2.c **** *
 199:.\Generated_Source\PSoC5/VDAC8_2.c **** * Side Effects:
 200:.\Generated_Source\PSoC5/VDAC8_2.c **** *
 201:.\Generated_Source\PSoC5/VDAC8_2.c **** *******************************************************************************/
 202:.\Generated_Source\PSoC5/VDAC8_2.c **** void VDAC8_2_SetSpeed(uint8 speed) 
 203:.\Generated_Source\PSoC5/VDAC8_2.c **** {
 212              		.loc 1 203 0
 213              		.cfi_startproc
 214              		@ args = 0, pretend = 0, frame = 8
 215              		@ frame_needed = 1, uses_anonymous_args = 0
 216              		@ link register save eliminated.
 217 0000 80B4     		push	{r7}
 218              	.LCFI8:
 219              		.cfi_def_cfa_offset 4
 220              		.cfi_offset 7, -4
 221 0002 83B0     		sub	sp, sp, #12
 222              	.LCFI9:
 223              		.cfi_def_cfa_offset 16
 224 0004 00AF     		add	r7, sp, #0
 225              	.LCFI10:
 226              		.cfi_def_cfa_register 7
 227 0006 0346     		mov	r3, r0
 228 0008 FB71     		strb	r3, [r7, #7]
 204:.\Generated_Source\PSoC5/VDAC8_2.c ****     /* Clear power mask then write in new value */
 205:.\Generated_Source\PSoC5/VDAC8_2.c ****     VDAC8_2_CR0 &= (uint8)(~VDAC8_2_HS_MASK);
 229              		.loc 1 205 0
 230 000a 45F62403 		movw	r3, #22564
 231 000e C4F20003 		movt	r3, 16384
 232 0012 45F62402 		movw	r2, #22564
 233 0016 C4F20002 		movt	r2, 16384
 234 001a 1278     		ldrb	r2, [r2, #0]
 235 001c D2B2     		uxtb	r2, r2
 236 001e 22F00202 		bic	r2, r2, #2
 237 0022 D2B2     		uxtb	r2, r2
 238 0024 1A70     		strb	r2, [r3, #0]
 206:.\Generated_Source\PSoC5/VDAC8_2.c ****     VDAC8_2_CR0 |=  (speed & VDAC8_2_HS_MASK);
 239              		.loc 1 206 0
 240 0026 45F62403 		movw	r3, #22564
 241 002a C4F20003 		movt	r3, 16384
 242 002e 45F62402 		movw	r2, #22564
 243 0032 C4F20002 		movt	r2, 16384
 244 0036 1278     		ldrb	r2, [r2, #0]
 245 0038 D1B2     		uxtb	r1, r2
 246 003a FA79     		ldrb	r2, [r7, #7]
 247 003c 02F00202 		and	r2, r2, #2
 248 0040 D2B2     		uxtb	r2, r2
 249 0042 0A43     		orrs	r2, r2, r1
 250 0044 D2B2     		uxtb	r2, r2
ARM GAS  C:\Users\Brian\AppData\Local\Temp\ccXKxAlv.s 			page 9


 251 0046 1A70     		strb	r2, [r3, #0]
 207:.\Generated_Source\PSoC5/VDAC8_2.c **** }
 252              		.loc 1 207 0
 253 0048 07F10C07 		add	r7, r7, #12
 254 004c BD46     		mov	sp, r7
 255 004e 80BC     		pop	{r7}
 256 0050 7047     		bx	lr
 257              		.cfi_endproc
 258              	.LFE4:
 259              		.size	VDAC8_2_SetSpeed, .-VDAC8_2_SetSpeed
 260 0052 00BF     		.section	.text.VDAC8_2_SetRange,"ax",%progbits
 261              		.align	2
 262              		.global	VDAC8_2_SetRange
 263              		.thumb
 264              		.thumb_func
 265              		.type	VDAC8_2_SetRange, %function
 266              	VDAC8_2_SetRange:
 267              	.LFB5:
 208:.\Generated_Source\PSoC5/VDAC8_2.c **** 
 209:.\Generated_Source\PSoC5/VDAC8_2.c **** 
 210:.\Generated_Source\PSoC5/VDAC8_2.c **** /*******************************************************************************
 211:.\Generated_Source\PSoC5/VDAC8_2.c **** * Function Name: VDAC8_2_SetRange
 212:.\Generated_Source\PSoC5/VDAC8_2.c **** ********************************************************************************
 213:.\Generated_Source\PSoC5/VDAC8_2.c **** *
 214:.\Generated_Source\PSoC5/VDAC8_2.c **** * Summary:
 215:.\Generated_Source\PSoC5/VDAC8_2.c **** *  Set one of three current ranges.
 216:.\Generated_Source\PSoC5/VDAC8_2.c **** *
 217:.\Generated_Source\PSoC5/VDAC8_2.c **** * Parameters:
 218:.\Generated_Source\PSoC5/VDAC8_2.c **** *  Range: Sets one of Three valid ranges.
 219:.\Generated_Source\PSoC5/VDAC8_2.c **** *
 220:.\Generated_Source\PSoC5/VDAC8_2.c **** * Return:
 221:.\Generated_Source\PSoC5/VDAC8_2.c **** *  void 
 222:.\Generated_Source\PSoC5/VDAC8_2.c **** *
 223:.\Generated_Source\PSoC5/VDAC8_2.c **** * Theory:
 224:.\Generated_Source\PSoC5/VDAC8_2.c **** *
 225:.\Generated_Source\PSoC5/VDAC8_2.c **** * Side Effects:
 226:.\Generated_Source\PSoC5/VDAC8_2.c **** *
 227:.\Generated_Source\PSoC5/VDAC8_2.c **** *******************************************************************************/
 228:.\Generated_Source\PSoC5/VDAC8_2.c **** void VDAC8_2_SetRange(uint8 range) 
 229:.\Generated_Source\PSoC5/VDAC8_2.c **** {
 268              		.loc 1 229 0
 269              		.cfi_startproc
 270              		@ args = 0, pretend = 0, frame = 8
 271              		@ frame_needed = 1, uses_anonymous_args = 0
 272 0000 80B5     		push	{r7, lr}
 273              	.LCFI11:
 274              		.cfi_def_cfa_offset 8
 275              		.cfi_offset 7, -8
 276              		.cfi_offset 14, -4
 277 0002 82B0     		sub	sp, sp, #8
 278              	.LCFI12:
 279              		.cfi_def_cfa_offset 16
 280 0004 00AF     		add	r7, sp, #0
 281              	.LCFI13:
 282              		.cfi_def_cfa_register 7
 283 0006 0346     		mov	r3, r0
 284 0008 FB71     		strb	r3, [r7, #7]
ARM GAS  C:\Users\Brian\AppData\Local\Temp\ccXKxAlv.s 			page 10


 230:.\Generated_Source\PSoC5/VDAC8_2.c ****     VDAC8_2_CR0 &= (uint8)(~VDAC8_2_RANGE_MASK);      /* Clear existing mode */
 285              		.loc 1 230 0
 286 000a 45F62403 		movw	r3, #22564
 287 000e C4F20003 		movt	r3, 16384
 288 0012 45F62402 		movw	r2, #22564
 289 0016 C4F20002 		movt	r2, 16384
 290 001a 1278     		ldrb	r2, [r2, #0]
 291 001c D2B2     		uxtb	r2, r2
 292 001e 22F00C02 		bic	r2, r2, #12
 293 0022 D2B2     		uxtb	r2, r2
 294 0024 1A70     		strb	r2, [r3, #0]
 231:.\Generated_Source\PSoC5/VDAC8_2.c ****     VDAC8_2_CR0 |= (range & VDAC8_2_RANGE_MASK);      /*  Set Range  */
 295              		.loc 1 231 0
 296 0026 45F62403 		movw	r3, #22564
 297 002a C4F20003 		movt	r3, 16384
 298 002e 45F62402 		movw	r2, #22564
 299 0032 C4F20002 		movt	r2, 16384
 300 0036 1278     		ldrb	r2, [r2, #0]
 301 0038 D1B2     		uxtb	r1, r2
 302 003a FA79     		ldrb	r2, [r7, #7]
 303 003c 02F00C02 		and	r2, r2, #12
 304 0040 D2B2     		uxtb	r2, r2
 305 0042 0A43     		orrs	r2, r2, r1
 306 0044 D2B2     		uxtb	r2, r2
 307 0046 1A70     		strb	r2, [r3, #0]
 232:.\Generated_Source\PSoC5/VDAC8_2.c ****     VDAC8_2_DacTrim();
 308              		.loc 1 232 0
 309 0048 FFF7FEFF 		bl	VDAC8_2_DacTrim
 233:.\Generated_Source\PSoC5/VDAC8_2.c **** }
 310              		.loc 1 233 0
 311 004c 07F10807 		add	r7, r7, #8
 312 0050 BD46     		mov	sp, r7
 313 0052 80BD     		pop	{r7, pc}
 314              		.cfi_endproc
 315              	.LFE5:
 316              		.size	VDAC8_2_SetRange, .-VDAC8_2_SetRange
 317              		.section	.text.VDAC8_2_SetValue,"ax",%progbits
 318              		.align	2
 319              		.global	VDAC8_2_SetValue
 320              		.thumb
 321              		.thumb_func
 322              		.type	VDAC8_2_SetValue, %function
 323              	VDAC8_2_SetValue:
 324              	.LFB6:
 234:.\Generated_Source\PSoC5/VDAC8_2.c **** 
 235:.\Generated_Source\PSoC5/VDAC8_2.c **** 
 236:.\Generated_Source\PSoC5/VDAC8_2.c **** /*******************************************************************************
 237:.\Generated_Source\PSoC5/VDAC8_2.c **** * Function Name: VDAC8_2_SetValue
 238:.\Generated_Source\PSoC5/VDAC8_2.c **** ********************************************************************************
 239:.\Generated_Source\PSoC5/VDAC8_2.c **** *
 240:.\Generated_Source\PSoC5/VDAC8_2.c **** * Summary:
 241:.\Generated_Source\PSoC5/VDAC8_2.c **** *  Set 8-bit DAC value
 242:.\Generated_Source\PSoC5/VDAC8_2.c **** *
 243:.\Generated_Source\PSoC5/VDAC8_2.c **** * Parameters:  
 244:.\Generated_Source\PSoC5/VDAC8_2.c **** *  value:  Sets DAC value between 0 and 255.
 245:.\Generated_Source\PSoC5/VDAC8_2.c **** *
 246:.\Generated_Source\PSoC5/VDAC8_2.c **** * Return: 
ARM GAS  C:\Users\Brian\AppData\Local\Temp\ccXKxAlv.s 			page 11


 247:.\Generated_Source\PSoC5/VDAC8_2.c **** *  void 
 248:.\Generated_Source\PSoC5/VDAC8_2.c **** *
 249:.\Generated_Source\PSoC5/VDAC8_2.c **** * Theory: 
 250:.\Generated_Source\PSoC5/VDAC8_2.c **** *
 251:.\Generated_Source\PSoC5/VDAC8_2.c **** * Side Effects:
 252:.\Generated_Source\PSoC5/VDAC8_2.c **** *
 253:.\Generated_Source\PSoC5/VDAC8_2.c **** *******************************************************************************/
 254:.\Generated_Source\PSoC5/VDAC8_2.c **** void VDAC8_2_SetValue(uint8 value) 
 255:.\Generated_Source\PSoC5/VDAC8_2.c **** {
 325              		.loc 1 255 0
 326              		.cfi_startproc
 327              		@ args = 0, pretend = 0, frame = 8
 328              		@ frame_needed = 1, uses_anonymous_args = 0
 329              		@ link register save eliminated.
 330 0000 80B4     		push	{r7}
 331              	.LCFI14:
 332              		.cfi_def_cfa_offset 4
 333              		.cfi_offset 7, -4
 334 0002 83B0     		sub	sp, sp, #12
 335              	.LCFI15:
 336              		.cfi_def_cfa_offset 16
 337 0004 00AF     		add	r7, sp, #0
 338              	.LCFI16:
 339              		.cfi_def_cfa_register 7
 340 0006 0346     		mov	r3, r0
 341 0008 FB71     		strb	r3, [r7, #7]
 256:.\Generated_Source\PSoC5/VDAC8_2.c ****     #if (CY_PSOC5A)
 257:.\Generated_Source\PSoC5/VDAC8_2.c ****         uint8 VDAC8_2_intrStatus = CyEnterCriticalSection();
 258:.\Generated_Source\PSoC5/VDAC8_2.c ****     #endif /* CY_PSOC5A */
 259:.\Generated_Source\PSoC5/VDAC8_2.c **** 
 260:.\Generated_Source\PSoC5/VDAC8_2.c ****     VDAC8_2_Data = value;                /*  Set Value  */
 342              		.loc 1 260 0
 343 000a 45F68133 		movw	r3, #23425
 344 000e C4F20003 		movt	r3, 16384
 345 0012 FA79     		ldrb	r2, [r7, #7]
 346 0014 1A70     		strb	r2, [r3, #0]
 261:.\Generated_Source\PSoC5/VDAC8_2.c **** 
 262:.\Generated_Source\PSoC5/VDAC8_2.c ****     /* PSOC5A requires a double write */
 263:.\Generated_Source\PSoC5/VDAC8_2.c ****     /* Exit Critical Section */
 264:.\Generated_Source\PSoC5/VDAC8_2.c ****     #if (CY_PSOC5A)
 265:.\Generated_Source\PSoC5/VDAC8_2.c ****         VDAC8_2_Data = value;
 266:.\Generated_Source\PSoC5/VDAC8_2.c ****         CyExitCriticalSection(VDAC8_2_intrStatus);
 267:.\Generated_Source\PSoC5/VDAC8_2.c ****     #endif /* CY_PSOC5A */
 268:.\Generated_Source\PSoC5/VDAC8_2.c **** }
 347              		.loc 1 268 0
 348 0016 07F10C07 		add	r7, r7, #12
 349 001a BD46     		mov	sp, r7
 350 001c 80BC     		pop	{r7}
 351 001e 7047     		bx	lr
 352              		.cfi_endproc
 353              	.LFE6:
 354              		.size	VDAC8_2_SetValue, .-VDAC8_2_SetValue
 355              		.section	.text.VDAC8_2_DacTrim,"ax",%progbits
 356              		.align	2
 357              		.global	VDAC8_2_DacTrim
 358              		.thumb
 359              		.thumb_func
ARM GAS  C:\Users\Brian\AppData\Local\Temp\ccXKxAlv.s 			page 12


 360              		.type	VDAC8_2_DacTrim, %function
 361              	VDAC8_2_DacTrim:
 362              	.LFB7:
 269:.\Generated_Source\PSoC5/VDAC8_2.c **** 
 270:.\Generated_Source\PSoC5/VDAC8_2.c **** 
 271:.\Generated_Source\PSoC5/VDAC8_2.c **** /*******************************************************************************
 272:.\Generated_Source\PSoC5/VDAC8_2.c **** * Function Name: VDAC8_2_DacTrim
 273:.\Generated_Source\PSoC5/VDAC8_2.c **** ********************************************************************************
 274:.\Generated_Source\PSoC5/VDAC8_2.c **** *
 275:.\Generated_Source\PSoC5/VDAC8_2.c **** * Summary:
 276:.\Generated_Source\PSoC5/VDAC8_2.c **** *  Set the trim value for the given range.
 277:.\Generated_Source\PSoC5/VDAC8_2.c **** *
 278:.\Generated_Source\PSoC5/VDAC8_2.c **** * Parameters:
 279:.\Generated_Source\PSoC5/VDAC8_2.c **** *  range:  1V or 4V range.  See constants.
 280:.\Generated_Source\PSoC5/VDAC8_2.c **** *
 281:.\Generated_Source\PSoC5/VDAC8_2.c **** * Return:
 282:.\Generated_Source\PSoC5/VDAC8_2.c **** *  void
 283:.\Generated_Source\PSoC5/VDAC8_2.c **** *
 284:.\Generated_Source\PSoC5/VDAC8_2.c **** * Theory: 
 285:.\Generated_Source\PSoC5/VDAC8_2.c **** *
 286:.\Generated_Source\PSoC5/VDAC8_2.c **** * Side Effects:
 287:.\Generated_Source\PSoC5/VDAC8_2.c **** *
 288:.\Generated_Source\PSoC5/VDAC8_2.c **** *******************************************************************************/
 289:.\Generated_Source\PSoC5/VDAC8_2.c **** void VDAC8_2_DacTrim(void) 
 290:.\Generated_Source\PSoC5/VDAC8_2.c **** {
 363              		.loc 1 290 0
 364              		.cfi_startproc
 365              		@ args = 0, pretend = 0, frame = 8
 366              		@ frame_needed = 1, uses_anonymous_args = 0
 367              		@ link register save eliminated.
 368 0000 80B4     		push	{r7}
 369              	.LCFI17:
 370              		.cfi_def_cfa_offset 4
 371              		.cfi_offset 7, -4
 372 0002 83B0     		sub	sp, sp, #12
 373              	.LCFI18:
 374              		.cfi_def_cfa_offset 16
 375 0004 00AF     		add	r7, sp, #0
 376              	.LCFI19:
 377              		.cfi_def_cfa_register 7
 291:.\Generated_Source\PSoC5/VDAC8_2.c ****     uint8 mode;
 292:.\Generated_Source\PSoC5/VDAC8_2.c **** 
 293:.\Generated_Source\PSoC5/VDAC8_2.c ****     mode = (uint8)((VDAC8_2_CR0 & VDAC8_2_RANGE_MASK) >> 2) + VDAC8_2_TRIM_M7_1V_RNG_OFFSET;
 378              		.loc 1 293 0
 379 0006 45F62403 		movw	r3, #22564
 380 000a C4F20003 		movt	r3, 16384
 381 000e 1B78     		ldrb	r3, [r3, #0]
 382 0010 DBB2     		uxtb	r3, r3
 383 0012 03F00C03 		and	r3, r3, #12
 384 0016 4FEA9303 		lsr	r3, r3, #2
 385 001a DBB2     		uxtb	r3, r3
 386 001c 03F10603 		add	r3, r3, #6
 387 0020 FB71     		strb	r3, [r7, #7]
 294:.\Generated_Source\PSoC5/VDAC8_2.c ****     VDAC8_2_TR = CY_GET_XTND_REG8((uint8 *)(VDAC8_2_DAC_TRIM_BASE + mode));
 388              		.loc 1 294 0
 389 0022 44F20963 		movw	r3, #17929
 390 0026 C4F20003 		movt	r3, 16384
ARM GAS  C:\Users\Brian\AppData\Local\Temp\ccXKxAlv.s 			page 13


 391 002a FA79     		ldrb	r2, [r7, #7]	@ zero_extendqisi2
 392 002c 02F19242 		add	r2, r2, #1224736768
 393 0030 02F59872 		add	r2, r2, #304
 394 0034 1278     		ldrb	r2, [r2, #0]
 395 0036 D2B2     		uxtb	r2, r2
 396 0038 1A70     		strb	r2, [r3, #0]
 295:.\Generated_Source\PSoC5/VDAC8_2.c **** }
 397              		.loc 1 295 0
 398 003a 07F10C07 		add	r7, r7, #12
 399 003e BD46     		mov	sp, r7
 400 0040 80BC     		pop	{r7}
 401 0042 7047     		bx	lr
 402              		.cfi_endproc
 403              	.LFE7:
 404              		.size	VDAC8_2_DacTrim, .-VDAC8_2_DacTrim
 405              		.text
 406              	.Letext0:
 407              		.file 2 ".\\Generated_Source\\PSoC5\\cytypes.h"
 408              		.section	.debug_info,"",%progbits
 409              	.Ldebug_info0:
 410 0000 AC010000 		.4byte	0x1ac
 411 0004 0200     		.2byte	0x2
 412 0006 00000000 		.4byte	.Ldebug_abbrev0
 413 000a 04       		.byte	0x4
 414 000b 01       		.uleb128 0x1
 415 000c 7A010000 		.4byte	.LASF25
 416 0010 01       		.byte	0x1
 417 0011 CC010000 		.4byte	.LASF26
 418 0015 AA000000 		.4byte	.LASF27
 419 0019 00000000 		.4byte	.Ldebug_ranges0+0
 420 001d 00000000 		.4byte	0
 421 0021 00000000 		.4byte	0
 422 0025 00000000 		.4byte	.Ldebug_line0
 423 0029 02       		.uleb128 0x2
 424 002a 01       		.byte	0x1
 425 002b 06       		.byte	0x6
 426 002c 49000000 		.4byte	.LASF0
 427 0030 02       		.uleb128 0x2
 428 0031 01       		.byte	0x1
 429 0032 08       		.byte	0x8
 430 0033 55000000 		.4byte	.LASF1
 431 0037 02       		.uleb128 0x2
 432 0038 02       		.byte	0x2
 433 0039 05       		.byte	0x5
 434 003a 6A010000 		.4byte	.LASF2
 435 003e 02       		.uleb128 0x2
 436 003f 02       		.byte	0x2
 437 0040 07       		.byte	0x7
 438 0041 87000000 		.4byte	.LASF3
 439 0045 02       		.uleb128 0x2
 440 0046 04       		.byte	0x4
 441 0047 05       		.byte	0x5
 442 0048 C3010000 		.4byte	.LASF4
 443 004c 02       		.uleb128 0x2
 444 004d 04       		.byte	0x4
 445 004e 07       		.byte	0x7
 446 004f 68000000 		.4byte	.LASF5
ARM GAS  C:\Users\Brian\AppData\Local\Temp\ccXKxAlv.s 			page 14


 447 0053 02       		.uleb128 0x2
 448 0054 08       		.byte	0x8
 449 0055 05       		.byte	0x5
 450 0056 57010000 		.4byte	.LASF6
 451 005a 02       		.uleb128 0x2
 452 005b 08       		.byte	0x8
 453 005c 07       		.byte	0x7
 454 005d 35010000 		.4byte	.LASF7
 455 0061 03       		.uleb128 0x3
 456 0062 04       		.byte	0x4
 457 0063 05       		.byte	0x5
 458 0064 696E7400 		.ascii	"int\000"
 459 0068 02       		.uleb128 0x2
 460 0069 04       		.byte	0x4
 461 006a 07       		.byte	0x7
 462 006b 28010000 		.4byte	.LASF8
 463 006f 04       		.uleb128 0x4
 464 0070 74010000 		.4byte	.LASF12
 465 0074 02       		.byte	0x2
 466 0075 5B       		.byte	0x5b
 467 0076 30000000 		.4byte	0x30
 468 007a 02       		.uleb128 0x2
 469 007b 04       		.byte	0x4
 470 007c 04       		.byte	0x4
 471 007d 43000000 		.4byte	.LASF9
 472 0081 02       		.uleb128 0x2
 473 0082 08       		.byte	0x8
 474 0083 04       		.byte	0x4
 475 0084 02010000 		.4byte	.LASF10
 476 0088 02       		.uleb128 0x2
 477 0089 01       		.byte	0x1
 478 008a 08       		.byte	0x8
 479 008b 65010000 		.4byte	.LASF11
 480 008f 04       		.uleb128 0x4
 481 0090 63000000 		.4byte	.LASF13
 482 0094 02       		.byte	0x2
 483 0095 F0       		.byte	0xf0
 484 0096 9A000000 		.4byte	0x9a
 485 009a 05       		.uleb128 0x5
 486 009b 6F000000 		.4byte	0x6f
 487 009f 06       		.uleb128 0x6
 488 00a0 01       		.byte	0x1
 489 00a1 11000000 		.4byte	.LASF14
 490 00a5 01       		.byte	0x1
 491 00a6 37       		.byte	0x37
 492 00a7 01       		.byte	0x1
 493 00a8 00000000 		.4byte	.LFB0
 494 00ac 32000000 		.4byte	.LFE0
 495 00b0 00000000 		.4byte	.LLST0
 496 00b4 01       		.byte	0x1
 497 00b5 07       		.uleb128 0x7
 498 00b6 01       		.byte	0x1
 499 00b7 34000000 		.4byte	.LASF15
 500 00bb 01       		.byte	0x1
 501 00bc 60       		.byte	0x60
 502 00bd 01       		.byte	0x1
 503 00be 00000000 		.4byte	.LFB1
ARM GAS  C:\Users\Brian\AppData\Local\Temp\ccXKxAlv.s 			page 15


 504 00c2 42000000 		.4byte	.LFE1
 505 00c6 2C000000 		.4byte	.LLST1
 506 00ca 01       		.byte	0x1
 507 00cb 06       		.uleb128 0x6
 508 00cc 01       		.byte	0x1
 509 00cd 1A010000 		.4byte	.LASF16
 510 00d1 01       		.byte	0x1
 511 00d2 85       		.byte	0x85
 512 00d3 01       		.byte	0x1
 513 00d4 00000000 		.4byte	.LFB2
 514 00d8 32000000 		.4byte	.LFE2
 515 00dc 58000000 		.4byte	.LLST2
 516 00e0 01       		.byte	0x1
 517 00e1 07       		.uleb128 0x7
 518 00e2 01       		.byte	0x1
 519 00e3 7A000000 		.4byte	.LASF17
 520 00e7 01       		.byte	0x1
 521 00e8 A8       		.byte	0xa8
 522 00e9 01       		.byte	0x1
 523 00ea 00000000 		.4byte	.LFB3
 524 00ee 42000000 		.4byte	.LFE3
 525 00f2 84000000 		.4byte	.LLST3
 526 00f6 01       		.byte	0x1
 527 00f7 08       		.uleb128 0x8
 528 00f8 01       		.byte	0x1
 529 00f9 00000000 		.4byte	.LASF18
 530 00fd 01       		.byte	0x1
 531 00fe CA       		.byte	0xca
 532 00ff 01       		.byte	0x1
 533 0100 00000000 		.4byte	.LFB4
 534 0104 52000000 		.4byte	.LFE4
 535 0108 B0000000 		.4byte	.LLST4
 536 010c 01       		.byte	0x1
 537 010d 20010000 		.4byte	0x120
 538 0111 09       		.uleb128 0x9
 539 0112 51010000 		.4byte	.LASF20
 540 0116 01       		.byte	0x1
 541 0117 CA       		.byte	0xca
 542 0118 6F000000 		.4byte	0x6f
 543 011c 02       		.byte	0x2
 544 011d 91       		.byte	0x91
 545 011e 77       		.sleb128 -9
 546 011f 00       		.byte	0
 547 0120 0A       		.uleb128 0xa
 548 0121 01       		.byte	0x1
 549 0122 F1000000 		.4byte	.LASF19
 550 0126 01       		.byte	0x1
 551 0127 E4       		.byte	0xe4
 552 0128 01       		.byte	0x1
 553 0129 00000000 		.4byte	.LFB5
 554 012d 54000000 		.4byte	.LFE5
 555 0131 E8000000 		.4byte	.LLST5
 556 0135 01       		.byte	0x1
 557 0136 49010000 		.4byte	0x149
 558 013a 09       		.uleb128 0x9
 559 013b EB000000 		.4byte	.LASF21
 560 013f 01       		.byte	0x1
ARM GAS  C:\Users\Brian\AppData\Local\Temp\ccXKxAlv.s 			page 16


 561 0140 E4       		.byte	0xe4
 562 0141 6F000000 		.4byte	0x6f
 563 0145 02       		.byte	0x2
 564 0146 91       		.byte	0x91
 565 0147 77       		.sleb128 -9
 566 0148 00       		.byte	0
 567 0149 08       		.uleb128 0x8
 568 014a 01       		.byte	0x1
 569 014b 09010000 		.4byte	.LASF22
 570 014f 01       		.byte	0x1
 571 0150 FE       		.byte	0xfe
 572 0151 01       		.byte	0x1
 573 0152 00000000 		.4byte	.LFB6
 574 0156 20000000 		.4byte	.LFE6
 575 015a 20010000 		.4byte	.LLST6
 576 015e 01       		.byte	0x1
 577 015f 72010000 		.4byte	0x172
 578 0163 09       		.uleb128 0x9
 579 0164 1E000000 		.4byte	.LASF23
 580 0168 01       		.byte	0x1
 581 0169 FE       		.byte	0xfe
 582 016a 6F000000 		.4byte	0x6f
 583 016e 02       		.byte	0x2
 584 016f 91       		.byte	0x91
 585 0170 77       		.sleb128 -9
 586 0171 00       		.byte	0
 587 0172 0B       		.uleb128 0xb
 588 0173 01       		.byte	0x1
 589 0174 9A000000 		.4byte	.LASF24
 590 0178 01       		.byte	0x1
 591 0179 2101     		.2byte	0x121
 592 017b 01       		.byte	0x1
 593 017c 00000000 		.4byte	.LFB7
 594 0180 44000000 		.4byte	.LFE7
 595 0184 58010000 		.4byte	.LLST7
 596 0188 01       		.byte	0x1
 597 0189 9D010000 		.4byte	0x19d
 598 018d 0C       		.uleb128 0xc
 599 018e 4C010000 		.4byte	.LASF28
 600 0192 01       		.byte	0x1
 601 0193 2301     		.2byte	0x123
 602 0195 6F000000 		.4byte	0x6f
 603 0199 02       		.byte	0x2
 604 019a 91       		.byte	0x91
 605 019b 77       		.sleb128 -9
 606 019c 00       		.byte	0
 607 019d 0D       		.uleb128 0xd
 608 019e 24000000 		.4byte	.LASF29
 609 01a2 01       		.byte	0x1
 610 01a3 1B       		.byte	0x1b
 611 01a4 6F000000 		.4byte	0x6f
 612 01a8 01       		.byte	0x1
 613 01a9 05       		.byte	0x5
 614 01aa 03       		.byte	0x3
 615 01ab 00000000 		.4byte	VDAC8_2_initVar
 616 01af 00       		.byte	0
 617              		.section	.debug_abbrev,"",%progbits
ARM GAS  C:\Users\Brian\AppData\Local\Temp\ccXKxAlv.s 			page 17


 618              	.Ldebug_abbrev0:
 619 0000 01       		.uleb128 0x1
 620 0001 11       		.uleb128 0x11
 621 0002 01       		.byte	0x1
 622 0003 25       		.uleb128 0x25
 623 0004 0E       		.uleb128 0xe
 624 0005 13       		.uleb128 0x13
 625 0006 0B       		.uleb128 0xb
 626 0007 03       		.uleb128 0x3
 627 0008 0E       		.uleb128 0xe
 628 0009 1B       		.uleb128 0x1b
 629 000a 0E       		.uleb128 0xe
 630 000b 55       		.uleb128 0x55
 631 000c 06       		.uleb128 0x6
 632 000d 11       		.uleb128 0x11
 633 000e 01       		.uleb128 0x1
 634 000f 52       		.uleb128 0x52
 635 0010 01       		.uleb128 0x1
 636 0011 10       		.uleb128 0x10
 637 0012 06       		.uleb128 0x6
 638 0013 00       		.byte	0
 639 0014 00       		.byte	0
 640 0015 02       		.uleb128 0x2
 641 0016 24       		.uleb128 0x24
 642 0017 00       		.byte	0
 643 0018 0B       		.uleb128 0xb
 644 0019 0B       		.uleb128 0xb
 645 001a 3E       		.uleb128 0x3e
 646 001b 0B       		.uleb128 0xb
 647 001c 03       		.uleb128 0x3
 648 001d 0E       		.uleb128 0xe
 649 001e 00       		.byte	0
 650 001f 00       		.byte	0
 651 0020 03       		.uleb128 0x3
 652 0021 24       		.uleb128 0x24
 653 0022 00       		.byte	0
 654 0023 0B       		.uleb128 0xb
 655 0024 0B       		.uleb128 0xb
 656 0025 3E       		.uleb128 0x3e
 657 0026 0B       		.uleb128 0xb
 658 0027 03       		.uleb128 0x3
 659 0028 08       		.uleb128 0x8
 660 0029 00       		.byte	0
 661 002a 00       		.byte	0
 662 002b 04       		.uleb128 0x4
 663 002c 16       		.uleb128 0x16
 664 002d 00       		.byte	0
 665 002e 03       		.uleb128 0x3
 666 002f 0E       		.uleb128 0xe
 667 0030 3A       		.uleb128 0x3a
 668 0031 0B       		.uleb128 0xb
 669 0032 3B       		.uleb128 0x3b
 670 0033 0B       		.uleb128 0xb
 671 0034 49       		.uleb128 0x49
 672 0035 13       		.uleb128 0x13
 673 0036 00       		.byte	0
 674 0037 00       		.byte	0
ARM GAS  C:\Users\Brian\AppData\Local\Temp\ccXKxAlv.s 			page 18


 675 0038 05       		.uleb128 0x5
 676 0039 35       		.uleb128 0x35
 677 003a 00       		.byte	0
 678 003b 49       		.uleb128 0x49
 679 003c 13       		.uleb128 0x13
 680 003d 00       		.byte	0
 681 003e 00       		.byte	0
 682 003f 06       		.uleb128 0x6
 683 0040 2E       		.uleb128 0x2e
 684 0041 00       		.byte	0
 685 0042 3F       		.uleb128 0x3f
 686 0043 0C       		.uleb128 0xc
 687 0044 03       		.uleb128 0x3
 688 0045 0E       		.uleb128 0xe
 689 0046 3A       		.uleb128 0x3a
 690 0047 0B       		.uleb128 0xb
 691 0048 3B       		.uleb128 0x3b
 692 0049 0B       		.uleb128 0xb
 693 004a 27       		.uleb128 0x27
 694 004b 0C       		.uleb128 0xc
 695 004c 11       		.uleb128 0x11
 696 004d 01       		.uleb128 0x1
 697 004e 12       		.uleb128 0x12
 698 004f 01       		.uleb128 0x1
 699 0050 40       		.uleb128 0x40
 700 0051 06       		.uleb128 0x6
 701 0052 9642     		.uleb128 0x2116
 702 0054 0C       		.uleb128 0xc
 703 0055 00       		.byte	0
 704 0056 00       		.byte	0
 705 0057 07       		.uleb128 0x7
 706 0058 2E       		.uleb128 0x2e
 707 0059 00       		.byte	0
 708 005a 3F       		.uleb128 0x3f
 709 005b 0C       		.uleb128 0xc
 710 005c 03       		.uleb128 0x3
 711 005d 0E       		.uleb128 0xe
 712 005e 3A       		.uleb128 0x3a
 713 005f 0B       		.uleb128 0xb
 714 0060 3B       		.uleb128 0x3b
 715 0061 0B       		.uleb128 0xb
 716 0062 27       		.uleb128 0x27
 717 0063 0C       		.uleb128 0xc
 718 0064 11       		.uleb128 0x11
 719 0065 01       		.uleb128 0x1
 720 0066 12       		.uleb128 0x12
 721 0067 01       		.uleb128 0x1
 722 0068 40       		.uleb128 0x40
 723 0069 06       		.uleb128 0x6
 724 006a 9742     		.uleb128 0x2117
 725 006c 0C       		.uleb128 0xc
 726 006d 00       		.byte	0
 727 006e 00       		.byte	0
 728 006f 08       		.uleb128 0x8
 729 0070 2E       		.uleb128 0x2e
 730 0071 01       		.byte	0x1
 731 0072 3F       		.uleb128 0x3f
ARM GAS  C:\Users\Brian\AppData\Local\Temp\ccXKxAlv.s 			page 19


 732 0073 0C       		.uleb128 0xc
 733 0074 03       		.uleb128 0x3
 734 0075 0E       		.uleb128 0xe
 735 0076 3A       		.uleb128 0x3a
 736 0077 0B       		.uleb128 0xb
 737 0078 3B       		.uleb128 0x3b
 738 0079 0B       		.uleb128 0xb
 739 007a 27       		.uleb128 0x27
 740 007b 0C       		.uleb128 0xc
 741 007c 11       		.uleb128 0x11
 742 007d 01       		.uleb128 0x1
 743 007e 12       		.uleb128 0x12
 744 007f 01       		.uleb128 0x1
 745 0080 40       		.uleb128 0x40
 746 0081 06       		.uleb128 0x6
 747 0082 9742     		.uleb128 0x2117
 748 0084 0C       		.uleb128 0xc
 749 0085 01       		.uleb128 0x1
 750 0086 13       		.uleb128 0x13
 751 0087 00       		.byte	0
 752 0088 00       		.byte	0
 753 0089 09       		.uleb128 0x9
 754 008a 05       		.uleb128 0x5
 755 008b 00       		.byte	0
 756 008c 03       		.uleb128 0x3
 757 008d 0E       		.uleb128 0xe
 758 008e 3A       		.uleb128 0x3a
 759 008f 0B       		.uleb128 0xb
 760 0090 3B       		.uleb128 0x3b
 761 0091 0B       		.uleb128 0xb
 762 0092 49       		.uleb128 0x49
 763 0093 13       		.uleb128 0x13
 764 0094 02       		.uleb128 0x2
 765 0095 0A       		.uleb128 0xa
 766 0096 00       		.byte	0
 767 0097 00       		.byte	0
 768 0098 0A       		.uleb128 0xa
 769 0099 2E       		.uleb128 0x2e
 770 009a 01       		.byte	0x1
 771 009b 3F       		.uleb128 0x3f
 772 009c 0C       		.uleb128 0xc
 773 009d 03       		.uleb128 0x3
 774 009e 0E       		.uleb128 0xe
 775 009f 3A       		.uleb128 0x3a
 776 00a0 0B       		.uleb128 0xb
 777 00a1 3B       		.uleb128 0x3b
 778 00a2 0B       		.uleb128 0xb
 779 00a3 27       		.uleb128 0x27
 780 00a4 0C       		.uleb128 0xc
 781 00a5 11       		.uleb128 0x11
 782 00a6 01       		.uleb128 0x1
 783 00a7 12       		.uleb128 0x12
 784 00a8 01       		.uleb128 0x1
 785 00a9 40       		.uleb128 0x40
 786 00aa 06       		.uleb128 0x6
 787 00ab 9642     		.uleb128 0x2116
 788 00ad 0C       		.uleb128 0xc
ARM GAS  C:\Users\Brian\AppData\Local\Temp\ccXKxAlv.s 			page 20


 789 00ae 01       		.uleb128 0x1
 790 00af 13       		.uleb128 0x13
 791 00b0 00       		.byte	0
 792 00b1 00       		.byte	0
 793 00b2 0B       		.uleb128 0xb
 794 00b3 2E       		.uleb128 0x2e
 795 00b4 01       		.byte	0x1
 796 00b5 3F       		.uleb128 0x3f
 797 00b6 0C       		.uleb128 0xc
 798 00b7 03       		.uleb128 0x3
 799 00b8 0E       		.uleb128 0xe
 800 00b9 3A       		.uleb128 0x3a
 801 00ba 0B       		.uleb128 0xb
 802 00bb 3B       		.uleb128 0x3b
 803 00bc 05       		.uleb128 0x5
 804 00bd 27       		.uleb128 0x27
 805 00be 0C       		.uleb128 0xc
 806 00bf 11       		.uleb128 0x11
 807 00c0 01       		.uleb128 0x1
 808 00c1 12       		.uleb128 0x12
 809 00c2 01       		.uleb128 0x1
 810 00c3 40       		.uleb128 0x40
 811 00c4 06       		.uleb128 0x6
 812 00c5 9742     		.uleb128 0x2117
 813 00c7 0C       		.uleb128 0xc
 814 00c8 01       		.uleb128 0x1
 815 00c9 13       		.uleb128 0x13
 816 00ca 00       		.byte	0
 817 00cb 00       		.byte	0
 818 00cc 0C       		.uleb128 0xc
 819 00cd 34       		.uleb128 0x34
 820 00ce 00       		.byte	0
 821 00cf 03       		.uleb128 0x3
 822 00d0 0E       		.uleb128 0xe
 823 00d1 3A       		.uleb128 0x3a
 824 00d2 0B       		.uleb128 0xb
 825 00d3 3B       		.uleb128 0x3b
 826 00d4 05       		.uleb128 0x5
 827 00d5 49       		.uleb128 0x49
 828 00d6 13       		.uleb128 0x13
 829 00d7 02       		.uleb128 0x2
 830 00d8 0A       		.uleb128 0xa
 831 00d9 00       		.byte	0
 832 00da 00       		.byte	0
 833 00db 0D       		.uleb128 0xd
 834 00dc 34       		.uleb128 0x34
 835 00dd 00       		.byte	0
 836 00de 03       		.uleb128 0x3
 837 00df 0E       		.uleb128 0xe
 838 00e0 3A       		.uleb128 0x3a
 839 00e1 0B       		.uleb128 0xb
 840 00e2 3B       		.uleb128 0x3b
 841 00e3 0B       		.uleb128 0xb
 842 00e4 49       		.uleb128 0x49
 843 00e5 13       		.uleb128 0x13
 844 00e6 3F       		.uleb128 0x3f
 845 00e7 0C       		.uleb128 0xc
ARM GAS  C:\Users\Brian\AppData\Local\Temp\ccXKxAlv.s 			page 21


 846 00e8 02       		.uleb128 0x2
 847 00e9 0A       		.uleb128 0xa
 848 00ea 00       		.byte	0
 849 00eb 00       		.byte	0
 850 00ec 00       		.byte	0
 851              		.section	.debug_loc,"",%progbits
 852              	.Ldebug_loc0:
 853              	.LLST0:
 854 0000 00000000 		.4byte	.LFB0
 855 0004 02000000 		.4byte	.LCFI0
 856 0008 0200     		.2byte	0x2
 857 000a 7D       		.byte	0x7d
 858 000b 00       		.sleb128 0
 859 000c 02000000 		.4byte	.LCFI0
 860 0010 04000000 		.4byte	.LCFI1
 861 0014 0200     		.2byte	0x2
 862 0016 7D       		.byte	0x7d
 863 0017 08       		.sleb128 8
 864 0018 04000000 		.4byte	.LCFI1
 865 001c 32000000 		.4byte	.LFE0
 866 0020 0200     		.2byte	0x2
 867 0022 77       		.byte	0x77
 868 0023 08       		.sleb128 8
 869 0024 00000000 		.4byte	0
 870 0028 00000000 		.4byte	0
 871              	.LLST1:
 872 002c 00000000 		.4byte	.LFB1
 873 0030 02000000 		.4byte	.LCFI2
 874 0034 0200     		.2byte	0x2
 875 0036 7D       		.byte	0x7d
 876 0037 00       		.sleb128 0
 877 0038 02000000 		.4byte	.LCFI2
 878 003c 04000000 		.4byte	.LCFI3
 879 0040 0200     		.2byte	0x2
 880 0042 7D       		.byte	0x7d
 881 0043 04       		.sleb128 4
 882 0044 04000000 		.4byte	.LCFI3
 883 0048 42000000 		.4byte	.LFE1
 884 004c 0200     		.2byte	0x2
 885 004e 77       		.byte	0x77
 886 004f 04       		.sleb128 4
 887 0050 00000000 		.4byte	0
 888 0054 00000000 		.4byte	0
 889              	.LLST2:
 890 0058 00000000 		.4byte	.LFB2
 891 005c 02000000 		.4byte	.LCFI4
 892 0060 0200     		.2byte	0x2
 893 0062 7D       		.byte	0x7d
 894 0063 00       		.sleb128 0
 895 0064 02000000 		.4byte	.LCFI4
 896 0068 04000000 		.4byte	.LCFI5
 897 006c 0200     		.2byte	0x2
 898 006e 7D       		.byte	0x7d
 899 006f 08       		.sleb128 8
 900 0070 04000000 		.4byte	.LCFI5
 901 0074 32000000 		.4byte	.LFE2
 902 0078 0200     		.2byte	0x2
ARM GAS  C:\Users\Brian\AppData\Local\Temp\ccXKxAlv.s 			page 22


 903 007a 77       		.byte	0x77
 904 007b 08       		.sleb128 8
 905 007c 00000000 		.4byte	0
 906 0080 00000000 		.4byte	0
 907              	.LLST3:
 908 0084 00000000 		.4byte	.LFB3
 909 0088 02000000 		.4byte	.LCFI6
 910 008c 0200     		.2byte	0x2
 911 008e 7D       		.byte	0x7d
 912 008f 00       		.sleb128 0
 913 0090 02000000 		.4byte	.LCFI6
 914 0094 04000000 		.4byte	.LCFI7
 915 0098 0200     		.2byte	0x2
 916 009a 7D       		.byte	0x7d
 917 009b 04       		.sleb128 4
 918 009c 04000000 		.4byte	.LCFI7
 919 00a0 42000000 		.4byte	.LFE3
 920 00a4 0200     		.2byte	0x2
 921 00a6 77       		.byte	0x77
 922 00a7 04       		.sleb128 4
 923 00a8 00000000 		.4byte	0
 924 00ac 00000000 		.4byte	0
 925              	.LLST4:
 926 00b0 00000000 		.4byte	.LFB4
 927 00b4 02000000 		.4byte	.LCFI8
 928 00b8 0200     		.2byte	0x2
 929 00ba 7D       		.byte	0x7d
 930 00bb 00       		.sleb128 0
 931 00bc 02000000 		.4byte	.LCFI8
 932 00c0 04000000 		.4byte	.LCFI9
 933 00c4 0200     		.2byte	0x2
 934 00c6 7D       		.byte	0x7d
 935 00c7 04       		.sleb128 4
 936 00c8 04000000 		.4byte	.LCFI9
 937 00cc 06000000 		.4byte	.LCFI10
 938 00d0 0200     		.2byte	0x2
 939 00d2 7D       		.byte	0x7d
 940 00d3 10       		.sleb128 16
 941 00d4 06000000 		.4byte	.LCFI10
 942 00d8 52000000 		.4byte	.LFE4
 943 00dc 0200     		.2byte	0x2
 944 00de 77       		.byte	0x77
 945 00df 10       		.sleb128 16
 946 00e0 00000000 		.4byte	0
 947 00e4 00000000 		.4byte	0
 948              	.LLST5:
 949 00e8 00000000 		.4byte	.LFB5
 950 00ec 02000000 		.4byte	.LCFI11
 951 00f0 0200     		.2byte	0x2
 952 00f2 7D       		.byte	0x7d
 953 00f3 00       		.sleb128 0
 954 00f4 02000000 		.4byte	.LCFI11
 955 00f8 04000000 		.4byte	.LCFI12
 956 00fc 0200     		.2byte	0x2
 957 00fe 7D       		.byte	0x7d
 958 00ff 08       		.sleb128 8
 959 0100 04000000 		.4byte	.LCFI12
ARM GAS  C:\Users\Brian\AppData\Local\Temp\ccXKxAlv.s 			page 23


 960 0104 06000000 		.4byte	.LCFI13
 961 0108 0200     		.2byte	0x2
 962 010a 7D       		.byte	0x7d
 963 010b 10       		.sleb128 16
 964 010c 06000000 		.4byte	.LCFI13
 965 0110 54000000 		.4byte	.LFE5
 966 0114 0200     		.2byte	0x2
 967 0116 77       		.byte	0x77
 968 0117 10       		.sleb128 16
 969 0118 00000000 		.4byte	0
 970 011c 00000000 		.4byte	0
 971              	.LLST6:
 972 0120 00000000 		.4byte	.LFB6
 973 0124 02000000 		.4byte	.LCFI14
 974 0128 0200     		.2byte	0x2
 975 012a 7D       		.byte	0x7d
 976 012b 00       		.sleb128 0
 977 012c 02000000 		.4byte	.LCFI14
 978 0130 04000000 		.4byte	.LCFI15
 979 0134 0200     		.2byte	0x2
 980 0136 7D       		.byte	0x7d
 981 0137 04       		.sleb128 4
 982 0138 04000000 		.4byte	.LCFI15
 983 013c 06000000 		.4byte	.LCFI16
 984 0140 0200     		.2byte	0x2
 985 0142 7D       		.byte	0x7d
 986 0143 10       		.sleb128 16
 987 0144 06000000 		.4byte	.LCFI16
 988 0148 20000000 		.4byte	.LFE6
 989 014c 0200     		.2byte	0x2
 990 014e 77       		.byte	0x77
 991 014f 10       		.sleb128 16
 992 0150 00000000 		.4byte	0
 993 0154 00000000 		.4byte	0
 994              	.LLST7:
 995 0158 00000000 		.4byte	.LFB7
 996 015c 02000000 		.4byte	.LCFI17
 997 0160 0200     		.2byte	0x2
 998 0162 7D       		.byte	0x7d
 999 0163 00       		.sleb128 0
 1000 0164 02000000 		.4byte	.LCFI17
 1001 0168 04000000 		.4byte	.LCFI18
 1002 016c 0200     		.2byte	0x2
 1003 016e 7D       		.byte	0x7d
 1004 016f 04       		.sleb128 4
 1005 0170 04000000 		.4byte	.LCFI18
 1006 0174 06000000 		.4byte	.LCFI19
 1007 0178 0200     		.2byte	0x2
 1008 017a 7D       		.byte	0x7d
 1009 017b 10       		.sleb128 16
 1010 017c 06000000 		.4byte	.LCFI19
 1011 0180 44000000 		.4byte	.LFE7
 1012 0184 0200     		.2byte	0x2
 1013 0186 77       		.byte	0x77
 1014 0187 10       		.sleb128 16
 1015 0188 00000000 		.4byte	0
 1016 018c 00000000 		.4byte	0
ARM GAS  C:\Users\Brian\AppData\Local\Temp\ccXKxAlv.s 			page 24


 1017              		.section	.debug_aranges,"",%progbits
 1018 0000 54000000 		.4byte	0x54
 1019 0004 0200     		.2byte	0x2
 1020 0006 00000000 		.4byte	.Ldebug_info0
 1021 000a 04       		.byte	0x4
 1022 000b 00       		.byte	0
 1023 000c 0000     		.2byte	0
 1024 000e 0000     		.2byte	0
 1025 0010 00000000 		.4byte	.LFB0
 1026 0014 32000000 		.4byte	.LFE0-.LFB0
 1027 0018 00000000 		.4byte	.LFB1
 1028 001c 42000000 		.4byte	.LFE1-.LFB1
 1029 0020 00000000 		.4byte	.LFB2
 1030 0024 32000000 		.4byte	.LFE2-.LFB2
 1031 0028 00000000 		.4byte	.LFB3
 1032 002c 42000000 		.4byte	.LFE3-.LFB3
 1033 0030 00000000 		.4byte	.LFB4
 1034 0034 52000000 		.4byte	.LFE4-.LFB4
 1035 0038 00000000 		.4byte	.LFB5
 1036 003c 54000000 		.4byte	.LFE5-.LFB5
 1037 0040 00000000 		.4byte	.LFB6
 1038 0044 20000000 		.4byte	.LFE6-.LFB6
 1039 0048 00000000 		.4byte	.LFB7
 1040 004c 44000000 		.4byte	.LFE7-.LFB7
 1041 0050 00000000 		.4byte	0
 1042 0054 00000000 		.4byte	0
 1043              		.section	.debug_ranges,"",%progbits
 1044              	.Ldebug_ranges0:
 1045 0000 00000000 		.4byte	.LFB0
 1046 0004 32000000 		.4byte	.LFE0
 1047 0008 00000000 		.4byte	.LFB1
 1048 000c 42000000 		.4byte	.LFE1
 1049 0010 00000000 		.4byte	.LFB2
 1050 0014 32000000 		.4byte	.LFE2
 1051 0018 00000000 		.4byte	.LFB3
 1052 001c 42000000 		.4byte	.LFE3
 1053 0020 00000000 		.4byte	.LFB4
 1054 0024 52000000 		.4byte	.LFE4
 1055 0028 00000000 		.4byte	.LFB5
 1056 002c 54000000 		.4byte	.LFE5
 1057 0030 00000000 		.4byte	.LFB6
 1058 0034 20000000 		.4byte	.LFE6
 1059 0038 00000000 		.4byte	.LFB7
 1060 003c 44000000 		.4byte	.LFE7
 1061 0040 00000000 		.4byte	0
 1062 0044 00000000 		.4byte	0
 1063              		.section	.debug_line,"",%progbits
 1064              	.Ldebug_line0:
 1065 0000 F0000000 		.section	.debug_str,"MS",%progbits,1
 1065      02004600 
 1065      00000201 
 1065      FB0E0D00 
 1065      01010101 
 1066              	.LASF18:
 1067 0000 56444143 		.ascii	"VDAC8_2_SetSpeed\000"
 1067      385F325F 
 1067      53657453 
ARM GAS  C:\Users\Brian\AppData\Local\Temp\ccXKxAlv.s 			page 25


 1067      70656564 
 1067      00
 1068              	.LASF14:
 1069 0011 56444143 		.ascii	"VDAC8_2_Init\000"
 1069      385F325F 
 1069      496E6974 
 1069      00
 1070              	.LASF23:
 1071 001e 76616C75 		.ascii	"value\000"
 1071      6500
 1072              	.LASF29:
 1073 0024 56444143 		.ascii	"VDAC8_2_initVar\000"
 1073      385F325F 
 1073      696E6974 
 1073      56617200 
 1074              	.LASF15:
 1075 0034 56444143 		.ascii	"VDAC8_2_Enable\000"
 1075      385F325F 
 1075      456E6162 
 1075      6C6500
 1076              	.LASF9:
 1077 0043 666C6F61 		.ascii	"float\000"
 1077      7400
 1078              	.LASF0:
 1079 0049 7369676E 		.ascii	"signed char\000"
 1079      65642063 
 1079      68617200 
 1080              	.LASF1:
 1081 0055 756E7369 		.ascii	"unsigned char\000"
 1081      676E6564 
 1081      20636861 
 1081      7200
 1082              	.LASF13:
 1083 0063 72656738 		.ascii	"reg8\000"
 1083      00
 1084              	.LASF5:
 1085 0068 6C6F6E67 		.ascii	"long unsigned int\000"
 1085      20756E73 
 1085      69676E65 
 1085      6420696E 
 1085      7400
 1086              	.LASF17:
 1087 007a 56444143 		.ascii	"VDAC8_2_Stop\000"
 1087      385F325F 
 1087      53746F70 
 1087      00
 1088              	.LASF3:
 1089 0087 73686F72 		.ascii	"short unsigned int\000"
 1089      7420756E 
 1089      7369676E 
 1089      65642069 
 1089      6E7400
 1090              	.LASF24:
 1091 009a 56444143 		.ascii	"VDAC8_2_DacTrim\000"
 1091      385F325F 
 1091      44616354 
 1091      72696D00 
ARM GAS  C:\Users\Brian\AppData\Local\Temp\ccXKxAlv.s 			page 26


 1092              	.LASF27:
 1093 00aa 433A5C55 		.ascii	"C:\\Users\\Brian\\Dropbox\\RPiSoC\\Projects\\PSoC_2"
 1093      73657273 
 1093      5C427269 
 1093      616E5C44 
 1093      726F7062 
 1094 00d7 5F50695C 		.ascii	"_Pi\\PSoC_2_Pi.cydsn\000"
 1094      50536F43 
 1094      5F325F50 
 1094      692E6379 
 1094      64736E00 
 1095              	.LASF21:
 1096 00eb 72616E67 		.ascii	"range\000"
 1096      6500
 1097              	.LASF19:
 1098 00f1 56444143 		.ascii	"VDAC8_2_SetRange\000"
 1098      385F325F 
 1098      53657452 
 1098      616E6765 
 1098      00
 1099              	.LASF10:
 1100 0102 646F7562 		.ascii	"double\000"
 1100      6C6500
 1101              	.LASF22:
 1102 0109 56444143 		.ascii	"VDAC8_2_SetValue\000"
 1102      385F325F 
 1102      53657456 
 1102      616C7565 
 1102      00
 1103              	.LASF16:
 1104 011a 56444143 		.ascii	"VDAC8_2_Start\000"
 1104      385F325F 
 1104      53746172 
 1104      7400
 1105              	.LASF8:
 1106 0128 756E7369 		.ascii	"unsigned int\000"
 1106      676E6564 
 1106      20696E74 
 1106      00
 1107              	.LASF7:
 1108 0135 6C6F6E67 		.ascii	"long long unsigned int\000"
 1108      206C6F6E 
 1108      6720756E 
 1108      7369676E 
 1108      65642069 
 1109              	.LASF28:
 1110 014c 6D6F6465 		.ascii	"mode\000"
 1110      00
 1111              	.LASF20:
 1112 0151 73706565 		.ascii	"speed\000"
 1112      6400
 1113              	.LASF6:
 1114 0157 6C6F6E67 		.ascii	"long long int\000"
 1114      206C6F6E 
 1114      6720696E 
 1114      7400
 1115              	.LASF11:
ARM GAS  C:\Users\Brian\AppData\Local\Temp\ccXKxAlv.s 			page 27


 1116 0165 63686172 		.ascii	"char\000"
 1116      00
 1117              	.LASF2:
 1118 016a 73686F72 		.ascii	"short int\000"
 1118      7420696E 
 1118      7400
 1119              	.LASF12:
 1120 0174 75696E74 		.ascii	"uint8\000"
 1120      3800
 1121              	.LASF25:
 1122 017a 474E5520 		.ascii	"GNU C 4.7.3 20130312 (release) [ARM/embedded-4_7-br"
 1122      4320342E 
 1122      372E3320 
 1122      32303133 
 1122      30333132 
 1123 01ad 616E6368 		.ascii	"anch revision 196615]\000"
 1123      20726576 
 1123      6973696F 
 1123      6E203139 
 1123      36363135 
 1124              	.LASF4:
 1125 01c3 6C6F6E67 		.ascii	"long int\000"
 1125      20696E74 
 1125      00
 1126              	.LASF26:
 1127 01cc 2E5C4765 		.ascii	".\\Generated_Source\\PSoC5\\VDAC8_2.c\000"
 1127      6E657261 
 1127      7465645F 
 1127      536F7572 
 1127      63655C50 
 1128              		.ident	"GCC: (GNU Tools for ARM Embedded Processors) 4.7.3 20130312 (release) [ARM/embedded-4_7-br
