ARM GAS  C:\Users\Brian\AppData\Local\Temp\cc0Kmggc.s 			page 1


   1              		.syntax unified
   2              		.cpu cortex-m3
   3              		.fpu softvfp
   4              		.eabi_attribute 20, 1
   5              		.eabi_attribute 21, 1
   6              		.eabi_attribute 23, 3
   7              		.eabi_attribute 24, 1
   8              		.eabi_attribute 25, 1
   9              		.eabi_attribute 26, 1
  10              		.eabi_attribute 30, 6
  11              		.eabi_attribute 34, 1
  12              		.eabi_attribute 18, 4
  13              		.thumb
  14              		.file	"WaveDAC8_1_Wave2_DMA_dma.c"
  15              		.text
  16              	.Ltext0:
  17              		.cfi_sections	.debug_frame
  18              		.global	WaveDAC8_1_Wave2_DMA_DmaHandle
  19              		.data
  20              		.type	WaveDAC8_1_Wave2_DMA_DmaHandle, %object
  21              		.size	WaveDAC8_1_Wave2_DMA_DmaHandle, 1
  22              	WaveDAC8_1_Wave2_DMA_DmaHandle:
  23 0000 FF       		.byte	-1
  24              		.section	.text.WaveDAC8_1_Wave2_DMA_DmaInitialize,"ax",%progbits
  25              		.align	2
  26              		.global	WaveDAC8_1_Wave2_DMA_DmaInitialize
  27              		.thumb
  28              		.thumb_func
  29              		.type	WaveDAC8_1_Wave2_DMA_DmaInitialize, %function
  30              	WaveDAC8_1_Wave2_DMA_DmaInitialize:
  31              	.LFB0:
  32              		.file 1 ".\\Generated_Source\\PSoC5\\WaveDAC8_1_Wave2_DMA_dma.c"
   1:.\Generated_Source\PSoC5/WaveDAC8_1_Wave2_DMA_dma.c **** /***************************************************************************
   2:.\Generated_Source\PSoC5/WaveDAC8_1_Wave2_DMA_dma.c **** * File Name: WaveDAC8_1_Wave2_DMA_dma.c  
   3:.\Generated_Source\PSoC5/WaveDAC8_1_Wave2_DMA_dma.c **** * Version 1.70
   4:.\Generated_Source\PSoC5/WaveDAC8_1_Wave2_DMA_dma.c **** *
   5:.\Generated_Source\PSoC5/WaveDAC8_1_Wave2_DMA_dma.c **** *  Description:
   6:.\Generated_Source\PSoC5/WaveDAC8_1_Wave2_DMA_dma.c **** *   Provides an API for the DMAC component. The API includes functions
   7:.\Generated_Source\PSoC5/WaveDAC8_1_Wave2_DMA_dma.c **** *   for the DMA controller, DMA channels and Transfer Descriptors.
   8:.\Generated_Source\PSoC5/WaveDAC8_1_Wave2_DMA_dma.c **** *
   9:.\Generated_Source\PSoC5/WaveDAC8_1_Wave2_DMA_dma.c **** *
  10:.\Generated_Source\PSoC5/WaveDAC8_1_Wave2_DMA_dma.c **** *   Note:
  11:.\Generated_Source\PSoC5/WaveDAC8_1_Wave2_DMA_dma.c **** *     This module requires the developer to finish or fill in the auto
  12:.\Generated_Source\PSoC5/WaveDAC8_1_Wave2_DMA_dma.c **** *     generated funcions and setup the dma channel and TD's.
  13:.\Generated_Source\PSoC5/WaveDAC8_1_Wave2_DMA_dma.c **** *
  14:.\Generated_Source\PSoC5/WaveDAC8_1_Wave2_DMA_dma.c **** ********************************************************************************
  15:.\Generated_Source\PSoC5/WaveDAC8_1_Wave2_DMA_dma.c **** * Copyright 2008-2010, Cypress Semiconductor Corporation.  All rights reserved.
  16:.\Generated_Source\PSoC5/WaveDAC8_1_Wave2_DMA_dma.c **** * You may use this file only in accordance with the license, terms, conditions, 
  17:.\Generated_Source\PSoC5/WaveDAC8_1_Wave2_DMA_dma.c **** * disclaimers, and limitations in the end user license agreement accompanying 
  18:.\Generated_Source\PSoC5/WaveDAC8_1_Wave2_DMA_dma.c **** * the software package with which this file was provided.
  19:.\Generated_Source\PSoC5/WaveDAC8_1_Wave2_DMA_dma.c **** ********************************************************************************/
  20:.\Generated_Source\PSoC5/WaveDAC8_1_Wave2_DMA_dma.c **** #include <CYLIB.H>
  21:.\Generated_Source\PSoC5/WaveDAC8_1_Wave2_DMA_dma.c **** #include <CYDMAC.H>
  22:.\Generated_Source\PSoC5/WaveDAC8_1_Wave2_DMA_dma.c **** #include <WaveDAC8_1_Wave2_DMA_dma.H>
  23:.\Generated_Source\PSoC5/WaveDAC8_1_Wave2_DMA_dma.c **** 
  24:.\Generated_Source\PSoC5/WaveDAC8_1_Wave2_DMA_dma.c **** 
  25:.\Generated_Source\PSoC5/WaveDAC8_1_Wave2_DMA_dma.c **** 
ARM GAS  C:\Users\Brian\AppData\Local\Temp\cc0Kmggc.s 			page 2


  26:.\Generated_Source\PSoC5/WaveDAC8_1_Wave2_DMA_dma.c **** /****************************************************************************
  27:.\Generated_Source\PSoC5/WaveDAC8_1_Wave2_DMA_dma.c **** * 
  28:.\Generated_Source\PSoC5/WaveDAC8_1_Wave2_DMA_dma.c **** * The following defines are available in Cyfitter.h
  29:.\Generated_Source\PSoC5/WaveDAC8_1_Wave2_DMA_dma.c **** * 
  30:.\Generated_Source\PSoC5/WaveDAC8_1_Wave2_DMA_dma.c **** * 
  31:.\Generated_Source\PSoC5/WaveDAC8_1_Wave2_DMA_dma.c **** * 
  32:.\Generated_Source\PSoC5/WaveDAC8_1_Wave2_DMA_dma.c **** * WaveDAC8_1_Wave2_DMA__DRQ_CTL_REG
  33:.\Generated_Source\PSoC5/WaveDAC8_1_Wave2_DMA_dma.c **** * 
  34:.\Generated_Source\PSoC5/WaveDAC8_1_Wave2_DMA_dma.c **** * 
  35:.\Generated_Source\PSoC5/WaveDAC8_1_Wave2_DMA_dma.c **** * WaveDAC8_1_Wave2_DMA__DRQ_NUMBER
  36:.\Generated_Source\PSoC5/WaveDAC8_1_Wave2_DMA_dma.c **** * 
  37:.\Generated_Source\PSoC5/WaveDAC8_1_Wave2_DMA_dma.c **** * Number of TD's used by this channel.
  38:.\Generated_Source\PSoC5/WaveDAC8_1_Wave2_DMA_dma.c **** * WaveDAC8_1_Wave2_DMA__NUMBEROF_TDS
  39:.\Generated_Source\PSoC5/WaveDAC8_1_Wave2_DMA_dma.c **** * 
  40:.\Generated_Source\PSoC5/WaveDAC8_1_Wave2_DMA_dma.c **** * Priority of this channel.
  41:.\Generated_Source\PSoC5/WaveDAC8_1_Wave2_DMA_dma.c **** * WaveDAC8_1_Wave2_DMA__PRIORITY
  42:.\Generated_Source\PSoC5/WaveDAC8_1_Wave2_DMA_dma.c **** * 
  43:.\Generated_Source\PSoC5/WaveDAC8_1_Wave2_DMA_dma.c **** * True if WaveDAC8_1_Wave2_DMA_TERMIN_SEL is used.
  44:.\Generated_Source\PSoC5/WaveDAC8_1_Wave2_DMA_dma.c **** * WaveDAC8_1_Wave2_DMA__TERMIN_EN
  45:.\Generated_Source\PSoC5/WaveDAC8_1_Wave2_DMA_dma.c **** * 
  46:.\Generated_Source\PSoC5/WaveDAC8_1_Wave2_DMA_dma.c **** * TERMIN interrupt line to signal terminate.
  47:.\Generated_Source\PSoC5/WaveDAC8_1_Wave2_DMA_dma.c **** * WaveDAC8_1_Wave2_DMA__TERMIN_SEL
  48:.\Generated_Source\PSoC5/WaveDAC8_1_Wave2_DMA_dma.c **** * 
  49:.\Generated_Source\PSoC5/WaveDAC8_1_Wave2_DMA_dma.c **** * 
  50:.\Generated_Source\PSoC5/WaveDAC8_1_Wave2_DMA_dma.c **** * True if WaveDAC8_1_Wave2_DMA_TERMOUT0_SEL is used.
  51:.\Generated_Source\PSoC5/WaveDAC8_1_Wave2_DMA_dma.c **** * WaveDAC8_1_Wave2_DMA__TERMOUT0_EN
  52:.\Generated_Source\PSoC5/WaveDAC8_1_Wave2_DMA_dma.c **** * 
  53:.\Generated_Source\PSoC5/WaveDAC8_1_Wave2_DMA_dma.c **** * 
  54:.\Generated_Source\PSoC5/WaveDAC8_1_Wave2_DMA_dma.c **** * TERMOUT0 interrupt line to signal completion.
  55:.\Generated_Source\PSoC5/WaveDAC8_1_Wave2_DMA_dma.c **** * WaveDAC8_1_Wave2_DMA__TERMOUT0_SEL
  56:.\Generated_Source\PSoC5/WaveDAC8_1_Wave2_DMA_dma.c **** * 
  57:.\Generated_Source\PSoC5/WaveDAC8_1_Wave2_DMA_dma.c **** * 
  58:.\Generated_Source\PSoC5/WaveDAC8_1_Wave2_DMA_dma.c **** * True if WaveDAC8_1_Wave2_DMA_TERMOUT1_SEL is used.
  59:.\Generated_Source\PSoC5/WaveDAC8_1_Wave2_DMA_dma.c **** * WaveDAC8_1_Wave2_DMA__TERMOUT1_EN
  60:.\Generated_Source\PSoC5/WaveDAC8_1_Wave2_DMA_dma.c **** * 
  61:.\Generated_Source\PSoC5/WaveDAC8_1_Wave2_DMA_dma.c **** * 
  62:.\Generated_Source\PSoC5/WaveDAC8_1_Wave2_DMA_dma.c **** * TERMOUT1 interrupt line to signal completion.
  63:.\Generated_Source\PSoC5/WaveDAC8_1_Wave2_DMA_dma.c **** * WaveDAC8_1_Wave2_DMA__TERMOUT1_SEL
  64:.\Generated_Source\PSoC5/WaveDAC8_1_Wave2_DMA_dma.c **** * 
  65:.\Generated_Source\PSoC5/WaveDAC8_1_Wave2_DMA_dma.c **** ****************************************************************************/
  66:.\Generated_Source\PSoC5/WaveDAC8_1_Wave2_DMA_dma.c **** 
  67:.\Generated_Source\PSoC5/WaveDAC8_1_Wave2_DMA_dma.c **** 
  68:.\Generated_Source\PSoC5/WaveDAC8_1_Wave2_DMA_dma.c **** /* Zero based index of WaveDAC8_1_Wave2_DMA dma channel */
  69:.\Generated_Source\PSoC5/WaveDAC8_1_Wave2_DMA_dma.c **** uint8 WaveDAC8_1_Wave2_DMA_DmaHandle = DMA_INVALID_CHANNEL;
  70:.\Generated_Source\PSoC5/WaveDAC8_1_Wave2_DMA_dma.c **** 
  71:.\Generated_Source\PSoC5/WaveDAC8_1_Wave2_DMA_dma.c **** /*********************************************************************
  72:.\Generated_Source\PSoC5/WaveDAC8_1_Wave2_DMA_dma.c **** * Function Name: uint8 WaveDAC8_1_Wave2_DMA_DmaInitalize
  73:.\Generated_Source\PSoC5/WaveDAC8_1_Wave2_DMA_dma.c **** **********************************************************************
  74:.\Generated_Source\PSoC5/WaveDAC8_1_Wave2_DMA_dma.c **** * Summary:
  75:.\Generated_Source\PSoC5/WaveDAC8_1_Wave2_DMA_dma.c **** *   Allocates and initialises a channel of the DMAC to be used by the
  76:.\Generated_Source\PSoC5/WaveDAC8_1_Wave2_DMA_dma.c **** *   caller.
  77:.\Generated_Source\PSoC5/WaveDAC8_1_Wave2_DMA_dma.c **** *
  78:.\Generated_Source\PSoC5/WaveDAC8_1_Wave2_DMA_dma.c **** * Parameters:
  79:.\Generated_Source\PSoC5/WaveDAC8_1_Wave2_DMA_dma.c **** *   BurstCount.
  80:.\Generated_Source\PSoC5/WaveDAC8_1_Wave2_DMA_dma.c **** *       
  81:.\Generated_Source\PSoC5/WaveDAC8_1_Wave2_DMA_dma.c **** *       
  82:.\Generated_Source\PSoC5/WaveDAC8_1_Wave2_DMA_dma.c **** *   ReqestPerBurst.
ARM GAS  C:\Users\Brian\AppData\Local\Temp\cc0Kmggc.s 			page 3


  83:.\Generated_Source\PSoC5/WaveDAC8_1_Wave2_DMA_dma.c **** *       
  84:.\Generated_Source\PSoC5/WaveDAC8_1_Wave2_DMA_dma.c **** *       
  85:.\Generated_Source\PSoC5/WaveDAC8_1_Wave2_DMA_dma.c **** *   UpperSrcAddress.
  86:.\Generated_Source\PSoC5/WaveDAC8_1_Wave2_DMA_dma.c **** *       
  87:.\Generated_Source\PSoC5/WaveDAC8_1_Wave2_DMA_dma.c **** *       
  88:.\Generated_Source\PSoC5/WaveDAC8_1_Wave2_DMA_dma.c **** *   UpperDestAddress.
  89:.\Generated_Source\PSoC5/WaveDAC8_1_Wave2_DMA_dma.c **** *       
  90:.\Generated_Source\PSoC5/WaveDAC8_1_Wave2_DMA_dma.c **** *
  91:.\Generated_Source\PSoC5/WaveDAC8_1_Wave2_DMA_dma.c **** * Return:
  92:.\Generated_Source\PSoC5/WaveDAC8_1_Wave2_DMA_dma.c **** *   The channel that can be used by the caller for DMA activity.
  93:.\Generated_Source\PSoC5/WaveDAC8_1_Wave2_DMA_dma.c **** *   DMA_INVALID_CHANNEL (0xFF) if there are no channels left. 
  94:.\Generated_Source\PSoC5/WaveDAC8_1_Wave2_DMA_dma.c **** *
  95:.\Generated_Source\PSoC5/WaveDAC8_1_Wave2_DMA_dma.c **** *
  96:.\Generated_Source\PSoC5/WaveDAC8_1_Wave2_DMA_dma.c **** *******************************************************************/
  97:.\Generated_Source\PSoC5/WaveDAC8_1_Wave2_DMA_dma.c **** uint8 WaveDAC8_1_Wave2_DMA_DmaInitialize(uint8 BurstCount, uint8 ReqestPerBurst, uint16 UpperSrcAdd
  98:.\Generated_Source\PSoC5/WaveDAC8_1_Wave2_DMA_dma.c **** {
  33              		.loc 1 98 0
  34              		.cfi_startproc
  35              		@ args = 0, pretend = 0, frame = 8
  36              		@ frame_needed = 1, uses_anonymous_args = 0
  37 0000 80B5     		push	{r7, lr}
  38              	.LCFI0:
  39              		.cfi_def_cfa_offset 8
  40              		.cfi_offset 7, -8
  41              		.cfi_offset 14, -4
  42 0002 84B0     		sub	sp, sp, #16
  43              	.LCFI1:
  44              		.cfi_def_cfa_offset 24
  45 0004 02AF     		add	r7, sp, #8
  46              	.LCFI2:
  47              		.cfi_def_cfa 7, 16
  48 0006 F871     		strb	r0, [r7, #7]
  49 0008 B971     		strb	r1, [r7, #6]
  50 000a BA80     		strh	r2, [r7, #4]	@ movhi
  51 000c 7B80     		strh	r3, [r7, #2]	@ movhi
  99:.\Generated_Source\PSoC5/WaveDAC8_1_Wave2_DMA_dma.c **** 
 100:.\Generated_Source\PSoC5/WaveDAC8_1_Wave2_DMA_dma.c ****     /* Allocate a DMA channel. */
 101:.\Generated_Source\PSoC5/WaveDAC8_1_Wave2_DMA_dma.c ****     WaveDAC8_1_Wave2_DMA_DmaHandle = (uint8)WaveDAC8_1_Wave2_DMA__DRQ_NUMBER;
  52              		.loc 1 101 0
  53 000e 40F20003 		movw	r3, #:lower16:WaveDAC8_1_Wave2_DMA_DmaHandle
  54 0012 C0F20003 		movt	r3, #:upper16:WaveDAC8_1_Wave2_DMA_DmaHandle
  55 0016 4FF00302 		mov	r2, #3
  56 001a 1A70     		strb	r2, [r3, #0]
 102:.\Generated_Source\PSoC5/WaveDAC8_1_Wave2_DMA_dma.c **** 
 103:.\Generated_Source\PSoC5/WaveDAC8_1_Wave2_DMA_dma.c ****     /* Configure the channel. */
 104:.\Generated_Source\PSoC5/WaveDAC8_1_Wave2_DMA_dma.c ****     (void)CyDmaChSetConfiguration(WaveDAC8_1_Wave2_DMA_DmaHandle,
  57              		.loc 1 104 0
  58 001c 40F20003 		movw	r3, #:lower16:WaveDAC8_1_Wave2_DMA_DmaHandle
  59 0020 C0F20003 		movt	r3, #:upper16:WaveDAC8_1_Wave2_DMA_DmaHandle
  60 0024 1978     		ldrb	r1, [r3, #0]	@ zero_extendqisi2
  61 0026 FA79     		ldrb	r2, [r7, #7]	@ zero_extendqisi2
  62 0028 BB79     		ldrb	r3, [r7, #6]	@ zero_extendqisi2
  63 002a 4FF00000 		mov	r0, #0
  64 002e 0090     		str	r0, [sp, #0]
  65 0030 4FF00000 		mov	r0, #0
  66 0034 0190     		str	r0, [sp, #4]
  67 0036 0846     		mov	r0, r1
ARM GAS  C:\Users\Brian\AppData\Local\Temp\cc0Kmggc.s 			page 4


  68 0038 1146     		mov	r1, r2
  69 003a 1A46     		mov	r2, r3
  70 003c 4FF00003 		mov	r3, #0
  71 0040 FFF7FEFF 		bl	CyDmaChSetConfiguration
 105:.\Generated_Source\PSoC5/WaveDAC8_1_Wave2_DMA_dma.c ****                                   BurstCount,
 106:.\Generated_Source\PSoC5/WaveDAC8_1_Wave2_DMA_dma.c ****                                   ReqestPerBurst,
 107:.\Generated_Source\PSoC5/WaveDAC8_1_Wave2_DMA_dma.c ****                                   (uint8)WaveDAC8_1_Wave2_DMA__TERMOUT0_SEL,
 108:.\Generated_Source\PSoC5/WaveDAC8_1_Wave2_DMA_dma.c ****                                   (uint8)WaveDAC8_1_Wave2_DMA__TERMOUT1_SEL,
 109:.\Generated_Source\PSoC5/WaveDAC8_1_Wave2_DMA_dma.c ****                                   (uint8)WaveDAC8_1_Wave2_DMA__TERMIN_SEL);
 110:.\Generated_Source\PSoC5/WaveDAC8_1_Wave2_DMA_dma.c **** 
 111:.\Generated_Source\PSoC5/WaveDAC8_1_Wave2_DMA_dma.c ****     /* Set the extended address for the transfers */
 112:.\Generated_Source\PSoC5/WaveDAC8_1_Wave2_DMA_dma.c ****     (void)CyDmaChSetExtendedAddress(WaveDAC8_1_Wave2_DMA_DmaHandle, UpperSrcAddress, UpperDestAddre
  72              		.loc 1 112 0
  73 0044 40F20003 		movw	r3, #:lower16:WaveDAC8_1_Wave2_DMA_DmaHandle
  74 0048 C0F20003 		movt	r3, #:upper16:WaveDAC8_1_Wave2_DMA_DmaHandle
  75 004c 1978     		ldrb	r1, [r3, #0]	@ zero_extendqisi2
  76 004e BA88     		ldrh	r2, [r7, #4]
  77 0050 7B88     		ldrh	r3, [r7, #2]
  78 0052 0846     		mov	r0, r1
  79 0054 1146     		mov	r1, r2
  80 0056 1A46     		mov	r2, r3
  81 0058 FFF7FEFF 		bl	CyDmaChSetExtendedAddress
 113:.\Generated_Source\PSoC5/WaveDAC8_1_Wave2_DMA_dma.c **** 
 114:.\Generated_Source\PSoC5/WaveDAC8_1_Wave2_DMA_dma.c ****     /* Set the priority for this channel */
 115:.\Generated_Source\PSoC5/WaveDAC8_1_Wave2_DMA_dma.c ****     (void)CyDmaChPriority(WaveDAC8_1_Wave2_DMA_DmaHandle, (uint8)WaveDAC8_1_Wave2_DMA__PRIORITY);
  82              		.loc 1 115 0
  83 005c 40F20003 		movw	r3, #:lower16:WaveDAC8_1_Wave2_DMA_DmaHandle
  84 0060 C0F20003 		movt	r3, #:upper16:WaveDAC8_1_Wave2_DMA_DmaHandle
  85 0064 1B78     		ldrb	r3, [r3, #0]	@ zero_extendqisi2
  86 0066 1846     		mov	r0, r3
  87 0068 4FF00201 		mov	r1, #2
  88 006c FFF7FEFF 		bl	CyDmaChPriority
 116:.\Generated_Source\PSoC5/WaveDAC8_1_Wave2_DMA_dma.c ****     
 117:.\Generated_Source\PSoC5/WaveDAC8_1_Wave2_DMA_dma.c ****     return WaveDAC8_1_Wave2_DMA_DmaHandle;
  89              		.loc 1 117 0
  90 0070 40F20003 		movw	r3, #:lower16:WaveDAC8_1_Wave2_DMA_DmaHandle
  91 0074 C0F20003 		movt	r3, #:upper16:WaveDAC8_1_Wave2_DMA_DmaHandle
  92 0078 1B78     		ldrb	r3, [r3, #0]	@ zero_extendqisi2
 118:.\Generated_Source\PSoC5/WaveDAC8_1_Wave2_DMA_dma.c **** }
  93              		.loc 1 118 0
  94 007a 1846     		mov	r0, r3
  95 007c 07F10807 		add	r7, r7, #8
  96 0080 BD46     		mov	sp, r7
  97 0082 80BD     		pop	{r7, pc}
  98              		.cfi_endproc
  99              	.LFE0:
 100              		.size	WaveDAC8_1_Wave2_DMA_DmaInitialize, .-WaveDAC8_1_Wave2_DMA_DmaInitialize
 101              		.section	.text.WaveDAC8_1_Wave2_DMA_DmaRelease,"ax",%progbits
 102              		.align	2
 103              		.global	WaveDAC8_1_Wave2_DMA_DmaRelease
 104              		.thumb
 105              		.thumb_func
 106              		.type	WaveDAC8_1_Wave2_DMA_DmaRelease, %function
 107              	WaveDAC8_1_Wave2_DMA_DmaRelease:
 108              	.LFB1:
 119:.\Generated_Source\PSoC5/WaveDAC8_1_Wave2_DMA_dma.c **** 
 120:.\Generated_Source\PSoC5/WaveDAC8_1_Wave2_DMA_dma.c **** /*********************************************************************
ARM GAS  C:\Users\Brian\AppData\Local\Temp\cc0Kmggc.s 			page 5


 121:.\Generated_Source\PSoC5/WaveDAC8_1_Wave2_DMA_dma.c **** * Function Name: void WaveDAC8_1_Wave2_DMA_DmaRelease
 122:.\Generated_Source\PSoC5/WaveDAC8_1_Wave2_DMA_dma.c **** **********************************************************************
 123:.\Generated_Source\PSoC5/WaveDAC8_1_Wave2_DMA_dma.c **** * Summary:
 124:.\Generated_Source\PSoC5/WaveDAC8_1_Wave2_DMA_dma.c **** *   Frees the channel associated with WaveDAC8_1_Wave2_DMA.
 125:.\Generated_Source\PSoC5/WaveDAC8_1_Wave2_DMA_dma.c **** *
 126:.\Generated_Source\PSoC5/WaveDAC8_1_Wave2_DMA_dma.c **** *
 127:.\Generated_Source\PSoC5/WaveDAC8_1_Wave2_DMA_dma.c **** * Parameters:
 128:.\Generated_Source\PSoC5/WaveDAC8_1_Wave2_DMA_dma.c **** *   void.
 129:.\Generated_Source\PSoC5/WaveDAC8_1_Wave2_DMA_dma.c **** *
 130:.\Generated_Source\PSoC5/WaveDAC8_1_Wave2_DMA_dma.c **** *
 131:.\Generated_Source\PSoC5/WaveDAC8_1_Wave2_DMA_dma.c **** *
 132:.\Generated_Source\PSoC5/WaveDAC8_1_Wave2_DMA_dma.c **** * Return:
 133:.\Generated_Source\PSoC5/WaveDAC8_1_Wave2_DMA_dma.c **** *   void.
 134:.\Generated_Source\PSoC5/WaveDAC8_1_Wave2_DMA_dma.c **** *
 135:.\Generated_Source\PSoC5/WaveDAC8_1_Wave2_DMA_dma.c **** *******************************************************************/
 136:.\Generated_Source\PSoC5/WaveDAC8_1_Wave2_DMA_dma.c **** void WaveDAC8_1_Wave2_DMA_DmaRelease(void) 
 137:.\Generated_Source\PSoC5/WaveDAC8_1_Wave2_DMA_dma.c **** {
 109              		.loc 1 137 0
 110              		.cfi_startproc
 111              		@ args = 0, pretend = 0, frame = 0
 112              		@ frame_needed = 1, uses_anonymous_args = 0
 113 0000 80B5     		push	{r7, lr}
 114              	.LCFI3:
 115              		.cfi_def_cfa_offset 8
 116              		.cfi_offset 7, -8
 117              		.cfi_offset 14, -4
 118 0002 00AF     		add	r7, sp, #0
 119              	.LCFI4:
 120              		.cfi_def_cfa_register 7
 138:.\Generated_Source\PSoC5/WaveDAC8_1_Wave2_DMA_dma.c ****     /* Disable the channel */
 139:.\Generated_Source\PSoC5/WaveDAC8_1_Wave2_DMA_dma.c ****     (void)CyDmaChDisable(WaveDAC8_1_Wave2_DMA_DmaHandle);
 121              		.loc 1 139 0
 122 0004 40F20003 		movw	r3, #:lower16:WaveDAC8_1_Wave2_DMA_DmaHandle
 123 0008 C0F20003 		movt	r3, #:upper16:WaveDAC8_1_Wave2_DMA_DmaHandle
 124 000c 1B78     		ldrb	r3, [r3, #0]	@ zero_extendqisi2
 125 000e 1846     		mov	r0, r3
 126 0010 FFF7FEFF 		bl	CyDmaChDisable
 140:.\Generated_Source\PSoC5/WaveDAC8_1_Wave2_DMA_dma.c **** }
 127              		.loc 1 140 0
 128 0014 80BD     		pop	{r7, pc}
 129              		.cfi_endproc
 130              	.LFE1:
 131              		.size	WaveDAC8_1_Wave2_DMA_DmaRelease, .-WaveDAC8_1_Wave2_DMA_DmaRelease
 132 0016 00BF     		.text
 133              	.Letext0:
 134              		.file 2 "./Generated_Source/PSoC5/cytypes.h"
 135              		.section	.debug_info,"",%progbits
 136              	.Ldebug_info0:
 137 0000 1D010000 		.4byte	0x11d
 138 0004 0200     		.2byte	0x2
 139 0006 00000000 		.4byte	.Ldebug_abbrev0
 140 000a 04       		.byte	0x4
 141 000b 01       		.uleb128 0x1
 142 000c 36000000 		.4byte	.LASF19
 143 0010 01       		.byte	0x1
 144 0011 FC000000 		.4byte	.LASF20
 145 0015 AE000000 		.4byte	.LASF21
ARM GAS  C:\Users\Brian\AppData\Local\Temp\cc0Kmggc.s 			page 6


 146 0019 00000000 		.4byte	.Ldebug_ranges0+0
 147 001d 00000000 		.4byte	0
 148 0021 00000000 		.4byte	0
 149 0025 00000000 		.4byte	.Ldebug_line0
 150 0029 02       		.uleb128 0x2
 151 002a 01       		.byte	0x1
 152 002b 06       		.byte	0x6
 153 002c C8010000 		.4byte	.LASF0
 154 0030 02       		.uleb128 0x2
 155 0031 01       		.byte	0x1
 156 0032 08       		.byte	0x8
 157 0033 30010000 		.4byte	.LASF1
 158 0037 02       		.uleb128 0x2
 159 0038 02       		.byte	0x2
 160 0039 05       		.byte	0x5
 161 003a FA010000 		.4byte	.LASF2
 162 003e 02       		.uleb128 0x2
 163 003f 02       		.byte	0x2
 164 0040 07       		.byte	0x7
 165 0041 B5010000 		.4byte	.LASF3
 166 0045 03       		.uleb128 0x3
 167 0046 04       		.byte	0x4
 168 0047 05       		.byte	0x5
 169 0048 696E7400 		.ascii	"int\000"
 170 004c 02       		.uleb128 0x2
 171 004d 04       		.byte	0x4
 172 004e 07       		.byte	0x7
 173 004f 1E000000 		.4byte	.LASF4
 174 0053 02       		.uleb128 0x2
 175 0054 08       		.byte	0x8
 176 0055 05       		.byte	0x5
 177 0056 00000000 		.4byte	.LASF5
 178 005a 02       		.uleb128 0x2
 179 005b 08       		.byte	0x8
 180 005c 07       		.byte	0x7
 181 005d 97000000 		.4byte	.LASF6
 182 0061 02       		.uleb128 0x2
 183 0062 04       		.byte	0x4
 184 0063 05       		.byte	0x5
 185 0064 66010000 		.4byte	.LASF7
 186 0068 02       		.uleb128 0x2
 187 0069 04       		.byte	0x4
 188 006a 07       		.byte	0x7
 189 006b 0B020000 		.4byte	.LASF8
 190 006f 02       		.uleb128 0x2
 191 0070 04       		.byte	0x4
 192 0071 07       		.byte	0x7
 193 0072 85000000 		.4byte	.LASF9
 194 0076 02       		.uleb128 0x2
 195 0077 01       		.byte	0x1
 196 0078 08       		.byte	0x8
 197 0079 61010000 		.4byte	.LASF10
 198 007d 04       		.uleb128 0x4
 199 007e 7F000000 		.4byte	.LASF11
 200 0082 02       		.byte	0x2
 201 0083 5B       		.byte	0x5b
 202 0084 30000000 		.4byte	0x30
ARM GAS  C:\Users\Brian\AppData\Local\Temp\cc0Kmggc.s 			page 7


 203 0088 04       		.uleb128 0x4
 204 0089 04020000 		.4byte	.LASF12
 205 008d 02       		.byte	0x2
 206 008e 5C       		.byte	0x5c
 207 008f 3E000000 		.4byte	0x3e
 208 0093 02       		.uleb128 0x2
 209 0094 04       		.byte	0x4
 210 0095 04       		.byte	0x4
 211 0096 E3010000 		.4byte	.LASF13
 212 009a 02       		.uleb128 0x2
 213 009b 08       		.byte	0x8
 214 009c 04       		.byte	0x4
 215 009d AE010000 		.4byte	.LASF14
 216 00a1 05       		.uleb128 0x5
 217 00a2 01       		.byte	0x1
 218 00a3 3E010000 		.4byte	.LASF22
 219 00a7 01       		.byte	0x1
 220 00a8 61       		.byte	0x61
 221 00a9 01       		.byte	0x1
 222 00aa 7D000000 		.4byte	0x7d
 223 00ae 00000000 		.4byte	.LFB0
 224 00b2 84000000 		.4byte	.LFE0
 225 00b6 00000000 		.4byte	.LLST0
 226 00ba 01       		.byte	0x1
 227 00bb F8000000 		.4byte	0xf8
 228 00bf 06       		.uleb128 0x6
 229 00c0 2B000000 		.4byte	.LASF15
 230 00c4 01       		.byte	0x1
 231 00c5 61       		.byte	0x61
 232 00c6 7D000000 		.4byte	0x7d
 233 00ca 02       		.byte	0x2
 234 00cb 91       		.byte	0x91
 235 00cc 77       		.sleb128 -9
 236 00cd 06       		.uleb128 0x6
 237 00ce D4010000 		.4byte	.LASF16
 238 00d2 01       		.byte	0x1
 239 00d3 61       		.byte	0x61
 240 00d4 7D000000 		.4byte	0x7d
 241 00d8 02       		.byte	0x2
 242 00d9 91       		.byte	0x91
 243 00da 76       		.sleb128 -10
 244 00db 06       		.uleb128 0x6
 245 00dc 0E000000 		.4byte	.LASF17
 246 00e0 01       		.byte	0x1
 247 00e1 61       		.byte	0x61
 248 00e2 88000000 		.4byte	0x88
 249 00e6 02       		.byte	0x2
 250 00e7 91       		.byte	0x91
 251 00e8 74       		.sleb128 -12
 252 00e9 06       		.uleb128 0x6
 253 00ea E9010000 		.4byte	.LASF18
 254 00ee 01       		.byte	0x1
 255 00ef 61       		.byte	0x61
 256 00f0 88000000 		.4byte	0x88
 257 00f4 02       		.byte	0x2
 258 00f5 91       		.byte	0x91
 259 00f6 72       		.sleb128 -14
ARM GAS  C:\Users\Brian\AppData\Local\Temp\cc0Kmggc.s 			page 8


 260 00f7 00       		.byte	0
 261 00f8 07       		.uleb128 0x7
 262 00f9 01       		.byte	0x1
 263 00fa 8E010000 		.4byte	.LASF23
 264 00fe 01       		.byte	0x1
 265 00ff 88       		.byte	0x88
 266 0100 01       		.byte	0x1
 267 0101 00000000 		.4byte	.LFB1
 268 0105 16000000 		.4byte	.LFE1
 269 0109 38000000 		.4byte	.LLST1
 270 010d 01       		.byte	0x1
 271 010e 08       		.uleb128 0x8
 272 010f 6F010000 		.4byte	.LASF24
 273 0113 01       		.byte	0x1
 274 0114 45       		.byte	0x45
 275 0115 7D000000 		.4byte	0x7d
 276 0119 01       		.byte	0x1
 277 011a 05       		.byte	0x5
 278 011b 03       		.byte	0x3
 279 011c 00000000 		.4byte	WaveDAC8_1_Wave2_DMA_DmaHandle
 280 0120 00       		.byte	0
 281              		.section	.debug_abbrev,"",%progbits
 282              	.Ldebug_abbrev0:
 283 0000 01       		.uleb128 0x1
 284 0001 11       		.uleb128 0x11
 285 0002 01       		.byte	0x1
 286 0003 25       		.uleb128 0x25
 287 0004 0E       		.uleb128 0xe
 288 0005 13       		.uleb128 0x13
 289 0006 0B       		.uleb128 0xb
 290 0007 03       		.uleb128 0x3
 291 0008 0E       		.uleb128 0xe
 292 0009 1B       		.uleb128 0x1b
 293 000a 0E       		.uleb128 0xe
 294 000b 55       		.uleb128 0x55
 295 000c 06       		.uleb128 0x6
 296 000d 11       		.uleb128 0x11
 297 000e 01       		.uleb128 0x1
 298 000f 52       		.uleb128 0x52
 299 0010 01       		.uleb128 0x1
 300 0011 10       		.uleb128 0x10
 301 0012 06       		.uleb128 0x6
 302 0013 00       		.byte	0
 303 0014 00       		.byte	0
 304 0015 02       		.uleb128 0x2
 305 0016 24       		.uleb128 0x24
 306 0017 00       		.byte	0
 307 0018 0B       		.uleb128 0xb
 308 0019 0B       		.uleb128 0xb
 309 001a 3E       		.uleb128 0x3e
 310 001b 0B       		.uleb128 0xb
 311 001c 03       		.uleb128 0x3
 312 001d 0E       		.uleb128 0xe
 313 001e 00       		.byte	0
 314 001f 00       		.byte	0
 315 0020 03       		.uleb128 0x3
 316 0021 24       		.uleb128 0x24
ARM GAS  C:\Users\Brian\AppData\Local\Temp\cc0Kmggc.s 			page 9


 317 0022 00       		.byte	0
 318 0023 0B       		.uleb128 0xb
 319 0024 0B       		.uleb128 0xb
 320 0025 3E       		.uleb128 0x3e
 321 0026 0B       		.uleb128 0xb
 322 0027 03       		.uleb128 0x3
 323 0028 08       		.uleb128 0x8
 324 0029 00       		.byte	0
 325 002a 00       		.byte	0
 326 002b 04       		.uleb128 0x4
 327 002c 16       		.uleb128 0x16
 328 002d 00       		.byte	0
 329 002e 03       		.uleb128 0x3
 330 002f 0E       		.uleb128 0xe
 331 0030 3A       		.uleb128 0x3a
 332 0031 0B       		.uleb128 0xb
 333 0032 3B       		.uleb128 0x3b
 334 0033 0B       		.uleb128 0xb
 335 0034 49       		.uleb128 0x49
 336 0035 13       		.uleb128 0x13
 337 0036 00       		.byte	0
 338 0037 00       		.byte	0
 339 0038 05       		.uleb128 0x5
 340 0039 2E       		.uleb128 0x2e
 341 003a 01       		.byte	0x1
 342 003b 3F       		.uleb128 0x3f
 343 003c 0C       		.uleb128 0xc
 344 003d 03       		.uleb128 0x3
 345 003e 0E       		.uleb128 0xe
 346 003f 3A       		.uleb128 0x3a
 347 0040 0B       		.uleb128 0xb
 348 0041 3B       		.uleb128 0x3b
 349 0042 0B       		.uleb128 0xb
 350 0043 27       		.uleb128 0x27
 351 0044 0C       		.uleb128 0xc
 352 0045 49       		.uleb128 0x49
 353 0046 13       		.uleb128 0x13
 354 0047 11       		.uleb128 0x11
 355 0048 01       		.uleb128 0x1
 356 0049 12       		.uleb128 0x12
 357 004a 01       		.uleb128 0x1
 358 004b 40       		.uleb128 0x40
 359 004c 06       		.uleb128 0x6
 360 004d 9642     		.uleb128 0x2116
 361 004f 0C       		.uleb128 0xc
 362 0050 01       		.uleb128 0x1
 363 0051 13       		.uleb128 0x13
 364 0052 00       		.byte	0
 365 0053 00       		.byte	0
 366 0054 06       		.uleb128 0x6
 367 0055 05       		.uleb128 0x5
 368 0056 00       		.byte	0
 369 0057 03       		.uleb128 0x3
 370 0058 0E       		.uleb128 0xe
 371 0059 3A       		.uleb128 0x3a
 372 005a 0B       		.uleb128 0xb
 373 005b 3B       		.uleb128 0x3b
ARM GAS  C:\Users\Brian\AppData\Local\Temp\cc0Kmggc.s 			page 10


 374 005c 0B       		.uleb128 0xb
 375 005d 49       		.uleb128 0x49
 376 005e 13       		.uleb128 0x13
 377 005f 02       		.uleb128 0x2
 378 0060 0A       		.uleb128 0xa
 379 0061 00       		.byte	0
 380 0062 00       		.byte	0
 381 0063 07       		.uleb128 0x7
 382 0064 2E       		.uleb128 0x2e
 383 0065 00       		.byte	0
 384 0066 3F       		.uleb128 0x3f
 385 0067 0C       		.uleb128 0xc
 386 0068 03       		.uleb128 0x3
 387 0069 0E       		.uleb128 0xe
 388 006a 3A       		.uleb128 0x3a
 389 006b 0B       		.uleb128 0xb
 390 006c 3B       		.uleb128 0x3b
 391 006d 0B       		.uleb128 0xb
 392 006e 27       		.uleb128 0x27
 393 006f 0C       		.uleb128 0xc
 394 0070 11       		.uleb128 0x11
 395 0071 01       		.uleb128 0x1
 396 0072 12       		.uleb128 0x12
 397 0073 01       		.uleb128 0x1
 398 0074 40       		.uleb128 0x40
 399 0075 06       		.uleb128 0x6
 400 0076 9642     		.uleb128 0x2116
 401 0078 0C       		.uleb128 0xc
 402 0079 00       		.byte	0
 403 007a 00       		.byte	0
 404 007b 08       		.uleb128 0x8
 405 007c 34       		.uleb128 0x34
 406 007d 00       		.byte	0
 407 007e 03       		.uleb128 0x3
 408 007f 0E       		.uleb128 0xe
 409 0080 3A       		.uleb128 0x3a
 410 0081 0B       		.uleb128 0xb
 411 0082 3B       		.uleb128 0x3b
 412 0083 0B       		.uleb128 0xb
 413 0084 49       		.uleb128 0x49
 414 0085 13       		.uleb128 0x13
 415 0086 3F       		.uleb128 0x3f
 416 0087 0C       		.uleb128 0xc
 417 0088 02       		.uleb128 0x2
 418 0089 0A       		.uleb128 0xa
 419 008a 00       		.byte	0
 420 008b 00       		.byte	0
 421 008c 00       		.byte	0
 422              		.section	.debug_loc,"",%progbits
 423              	.Ldebug_loc0:
 424              	.LLST0:
 425 0000 00000000 		.4byte	.LFB0
 426 0004 02000000 		.4byte	.LCFI0
 427 0008 0200     		.2byte	0x2
 428 000a 7D       		.byte	0x7d
 429 000b 00       		.sleb128 0
 430 000c 02000000 		.4byte	.LCFI0
ARM GAS  C:\Users\Brian\AppData\Local\Temp\cc0Kmggc.s 			page 11


 431 0010 04000000 		.4byte	.LCFI1
 432 0014 0200     		.2byte	0x2
 433 0016 7D       		.byte	0x7d
 434 0017 08       		.sleb128 8
 435 0018 04000000 		.4byte	.LCFI1
 436 001c 06000000 		.4byte	.LCFI2
 437 0020 0200     		.2byte	0x2
 438 0022 7D       		.byte	0x7d
 439 0023 18       		.sleb128 24
 440 0024 06000000 		.4byte	.LCFI2
 441 0028 84000000 		.4byte	.LFE0
 442 002c 0200     		.2byte	0x2
 443 002e 77       		.byte	0x77
 444 002f 10       		.sleb128 16
 445 0030 00000000 		.4byte	0
 446 0034 00000000 		.4byte	0
 447              	.LLST1:
 448 0038 00000000 		.4byte	.LFB1
 449 003c 02000000 		.4byte	.LCFI3
 450 0040 0200     		.2byte	0x2
 451 0042 7D       		.byte	0x7d
 452 0043 00       		.sleb128 0
 453 0044 02000000 		.4byte	.LCFI3
 454 0048 04000000 		.4byte	.LCFI4
 455 004c 0200     		.2byte	0x2
 456 004e 7D       		.byte	0x7d
 457 004f 08       		.sleb128 8
 458 0050 04000000 		.4byte	.LCFI4
 459 0054 16000000 		.4byte	.LFE1
 460 0058 0200     		.2byte	0x2
 461 005a 77       		.byte	0x77
 462 005b 08       		.sleb128 8
 463 005c 00000000 		.4byte	0
 464 0060 00000000 		.4byte	0
 465              		.section	.debug_aranges,"",%progbits
 466 0000 24000000 		.4byte	0x24
 467 0004 0200     		.2byte	0x2
 468 0006 00000000 		.4byte	.Ldebug_info0
 469 000a 04       		.byte	0x4
 470 000b 00       		.byte	0
 471 000c 0000     		.2byte	0
 472 000e 0000     		.2byte	0
 473 0010 00000000 		.4byte	.LFB0
 474 0014 84000000 		.4byte	.LFE0-.LFB0
 475 0018 00000000 		.4byte	.LFB1
 476 001c 16000000 		.4byte	.LFE1-.LFB1
 477 0020 00000000 		.4byte	0
 478 0024 00000000 		.4byte	0
 479              		.section	.debug_ranges,"",%progbits
 480              	.Ldebug_ranges0:
 481 0000 00000000 		.4byte	.LFB0
 482 0004 84000000 		.4byte	.LFE0
 483 0008 00000000 		.4byte	.LFB1
 484 000c 16000000 		.4byte	.LFE1
 485 0010 00000000 		.4byte	0
 486 0014 00000000 		.4byte	0
 487              		.section	.debug_line,"",%progbits
ARM GAS  C:\Users\Brian\AppData\Local\Temp\cc0Kmggc.s 			page 12


 488              	.Ldebug_line0:
 489 0000 86000000 		.section	.debug_str,"MS",%progbits,1
 489      02005700 
 489      00000201 
 489      FB0E0D00 
 489      01010101 
 490              	.LASF5:
 491 0000 6C6F6E67 		.ascii	"long long int\000"
 491      206C6F6E 
 491      6720696E 
 491      7400
 492              	.LASF17:
 493 000e 55707065 		.ascii	"UpperSrcAddress\000"
 493      72537263 
 493      41646472 
 493      65737300 
 494              	.LASF4:
 495 001e 756E7369 		.ascii	"unsigned int\000"
 495      676E6564 
 495      20696E74 
 495      00
 496              	.LASF15:
 497 002b 42757273 		.ascii	"BurstCount\000"
 497      74436F75 
 497      6E7400
 498              	.LASF19:
 499 0036 474E5520 		.ascii	"GNU C 4.7.3 20130312 (release) [ARM/embedded-4_7-br"
 499      4320342E 
 499      372E3320 
 499      32303133 
 499      30333132 
 500 0069 616E6368 		.ascii	"anch revision 196615]\000"
 500      20726576 
 500      6973696F 
 500      6E203139 
 500      36363135 
 501              	.LASF11:
 502 007f 75696E74 		.ascii	"uint8\000"
 502      3800
 503              	.LASF9:
 504 0085 6C6F6E67 		.ascii	"long unsigned int\000"
 504      20756E73 
 504      69676E65 
 504      6420696E 
 504      7400
 505              	.LASF6:
 506 0097 6C6F6E67 		.ascii	"long long unsigned int\000"
 506      206C6F6E 
 506      6720756E 
 506      7369676E 
 506      65642069 
 507              	.LASF21:
 508 00ae 433A5C55 		.ascii	"C:\\Users\\Brian\\Dropbox\\RPiSoC\\Projects\\PSoC_2"
 508      73657273 
 508      5C427269 
 508      616E5C44 
 508      726F7062 
ARM GAS  C:\Users\Brian\AppData\Local\Temp\cc0Kmggc.s 			page 13


 509 00db 5F50695C 		.ascii	"_Pi\\PSoC Creator\\PSoC_2_Pi.cydsn\000"
 509      50536F43 
 509      20437265 
 509      61746F72 
 509      5C50536F 
 510              	.LASF20:
 511 00fc 2E5C4765 		.ascii	".\\Generated_Source\\PSoC5\\WaveDAC8_1_Wave2_DMA_dm"
 511      6E657261 
 511      7465645F 
 511      536F7572 
 511      63655C50 
 512 012c 612E6300 		.ascii	"a.c\000"
 513              	.LASF1:
 514 0130 756E7369 		.ascii	"unsigned char\000"
 514      676E6564 
 514      20636861 
 514      7200
 515              	.LASF22:
 516 013e 57617665 		.ascii	"WaveDAC8_1_Wave2_DMA_DmaInitialize\000"
 516      44414338 
 516      5F315F57 
 516      61766532 
 516      5F444D41 
 517              	.LASF10:
 518 0161 63686172 		.ascii	"char\000"
 518      00
 519              	.LASF7:
 520 0166 6C6F6E67 		.ascii	"long int\000"
 520      20696E74 
 520      00
 521              	.LASF24:
 522 016f 57617665 		.ascii	"WaveDAC8_1_Wave2_DMA_DmaHandle\000"
 522      44414338 
 522      5F315F57 
 522      61766532 
 522      5F444D41 
 523              	.LASF23:
 524 018e 57617665 		.ascii	"WaveDAC8_1_Wave2_DMA_DmaRelease\000"
 524      44414338 
 524      5F315F57 
 524      61766532 
 524      5F444D41 
 525              	.LASF14:
 526 01ae 646F7562 		.ascii	"double\000"
 526      6C6500
 527              	.LASF3:
 528 01b5 73686F72 		.ascii	"short unsigned int\000"
 528      7420756E 
 528      7369676E 
 528      65642069 
 528      6E7400
 529              	.LASF0:
 530 01c8 7369676E 		.ascii	"signed char\000"
 530      65642063 
 530      68617200 
 531              	.LASF16:
 532 01d4 52657165 		.ascii	"ReqestPerBurst\000"
ARM GAS  C:\Users\Brian\AppData\Local\Temp\cc0Kmggc.s 			page 14


 532      73745065 
 532      72427572 
 532      737400
 533              	.LASF13:
 534 01e3 666C6F61 		.ascii	"float\000"
 534      7400
 535              	.LASF18:
 536 01e9 55707065 		.ascii	"UpperDestAddress\000"
 536      72446573 
 536      74416464 
 536      72657373 
 536      00
 537              	.LASF2:
 538 01fa 73686F72 		.ascii	"short int\000"
 538      7420696E 
 538      7400
 539              	.LASF12:
 540 0204 75696E74 		.ascii	"uint16\000"
 540      313600
 541              	.LASF8:
 542 020b 73697A65 		.ascii	"sizetype\000"
 542      74797065 
 542      00
 543              		.ident	"GCC: (GNU Tools for ARM Embedded Processors) 4.7.3 20130312 (release) [ARM/embedded-4_7-br
