ARM GAS  C:\Users\Robert\AppData\Local\Temp\ccgSelWg.s 			page 1


   1              		.syntax unified
   2              		.cpu cortex-m3
   3              		.fpu softvfp
   4              		.eabi_attribute 20, 1
   5              		.eabi_attribute 21, 1
   6              		.eabi_attribute 23, 3
   7              		.eabi_attribute 24, 1
   8              		.eabi_attribute 25, 1
   9              		.eabi_attribute 26, 1
  10              		.eabi_attribute 30, 6
  11              		.eabi_attribute 34, 1
  12              		.eabi_attribute 18, 4
  13              		.thumb
  14              		.file	"ADC_DelSig_1_AMux.c"
  15              		.text
  16              	.Ltext0:
  17              		.cfi_sections	.debug_frame
  18              		.data
  19              		.type	ADC_DelSig_1_AMux_lastChannel, %object
  20              		.size	ADC_DelSig_1_AMux_lastChannel, 1
  21              	ADC_DelSig_1_AMux_lastChannel:
  22 0000 FF       		.byte	-1
  23              		.section	.text.ADC_DelSig_1_AMux_Start,"ax",%progbits
  24              		.align	2
  25              		.global	ADC_DelSig_1_AMux_Start
  26              		.thumb
  27              		.thumb_func
  28              		.type	ADC_DelSig_1_AMux_Start, %function
  29              	ADC_DelSig_1_AMux_Start:
  30              	.LFB0:
  31              		.file 1 ".\\Generated_Source\\PSoC5\\ADC_DelSig_1_AMux.c"
   1:.\Generated_Source\PSoC5/ADC_DelSig_1_AMux.c **** /*******************************************************************************
   2:.\Generated_Source\PSoC5/ADC_DelSig_1_AMux.c **** * File Name: ADC_DelSig_1_AMux.c
   3:.\Generated_Source\PSoC5/ADC_DelSig_1_AMux.c **** * Version 1.80
   4:.\Generated_Source\PSoC5/ADC_DelSig_1_AMux.c **** *
   5:.\Generated_Source\PSoC5/ADC_DelSig_1_AMux.c **** *  Description:
   6:.\Generated_Source\PSoC5/ADC_DelSig_1_AMux.c **** *    This file contains all functions required for the analog multiplexer
   7:.\Generated_Source\PSoC5/ADC_DelSig_1_AMux.c **** *    AMux User Module.
   8:.\Generated_Source\PSoC5/ADC_DelSig_1_AMux.c **** *
   9:.\Generated_Source\PSoC5/ADC_DelSig_1_AMux.c **** *   Note:
  10:.\Generated_Source\PSoC5/ADC_DelSig_1_AMux.c **** *
  11:.\Generated_Source\PSoC5/ADC_DelSig_1_AMux.c **** *******************************************************************************
  12:.\Generated_Source\PSoC5/ADC_DelSig_1_AMux.c **** * Copyright 2008-2010, Cypress Semiconductor Corporation.  All rights reserved.
  13:.\Generated_Source\PSoC5/ADC_DelSig_1_AMux.c **** * You may use this file only in accordance with the license, terms, conditions, 
  14:.\Generated_Source\PSoC5/ADC_DelSig_1_AMux.c **** * disclaimers, and limitations in the end user license agreement accompanying 
  15:.\Generated_Source\PSoC5/ADC_DelSig_1_AMux.c **** * the software package with which this file was provided.
  16:.\Generated_Source\PSoC5/ADC_DelSig_1_AMux.c **** ********************************************************************************/
  17:.\Generated_Source\PSoC5/ADC_DelSig_1_AMux.c **** 
  18:.\Generated_Source\PSoC5/ADC_DelSig_1_AMux.c **** #include "ADC_DelSig_1_AMux.h"
  19:.\Generated_Source\PSoC5/ADC_DelSig_1_AMux.c **** 
  20:.\Generated_Source\PSoC5/ADC_DelSig_1_AMux.c **** static uint8 ADC_DelSig_1_AMux_lastChannel = ADC_DelSig_1_AMux_NULL_CHANNEL;
  21:.\Generated_Source\PSoC5/ADC_DelSig_1_AMux.c **** 
  22:.\Generated_Source\PSoC5/ADC_DelSig_1_AMux.c **** 
  23:.\Generated_Source\PSoC5/ADC_DelSig_1_AMux.c **** /*******************************************************************************
  24:.\Generated_Source\PSoC5/ADC_DelSig_1_AMux.c **** * Function Name: ADC_DelSig_1_AMux_Start
  25:.\Generated_Source\PSoC5/ADC_DelSig_1_AMux.c **** ********************************************************************************
  26:.\Generated_Source\PSoC5/ADC_DelSig_1_AMux.c **** * Summary:
ARM GAS  C:\Users\Robert\AppData\Local\Temp\ccgSelWg.s 			page 2


  27:.\Generated_Source\PSoC5/ADC_DelSig_1_AMux.c **** *  Disconnect all channels.
  28:.\Generated_Source\PSoC5/ADC_DelSig_1_AMux.c **** *
  29:.\Generated_Source\PSoC5/ADC_DelSig_1_AMux.c **** * Parameters:
  30:.\Generated_Source\PSoC5/ADC_DelSig_1_AMux.c **** *  void
  31:.\Generated_Source\PSoC5/ADC_DelSig_1_AMux.c **** *
  32:.\Generated_Source\PSoC5/ADC_DelSig_1_AMux.c **** * Return:
  33:.\Generated_Source\PSoC5/ADC_DelSig_1_AMux.c **** *  void
  34:.\Generated_Source\PSoC5/ADC_DelSig_1_AMux.c **** *
  35:.\Generated_Source\PSoC5/ADC_DelSig_1_AMux.c **** *******************************************************************************/
  36:.\Generated_Source\PSoC5/ADC_DelSig_1_AMux.c **** void ADC_DelSig_1_AMux_Start(void) 
  37:.\Generated_Source\PSoC5/ADC_DelSig_1_AMux.c **** {
  32              		.loc 1 37 0
  33              		.cfi_startproc
  34              		@ args = 0, pretend = 0, frame = 8
  35              		@ frame_needed = 1, uses_anonymous_args = 0
  36 0000 80B5     		push	{r7, lr}
  37              	.LCFI0:
  38              		.cfi_def_cfa_offset 8
  39              		.cfi_offset 7, -8
  40              		.cfi_offset 14, -4
  41 0002 82B0     		sub	sp, sp, #8
  42              	.LCFI1:
  43              		.cfi_def_cfa_offset 16
  44 0004 00AF     		add	r7, sp, #0
  45              	.LCFI2:
  46              		.cfi_def_cfa_register 7
  38:.\Generated_Source\PSoC5/ADC_DelSig_1_AMux.c ****     uint8 chan;
  39:.\Generated_Source\PSoC5/ADC_DelSig_1_AMux.c **** 
  40:.\Generated_Source\PSoC5/ADC_DelSig_1_AMux.c ****     for(chan = 0u; chan < ADC_DelSig_1_AMux_CHANNELS ; chan++)
  47              		.loc 1 40 0
  48 0006 4FF00003 		mov	r3, #0
  49 000a FB71     		strb	r3, [r7, #7]
  50 000c 07E0     		b	.L2
  51              	.L3:
  41:.\Generated_Source\PSoC5/ADC_DelSig_1_AMux.c ****     {
  42:.\Generated_Source\PSoC5/ADC_DelSig_1_AMux.c **** #if (ADC_DelSig_1_AMux_MUXTYPE == ADC_DelSig_1_AMux_MUX_SINGLE)
  43:.\Generated_Source\PSoC5/ADC_DelSig_1_AMux.c ****         ADC_DelSig_1_AMux_Unset(chan);
  52              		.loc 1 43 0 discriminator 2
  53 000e FB79     		ldrb	r3, [r7, #7]	@ zero_extendqisi2
  54 0010 1846     		mov	r0, r3
  55 0012 FFF7FEFF 		bl	ADC_DelSig_1_AMux_Unset
  40:.\Generated_Source\PSoC5/ADC_DelSig_1_AMux.c ****     for(chan = 0u; chan < ADC_DelSig_1_AMux_CHANNELS ; chan++)
  56              		.loc 1 40 0 discriminator 2
  57 0016 FB79     		ldrb	r3, [r7, #7]
  58 0018 03F10103 		add	r3, r3, #1
  59 001c FB71     		strb	r3, [r7, #7]
  60              	.L2:
  40:.\Generated_Source\PSoC5/ADC_DelSig_1_AMux.c ****     for(chan = 0u; chan < ADC_DelSig_1_AMux_CHANNELS ; chan++)
  61              		.loc 1 40 0 is_stmt 0 discriminator 1
  62 001e FB79     		ldrb	r3, [r7, #7]	@ zero_extendqisi2
  63 0020 012B     		cmp	r3, #1
  64 0022 F4D9     		bls	.L3
  44:.\Generated_Source\PSoC5/ADC_DelSig_1_AMux.c **** #else
  45:.\Generated_Source\PSoC5/ADC_DelSig_1_AMux.c ****         ADC_DelSig_1_AMux_CYAMUXSIDE_A_Unset(chan);
  46:.\Generated_Source\PSoC5/ADC_DelSig_1_AMux.c ****         ADC_DelSig_1_AMux_CYAMUXSIDE_B_Unset(chan);
  47:.\Generated_Source\PSoC5/ADC_DelSig_1_AMux.c **** #endif
  48:.\Generated_Source\PSoC5/ADC_DelSig_1_AMux.c ****     }
ARM GAS  C:\Users\Robert\AppData\Local\Temp\ccgSelWg.s 			page 3


  49:.\Generated_Source\PSoC5/ADC_DelSig_1_AMux.c **** 
  50:.\Generated_Source\PSoC5/ADC_DelSig_1_AMux.c ****     ADC_DelSig_1_AMux_lastChannel = ADC_DelSig_1_AMux_NULL_CHANNEL;
  65              		.loc 1 50 0 is_stmt 1
  66 0024 40F20003 		movw	r3, #:lower16:ADC_DelSig_1_AMux_lastChannel
  67 0028 C0F20003 		movt	r3, #:upper16:ADC_DelSig_1_AMux_lastChannel
  68 002c 4FF0FF02 		mov	r2, #255
  69 0030 1A70     		strb	r2, [r3, #0]
  51:.\Generated_Source\PSoC5/ADC_DelSig_1_AMux.c **** }
  70              		.loc 1 51 0
  71 0032 07F10807 		add	r7, r7, #8
  72 0036 BD46     		mov	sp, r7
  73 0038 80BD     		pop	{r7, pc}
  74              		.cfi_endproc
  75              	.LFE0:
  76              		.size	ADC_DelSig_1_AMux_Start, .-ADC_DelSig_1_AMux_Start
  77 003a 00BF     		.section	.text.ADC_DelSig_1_AMux_Select,"ax",%progbits
  78              		.align	2
  79              		.global	ADC_DelSig_1_AMux_Select
  80              		.thumb
  81              		.thumb_func
  82              		.type	ADC_DelSig_1_AMux_Select, %function
  83              	ADC_DelSig_1_AMux_Select:
  84              	.LFB1:
  52:.\Generated_Source\PSoC5/ADC_DelSig_1_AMux.c **** 
  53:.\Generated_Source\PSoC5/ADC_DelSig_1_AMux.c **** 
  54:.\Generated_Source\PSoC5/ADC_DelSig_1_AMux.c **** #if (!ADC_DelSig_1_AMux_ATMOSTONE)
  55:.\Generated_Source\PSoC5/ADC_DelSig_1_AMux.c **** /*******************************************************************************
  56:.\Generated_Source\PSoC5/ADC_DelSig_1_AMux.c **** * Function Name: ADC_DelSig_1_AMux_Select
  57:.\Generated_Source\PSoC5/ADC_DelSig_1_AMux.c **** ********************************************************************************
  58:.\Generated_Source\PSoC5/ADC_DelSig_1_AMux.c **** * Summary:
  59:.\Generated_Source\PSoC5/ADC_DelSig_1_AMux.c **** *  This functions first disconnects all channels then connects the given
  60:.\Generated_Source\PSoC5/ADC_DelSig_1_AMux.c **** *  channel.
  61:.\Generated_Source\PSoC5/ADC_DelSig_1_AMux.c **** *
  62:.\Generated_Source\PSoC5/ADC_DelSig_1_AMux.c **** * Parameters:
  63:.\Generated_Source\PSoC5/ADC_DelSig_1_AMux.c **** *  channel:  The channel to connect to the common terminal.
  64:.\Generated_Source\PSoC5/ADC_DelSig_1_AMux.c **** *
  65:.\Generated_Source\PSoC5/ADC_DelSig_1_AMux.c **** * Return:
  66:.\Generated_Source\PSoC5/ADC_DelSig_1_AMux.c **** *  void
  67:.\Generated_Source\PSoC5/ADC_DelSig_1_AMux.c **** *
  68:.\Generated_Source\PSoC5/ADC_DelSig_1_AMux.c **** *******************************************************************************/
  69:.\Generated_Source\PSoC5/ADC_DelSig_1_AMux.c **** void ADC_DelSig_1_AMux_Select(uint8 channel) 
  70:.\Generated_Source\PSoC5/ADC_DelSig_1_AMux.c **** {
  85              		.loc 1 70 0
  86              		.cfi_startproc
  87              		@ args = 0, pretend = 0, frame = 8
  88              		@ frame_needed = 1, uses_anonymous_args = 0
  89 0000 80B5     		push	{r7, lr}
  90              	.LCFI3:
  91              		.cfi_def_cfa_offset 8
  92              		.cfi_offset 7, -8
  93              		.cfi_offset 14, -4
  94 0002 82B0     		sub	sp, sp, #8
  95              	.LCFI4:
  96              		.cfi_def_cfa_offset 16
  97 0004 00AF     		add	r7, sp, #0
  98              	.LCFI5:
  99              		.cfi_def_cfa_register 7
ARM GAS  C:\Users\Robert\AppData\Local\Temp\ccgSelWg.s 			page 4


 100 0006 0346     		mov	r3, r0
 101 0008 FB71     		strb	r3, [r7, #7]
  71:.\Generated_Source\PSoC5/ADC_DelSig_1_AMux.c ****     ADC_DelSig_1_AMux_DisconnectAll();        /* Disconnect all previous connections */
 102              		.loc 1 71 0
 103 000a FFF7FEFF 		bl	ADC_DelSig_1_AMux_Start
  72:.\Generated_Source\PSoC5/ADC_DelSig_1_AMux.c ****     ADC_DelSig_1_AMux_Connect(channel);       /* Make the given selection */
 104              		.loc 1 72 0
 105 000e FB79     		ldrb	r3, [r7, #7]	@ zero_extendqisi2
 106 0010 1846     		mov	r0, r3
 107 0012 FFF7FEFF 		bl	ADC_DelSig_1_AMux_Set
  73:.\Generated_Source\PSoC5/ADC_DelSig_1_AMux.c ****     ADC_DelSig_1_AMux_lastChannel = channel;  /* Update last channel */
 108              		.loc 1 73 0
 109 0016 40F20003 		movw	r3, #:lower16:ADC_DelSig_1_AMux_lastChannel
 110 001a C0F20003 		movt	r3, #:upper16:ADC_DelSig_1_AMux_lastChannel
 111 001e FA79     		ldrb	r2, [r7, #7]
 112 0020 1A70     		strb	r2, [r3, #0]
  74:.\Generated_Source\PSoC5/ADC_DelSig_1_AMux.c **** }
 113              		.loc 1 74 0
 114 0022 07F10807 		add	r7, r7, #8
 115 0026 BD46     		mov	sp, r7
 116 0028 80BD     		pop	{r7, pc}
 117              		.cfi_endproc
 118              	.LFE1:
 119              		.size	ADC_DelSig_1_AMux_Select, .-ADC_DelSig_1_AMux_Select
 120 002a 00BF     		.section	.text.ADC_DelSig_1_AMux_FastSelect,"ax",%progbits
 121              		.align	2
 122              		.global	ADC_DelSig_1_AMux_FastSelect
 123              		.thumb
 124              		.thumb_func
 125              		.type	ADC_DelSig_1_AMux_FastSelect, %function
 126              	ADC_DelSig_1_AMux_FastSelect:
 127              	.LFB2:
  75:.\Generated_Source\PSoC5/ADC_DelSig_1_AMux.c **** #endif
  76:.\Generated_Source\PSoC5/ADC_DelSig_1_AMux.c **** 
  77:.\Generated_Source\PSoC5/ADC_DelSig_1_AMux.c **** 
  78:.\Generated_Source\PSoC5/ADC_DelSig_1_AMux.c **** /*******************************************************************************
  79:.\Generated_Source\PSoC5/ADC_DelSig_1_AMux.c **** * Function Name: ADC_DelSig_1_AMux_FastSelect
  80:.\Generated_Source\PSoC5/ADC_DelSig_1_AMux.c **** ********************************************************************************
  81:.\Generated_Source\PSoC5/ADC_DelSig_1_AMux.c **** * Summary:
  82:.\Generated_Source\PSoC5/ADC_DelSig_1_AMux.c **** *  This function first disconnects the last connection made with FastSelect or
  83:.\Generated_Source\PSoC5/ADC_DelSig_1_AMux.c **** *  Select, then connects the given channel. The FastSelect function is similar
  84:.\Generated_Source\PSoC5/ADC_DelSig_1_AMux.c **** *  to the Select function, except it is faster since it only disconnects the
  85:.\Generated_Source\PSoC5/ADC_DelSig_1_AMux.c **** *  last channel selected rather than all channels.
  86:.\Generated_Source\PSoC5/ADC_DelSig_1_AMux.c **** *
  87:.\Generated_Source\PSoC5/ADC_DelSig_1_AMux.c **** * Parameters:
  88:.\Generated_Source\PSoC5/ADC_DelSig_1_AMux.c **** *  channel:  The channel to connect to the common terminal.
  89:.\Generated_Source\PSoC5/ADC_DelSig_1_AMux.c **** *
  90:.\Generated_Source\PSoC5/ADC_DelSig_1_AMux.c **** * Return:
  91:.\Generated_Source\PSoC5/ADC_DelSig_1_AMux.c **** *  void
  92:.\Generated_Source\PSoC5/ADC_DelSig_1_AMux.c **** *
  93:.\Generated_Source\PSoC5/ADC_DelSig_1_AMux.c **** *******************************************************************************/
  94:.\Generated_Source\PSoC5/ADC_DelSig_1_AMux.c **** void ADC_DelSig_1_AMux_FastSelect(uint8 channel) 
  95:.\Generated_Source\PSoC5/ADC_DelSig_1_AMux.c **** {
 128              		.loc 1 95 0
 129              		.cfi_startproc
 130              		@ args = 0, pretend = 0, frame = 8
 131              		@ frame_needed = 1, uses_anonymous_args = 0
ARM GAS  C:\Users\Robert\AppData\Local\Temp\ccgSelWg.s 			page 5


 132 0000 80B5     		push	{r7, lr}
 133              	.LCFI6:
 134              		.cfi_def_cfa_offset 8
 135              		.cfi_offset 7, -8
 136              		.cfi_offset 14, -4
 137 0002 82B0     		sub	sp, sp, #8
 138              	.LCFI7:
 139              		.cfi_def_cfa_offset 16
 140 0004 00AF     		add	r7, sp, #0
 141              	.LCFI8:
 142              		.cfi_def_cfa_register 7
 143 0006 0346     		mov	r3, r0
 144 0008 FB71     		strb	r3, [r7, #7]
  96:.\Generated_Source\PSoC5/ADC_DelSig_1_AMux.c ****     /* Disconnect the last valid channel */
  97:.\Generated_Source\PSoC5/ADC_DelSig_1_AMux.c ****     if( ADC_DelSig_1_AMux_lastChannel != ADC_DelSig_1_AMux_NULL_CHANNEL)
 145              		.loc 1 97 0
 146 000a 40F20003 		movw	r3, #:lower16:ADC_DelSig_1_AMux_lastChannel
 147 000e C0F20003 		movt	r3, #:upper16:ADC_DelSig_1_AMux_lastChannel
 148 0012 1B78     		ldrb	r3, [r3, #0]	@ zero_extendqisi2
 149 0014 FF2B     		cmp	r3, #255
 150 0016 07D0     		beq	.L6
  98:.\Generated_Source\PSoC5/ADC_DelSig_1_AMux.c ****     {
  99:.\Generated_Source\PSoC5/ADC_DelSig_1_AMux.c ****         ADC_DelSig_1_AMux_Disconnect(ADC_DelSig_1_AMux_lastChannel);
 151              		.loc 1 99 0
 152 0018 40F20003 		movw	r3, #:lower16:ADC_DelSig_1_AMux_lastChannel
 153 001c C0F20003 		movt	r3, #:upper16:ADC_DelSig_1_AMux_lastChannel
 154 0020 1B78     		ldrb	r3, [r3, #0]	@ zero_extendqisi2
 155 0022 1846     		mov	r0, r3
 156 0024 FFF7FEFF 		bl	ADC_DelSig_1_AMux_Unset
 157              	.L6:
 100:.\Generated_Source\PSoC5/ADC_DelSig_1_AMux.c ****     }
 101:.\Generated_Source\PSoC5/ADC_DelSig_1_AMux.c **** 
 102:.\Generated_Source\PSoC5/ADC_DelSig_1_AMux.c ****     /* Make the new channel connection */
 103:.\Generated_Source\PSoC5/ADC_DelSig_1_AMux.c **** #if (ADC_DelSig_1_AMux_MUXTYPE == ADC_DelSig_1_AMux_MUX_SINGLE)
 104:.\Generated_Source\PSoC5/ADC_DelSig_1_AMux.c ****     ADC_DelSig_1_AMux_Set(channel);
 158              		.loc 1 104 0
 159 0028 FB79     		ldrb	r3, [r7, #7]	@ zero_extendqisi2
 160 002a 1846     		mov	r0, r3
 161 002c FFF7FEFF 		bl	ADC_DelSig_1_AMux_Set
 105:.\Generated_Source\PSoC5/ADC_DelSig_1_AMux.c **** #else
 106:.\Generated_Source\PSoC5/ADC_DelSig_1_AMux.c ****     ADC_DelSig_1_AMux_CYAMUXSIDE_A_Set(channel);
 107:.\Generated_Source\PSoC5/ADC_DelSig_1_AMux.c ****     ADC_DelSig_1_AMux_CYAMUXSIDE_B_Set(channel);
 108:.\Generated_Source\PSoC5/ADC_DelSig_1_AMux.c **** #endif
 109:.\Generated_Source\PSoC5/ADC_DelSig_1_AMux.c **** 
 110:.\Generated_Source\PSoC5/ADC_DelSig_1_AMux.c **** 
 111:.\Generated_Source\PSoC5/ADC_DelSig_1_AMux.c ****     ADC_DelSig_1_AMux_lastChannel = channel;   /* Update last channel */
 162              		.loc 1 111 0
 163 0030 40F20003 		movw	r3, #:lower16:ADC_DelSig_1_AMux_lastChannel
 164 0034 C0F20003 		movt	r3, #:upper16:ADC_DelSig_1_AMux_lastChannel
 165 0038 FA79     		ldrb	r2, [r7, #7]
 166 003a 1A70     		strb	r2, [r3, #0]
 112:.\Generated_Source\PSoC5/ADC_DelSig_1_AMux.c **** }
 167              		.loc 1 112 0
 168 003c 07F10807 		add	r7, r7, #8
 169 0040 BD46     		mov	sp, r7
 170 0042 80BD     		pop	{r7, pc}
 171              		.cfi_endproc
ARM GAS  C:\Users\Robert\AppData\Local\Temp\ccgSelWg.s 			page 6


 172              	.LFE2:
 173              		.size	ADC_DelSig_1_AMux_FastSelect, .-ADC_DelSig_1_AMux_FastSelect
 174              		.text
 175              	.Letext0:
 176              		.file 2 ".\\Generated_Source\\PSoC5\\cytypes.h"
 177              		.section	.debug_info,"",%progbits
 178              	.Ldebug_info0:
 179 0000 18010000 		.4byte	0x118
 180 0004 0200     		.2byte	0x2
 181 0006 00000000 		.4byte	.Ldebug_abbrev0
 182 000a 04       		.byte	0x4
 183 000b 01       		.uleb128 0x1
 184 000c 3F010000 		.4byte	.LASF18
 185 0010 01       		.byte	0x1
 186 0011 4D000000 		.4byte	.LASF19
 187 0015 A6000000 		.4byte	.LASF20
 188 0019 00000000 		.4byte	.Ldebug_ranges0+0
 189 001d 00000000 		.4byte	0
 190 0021 00000000 		.4byte	0
 191 0025 00000000 		.4byte	.Ldebug_line0
 192 0029 02       		.uleb128 0x2
 193 002a 01       		.byte	0x1
 194 002b 06       		.byte	0x6
 195 002c 91010000 		.4byte	.LASF0
 196 0030 02       		.uleb128 0x2
 197 0031 01       		.byte	0x1
 198 0032 08       		.byte	0x8
 199 0033 26000000 		.4byte	.LASF1
 200 0037 02       		.uleb128 0x2
 201 0038 02       		.byte	0x2
 202 0039 05       		.byte	0x5
 203 003a 2F010000 		.4byte	.LASF2
 204 003e 02       		.uleb128 0x2
 205 003f 02       		.byte	0x2
 206 0040 07       		.byte	0x7
 207 0041 8C000000 		.4byte	.LASF3
 208 0045 02       		.uleb128 0x2
 209 0046 04       		.byte	0x4
 210 0047 05       		.byte	0x5
 211 0048 88010000 		.4byte	.LASF4
 212 004c 02       		.uleb128 0x2
 213 004d 04       		.byte	0x4
 214 004e 07       		.byte	0x7
 215 004f 7A000000 		.4byte	.LASF5
 216 0053 02       		.uleb128 0x2
 217 0054 08       		.byte	0x8
 218 0055 05       		.byte	0x5
 219 0056 1C010000 		.4byte	.LASF6
 220 005a 02       		.uleb128 0x2
 221 005b 08       		.byte	0x8
 222 005c 07       		.byte	0x7
 223 005d 00010000 		.4byte	.LASF7
 224 0061 03       		.uleb128 0x3
 225 0062 04       		.byte	0x4
 226 0063 05       		.byte	0x5
 227 0064 696E7400 		.ascii	"int\000"
 228 0068 02       		.uleb128 0x2
ARM GAS  C:\Users\Robert\AppData\Local\Temp\ccgSelWg.s 			page 7


 229 0069 04       		.byte	0x4
 230 006a 07       		.byte	0x7
 231 006b F3000000 		.4byte	.LASF8
 232 006f 04       		.uleb128 0x4
 233 0070 39010000 		.4byte	.LASF21
 234 0074 02       		.byte	0x2
 235 0075 5B       		.byte	0x5b
 236 0076 30000000 		.4byte	0x30
 237 007a 02       		.uleb128 0x2
 238 007b 04       		.byte	0x4
 239 007c 04       		.byte	0x4
 240 007d 20000000 		.4byte	.LASF9
 241 0081 02       		.uleb128 0x2
 242 0082 08       		.byte	0x8
 243 0083 04       		.byte	0x4
 244 0084 9F000000 		.4byte	.LASF10
 245 0088 02       		.uleb128 0x2
 246 0089 01       		.byte	0x1
 247 008a 08       		.byte	0x8
 248 008b 2A010000 		.4byte	.LASF11
 249 008f 05       		.uleb128 0x5
 250 0090 01       		.byte	0x1
 251 0091 08000000 		.4byte	.LASF12
 252 0095 01       		.byte	0x1
 253 0096 24       		.byte	0x24
 254 0097 01       		.byte	0x1
 255 0098 00000000 		.4byte	.LFB0
 256 009c 3A000000 		.4byte	.LFE0
 257 00a0 00000000 		.4byte	.LLST0
 258 00a4 01       		.byte	0x1
 259 00a5 B8000000 		.4byte	0xb8
 260 00a9 06       		.uleb128 0x6
 261 00aa 17010000 		.4byte	.LASF16
 262 00ae 01       		.byte	0x1
 263 00af 26       		.byte	0x26
 264 00b0 6F000000 		.4byte	0x6f
 265 00b4 02       		.byte	0x2
 266 00b5 91       		.byte	0x91
 267 00b6 77       		.sleb128 -9
 268 00b7 00       		.byte	0
 269 00b8 05       		.uleb128 0x5
 270 00b9 01       		.byte	0x1
 271 00ba 34000000 		.4byte	.LASF13
 272 00be 01       		.byte	0x1
 273 00bf 45       		.byte	0x45
 274 00c0 01       		.byte	0x1
 275 00c1 00000000 		.4byte	.LFB1
 276 00c5 2A000000 		.4byte	.LFE1
 277 00c9 38000000 		.4byte	.LLST1
 278 00cd 01       		.byte	0x1
 279 00ce E1000000 		.4byte	0xe1
 280 00d2 07       		.uleb128 0x7
 281 00d3 00000000 		.4byte	.LASF15
 282 00d7 01       		.byte	0x1
 283 00d8 45       		.byte	0x45
 284 00d9 6F000000 		.4byte	0x6f
 285 00dd 02       		.byte	0x2
ARM GAS  C:\Users\Robert\AppData\Local\Temp\ccgSelWg.s 			page 8


 286 00de 91       		.byte	0x91
 287 00df 77       		.sleb128 -9
 288 00e0 00       		.byte	0
 289 00e1 05       		.uleb128 0x5
 290 00e2 01       		.byte	0x1
 291 00e3 BB010000 		.4byte	.LASF14
 292 00e7 01       		.byte	0x1
 293 00e8 5E       		.byte	0x5e
 294 00e9 01       		.byte	0x1
 295 00ea 00000000 		.4byte	.LFB2
 296 00ee 44000000 		.4byte	.LFE2
 297 00f2 70000000 		.4byte	.LLST2
 298 00f6 01       		.byte	0x1
 299 00f7 0A010000 		.4byte	0x10a
 300 00fb 07       		.uleb128 0x7
 301 00fc 00000000 		.4byte	.LASF15
 302 0100 01       		.byte	0x1
 303 0101 5E       		.byte	0x5e
 304 0102 6F000000 		.4byte	0x6f
 305 0106 02       		.byte	0x2
 306 0107 91       		.byte	0x91
 307 0108 77       		.sleb128 -9
 308 0109 00       		.byte	0
 309 010a 06       		.uleb128 0x6
 310 010b 9D010000 		.4byte	.LASF17
 311 010f 01       		.byte	0x1
 312 0110 14       		.byte	0x14
 313 0111 6F000000 		.4byte	0x6f
 314 0115 05       		.byte	0x5
 315 0116 03       		.byte	0x3
 316 0117 00000000 		.4byte	ADC_DelSig_1_AMux_lastChannel
 317 011b 00       		.byte	0
 318              		.section	.debug_abbrev,"",%progbits
 319              	.Ldebug_abbrev0:
 320 0000 01       		.uleb128 0x1
 321 0001 11       		.uleb128 0x11
 322 0002 01       		.byte	0x1
 323 0003 25       		.uleb128 0x25
 324 0004 0E       		.uleb128 0xe
 325 0005 13       		.uleb128 0x13
 326 0006 0B       		.uleb128 0xb
 327 0007 03       		.uleb128 0x3
 328 0008 0E       		.uleb128 0xe
 329 0009 1B       		.uleb128 0x1b
 330 000a 0E       		.uleb128 0xe
 331 000b 55       		.uleb128 0x55
 332 000c 06       		.uleb128 0x6
 333 000d 11       		.uleb128 0x11
 334 000e 01       		.uleb128 0x1
 335 000f 52       		.uleb128 0x52
 336 0010 01       		.uleb128 0x1
 337 0011 10       		.uleb128 0x10
 338 0012 06       		.uleb128 0x6
 339 0013 00       		.byte	0
 340 0014 00       		.byte	0
 341 0015 02       		.uleb128 0x2
 342 0016 24       		.uleb128 0x24
ARM GAS  C:\Users\Robert\AppData\Local\Temp\ccgSelWg.s 			page 9


 343 0017 00       		.byte	0
 344 0018 0B       		.uleb128 0xb
 345 0019 0B       		.uleb128 0xb
 346 001a 3E       		.uleb128 0x3e
 347 001b 0B       		.uleb128 0xb
 348 001c 03       		.uleb128 0x3
 349 001d 0E       		.uleb128 0xe
 350 001e 00       		.byte	0
 351 001f 00       		.byte	0
 352 0020 03       		.uleb128 0x3
 353 0021 24       		.uleb128 0x24
 354 0022 00       		.byte	0
 355 0023 0B       		.uleb128 0xb
 356 0024 0B       		.uleb128 0xb
 357 0025 3E       		.uleb128 0x3e
 358 0026 0B       		.uleb128 0xb
 359 0027 03       		.uleb128 0x3
 360 0028 08       		.uleb128 0x8
 361 0029 00       		.byte	0
 362 002a 00       		.byte	0
 363 002b 04       		.uleb128 0x4
 364 002c 16       		.uleb128 0x16
 365 002d 00       		.byte	0
 366 002e 03       		.uleb128 0x3
 367 002f 0E       		.uleb128 0xe
 368 0030 3A       		.uleb128 0x3a
 369 0031 0B       		.uleb128 0xb
 370 0032 3B       		.uleb128 0x3b
 371 0033 0B       		.uleb128 0xb
 372 0034 49       		.uleb128 0x49
 373 0035 13       		.uleb128 0x13
 374 0036 00       		.byte	0
 375 0037 00       		.byte	0
 376 0038 05       		.uleb128 0x5
 377 0039 2E       		.uleb128 0x2e
 378 003a 01       		.byte	0x1
 379 003b 3F       		.uleb128 0x3f
 380 003c 0C       		.uleb128 0xc
 381 003d 03       		.uleb128 0x3
 382 003e 0E       		.uleb128 0xe
 383 003f 3A       		.uleb128 0x3a
 384 0040 0B       		.uleb128 0xb
 385 0041 3B       		.uleb128 0x3b
 386 0042 0B       		.uleb128 0xb
 387 0043 27       		.uleb128 0x27
 388 0044 0C       		.uleb128 0xc
 389 0045 11       		.uleb128 0x11
 390 0046 01       		.uleb128 0x1
 391 0047 12       		.uleb128 0x12
 392 0048 01       		.uleb128 0x1
 393 0049 40       		.uleb128 0x40
 394 004a 06       		.uleb128 0x6
 395 004b 9642     		.uleb128 0x2116
 396 004d 0C       		.uleb128 0xc
 397 004e 01       		.uleb128 0x1
 398 004f 13       		.uleb128 0x13
 399 0050 00       		.byte	0
ARM GAS  C:\Users\Robert\AppData\Local\Temp\ccgSelWg.s 			page 10


 400 0051 00       		.byte	0
 401 0052 06       		.uleb128 0x6
 402 0053 34       		.uleb128 0x34
 403 0054 00       		.byte	0
 404 0055 03       		.uleb128 0x3
 405 0056 0E       		.uleb128 0xe
 406 0057 3A       		.uleb128 0x3a
 407 0058 0B       		.uleb128 0xb
 408 0059 3B       		.uleb128 0x3b
 409 005a 0B       		.uleb128 0xb
 410 005b 49       		.uleb128 0x49
 411 005c 13       		.uleb128 0x13
 412 005d 02       		.uleb128 0x2
 413 005e 0A       		.uleb128 0xa
 414 005f 00       		.byte	0
 415 0060 00       		.byte	0
 416 0061 07       		.uleb128 0x7
 417 0062 05       		.uleb128 0x5
 418 0063 00       		.byte	0
 419 0064 03       		.uleb128 0x3
 420 0065 0E       		.uleb128 0xe
 421 0066 3A       		.uleb128 0x3a
 422 0067 0B       		.uleb128 0xb
 423 0068 3B       		.uleb128 0x3b
 424 0069 0B       		.uleb128 0xb
 425 006a 49       		.uleb128 0x49
 426 006b 13       		.uleb128 0x13
 427 006c 02       		.uleb128 0x2
 428 006d 0A       		.uleb128 0xa
 429 006e 00       		.byte	0
 430 006f 00       		.byte	0
 431 0070 00       		.byte	0
 432              		.section	.debug_loc,"",%progbits
 433              	.Ldebug_loc0:
 434              	.LLST0:
 435 0000 00000000 		.4byte	.LFB0
 436 0004 02000000 		.4byte	.LCFI0
 437 0008 0200     		.2byte	0x2
 438 000a 7D       		.byte	0x7d
 439 000b 00       		.sleb128 0
 440 000c 02000000 		.4byte	.LCFI0
 441 0010 04000000 		.4byte	.LCFI1
 442 0014 0200     		.2byte	0x2
 443 0016 7D       		.byte	0x7d
 444 0017 08       		.sleb128 8
 445 0018 04000000 		.4byte	.LCFI1
 446 001c 06000000 		.4byte	.LCFI2
 447 0020 0200     		.2byte	0x2
 448 0022 7D       		.byte	0x7d
 449 0023 10       		.sleb128 16
 450 0024 06000000 		.4byte	.LCFI2
 451 0028 3A000000 		.4byte	.LFE0
 452 002c 0200     		.2byte	0x2
 453 002e 77       		.byte	0x77
 454 002f 10       		.sleb128 16
 455 0030 00000000 		.4byte	0
 456 0034 00000000 		.4byte	0
ARM GAS  C:\Users\Robert\AppData\Local\Temp\ccgSelWg.s 			page 11


 457              	.LLST1:
 458 0038 00000000 		.4byte	.LFB1
 459 003c 02000000 		.4byte	.LCFI3
 460 0040 0200     		.2byte	0x2
 461 0042 7D       		.byte	0x7d
 462 0043 00       		.sleb128 0
 463 0044 02000000 		.4byte	.LCFI3
 464 0048 04000000 		.4byte	.LCFI4
 465 004c 0200     		.2byte	0x2
 466 004e 7D       		.byte	0x7d
 467 004f 08       		.sleb128 8
 468 0050 04000000 		.4byte	.LCFI4
 469 0054 06000000 		.4byte	.LCFI5
 470 0058 0200     		.2byte	0x2
 471 005a 7D       		.byte	0x7d
 472 005b 10       		.sleb128 16
 473 005c 06000000 		.4byte	.LCFI5
 474 0060 2A000000 		.4byte	.LFE1
 475 0064 0200     		.2byte	0x2
 476 0066 77       		.byte	0x77
 477 0067 10       		.sleb128 16
 478 0068 00000000 		.4byte	0
 479 006c 00000000 		.4byte	0
 480              	.LLST2:
 481 0070 00000000 		.4byte	.LFB2
 482 0074 02000000 		.4byte	.LCFI6
 483 0078 0200     		.2byte	0x2
 484 007a 7D       		.byte	0x7d
 485 007b 00       		.sleb128 0
 486 007c 02000000 		.4byte	.LCFI6
 487 0080 04000000 		.4byte	.LCFI7
 488 0084 0200     		.2byte	0x2
 489 0086 7D       		.byte	0x7d
 490 0087 08       		.sleb128 8
 491 0088 04000000 		.4byte	.LCFI7
 492 008c 06000000 		.4byte	.LCFI8
 493 0090 0200     		.2byte	0x2
 494 0092 7D       		.byte	0x7d
 495 0093 10       		.sleb128 16
 496 0094 06000000 		.4byte	.LCFI8
 497 0098 44000000 		.4byte	.LFE2
 498 009c 0200     		.2byte	0x2
 499 009e 77       		.byte	0x77
 500 009f 10       		.sleb128 16
 501 00a0 00000000 		.4byte	0
 502 00a4 00000000 		.4byte	0
 503              		.section	.debug_aranges,"",%progbits
 504 0000 2C000000 		.4byte	0x2c
 505 0004 0200     		.2byte	0x2
 506 0006 00000000 		.4byte	.Ldebug_info0
 507 000a 04       		.byte	0x4
 508 000b 00       		.byte	0
 509 000c 0000     		.2byte	0
 510 000e 0000     		.2byte	0
 511 0010 00000000 		.4byte	.LFB0
 512 0014 3A000000 		.4byte	.LFE0-.LFB0
 513 0018 00000000 		.4byte	.LFB1
ARM GAS  C:\Users\Robert\AppData\Local\Temp\ccgSelWg.s 			page 12


 514 001c 2A000000 		.4byte	.LFE1-.LFB1
 515 0020 00000000 		.4byte	.LFB2
 516 0024 44000000 		.4byte	.LFE2-.LFB2
 517 0028 00000000 		.4byte	0
 518 002c 00000000 		.4byte	0
 519              		.section	.debug_ranges,"",%progbits
 520              	.Ldebug_ranges0:
 521 0000 00000000 		.4byte	.LFB0
 522 0004 3A000000 		.4byte	.LFE0
 523 0008 00000000 		.4byte	.LFB1
 524 000c 2A000000 		.4byte	.LFE1
 525 0010 00000000 		.4byte	.LFB2
 526 0014 44000000 		.4byte	.LFE2
 527 0018 00000000 		.4byte	0
 528 001c 00000000 		.4byte	0
 529              		.section	.debug_line,"",%progbits
 530              	.Ldebug_line0:
 531 0000 A4000000 		.section	.debug_str,"MS",%progbits,1
 531      02005000 
 531      00000201 
 531      FB0E0D00 
 531      01010101 
 532              	.LASF15:
 533 0000 6368616E 		.ascii	"channel\000"
 533      6E656C00 
 534              	.LASF12:
 535 0008 4144435F 		.ascii	"ADC_DelSig_1_AMux_Start\000"
 535      44656C53 
 535      69675F31 
 535      5F414D75 
 535      785F5374 
 536              	.LASF9:
 537 0020 666C6F61 		.ascii	"float\000"
 537      7400
 538              	.LASF1:
 539 0026 756E7369 		.ascii	"unsigned char\000"
 539      676E6564 
 539      20636861 
 539      7200
 540              	.LASF13:
 541 0034 4144435F 		.ascii	"ADC_DelSig_1_AMux_Select\000"
 541      44656C53 
 541      69675F31 
 541      5F414D75 
 541      785F5365 
 542              	.LASF19:
 543 004d 2E5C4765 		.ascii	".\\Generated_Source\\PSoC5\\ADC_DelSig_1_AMux.c\000"
 543      6E657261 
 543      7465645F 
 543      536F7572 
 543      63655C50 
 544              	.LASF5:
 545 007a 6C6F6E67 		.ascii	"long unsigned int\000"
 545      20756E73 
 545      69676E65 
 545      6420696E 
 545      7400
ARM GAS  C:\Users\Robert\AppData\Local\Temp\ccgSelWg.s 			page 13


 546              	.LASF3:
 547 008c 73686F72 		.ascii	"short unsigned int\000"
 547      7420756E 
 547      7369676E 
 547      65642069 
 547      6E7400
 548              	.LASF10:
 549 009f 646F7562 		.ascii	"double\000"
 549      6C6500
 550              	.LASF20:
 551 00a6 433A5C55 		.ascii	"C:\\Users\\Robert\\workspace\\embedit_git\\PSoC_2_P"
 551      73657273 
 551      5C526F62 
 551      6572745C 
 551      776F726B 
 552 00d4 695C5053 		.ascii	"i\\PSoC Creator\\PSoC_2_Pi.cydsn\000"
 552      6F432043 
 552      72656174 
 552      6F725C50 
 552      536F435F 
 553              	.LASF8:
 554 00f3 756E7369 		.ascii	"unsigned int\000"
 554      676E6564 
 554      20696E74 
 554      00
 555              	.LASF7:
 556 0100 6C6F6E67 		.ascii	"long long unsigned int\000"
 556      206C6F6E 
 556      6720756E 
 556      7369676E 
 556      65642069 
 557              	.LASF16:
 558 0117 6368616E 		.ascii	"chan\000"
 558      00
 559              	.LASF6:
 560 011c 6C6F6E67 		.ascii	"long long int\000"
 560      206C6F6E 
 560      6720696E 
 560      7400
 561              	.LASF11:
 562 012a 63686172 		.ascii	"char\000"
 562      00
 563              	.LASF2:
 564 012f 73686F72 		.ascii	"short int\000"
 564      7420696E 
 564      7400
 565              	.LASF21:
 566 0139 75696E74 		.ascii	"uint8\000"
 566      3800
 567              	.LASF18:
 568 013f 474E5520 		.ascii	"GNU C 4.7.3 20130312 (release) [ARM/embedded-4_7-br"
 568      4320342E 
 568      372E3320 
 568      32303133 
 568      30333132 
 569 0172 616E6368 		.ascii	"anch revision 196615]\000"
 569      20726576 
ARM GAS  C:\Users\Robert\AppData\Local\Temp\ccgSelWg.s 			page 14


 569      6973696F 
 569      6E203139 
 569      36363135 
 570              	.LASF4:
 571 0188 6C6F6E67 		.ascii	"long int\000"
 571      20696E74 
 571      00
 572              	.LASF0:
 573 0191 7369676E 		.ascii	"signed char\000"
 573      65642063 
 573      68617200 
 574              	.LASF17:
 575 019d 4144435F 		.ascii	"ADC_DelSig_1_AMux_lastChannel\000"
 575      44656C53 
 575      69675F31 
 575      5F414D75 
 575      785F6C61 
 576              	.LASF14:
 577 01bb 4144435F 		.ascii	"ADC_DelSig_1_AMux_FastSelect\000"
 577      44656C53 
 577      69675F31 
 577      5F414D75 
 577      785F4661 
 578              		.ident	"GCC: (GNU Tools for ARM Embedded Processors) 4.7.3 20130312 (release) [ARM/embedded-4_7-br
