ARM GAS  C:\Users\Robert\AppData\Local\Temp\ccO8GixT.s 			page 1


   1              		.syntax unified
   2              		.cpu cortex-m3
   3              		.fpu softvfp
   4              		.eabi_attribute 20, 1
   5              		.eabi_attribute 21, 1
   6              		.eabi_attribute 23, 3
   7              		.eabi_attribute 24, 1
   8              		.eabi_attribute 25, 1
   9              		.eabi_attribute 26, 1
  10              		.eabi_attribute 30, 6
  11              		.eabi_attribute 34, 1
  12              		.eabi_attribute 18, 4
  13              		.thumb
  14              		.file	"IDAC8_1.c"
  15              		.text
  16              	.Ltext0:
  17              		.cfi_sections	.debug_frame
  18              		.global	IDAC8_1_initVar
  19              		.bss
  20              		.type	IDAC8_1_initVar, %object
  21              		.size	IDAC8_1_initVar, 1
  22              	IDAC8_1_initVar:
  23 0000 00       		.space	1
  24              		.section	.text.IDAC8_1_Init,"ax",%progbits
  25              		.align	2
  26              		.global	IDAC8_1_Init
  27              		.thumb
  28              		.thumb_func
  29              		.type	IDAC8_1_Init, %function
  30              	IDAC8_1_Init:
  31              	.LFB0:
  32              		.file 1 ".\\Generated_Source\\PSoC5\\IDAC8_1.c"
   1:.\Generated_Source\PSoC5/IDAC8_1.c **** /*******************************************************************************
   2:.\Generated_Source\PSoC5/IDAC8_1.c **** * File Name: IDAC8_1.c
   3:.\Generated_Source\PSoC5/IDAC8_1.c **** * Version 2.0
   4:.\Generated_Source\PSoC5/IDAC8_1.c **** *
   5:.\Generated_Source\PSoC5/IDAC8_1.c **** * Description:
   6:.\Generated_Source\PSoC5/IDAC8_1.c **** *  This file provides the source code to the API for the 8-bit Current 
   7:.\Generated_Source\PSoC5/IDAC8_1.c **** *  DAC (IDAC8) User Module.
   8:.\Generated_Source\PSoC5/IDAC8_1.c **** *
   9:.\Generated_Source\PSoC5/IDAC8_1.c **** * Note:
  10:.\Generated_Source\PSoC5/IDAC8_1.c **** *  None
  11:.\Generated_Source\PSoC5/IDAC8_1.c **** *
  12:.\Generated_Source\PSoC5/IDAC8_1.c **** ********************************************************************************
  13:.\Generated_Source\PSoC5/IDAC8_1.c **** * Copyright 2008-2012, Cypress Semiconductor Corporation.  All rights reserved.
  14:.\Generated_Source\PSoC5/IDAC8_1.c **** * You may use this file only in accordance with the license, terms, conditions, 
  15:.\Generated_Source\PSoC5/IDAC8_1.c **** * disclaimers, and limitations in the end user license agreement accompanying 
  16:.\Generated_Source\PSoC5/IDAC8_1.c **** * the software package with which this file was provided.
  17:.\Generated_Source\PSoC5/IDAC8_1.c **** *******************************************************************************/
  18:.\Generated_Source\PSoC5/IDAC8_1.c **** 
  19:.\Generated_Source\PSoC5/IDAC8_1.c **** #include "cytypes.h"
  20:.\Generated_Source\PSoC5/IDAC8_1.c **** #include "IDAC8_1.h"   
  21:.\Generated_Source\PSoC5/IDAC8_1.c **** 
  22:.\Generated_Source\PSoC5/IDAC8_1.c **** #if (CY_PSOC5A)
  23:.\Generated_Source\PSoC5/IDAC8_1.c ****     #include <CyLib.h>
  24:.\Generated_Source\PSoC5/IDAC8_1.c **** #endif /* CY_PSOC5A */
  25:.\Generated_Source\PSoC5/IDAC8_1.c **** 
ARM GAS  C:\Users\Robert\AppData\Local\Temp\ccO8GixT.s 			page 2


  26:.\Generated_Source\PSoC5/IDAC8_1.c **** 
  27:.\Generated_Source\PSoC5/IDAC8_1.c **** uint8 IDAC8_1_initVar = 0u;
  28:.\Generated_Source\PSoC5/IDAC8_1.c **** 
  29:.\Generated_Source\PSoC5/IDAC8_1.c **** 
  30:.\Generated_Source\PSoC5/IDAC8_1.c **** #if (CY_PSOC5A)
  31:.\Generated_Source\PSoC5/IDAC8_1.c ****     static IDAC8_1_LOWPOWER_BACKUP_STRUCT  IDAC8_1_lowPowerBackup;
  32:.\Generated_Source\PSoC5/IDAC8_1.c **** #endif /* CY_PSOC5A */
  33:.\Generated_Source\PSoC5/IDAC8_1.c **** 
  34:.\Generated_Source\PSoC5/IDAC8_1.c **** /* Variable to decide whether or not to restore control register in Enable()
  35:.\Generated_Source\PSoC5/IDAC8_1.c ****    API. This valid only for PSoC5A */
  36:.\Generated_Source\PSoC5/IDAC8_1.c **** #if (CY_PSOC5A)
  37:.\Generated_Source\PSoC5/IDAC8_1.c ****     static uint8 IDAC8_1_restoreReg = 0u;
  38:.\Generated_Source\PSoC5/IDAC8_1.c **** #endif /* CY_PSOC5A */
  39:.\Generated_Source\PSoC5/IDAC8_1.c **** 
  40:.\Generated_Source\PSoC5/IDAC8_1.c **** 
  41:.\Generated_Source\PSoC5/IDAC8_1.c **** /*******************************************************************************
  42:.\Generated_Source\PSoC5/IDAC8_1.c **** * Function Name: IDAC8_1_Init
  43:.\Generated_Source\PSoC5/IDAC8_1.c **** ********************************************************************************
  44:.\Generated_Source\PSoC5/IDAC8_1.c **** * Summary:
  45:.\Generated_Source\PSoC5/IDAC8_1.c **** *  Initialize to the schematic state.
  46:.\Generated_Source\PSoC5/IDAC8_1.c **** * 
  47:.\Generated_Source\PSoC5/IDAC8_1.c **** * Parameters:
  48:.\Generated_Source\PSoC5/IDAC8_1.c **** *  void:
  49:.\Generated_Source\PSoC5/IDAC8_1.c **** *
  50:.\Generated_Source\PSoC5/IDAC8_1.c **** * Return:
  51:.\Generated_Source\PSoC5/IDAC8_1.c **** *  (void)
  52:.\Generated_Source\PSoC5/IDAC8_1.c **** *
  53:.\Generated_Source\PSoC5/IDAC8_1.c **** * Theory:
  54:.\Generated_Source\PSoC5/IDAC8_1.c **** *
  55:.\Generated_Source\PSoC5/IDAC8_1.c **** * Side Effects:
  56:.\Generated_Source\PSoC5/IDAC8_1.c **** *
  57:.\Generated_Source\PSoC5/IDAC8_1.c **** *******************************************************************************/
  58:.\Generated_Source\PSoC5/IDAC8_1.c **** void IDAC8_1_Init(void) 
  59:.\Generated_Source\PSoC5/IDAC8_1.c **** {
  33              		.loc 1 59 0
  34              		.cfi_startproc
  35              		@ args = 0, pretend = 0, frame = 0
  36              		@ frame_needed = 1, uses_anonymous_args = 0
  37 0000 80B5     		push	{r7, lr}
  38              	.LCFI0:
  39              		.cfi_def_cfa_offset 8
  40              		.cfi_offset 7, -8
  41              		.cfi_offset 14, -4
  42 0002 00AF     		add	r7, sp, #0
  43              	.LCFI1:
  44              		.cfi_def_cfa_register 7
  60:.\Generated_Source\PSoC5/IDAC8_1.c ****     IDAC8_1_CR0 = (IDAC8_1_MODE_I | IDAC8_1_DEFAULT_RANGE );
  45              		.loc 1 60 0
  46 0004 45F62003 		movw	r3, #22560
  47 0008 C4F20003 		movt	r3, 16384
  48 000c 4FF01002 		mov	r2, #16
  49 0010 1A70     		strb	r2, [r3, #0]
  61:.\Generated_Source\PSoC5/IDAC8_1.c **** 
  62:.\Generated_Source\PSoC5/IDAC8_1.c ****     /* Set default data source */
  63:.\Generated_Source\PSoC5/IDAC8_1.c ****     #if(IDAC8_1_DEFAULT_DATA_SRC != 0u )    
  64:.\Generated_Source\PSoC5/IDAC8_1.c ****         IDAC8_1_CR1 = (IDAC8_1_DEFAULT_CNTL | IDAC8_1_DACBUS_ENABLE);
  65:.\Generated_Source\PSoC5/IDAC8_1.c ****     #else
ARM GAS  C:\Users\Robert\AppData\Local\Temp\ccO8GixT.s 			page 3


  66:.\Generated_Source\PSoC5/IDAC8_1.c ****         IDAC8_1_CR1 = (IDAC8_1_DEFAULT_CNTL | IDAC8_1_DACBUS_DISABLE);
  50              		.loc 1 66 0
  51 0012 45F62103 		movw	r3, #22561
  52 0016 C4F20003 		movt	r3, 16384
  53 001a 4FF00002 		mov	r2, #0
  54 001e 1A70     		strb	r2, [r3, #0]
  67:.\Generated_Source\PSoC5/IDAC8_1.c ****     #endif /* (IDAC8_1_DEFAULT_DATA_SRC != 0u ) */
  68:.\Generated_Source\PSoC5/IDAC8_1.c ****     
  69:.\Generated_Source\PSoC5/IDAC8_1.c ****     /*Controls polarity from UDB Control*/
  70:.\Generated_Source\PSoC5/IDAC8_1.c ****     #if(IDAC8_1_DEFAULT_POLARITY == IDAC8_1_HARDWARE_CONTROLLED)
  71:.\Generated_Source\PSoC5/IDAC8_1.c ****         IDAC8_1_CR1 |= IDAC8_1_IDIR_SRC_UDB;
  72:.\Generated_Source\PSoC5/IDAC8_1.c ****     #else
  73:.\Generated_Source\PSoC5/IDAC8_1.c ****         IDAC8_1_CR1 |= IDAC8_1_DEFAULT_POLARITY;
  55              		.loc 1 73 0
  56 0020 45F62103 		movw	r3, #22561
  57 0024 C4F20003 		movt	r3, 16384
  58 0028 45F62102 		movw	r2, #22561
  59 002c C4F20002 		movt	r2, 16384
  60 0030 1278     		ldrb	r2, [r2, #0]
  61 0032 D2B2     		uxtb	r2, r2
  62 0034 42F00402 		orr	r2, r2, #4
  63 0038 D2B2     		uxtb	r2, r2
  64 003a 1A70     		strb	r2, [r3, #0]
  74:.\Generated_Source\PSoC5/IDAC8_1.c ****     #endif/* (IDAC8_1_DEFAULT_POLARITY == IDAC8_1_HARDWARE_CONTROLLED) */
  75:.\Generated_Source\PSoC5/IDAC8_1.c ****     /*Controls Current Source from UDB Control*/
  76:.\Generated_Source\PSoC5/IDAC8_1.c ****     #if(IDAC8_1_HARDWARE_ENABLE != 0u ) 
  77:.\Generated_Source\PSoC5/IDAC8_1.c ****         IDAC8_1_CR1 |= IDAC8_1_IDIR_CTL_UDB;
  78:.\Generated_Source\PSoC5/IDAC8_1.c ****     #endif /* (IDAC8_1_HARDWARE_ENABLE != 0u ) */ 
  79:.\Generated_Source\PSoC5/IDAC8_1.c ****     
  80:.\Generated_Source\PSoC5/IDAC8_1.c ****     /* Set default strobe mode */
  81:.\Generated_Source\PSoC5/IDAC8_1.c ****     #if(IDAC8_1_DEFAULT_STRB != 0u)
  82:.\Generated_Source\PSoC5/IDAC8_1.c ****         IDAC8_1_Strobe |= IDAC8_1_STRB_EN;
  83:.\Generated_Source\PSoC5/IDAC8_1.c ****     #endif /* (IDAC8_1_DEFAULT_STRB != 0u) */
  84:.\Generated_Source\PSoC5/IDAC8_1.c ****     
  85:.\Generated_Source\PSoC5/IDAC8_1.c ****     /* Set default speed */
  86:.\Generated_Source\PSoC5/IDAC8_1.c ****     IDAC8_1_SetSpeed(IDAC8_1_DEFAULT_SPEED);
  65              		.loc 1 86 0
  66 003c 4FF00000 		mov	r0, #0
  67 0040 FFF7FEFF 		bl	IDAC8_1_SetSpeed
  87:.\Generated_Source\PSoC5/IDAC8_1.c ****     
  88:.\Generated_Source\PSoC5/IDAC8_1.c ****     /* Set proper DAC trim */
  89:.\Generated_Source\PSoC5/IDAC8_1.c ****     IDAC8_1_DacTrim();
  68              		.loc 1 89 0
  69 0044 FFF7FEFF 		bl	IDAC8_1_DacTrim
  90:.\Generated_Source\PSoC5/IDAC8_1.c ****     
  91:.\Generated_Source\PSoC5/IDAC8_1.c **** }
  70              		.loc 1 91 0
  71 0048 80BD     		pop	{r7, pc}
  72              		.cfi_endproc
  73              	.LFE0:
  74              		.size	IDAC8_1_Init, .-IDAC8_1_Init
  75 004a 00BF     		.section	.text.IDAC8_1_Enable,"ax",%progbits
  76              		.align	2
  77              		.global	IDAC8_1_Enable
  78              		.thumb
  79              		.thumb_func
  80              		.type	IDAC8_1_Enable, %function
ARM GAS  C:\Users\Robert\AppData\Local\Temp\ccO8GixT.s 			page 4


  81              	IDAC8_1_Enable:
  82              	.LFB1:
  92:.\Generated_Source\PSoC5/IDAC8_1.c **** 
  93:.\Generated_Source\PSoC5/IDAC8_1.c **** 
  94:.\Generated_Source\PSoC5/IDAC8_1.c **** /*******************************************************************************
  95:.\Generated_Source\PSoC5/IDAC8_1.c **** * Function Name: IDAC8_1_Enable
  96:.\Generated_Source\PSoC5/IDAC8_1.c **** ********************************************************************************
  97:.\Generated_Source\PSoC5/IDAC8_1.c **** * Summary:
  98:.\Generated_Source\PSoC5/IDAC8_1.c **** *  Enable the IDAC8
  99:.\Generated_Source\PSoC5/IDAC8_1.c **** * 
 100:.\Generated_Source\PSoC5/IDAC8_1.c **** * Parameters:
 101:.\Generated_Source\PSoC5/IDAC8_1.c **** *  void:
 102:.\Generated_Source\PSoC5/IDAC8_1.c **** *
 103:.\Generated_Source\PSoC5/IDAC8_1.c **** * Return:
 104:.\Generated_Source\PSoC5/IDAC8_1.c **** *  (void)
 105:.\Generated_Source\PSoC5/IDAC8_1.c **** *
 106:.\Generated_Source\PSoC5/IDAC8_1.c **** * Theory:
 107:.\Generated_Source\PSoC5/IDAC8_1.c **** *
 108:.\Generated_Source\PSoC5/IDAC8_1.c **** * Side Effects:
 109:.\Generated_Source\PSoC5/IDAC8_1.c **** *
 110:.\Generated_Source\PSoC5/IDAC8_1.c **** *******************************************************************************/
 111:.\Generated_Source\PSoC5/IDAC8_1.c **** void IDAC8_1_Enable(void) 
 112:.\Generated_Source\PSoC5/IDAC8_1.c **** {
  83              		.loc 1 112 0
  84              		.cfi_startproc
  85              		@ args = 0, pretend = 0, frame = 0
  86              		@ frame_needed = 1, uses_anonymous_args = 0
  87              		@ link register save eliminated.
  88 0000 80B4     		push	{r7}
  89              	.LCFI2:
  90              		.cfi_def_cfa_offset 4
  91              		.cfi_offset 7, -4
  92 0002 00AF     		add	r7, sp, #0
  93              	.LCFI3:
  94              		.cfi_def_cfa_register 7
 113:.\Generated_Source\PSoC5/IDAC8_1.c ****     IDAC8_1_PWRMGR |= IDAC8_1_ACT_PWR_EN;
  95              		.loc 1 113 0
  96 0004 44F2A833 		movw	r3, #17320
  97 0008 C4F20003 		movt	r3, 16384
  98 000c 44F2A832 		movw	r2, #17320
  99 0010 C4F20002 		movt	r2, 16384
 100 0014 1278     		ldrb	r2, [r2, #0]
 101 0016 D2B2     		uxtb	r2, r2
 102 0018 42F00102 		orr	r2, r2, #1
 103 001c D2B2     		uxtb	r2, r2
 104 001e 1A70     		strb	r2, [r3, #0]
 114:.\Generated_Source\PSoC5/IDAC8_1.c ****     IDAC8_1_STBY_PWRMGR |= IDAC8_1_STBY_PWR_EN;
 105              		.loc 1 114 0
 106 0020 44F2B833 		movw	r3, #17336
 107 0024 C4F20003 		movt	r3, 16384
 108 0028 44F2B832 		movw	r2, #17336
 109 002c C4F20002 		movt	r2, 16384
 110 0030 1278     		ldrb	r2, [r2, #0]
 111 0032 D2B2     		uxtb	r2, r2
 112 0034 42F00102 		orr	r2, r2, #1
 113 0038 D2B2     		uxtb	r2, r2
 114 003a 1A70     		strb	r2, [r3, #0]
ARM GAS  C:\Users\Robert\AppData\Local\Temp\ccO8GixT.s 			page 5


 115:.\Generated_Source\PSoC5/IDAC8_1.c **** 
 116:.\Generated_Source\PSoC5/IDAC8_1.c ****     /* This is to restore the value of register CR0 which is saved 
 117:.\Generated_Source\PSoC5/IDAC8_1.c ****       in prior to the modification in stop() API */
 118:.\Generated_Source\PSoC5/IDAC8_1.c ****     #if (CY_PSOC5A)
 119:.\Generated_Source\PSoC5/IDAC8_1.c ****         if(IDAC8_1_restoreReg == 1u)
 120:.\Generated_Source\PSoC5/IDAC8_1.c ****         {
 121:.\Generated_Source\PSoC5/IDAC8_1.c ****             IDAC8_1_CR0 = IDAC8_1_lowPowerBackup.DACCR0Reg;
 122:.\Generated_Source\PSoC5/IDAC8_1.c **** 
 123:.\Generated_Source\PSoC5/IDAC8_1.c ****             /* Clear the flag */
 124:.\Generated_Source\PSoC5/IDAC8_1.c ****             IDAC8_1_restoreReg = 0u;
 125:.\Generated_Source\PSoC5/IDAC8_1.c ****         }
 126:.\Generated_Source\PSoC5/IDAC8_1.c ****     #endif /* CY_PSOC5A */
 127:.\Generated_Source\PSoC5/IDAC8_1.c **** }
 115              		.loc 1 127 0
 116 003c BD46     		mov	sp, r7
 117 003e 80BC     		pop	{r7}
 118 0040 7047     		bx	lr
 119              		.cfi_endproc
 120              	.LFE1:
 121              		.size	IDAC8_1_Enable, .-IDAC8_1_Enable
 122 0042 00BF     		.section	.text.IDAC8_1_Start,"ax",%progbits
 123              		.align	2
 124              		.global	IDAC8_1_Start
 125              		.thumb
 126              		.thumb_func
 127              		.type	IDAC8_1_Start, %function
 128              	IDAC8_1_Start:
 129              	.LFB2:
 128:.\Generated_Source\PSoC5/IDAC8_1.c **** 
 129:.\Generated_Source\PSoC5/IDAC8_1.c **** 
 130:.\Generated_Source\PSoC5/IDAC8_1.c **** /*******************************************************************************
 131:.\Generated_Source\PSoC5/IDAC8_1.c **** * Function Name: IDAC8_1_Start
 132:.\Generated_Source\PSoC5/IDAC8_1.c **** ********************************************************************************
 133:.\Generated_Source\PSoC5/IDAC8_1.c **** * Summary:
 134:.\Generated_Source\PSoC5/IDAC8_1.c **** *  Set power level then turn on IDAC8.
 135:.\Generated_Source\PSoC5/IDAC8_1.c **** *
 136:.\Generated_Source\PSoC5/IDAC8_1.c **** * Parameters:  
 137:.\Generated_Source\PSoC5/IDAC8_1.c **** *  power: Sets power level between off (0) and (3) high power
 138:.\Generated_Source\PSoC5/IDAC8_1.c **** *
 139:.\Generated_Source\PSoC5/IDAC8_1.c **** * Return:
 140:.\Generated_Source\PSoC5/IDAC8_1.c **** *  (void)
 141:.\Generated_Source\PSoC5/IDAC8_1.c **** *
 142:.\Generated_Source\PSoC5/IDAC8_1.c **** * Global variables:
 143:.\Generated_Source\PSoC5/IDAC8_1.c **** *  IDAC8_1_initVar: Is modified when this function is called for 
 144:.\Generated_Source\PSoC5/IDAC8_1.c **** *   the first time. Is used to ensure that initialization happens only once.
 145:.\Generated_Source\PSoC5/IDAC8_1.c **** *
 146:.\Generated_Source\PSoC5/IDAC8_1.c **** *******************************************************************************/
 147:.\Generated_Source\PSoC5/IDAC8_1.c **** void IDAC8_1_Start(void) 
 148:.\Generated_Source\PSoC5/IDAC8_1.c **** {
 130              		.loc 1 148 0
 131              		.cfi_startproc
 132              		@ args = 0, pretend = 0, frame = 0
 133              		@ frame_needed = 1, uses_anonymous_args = 0
 134 0000 80B5     		push	{r7, lr}
 135              	.LCFI4:
 136              		.cfi_def_cfa_offset 8
 137              		.cfi_offset 7, -8
ARM GAS  C:\Users\Robert\AppData\Local\Temp\ccO8GixT.s 			page 6


 138              		.cfi_offset 14, -4
 139 0002 00AF     		add	r7, sp, #0
 140              	.LCFI5:
 141              		.cfi_def_cfa_register 7
 149:.\Generated_Source\PSoC5/IDAC8_1.c ****     /* Hardware initiazation only needs to occur the first time */
 150:.\Generated_Source\PSoC5/IDAC8_1.c ****     if ( IDAC8_1_initVar == 0u)  
 142              		.loc 1 150 0
 143 0004 40F20003 		movw	r3, #:lower16:IDAC8_1_initVar
 144 0008 C0F20003 		movt	r3, #:upper16:IDAC8_1_initVar
 145 000c 1B78     		ldrb	r3, [r3, #0]	@ zero_extendqisi2
 146 000e 002B     		cmp	r3, #0
 147 0010 08D1     		bne	.L4
 151:.\Generated_Source\PSoC5/IDAC8_1.c ****     {
 152:.\Generated_Source\PSoC5/IDAC8_1.c ****         IDAC8_1_Init();
 148              		.loc 1 152 0
 149 0012 FFF7FEFF 		bl	IDAC8_1_Init
 153:.\Generated_Source\PSoC5/IDAC8_1.c ****         
 154:.\Generated_Source\PSoC5/IDAC8_1.c ****         IDAC8_1_initVar = 1u;
 150              		.loc 1 154 0
 151 0016 40F20003 		movw	r3, #:lower16:IDAC8_1_initVar
 152 001a C0F20003 		movt	r3, #:upper16:IDAC8_1_initVar
 153 001e 4FF00102 		mov	r2, #1
 154 0022 1A70     		strb	r2, [r3, #0]
 155              	.L4:
 155:.\Generated_Source\PSoC5/IDAC8_1.c ****     }
 156:.\Generated_Source\PSoC5/IDAC8_1.c ****    
 157:.\Generated_Source\PSoC5/IDAC8_1.c ****     /* Enable power to DAC */
 158:.\Generated_Source\PSoC5/IDAC8_1.c ****     IDAC8_1_Enable();
 156              		.loc 1 158 0
 157 0024 FFF7FEFF 		bl	IDAC8_1_Enable
 159:.\Generated_Source\PSoC5/IDAC8_1.c **** 
 160:.\Generated_Source\PSoC5/IDAC8_1.c ****     /* Set default value */
 161:.\Generated_Source\PSoC5/IDAC8_1.c ****     IDAC8_1_SetValue(IDAC8_1_DEFAULT_DATA);
 158              		.loc 1 161 0
 159 0028 4FF07800 		mov	r0, #120
 160 002c FFF7FEFF 		bl	IDAC8_1_SetValue
 162:.\Generated_Source\PSoC5/IDAC8_1.c **** 
 163:.\Generated_Source\PSoC5/IDAC8_1.c **** }
 161              		.loc 1 163 0
 162 0030 80BD     		pop	{r7, pc}
 163              		.cfi_endproc
 164              	.LFE2:
 165              		.size	IDAC8_1_Start, .-IDAC8_1_Start
 166 0032 00BF     		.section	.text.IDAC8_1_Stop,"ax",%progbits
 167              		.align	2
 168              		.global	IDAC8_1_Stop
 169              		.thumb
 170              		.thumb_func
 171              		.type	IDAC8_1_Stop, %function
 172              	IDAC8_1_Stop:
 173              	.LFB3:
 164:.\Generated_Source\PSoC5/IDAC8_1.c **** 
 165:.\Generated_Source\PSoC5/IDAC8_1.c **** 
 166:.\Generated_Source\PSoC5/IDAC8_1.c **** /*******************************************************************************
 167:.\Generated_Source\PSoC5/IDAC8_1.c **** * Function Name: IDAC8_1_Stop
 168:.\Generated_Source\PSoC5/IDAC8_1.c **** ********************************************************************************
 169:.\Generated_Source\PSoC5/IDAC8_1.c **** * Summary:
ARM GAS  C:\Users\Robert\AppData\Local\Temp\ccO8GixT.s 			page 7


 170:.\Generated_Source\PSoC5/IDAC8_1.c **** *  Powers down IDAC8 to lowest power state.
 171:.\Generated_Source\PSoC5/IDAC8_1.c **** *
 172:.\Generated_Source\PSoC5/IDAC8_1.c **** * Parameters:
 173:.\Generated_Source\PSoC5/IDAC8_1.c **** *  (void)
 174:.\Generated_Source\PSoC5/IDAC8_1.c **** *
 175:.\Generated_Source\PSoC5/IDAC8_1.c **** * Return:
 176:.\Generated_Source\PSoC5/IDAC8_1.c **** *  (void)
 177:.\Generated_Source\PSoC5/IDAC8_1.c **** *
 178:.\Generated_Source\PSoC5/IDAC8_1.c **** * Theory:
 179:.\Generated_Source\PSoC5/IDAC8_1.c **** *
 180:.\Generated_Source\PSoC5/IDAC8_1.c **** * Side Effects:
 181:.\Generated_Source\PSoC5/IDAC8_1.c **** *
 182:.\Generated_Source\PSoC5/IDAC8_1.c **** *******************************************************************************/
 183:.\Generated_Source\PSoC5/IDAC8_1.c **** void IDAC8_1_Stop(void) 
 184:.\Generated_Source\PSoC5/IDAC8_1.c **** {
 174              		.loc 1 184 0
 175              		.cfi_startproc
 176              		@ args = 0, pretend = 0, frame = 0
 177              		@ frame_needed = 1, uses_anonymous_args = 0
 178              		@ link register save eliminated.
 179 0000 80B4     		push	{r7}
 180              	.LCFI6:
 181              		.cfi_def_cfa_offset 4
 182              		.cfi_offset 7, -4
 183 0002 00AF     		add	r7, sp, #0
 184              	.LCFI7:
 185              		.cfi_def_cfa_register 7
 185:.\Generated_Source\PSoC5/IDAC8_1.c ****     /* Disble power to DAC */
 186:.\Generated_Source\PSoC5/IDAC8_1.c ****     IDAC8_1_PWRMGR &= (uint8)(~IDAC8_1_ACT_PWR_EN);
 186              		.loc 1 186 0
 187 0004 44F2A833 		movw	r3, #17320
 188 0008 C4F20003 		movt	r3, 16384
 189 000c 44F2A832 		movw	r2, #17320
 190 0010 C4F20002 		movt	r2, 16384
 191 0014 1278     		ldrb	r2, [r2, #0]
 192 0016 D2B2     		uxtb	r2, r2
 193 0018 22F00102 		bic	r2, r2, #1
 194 001c D2B2     		uxtb	r2, r2
 195 001e 1A70     		strb	r2, [r3, #0]
 187:.\Generated_Source\PSoC5/IDAC8_1.c ****     IDAC8_1_STBY_PWRMGR &= (uint8)(~IDAC8_1_STBY_PWR_EN);
 196              		.loc 1 187 0
 197 0020 44F2B833 		movw	r3, #17336
 198 0024 C4F20003 		movt	r3, 16384
 199 0028 44F2B832 		movw	r2, #17336
 200 002c C4F20002 		movt	r2, 16384
 201 0030 1278     		ldrb	r2, [r2, #0]
 202 0032 D2B2     		uxtb	r2, r2
 203 0034 22F00102 		bic	r2, r2, #1
 204 0038 D2B2     		uxtb	r2, r2
 205 003a 1A70     		strb	r2, [r3, #0]
 188:.\Generated_Source\PSoC5/IDAC8_1.c ****     
 189:.\Generated_Source\PSoC5/IDAC8_1.c ****     #if (CY_PSOC5A)
 190:.\Generated_Source\PSoC5/IDAC8_1.c ****     
 191:.\Generated_Source\PSoC5/IDAC8_1.c ****         /* Set the global variable  */
 192:.\Generated_Source\PSoC5/IDAC8_1.c ****         IDAC8_1_restoreReg = 1u;
 193:.\Generated_Source\PSoC5/IDAC8_1.c **** 
 194:.\Generated_Source\PSoC5/IDAC8_1.c ****         /* Save the control register and then Clear it. */
ARM GAS  C:\Users\Robert\AppData\Local\Temp\ccO8GixT.s 			page 8


 195:.\Generated_Source\PSoC5/IDAC8_1.c ****         IDAC8_1_lowPowerBackup.DACCR0Reg = IDAC8_1_CR0;
 196:.\Generated_Source\PSoC5/IDAC8_1.c ****         IDAC8_1_CR0 = (IDAC8_1_MODE_I | IDAC8_1_RANGE_3 | IDAC8_1_HS_HIGHSPEED);
 197:.\Generated_Source\PSoC5/IDAC8_1.c ****     #endif /* CY_PSOC5A */
 198:.\Generated_Source\PSoC5/IDAC8_1.c **** }
 206              		.loc 1 198 0
 207 003c BD46     		mov	sp, r7
 208 003e 80BC     		pop	{r7}
 209 0040 7047     		bx	lr
 210              		.cfi_endproc
 211              	.LFE3:
 212              		.size	IDAC8_1_Stop, .-IDAC8_1_Stop
 213 0042 00BF     		.section	.text.IDAC8_1_SetSpeed,"ax",%progbits
 214              		.align	2
 215              		.global	IDAC8_1_SetSpeed
 216              		.thumb
 217              		.thumb_func
 218              		.type	IDAC8_1_SetSpeed, %function
 219              	IDAC8_1_SetSpeed:
 220              	.LFB4:
 199:.\Generated_Source\PSoC5/IDAC8_1.c **** 
 200:.\Generated_Source\PSoC5/IDAC8_1.c **** 
 201:.\Generated_Source\PSoC5/IDAC8_1.c **** /*******************************************************************************
 202:.\Generated_Source\PSoC5/IDAC8_1.c **** * Function Name: IDAC8_1_SetSpeed
 203:.\Generated_Source\PSoC5/IDAC8_1.c **** ********************************************************************************
 204:.\Generated_Source\PSoC5/IDAC8_1.c **** * Summary:
 205:.\Generated_Source\PSoC5/IDAC8_1.c **** *  Set DAC speed
 206:.\Generated_Source\PSoC5/IDAC8_1.c **** *
 207:.\Generated_Source\PSoC5/IDAC8_1.c **** * Parameters:
 208:.\Generated_Source\PSoC5/IDAC8_1.c **** *  power: Sets speed value
 209:.\Generated_Source\PSoC5/IDAC8_1.c **** *
 210:.\Generated_Source\PSoC5/IDAC8_1.c **** * Return:
 211:.\Generated_Source\PSoC5/IDAC8_1.c **** *  (void)
 212:.\Generated_Source\PSoC5/IDAC8_1.c **** *
 213:.\Generated_Source\PSoC5/IDAC8_1.c **** * Theory:
 214:.\Generated_Source\PSoC5/IDAC8_1.c **** *
 215:.\Generated_Source\PSoC5/IDAC8_1.c **** * Side Effects:
 216:.\Generated_Source\PSoC5/IDAC8_1.c **** *
 217:.\Generated_Source\PSoC5/IDAC8_1.c **** *******************************************************************************/
 218:.\Generated_Source\PSoC5/IDAC8_1.c **** void IDAC8_1_SetSpeed(uint8 speed) 
 219:.\Generated_Source\PSoC5/IDAC8_1.c **** {
 221              		.loc 1 219 0
 222              		.cfi_startproc
 223              		@ args = 0, pretend = 0, frame = 8
 224              		@ frame_needed = 1, uses_anonymous_args = 0
 225              		@ link register save eliminated.
 226 0000 80B4     		push	{r7}
 227              	.LCFI8:
 228              		.cfi_def_cfa_offset 4
 229              		.cfi_offset 7, -4
 230 0002 83B0     		sub	sp, sp, #12
 231              	.LCFI9:
 232              		.cfi_def_cfa_offset 16
 233 0004 00AF     		add	r7, sp, #0
 234              	.LCFI10:
 235              		.cfi_def_cfa_register 7
 236 0006 0346     		mov	r3, r0
 237 0008 FB71     		strb	r3, [r7, #7]
ARM GAS  C:\Users\Robert\AppData\Local\Temp\ccO8GixT.s 			page 9


 220:.\Generated_Source\PSoC5/IDAC8_1.c ****     /* Clear power mask then write in new value */
 221:.\Generated_Source\PSoC5/IDAC8_1.c ****     IDAC8_1_CR0 &= (uint8)(~IDAC8_1_HS_MASK);
 238              		.loc 1 221 0
 239 000a 45F62003 		movw	r3, #22560
 240 000e C4F20003 		movt	r3, 16384
 241 0012 45F62002 		movw	r2, #22560
 242 0016 C4F20002 		movt	r2, 16384
 243 001a 1278     		ldrb	r2, [r2, #0]
 244 001c D2B2     		uxtb	r2, r2
 245 001e 22F00202 		bic	r2, r2, #2
 246 0022 D2B2     		uxtb	r2, r2
 247 0024 1A70     		strb	r2, [r3, #0]
 222:.\Generated_Source\PSoC5/IDAC8_1.c ****     IDAC8_1_CR0 |=  ( speed & IDAC8_1_HS_MASK);
 248              		.loc 1 222 0
 249 0026 45F62003 		movw	r3, #22560
 250 002a C4F20003 		movt	r3, 16384
 251 002e 45F62002 		movw	r2, #22560
 252 0032 C4F20002 		movt	r2, 16384
 253 0036 1278     		ldrb	r2, [r2, #0]
 254 0038 D1B2     		uxtb	r1, r2
 255 003a FA79     		ldrb	r2, [r7, #7]
 256 003c 02F00202 		and	r2, r2, #2
 257 0040 D2B2     		uxtb	r2, r2
 258 0042 0A43     		orrs	r2, r2, r1
 259 0044 D2B2     		uxtb	r2, r2
 260 0046 1A70     		strb	r2, [r3, #0]
 223:.\Generated_Source\PSoC5/IDAC8_1.c **** }
 261              		.loc 1 223 0
 262 0048 07F10C07 		add	r7, r7, #12
 263 004c BD46     		mov	sp, r7
 264 004e 80BC     		pop	{r7}
 265 0050 7047     		bx	lr
 266              		.cfi_endproc
 267              	.LFE4:
 268              		.size	IDAC8_1_SetSpeed, .-IDAC8_1_SetSpeed
 269 0052 00BF     		.section	.text.IDAC8_1_SetPolarity,"ax",%progbits
 270              		.align	2
 271              		.global	IDAC8_1_SetPolarity
 272              		.thumb
 273              		.thumb_func
 274              		.type	IDAC8_1_SetPolarity, %function
 275              	IDAC8_1_SetPolarity:
 276              	.LFB5:
 224:.\Generated_Source\PSoC5/IDAC8_1.c **** 
 225:.\Generated_Source\PSoC5/IDAC8_1.c **** 
 226:.\Generated_Source\PSoC5/IDAC8_1.c **** /*******************************************************************************
 227:.\Generated_Source\PSoC5/IDAC8_1.c **** * Function Name: IDAC8_1_SetPolarity
 228:.\Generated_Source\PSoC5/IDAC8_1.c **** ********************************************************************************
 229:.\Generated_Source\PSoC5/IDAC8_1.c **** * Summary:
 230:.\Generated_Source\PSoC5/IDAC8_1.c **** *  Sets IDAC to Sink or Source current.
 231:.\Generated_Source\PSoC5/IDAC8_1.c **** *  
 232:.\Generated_Source\PSoC5/IDAC8_1.c **** * Parameters:
 233:.\Generated_Source\PSoC5/IDAC8_1.c **** *  Polarity: Sets the IDAC to Sink or Source 
 234:.\Generated_Source\PSoC5/IDAC8_1.c **** *  0x00 - Source
 235:.\Generated_Source\PSoC5/IDAC8_1.c **** *  0x04 - Sink
 236:.\Generated_Source\PSoC5/IDAC8_1.c **** *
 237:.\Generated_Source\PSoC5/IDAC8_1.c **** * Return:
ARM GAS  C:\Users\Robert\AppData\Local\Temp\ccO8GixT.s 			page 10


 238:.\Generated_Source\PSoC5/IDAC8_1.c **** *  (void)
 239:.\Generated_Source\PSoC5/IDAC8_1.c **** *
 240:.\Generated_Source\PSoC5/IDAC8_1.c **** * Theory:
 241:.\Generated_Source\PSoC5/IDAC8_1.c **** *
 242:.\Generated_Source\PSoC5/IDAC8_1.c **** * Side Effects:
 243:.\Generated_Source\PSoC5/IDAC8_1.c **** *
 244:.\Generated_Source\PSoC5/IDAC8_1.c **** *******************************************************************************/
 245:.\Generated_Source\PSoC5/IDAC8_1.c **** #if(IDAC8_1_DEFAULT_POLARITY != IDAC8_1_HARDWARE_CONTROLLED)
 246:.\Generated_Source\PSoC5/IDAC8_1.c ****     void IDAC8_1_SetPolarity(uint8 polarity) 
 247:.\Generated_Source\PSoC5/IDAC8_1.c ****     {
 277              		.loc 1 247 0
 278              		.cfi_startproc
 279              		@ args = 0, pretend = 0, frame = 8
 280              		@ frame_needed = 1, uses_anonymous_args = 0
 281 0000 80B5     		push	{r7, lr}
 282              	.LCFI11:
 283              		.cfi_def_cfa_offset 8
 284              		.cfi_offset 7, -8
 285              		.cfi_offset 14, -4
 286 0002 82B0     		sub	sp, sp, #8
 287              	.LCFI12:
 288              		.cfi_def_cfa_offset 16
 289 0004 00AF     		add	r7, sp, #0
 290              	.LCFI13:
 291              		.cfi_def_cfa_register 7
 292 0006 0346     		mov	r3, r0
 293 0008 FB71     		strb	r3, [r7, #7]
 248:.\Generated_Source\PSoC5/IDAC8_1.c ****         IDAC8_1_CR1 &= (uint8)(~IDAC8_1_IDIR_MASK);                /* clear polarity bit */
 294              		.loc 1 248 0
 295 000a 45F62103 		movw	r3, #22561
 296 000e C4F20003 		movt	r3, 16384
 297 0012 45F62102 		movw	r2, #22561
 298 0016 C4F20002 		movt	r2, 16384
 299 001a 1278     		ldrb	r2, [r2, #0]
 300 001c D2B2     		uxtb	r2, r2
 301 001e 22F00402 		bic	r2, r2, #4
 302 0022 D2B2     		uxtb	r2, r2
 303 0024 1A70     		strb	r2, [r3, #0]
 249:.\Generated_Source\PSoC5/IDAC8_1.c ****         IDAC8_1_CR1 |= (polarity & IDAC8_1_IDIR_MASK);             /* set new value */
 304              		.loc 1 249 0
 305 0026 45F62103 		movw	r3, #22561
 306 002a C4F20003 		movt	r3, 16384
 307 002e 45F62102 		movw	r2, #22561
 308 0032 C4F20002 		movt	r2, 16384
 309 0036 1278     		ldrb	r2, [r2, #0]
 310 0038 D1B2     		uxtb	r1, r2
 311 003a FA79     		ldrb	r2, [r7, #7]
 312 003c 02F00402 		and	r2, r2, #4
 313 0040 D2B2     		uxtb	r2, r2
 314 0042 0A43     		orrs	r2, r2, r1
 315 0044 D2B2     		uxtb	r2, r2
 316 0046 1A70     		strb	r2, [r3, #0]
 250:.\Generated_Source\PSoC5/IDAC8_1.c ****     
 251:.\Generated_Source\PSoC5/IDAC8_1.c ****         IDAC8_1_DacTrim();
 317              		.loc 1 251 0
 318 0048 FFF7FEFF 		bl	IDAC8_1_DacTrim
 252:.\Generated_Source\PSoC5/IDAC8_1.c ****     }
ARM GAS  C:\Users\Robert\AppData\Local\Temp\ccO8GixT.s 			page 11


 319              		.loc 1 252 0
 320 004c 07F10807 		add	r7, r7, #8
 321 0050 BD46     		mov	sp, r7
 322 0052 80BD     		pop	{r7, pc}
 323              		.cfi_endproc
 324              	.LFE5:
 325              		.size	IDAC8_1_SetPolarity, .-IDAC8_1_SetPolarity
 326              		.section	.text.IDAC8_1_SetRange,"ax",%progbits
 327              		.align	2
 328              		.global	IDAC8_1_SetRange
 329              		.thumb
 330              		.thumb_func
 331              		.type	IDAC8_1_SetRange, %function
 332              	IDAC8_1_SetRange:
 333              	.LFB6:
 253:.\Generated_Source\PSoC5/IDAC8_1.c **** #endif/*(IDAC8_1_DEFAULT_POLARITY != IDAC8_1_HARDWARE_CONTROLLED)*/
 254:.\Generated_Source\PSoC5/IDAC8_1.c **** 
 255:.\Generated_Source\PSoC5/IDAC8_1.c **** 
 256:.\Generated_Source\PSoC5/IDAC8_1.c **** /*******************************************************************************
 257:.\Generated_Source\PSoC5/IDAC8_1.c **** * Function Name: IDAC8_1_SetRange
 258:.\Generated_Source\PSoC5/IDAC8_1.c **** ********************************************************************************
 259:.\Generated_Source\PSoC5/IDAC8_1.c **** * Summary:
 260:.\Generated_Source\PSoC5/IDAC8_1.c **** *  Set current range
 261:.\Generated_Source\PSoC5/IDAC8_1.c **** *
 262:.\Generated_Source\PSoC5/IDAC8_1.c **** * Parameters:
 263:.\Generated_Source\PSoC5/IDAC8_1.c **** *  Range: Sets on of four valid ranges.
 264:.\Generated_Source\PSoC5/IDAC8_1.c **** *
 265:.\Generated_Source\PSoC5/IDAC8_1.c **** * Return:
 266:.\Generated_Source\PSoC5/IDAC8_1.c **** *  (void)
 267:.\Generated_Source\PSoC5/IDAC8_1.c **** *
 268:.\Generated_Source\PSoC5/IDAC8_1.c **** * Theory:
 269:.\Generated_Source\PSoC5/IDAC8_1.c **** *
 270:.\Generated_Source\PSoC5/IDAC8_1.c **** * Side Effects:
 271:.\Generated_Source\PSoC5/IDAC8_1.c **** *
 272:.\Generated_Source\PSoC5/IDAC8_1.c **** *******************************************************************************/
 273:.\Generated_Source\PSoC5/IDAC8_1.c **** void IDAC8_1_SetRange(uint8 range) 
 274:.\Generated_Source\PSoC5/IDAC8_1.c **** {
 334              		.loc 1 274 0
 335              		.cfi_startproc
 336              		@ args = 0, pretend = 0, frame = 8
 337              		@ frame_needed = 1, uses_anonymous_args = 0
 338 0000 80B5     		push	{r7, lr}
 339              	.LCFI14:
 340              		.cfi_def_cfa_offset 8
 341              		.cfi_offset 7, -8
 342              		.cfi_offset 14, -4
 343 0002 82B0     		sub	sp, sp, #8
 344              	.LCFI15:
 345              		.cfi_def_cfa_offset 16
 346 0004 00AF     		add	r7, sp, #0
 347              	.LCFI16:
 348              		.cfi_def_cfa_register 7
 349 0006 0346     		mov	r3, r0
 350 0008 FB71     		strb	r3, [r7, #7]
 275:.\Generated_Source\PSoC5/IDAC8_1.c ****     IDAC8_1_CR0 &= (uint8)(~IDAC8_1_RANGE_MASK);       /* Clear existing mode */
 351              		.loc 1 275 0
 352 000a 45F62003 		movw	r3, #22560
ARM GAS  C:\Users\Robert\AppData\Local\Temp\ccO8GixT.s 			page 12


 353 000e C4F20003 		movt	r3, 16384
 354 0012 45F62002 		movw	r2, #22560
 355 0016 C4F20002 		movt	r2, 16384
 356 001a 1278     		ldrb	r2, [r2, #0]
 357 001c D2B2     		uxtb	r2, r2
 358 001e 22F00C02 		bic	r2, r2, #12
 359 0022 D2B2     		uxtb	r2, r2
 360 0024 1A70     		strb	r2, [r3, #0]
 276:.\Generated_Source\PSoC5/IDAC8_1.c ****     IDAC8_1_CR0 |= ( range & IDAC8_1_RANGE_MASK );     /*  Set Range  */
 361              		.loc 1 276 0
 362 0026 45F62003 		movw	r3, #22560
 363 002a C4F20003 		movt	r3, 16384
 364 002e 45F62002 		movw	r2, #22560
 365 0032 C4F20002 		movt	r2, 16384
 366 0036 1278     		ldrb	r2, [r2, #0]
 367 0038 D1B2     		uxtb	r1, r2
 368 003a FA79     		ldrb	r2, [r7, #7]
 369 003c 02F00C02 		and	r2, r2, #12
 370 0040 D2B2     		uxtb	r2, r2
 371 0042 0A43     		orrs	r2, r2, r1
 372 0044 D2B2     		uxtb	r2, r2
 373 0046 1A70     		strb	r2, [r3, #0]
 277:.\Generated_Source\PSoC5/IDAC8_1.c ****     IDAC8_1_DacTrim();
 374              		.loc 1 277 0
 375 0048 FFF7FEFF 		bl	IDAC8_1_DacTrim
 278:.\Generated_Source\PSoC5/IDAC8_1.c **** }
 376              		.loc 1 278 0
 377 004c 07F10807 		add	r7, r7, #8
 378 0050 BD46     		mov	sp, r7
 379 0052 80BD     		pop	{r7, pc}
 380              		.cfi_endproc
 381              	.LFE6:
 382              		.size	IDAC8_1_SetRange, .-IDAC8_1_SetRange
 383              		.section	.text.IDAC8_1_SetValue,"ax",%progbits
 384              		.align	2
 385              		.global	IDAC8_1_SetValue
 386              		.thumb
 387              		.thumb_func
 388              		.type	IDAC8_1_SetValue, %function
 389              	IDAC8_1_SetValue:
 390              	.LFB7:
 279:.\Generated_Source\PSoC5/IDAC8_1.c **** 
 280:.\Generated_Source\PSoC5/IDAC8_1.c **** 
 281:.\Generated_Source\PSoC5/IDAC8_1.c **** /*******************************************************************************
 282:.\Generated_Source\PSoC5/IDAC8_1.c **** * Function Name: IDAC8_1_SetValue
 283:.\Generated_Source\PSoC5/IDAC8_1.c **** ********************************************************************************
 284:.\Generated_Source\PSoC5/IDAC8_1.c **** * Summary:
 285:.\Generated_Source\PSoC5/IDAC8_1.c **** *  Set DAC value
 286:.\Generated_Source\PSoC5/IDAC8_1.c **** *
 287:.\Generated_Source\PSoC5/IDAC8_1.c **** * Parameters:
 288:.\Generated_Source\PSoC5/IDAC8_1.c **** *  value: Sets DAC value between 0 and 255.
 289:.\Generated_Source\PSoC5/IDAC8_1.c **** *
 290:.\Generated_Source\PSoC5/IDAC8_1.c **** * Return:
 291:.\Generated_Source\PSoC5/IDAC8_1.c **** *  (void)
 292:.\Generated_Source\PSoC5/IDAC8_1.c **** *
 293:.\Generated_Source\PSoC5/IDAC8_1.c **** * Theory:
 294:.\Generated_Source\PSoC5/IDAC8_1.c **** *
ARM GAS  C:\Users\Robert\AppData\Local\Temp\ccO8GixT.s 			page 13


 295:.\Generated_Source\PSoC5/IDAC8_1.c **** * Side Effects:
 296:.\Generated_Source\PSoC5/IDAC8_1.c **** *
 297:.\Generated_Source\PSoC5/IDAC8_1.c **** *******************************************************************************/
 298:.\Generated_Source\PSoC5/IDAC8_1.c **** void IDAC8_1_SetValue(uint8 value) 
 299:.\Generated_Source\PSoC5/IDAC8_1.c **** {
 391              		.loc 1 299 0
 392              		.cfi_startproc
 393              		@ args = 0, pretend = 0, frame = 8
 394              		@ frame_needed = 1, uses_anonymous_args = 0
 395              		@ link register save eliminated.
 396 0000 80B4     		push	{r7}
 397              	.LCFI17:
 398              		.cfi_def_cfa_offset 4
 399              		.cfi_offset 7, -4
 400 0002 83B0     		sub	sp, sp, #12
 401              	.LCFI18:
 402              		.cfi_def_cfa_offset 16
 403 0004 00AF     		add	r7, sp, #0
 404              	.LCFI19:
 405              		.cfi_def_cfa_register 7
 406 0006 0346     		mov	r3, r0
 407 0008 FB71     		strb	r3, [r7, #7]
 300:.\Generated_Source\PSoC5/IDAC8_1.c **** 
 301:.\Generated_Source\PSoC5/IDAC8_1.c ****     #if (CY_PSOC5A)
 302:.\Generated_Source\PSoC5/IDAC8_1.c ****         uint8 IDAC8_1_intrStatus = CyEnterCriticalSection();
 303:.\Generated_Source\PSoC5/IDAC8_1.c ****     #endif /* CY_PSOC5A */
 304:.\Generated_Source\PSoC5/IDAC8_1.c **** 
 305:.\Generated_Source\PSoC5/IDAC8_1.c ****     IDAC8_1_Data = value;         /*  Set Value  */
 408              		.loc 1 305 0
 409 000a 4FF4B743 		mov	r3, #23424
 410 000e C4F20003 		movt	r3, 16384
 411 0012 FA79     		ldrb	r2, [r7, #7]
 412 0014 1A70     		strb	r2, [r3, #0]
 306:.\Generated_Source\PSoC5/IDAC8_1.c ****     
 307:.\Generated_Source\PSoC5/IDAC8_1.c ****     /* PSOC5A silicons require a double write */
 308:.\Generated_Source\PSoC5/IDAC8_1.c ****     #if (CY_PSOC5A)
 309:.\Generated_Source\PSoC5/IDAC8_1.c ****         IDAC8_1_Data = value;
 310:.\Generated_Source\PSoC5/IDAC8_1.c ****         CyExitCriticalSection(IDAC8_1_intrStatus);
 311:.\Generated_Source\PSoC5/IDAC8_1.c ****     #endif /* CY_PSOC5A */
 312:.\Generated_Source\PSoC5/IDAC8_1.c **** }
 413              		.loc 1 312 0
 414 0016 07F10C07 		add	r7, r7, #12
 415 001a BD46     		mov	sp, r7
 416 001c 80BC     		pop	{r7}
 417 001e 7047     		bx	lr
 418              		.cfi_endproc
 419              	.LFE7:
 420              		.size	IDAC8_1_SetValue, .-IDAC8_1_SetValue
 421              		.section	.text.IDAC8_1_DacTrim,"ax",%progbits
 422              		.align	2
 423              		.global	IDAC8_1_DacTrim
 424              		.thumb
 425              		.thumb_func
 426              		.type	IDAC8_1_DacTrim, %function
 427              	IDAC8_1_DacTrim:
 428              	.LFB8:
 313:.\Generated_Source\PSoC5/IDAC8_1.c **** 
ARM GAS  C:\Users\Robert\AppData\Local\Temp\ccO8GixT.s 			page 14


 314:.\Generated_Source\PSoC5/IDAC8_1.c **** 
 315:.\Generated_Source\PSoC5/IDAC8_1.c **** /*******************************************************************************
 316:.\Generated_Source\PSoC5/IDAC8_1.c **** * Function Name: IDAC8_1_DacTrim
 317:.\Generated_Source\PSoC5/IDAC8_1.c **** ********************************************************************************
 318:.\Generated_Source\PSoC5/IDAC8_1.c **** * Summary:
 319:.\Generated_Source\PSoC5/IDAC8_1.c **** *  Set the trim value for the given range.
 320:.\Generated_Source\PSoC5/IDAC8_1.c **** *
 321:.\Generated_Source\PSoC5/IDAC8_1.c **** * Parameters:
 322:.\Generated_Source\PSoC5/IDAC8_1.c **** *  None
 323:.\Generated_Source\PSoC5/IDAC8_1.c **** *
 324:.\Generated_Source\PSoC5/IDAC8_1.c **** * Return:
 325:.\Generated_Source\PSoC5/IDAC8_1.c **** *  (void) 
 326:.\Generated_Source\PSoC5/IDAC8_1.c **** *
 327:.\Generated_Source\PSoC5/IDAC8_1.c **** * Theory:
 328:.\Generated_Source\PSoC5/IDAC8_1.c **** *  Trim values for the IDAC blocks are stored in the "Customer Table" area in 
 329:.\Generated_Source\PSoC5/IDAC8_1.c **** *  Row 1 of the Hidden Flash.  There are 8 bytes of trim data for each 
 330:.\Generated_Source\PSoC5/IDAC8_1.c **** *  IDAC block.
 331:.\Generated_Source\PSoC5/IDAC8_1.c **** *  The values are:
 332:.\Generated_Source\PSoC5/IDAC8_1.c **** *       I Gain offset, min range, Sourcing
 333:.\Generated_Source\PSoC5/IDAC8_1.c **** *       I Gain offset, min range, Sinking
 334:.\Generated_Source\PSoC5/IDAC8_1.c **** *       I Gain offset, med range, Sourcing
 335:.\Generated_Source\PSoC5/IDAC8_1.c **** *       I Gain offset, med range, Sinking
 336:.\Generated_Source\PSoC5/IDAC8_1.c **** *       I Gain offset, max range, Sourcing
 337:.\Generated_Source\PSoC5/IDAC8_1.c **** *       I Gain offset, max range, Sinking
 338:.\Generated_Source\PSoC5/IDAC8_1.c **** *       V Gain offset, 1V range
 339:.\Generated_Source\PSoC5/IDAC8_1.c **** *       V Gain offset, 4V range
 340:.\Generated_Source\PSoC5/IDAC8_1.c **** *
 341:.\Generated_Source\PSoC5/IDAC8_1.c **** * Side Effects:
 342:.\Generated_Source\PSoC5/IDAC8_1.c **** *
 343:.\Generated_Source\PSoC5/IDAC8_1.c **** *******************************************************************************/
 344:.\Generated_Source\PSoC5/IDAC8_1.c **** void IDAC8_1_DacTrim(void) 
 345:.\Generated_Source\PSoC5/IDAC8_1.c **** {
 429              		.loc 1 345 0
 430              		.cfi_startproc
 431              		@ args = 0, pretend = 0, frame = 8
 432              		@ frame_needed = 1, uses_anonymous_args = 0
 433              		@ link register save eliminated.
 434 0000 80B4     		push	{r7}
 435              	.LCFI20:
 436              		.cfi_def_cfa_offset 4
 437              		.cfi_offset 7, -4
 438 0002 83B0     		sub	sp, sp, #12
 439              	.LCFI21:
 440              		.cfi_def_cfa_offset 16
 441 0004 00AF     		add	r7, sp, #0
 442              	.LCFI22:
 443              		.cfi_def_cfa_register 7
 346:.\Generated_Source\PSoC5/IDAC8_1.c ****     uint8 mode;
 347:.\Generated_Source\PSoC5/IDAC8_1.c **** 
 348:.\Generated_Source\PSoC5/IDAC8_1.c ****     mode = ((IDAC8_1_CR0 & IDAC8_1_RANGE_MASK) >> 1u);
 444              		.loc 1 348 0
 445 0006 45F62003 		movw	r3, #22560
 446 000a C4F20003 		movt	r3, 16384
 447 000e 1B78     		ldrb	r3, [r3, #0]
 448 0010 DBB2     		uxtb	r3, r3
 449 0012 03F00C03 		and	r3, r3, #12
 450 0016 4FEA5303 		lsr	r3, r3, #1
ARM GAS  C:\Users\Robert\AppData\Local\Temp\ccO8GixT.s 			page 15


 451 001a FB71     		strb	r3, [r7, #7]
 349:.\Generated_Source\PSoC5/IDAC8_1.c ****     
 350:.\Generated_Source\PSoC5/IDAC8_1.c ****     if((IDAC8_1_IDIR_MASK & IDAC8_1_CR1) == IDAC8_1_IDIR_SINK)
 452              		.loc 1 350 0
 453 001c 45F62103 		movw	r3, #22561
 454 0020 C4F20003 		movt	r3, 16384
 455 0024 1B78     		ldrb	r3, [r3, #0]
 456 0026 DBB2     		uxtb	r3, r3
 457 0028 03F00403 		and	r3, r3, #4
 458 002c DBB2     		uxtb	r3, r3
 459 002e 002B     		cmp	r3, #0
 460 0030 03D0     		beq	.L11
 351:.\Generated_Source\PSoC5/IDAC8_1.c ****     {
 352:.\Generated_Source\PSoC5/IDAC8_1.c ****         mode++;
 461              		.loc 1 352 0
 462 0032 FB79     		ldrb	r3, [r7, #7]
 463 0034 03F10103 		add	r3, r3, #1
 464 0038 FB71     		strb	r3, [r7, #7]
 465              	.L11:
 353:.\Generated_Source\PSoC5/IDAC8_1.c ****     }
 354:.\Generated_Source\PSoC5/IDAC8_1.c **** 
 355:.\Generated_Source\PSoC5/IDAC8_1.c ****     IDAC8_1_TR = CY_GET_XTND_REG8((uint8 *)(IDAC8_1_DAC_TRIM_BASE + mode));
 466              		.loc 1 355 0
 467 003a 44F20863 		movw	r3, #17928
 468 003e C4F20003 		movt	r3, 16384
 469 0042 FA79     		ldrb	r2, [r7, #7]	@ zero_extendqisi2
 470 0044 02F19242 		add	r2, r2, #1224736768
 471 0048 02F59072 		add	r2, r2, #288
 472 004c 1278     		ldrb	r2, [r2, #0]
 473 004e D2B2     		uxtb	r2, r2
 474 0050 1A70     		strb	r2, [r3, #0]
 356:.\Generated_Source\PSoC5/IDAC8_1.c **** }
 475              		.loc 1 356 0
 476 0052 07F10C07 		add	r7, r7, #12
 477 0056 BD46     		mov	sp, r7
 478 0058 80BC     		pop	{r7}
 479 005a 7047     		bx	lr
 480              		.cfi_endproc
 481              	.LFE8:
 482              		.size	IDAC8_1_DacTrim, .-IDAC8_1_DacTrim
 483              		.text
 484              	.Letext0:
 485              		.file 2 ".\\Generated_Source\\PSoC5\\cytypes.h"
 486              		.section	.debug_info,"",%progbits
 487              	.Ldebug_info0:
 488 0000 D9010000 		.4byte	0x1d9
 489 0004 0200     		.2byte	0x2
 490 0006 00000000 		.4byte	.Ldebug_abbrev0
 491 000a 04       		.byte	0x4
 492 000b 01       		.uleb128 0x1
 493 000c 9C010000 		.4byte	.LASF27
 494 0010 01       		.byte	0x1
 495 0011 EA000000 		.4byte	.LASF28
 496 0015 9D000000 		.4byte	.LASF29
 497 0019 00000000 		.4byte	.Ldebug_ranges0+0
 498 001d 00000000 		.4byte	0
 499 0021 00000000 		.4byte	0
ARM GAS  C:\Users\Robert\AppData\Local\Temp\ccO8GixT.s 			page 16


 500 0025 00000000 		.4byte	.Ldebug_line0
 501 0029 02       		.uleb128 0x2
 502 002a 01       		.byte	0x1
 503 002b 06       		.byte	0x6
 504 002c EE010000 		.4byte	.LASF0
 505 0030 02       		.uleb128 0x2
 506 0031 01       		.byte	0x1
 507 0032 08       		.byte	0x8
 508 0033 41000000 		.4byte	.LASF1
 509 0037 02       		.uleb128 0x2
 510 0038 02       		.byte	0x2
 511 0039 05       		.byte	0x5
 512 003a 8C010000 		.4byte	.LASF2
 513 003e 02       		.uleb128 0x2
 514 003f 02       		.byte	0x2
 515 0040 07       		.byte	0x7
 516 0041 66000000 		.4byte	.LASF3
 517 0045 02       		.uleb128 0x2
 518 0046 04       		.byte	0x4
 519 0047 05       		.byte	0x5
 520 0048 E5010000 		.4byte	.LASF4
 521 004c 02       		.uleb128 0x2
 522 004d 04       		.byte	0x4
 523 004e 07       		.byte	0x7
 524 004f 54000000 		.4byte	.LASF5
 525 0053 02       		.uleb128 0x2
 526 0054 08       		.byte	0x8
 527 0055 05       		.byte	0x5
 528 0056 79010000 		.4byte	.LASF6
 529 005a 02       		.uleb128 0x2
 530 005b 08       		.byte	0x8
 531 005c 07       		.byte	0x7
 532 005d 38010000 		.4byte	.LASF7
 533 0061 03       		.uleb128 0x3
 534 0062 04       		.byte	0x4
 535 0063 05       		.byte	0x5
 536 0064 696E7400 		.ascii	"int\000"
 537 0068 02       		.uleb128 0x2
 538 0069 04       		.byte	0x4
 539 006a 07       		.byte	0x7
 540 006b 1A010000 		.4byte	.LASF8
 541 006f 04       		.uleb128 0x4
 542 0070 96010000 		.4byte	.LASF12
 543 0074 02       		.byte	0x2
 544 0075 5B       		.byte	0x5b
 545 0076 30000000 		.4byte	0x30
 546 007a 02       		.uleb128 0x2
 547 007b 04       		.byte	0x4
 548 007c 04       		.byte	0x4
 549 007d 3B000000 		.4byte	.LASF9
 550 0081 02       		.uleb128 0x2
 551 0082 08       		.byte	0x8
 552 0083 04       		.byte	0x4
 553 0084 88000000 		.4byte	.LASF10
 554 0088 02       		.uleb128 0x2
 555 0089 01       		.byte	0x1
 556 008a 08       		.byte	0x8
ARM GAS  C:\Users\Robert\AppData\Local\Temp\ccO8GixT.s 			page 17


 557 008b 87010000 		.4byte	.LASF11
 558 008f 04       		.uleb128 0x4
 559 0090 4F000000 		.4byte	.LASF13
 560 0094 02       		.byte	0x2
 561 0095 F0       		.byte	0xf0
 562 0096 9A000000 		.4byte	0x9a
 563 009a 05       		.uleb128 0x5
 564 009b 6F000000 		.4byte	0x6f
 565 009f 06       		.uleb128 0x6
 566 00a0 01       		.byte	0x1
 567 00a1 0B020000 		.4byte	.LASF14
 568 00a5 01       		.byte	0x1
 569 00a6 3A       		.byte	0x3a
 570 00a7 01       		.byte	0x1
 571 00a8 00000000 		.4byte	.LFB0
 572 00ac 4A000000 		.4byte	.LFE0
 573 00b0 00000000 		.4byte	.LLST0
 574 00b4 01       		.byte	0x1
 575 00b5 07       		.uleb128 0x7
 576 00b6 01       		.byte	0x1
 577 00b7 79000000 		.4byte	.LASF15
 578 00bb 01       		.byte	0x1
 579 00bc 6F       		.byte	0x6f
 580 00bd 01       		.byte	0x1
 581 00be 00000000 		.4byte	.LFB1
 582 00c2 42000000 		.4byte	.LFE1
 583 00c6 2C000000 		.4byte	.LLST1
 584 00ca 01       		.byte	0x1
 585 00cb 06       		.uleb128 0x6
 586 00cc 01       		.byte	0x1
 587 00cd 8F000000 		.4byte	.LASF16
 588 00d1 01       		.byte	0x1
 589 00d2 93       		.byte	0x93
 590 00d3 01       		.byte	0x1
 591 00d4 00000000 		.4byte	.LFB2
 592 00d8 32000000 		.4byte	.LFE2
 593 00dc 58000000 		.4byte	.LLST2
 594 00e0 01       		.byte	0x1
 595 00e1 07       		.uleb128 0x7
 596 00e2 01       		.byte	0x1
 597 00e3 0D010000 		.4byte	.LASF17
 598 00e7 01       		.byte	0x1
 599 00e8 B7       		.byte	0xb7
 600 00e9 01       		.byte	0x1
 601 00ea 00000000 		.4byte	.LFB3
 602 00ee 42000000 		.4byte	.LFE3
 603 00f2 84000000 		.4byte	.LLST3
 604 00f6 01       		.byte	0x1
 605 00f7 08       		.uleb128 0x8
 606 00f8 01       		.byte	0x1
 607 00f9 16000000 		.4byte	.LASF18
 608 00fd 01       		.byte	0x1
 609 00fe DA       		.byte	0xda
 610 00ff 01       		.byte	0x1
 611 0100 00000000 		.4byte	.LFB4
 612 0104 52000000 		.4byte	.LFE4
 613 0108 B0000000 		.4byte	.LLST4
ARM GAS  C:\Users\Robert\AppData\Local\Temp\ccO8GixT.s 			page 18


 614 010c 01       		.byte	0x1
 615 010d 20010000 		.4byte	0x120
 616 0111 09       		.uleb128 0x9
 617 0112 73010000 		.4byte	.LASF20
 618 0116 01       		.byte	0x1
 619 0117 DA       		.byte	0xda
 620 0118 6F000000 		.4byte	0x6f
 621 011c 02       		.byte	0x2
 622 011d 91       		.byte	0x91
 623 011e 77       		.sleb128 -9
 624 011f 00       		.byte	0
 625 0120 0A       		.uleb128 0xa
 626 0121 01       		.byte	0x1
 627 0122 27000000 		.4byte	.LASF19
 628 0126 01       		.byte	0x1
 629 0127 F6       		.byte	0xf6
 630 0128 01       		.byte	0x1
 631 0129 00000000 		.4byte	.LFB5
 632 012d 54000000 		.4byte	.LFE5
 633 0131 E8000000 		.4byte	.LLST5
 634 0135 01       		.byte	0x1
 635 0136 49010000 		.4byte	0x149
 636 013a 09       		.uleb128 0x9
 637 013b 54010000 		.4byte	.LASF21
 638 013f 01       		.byte	0x1
 639 0140 F6       		.byte	0xf6
 640 0141 6F000000 		.4byte	0x6f
 641 0145 02       		.byte	0x2
 642 0146 91       		.byte	0x91
 643 0147 77       		.sleb128 -9
 644 0148 00       		.byte	0
 645 0149 0B       		.uleb128 0xb
 646 014a 01       		.byte	0x1
 647 014b FA010000 		.4byte	.LASF22
 648 014f 01       		.byte	0x1
 649 0150 1101     		.2byte	0x111
 650 0152 01       		.byte	0x1
 651 0153 00000000 		.4byte	.LFB6
 652 0157 54000000 		.4byte	.LFE6
 653 015b 20010000 		.4byte	.LLST6
 654 015f 01       		.byte	0x1
 655 0160 74010000 		.4byte	0x174
 656 0164 0C       		.uleb128 0xc
 657 0165 6D010000 		.4byte	.LASF23
 658 0169 01       		.byte	0x1
 659 016a 1101     		.2byte	0x111
 660 016c 6F000000 		.4byte	0x6f
 661 0170 02       		.byte	0x2
 662 0171 91       		.byte	0x91
 663 0172 77       		.sleb128 -9
 664 0173 00       		.byte	0
 665 0174 0D       		.uleb128 0xd
 666 0175 01       		.byte	0x1
 667 0176 27010000 		.4byte	.LASF24
 668 017a 01       		.byte	0x1
 669 017b 2A01     		.2byte	0x12a
 670 017d 01       		.byte	0x1
ARM GAS  C:\Users\Robert\AppData\Local\Temp\ccO8GixT.s 			page 19


 671 017e 00000000 		.4byte	.LFB7
 672 0182 20000000 		.4byte	.LFE7
 673 0186 58010000 		.4byte	.LLST7
 674 018a 01       		.byte	0x1
 675 018b 9F010000 		.4byte	0x19f
 676 018f 0C       		.uleb128 0xc
 677 0190 10000000 		.4byte	.LASF25
 678 0194 01       		.byte	0x1
 679 0195 2A01     		.2byte	0x12a
 680 0197 6F000000 		.4byte	0x6f
 681 019b 02       		.byte	0x2
 682 019c 91       		.byte	0x91
 683 019d 77       		.sleb128 -9
 684 019e 00       		.byte	0
 685 019f 0D       		.uleb128 0xd
 686 01a0 01       		.byte	0x1
 687 01a1 00000000 		.4byte	.LASF26
 688 01a5 01       		.byte	0x1
 689 01a6 5801     		.2byte	0x158
 690 01a8 01       		.byte	0x1
 691 01a9 00000000 		.4byte	.LFB8
 692 01ad 5C000000 		.4byte	.LFE8
 693 01b1 90010000 		.4byte	.LLST8
 694 01b5 01       		.byte	0x1
 695 01b6 CA010000 		.4byte	0x1ca
 696 01ba 0E       		.uleb128 0xe
 697 01bb 4F010000 		.4byte	.LASF30
 698 01bf 01       		.byte	0x1
 699 01c0 5A01     		.2byte	0x15a
 700 01c2 6F000000 		.4byte	0x6f
 701 01c6 02       		.byte	0x2
 702 01c7 91       		.byte	0x91
 703 01c8 77       		.sleb128 -9
 704 01c9 00       		.byte	0
 705 01ca 0F       		.uleb128 0xf
 706 01cb 5D010000 		.4byte	.LASF31
 707 01cf 01       		.byte	0x1
 708 01d0 1B       		.byte	0x1b
 709 01d1 6F000000 		.4byte	0x6f
 710 01d5 01       		.byte	0x1
 711 01d6 05       		.byte	0x5
 712 01d7 03       		.byte	0x3
 713 01d8 00000000 		.4byte	IDAC8_1_initVar
 714 01dc 00       		.byte	0
 715              		.section	.debug_abbrev,"",%progbits
 716              	.Ldebug_abbrev0:
 717 0000 01       		.uleb128 0x1
 718 0001 11       		.uleb128 0x11
 719 0002 01       		.byte	0x1
 720 0003 25       		.uleb128 0x25
 721 0004 0E       		.uleb128 0xe
 722 0005 13       		.uleb128 0x13
 723 0006 0B       		.uleb128 0xb
 724 0007 03       		.uleb128 0x3
 725 0008 0E       		.uleb128 0xe
 726 0009 1B       		.uleb128 0x1b
 727 000a 0E       		.uleb128 0xe
ARM GAS  C:\Users\Robert\AppData\Local\Temp\ccO8GixT.s 			page 20


 728 000b 55       		.uleb128 0x55
 729 000c 06       		.uleb128 0x6
 730 000d 11       		.uleb128 0x11
 731 000e 01       		.uleb128 0x1
 732 000f 52       		.uleb128 0x52
 733 0010 01       		.uleb128 0x1
 734 0011 10       		.uleb128 0x10
 735 0012 06       		.uleb128 0x6
 736 0013 00       		.byte	0
 737 0014 00       		.byte	0
 738 0015 02       		.uleb128 0x2
 739 0016 24       		.uleb128 0x24
 740 0017 00       		.byte	0
 741 0018 0B       		.uleb128 0xb
 742 0019 0B       		.uleb128 0xb
 743 001a 3E       		.uleb128 0x3e
 744 001b 0B       		.uleb128 0xb
 745 001c 03       		.uleb128 0x3
 746 001d 0E       		.uleb128 0xe
 747 001e 00       		.byte	0
 748 001f 00       		.byte	0
 749 0020 03       		.uleb128 0x3
 750 0021 24       		.uleb128 0x24
 751 0022 00       		.byte	0
 752 0023 0B       		.uleb128 0xb
 753 0024 0B       		.uleb128 0xb
 754 0025 3E       		.uleb128 0x3e
 755 0026 0B       		.uleb128 0xb
 756 0027 03       		.uleb128 0x3
 757 0028 08       		.uleb128 0x8
 758 0029 00       		.byte	0
 759 002a 00       		.byte	0
 760 002b 04       		.uleb128 0x4
 761 002c 16       		.uleb128 0x16
 762 002d 00       		.byte	0
 763 002e 03       		.uleb128 0x3
 764 002f 0E       		.uleb128 0xe
 765 0030 3A       		.uleb128 0x3a
 766 0031 0B       		.uleb128 0xb
 767 0032 3B       		.uleb128 0x3b
 768 0033 0B       		.uleb128 0xb
 769 0034 49       		.uleb128 0x49
 770 0035 13       		.uleb128 0x13
 771 0036 00       		.byte	0
 772 0037 00       		.byte	0
 773 0038 05       		.uleb128 0x5
 774 0039 35       		.uleb128 0x35
 775 003a 00       		.byte	0
 776 003b 49       		.uleb128 0x49
 777 003c 13       		.uleb128 0x13
 778 003d 00       		.byte	0
 779 003e 00       		.byte	0
 780 003f 06       		.uleb128 0x6
 781 0040 2E       		.uleb128 0x2e
 782 0041 00       		.byte	0
 783 0042 3F       		.uleb128 0x3f
 784 0043 0C       		.uleb128 0xc
ARM GAS  C:\Users\Robert\AppData\Local\Temp\ccO8GixT.s 			page 21


 785 0044 03       		.uleb128 0x3
 786 0045 0E       		.uleb128 0xe
 787 0046 3A       		.uleb128 0x3a
 788 0047 0B       		.uleb128 0xb
 789 0048 3B       		.uleb128 0x3b
 790 0049 0B       		.uleb128 0xb
 791 004a 27       		.uleb128 0x27
 792 004b 0C       		.uleb128 0xc
 793 004c 11       		.uleb128 0x11
 794 004d 01       		.uleb128 0x1
 795 004e 12       		.uleb128 0x12
 796 004f 01       		.uleb128 0x1
 797 0050 40       		.uleb128 0x40
 798 0051 06       		.uleb128 0x6
 799 0052 9642     		.uleb128 0x2116
 800 0054 0C       		.uleb128 0xc
 801 0055 00       		.byte	0
 802 0056 00       		.byte	0
 803 0057 07       		.uleb128 0x7
 804 0058 2E       		.uleb128 0x2e
 805 0059 00       		.byte	0
 806 005a 3F       		.uleb128 0x3f
 807 005b 0C       		.uleb128 0xc
 808 005c 03       		.uleb128 0x3
 809 005d 0E       		.uleb128 0xe
 810 005e 3A       		.uleb128 0x3a
 811 005f 0B       		.uleb128 0xb
 812 0060 3B       		.uleb128 0x3b
 813 0061 0B       		.uleb128 0xb
 814 0062 27       		.uleb128 0x27
 815 0063 0C       		.uleb128 0xc
 816 0064 11       		.uleb128 0x11
 817 0065 01       		.uleb128 0x1
 818 0066 12       		.uleb128 0x12
 819 0067 01       		.uleb128 0x1
 820 0068 40       		.uleb128 0x40
 821 0069 06       		.uleb128 0x6
 822 006a 9742     		.uleb128 0x2117
 823 006c 0C       		.uleb128 0xc
 824 006d 00       		.byte	0
 825 006e 00       		.byte	0
 826 006f 08       		.uleb128 0x8
 827 0070 2E       		.uleb128 0x2e
 828 0071 01       		.byte	0x1
 829 0072 3F       		.uleb128 0x3f
 830 0073 0C       		.uleb128 0xc
 831 0074 03       		.uleb128 0x3
 832 0075 0E       		.uleb128 0xe
 833 0076 3A       		.uleb128 0x3a
 834 0077 0B       		.uleb128 0xb
 835 0078 3B       		.uleb128 0x3b
 836 0079 0B       		.uleb128 0xb
 837 007a 27       		.uleb128 0x27
 838 007b 0C       		.uleb128 0xc
 839 007c 11       		.uleb128 0x11
 840 007d 01       		.uleb128 0x1
 841 007e 12       		.uleb128 0x12
ARM GAS  C:\Users\Robert\AppData\Local\Temp\ccO8GixT.s 			page 22


 842 007f 01       		.uleb128 0x1
 843 0080 40       		.uleb128 0x40
 844 0081 06       		.uleb128 0x6
 845 0082 9742     		.uleb128 0x2117
 846 0084 0C       		.uleb128 0xc
 847 0085 01       		.uleb128 0x1
 848 0086 13       		.uleb128 0x13
 849 0087 00       		.byte	0
 850 0088 00       		.byte	0
 851 0089 09       		.uleb128 0x9
 852 008a 05       		.uleb128 0x5
 853 008b 00       		.byte	0
 854 008c 03       		.uleb128 0x3
 855 008d 0E       		.uleb128 0xe
 856 008e 3A       		.uleb128 0x3a
 857 008f 0B       		.uleb128 0xb
 858 0090 3B       		.uleb128 0x3b
 859 0091 0B       		.uleb128 0xb
 860 0092 49       		.uleb128 0x49
 861 0093 13       		.uleb128 0x13
 862 0094 02       		.uleb128 0x2
 863 0095 0A       		.uleb128 0xa
 864 0096 00       		.byte	0
 865 0097 00       		.byte	0
 866 0098 0A       		.uleb128 0xa
 867 0099 2E       		.uleb128 0x2e
 868 009a 01       		.byte	0x1
 869 009b 3F       		.uleb128 0x3f
 870 009c 0C       		.uleb128 0xc
 871 009d 03       		.uleb128 0x3
 872 009e 0E       		.uleb128 0xe
 873 009f 3A       		.uleb128 0x3a
 874 00a0 0B       		.uleb128 0xb
 875 00a1 3B       		.uleb128 0x3b
 876 00a2 0B       		.uleb128 0xb
 877 00a3 27       		.uleb128 0x27
 878 00a4 0C       		.uleb128 0xc
 879 00a5 11       		.uleb128 0x11
 880 00a6 01       		.uleb128 0x1
 881 00a7 12       		.uleb128 0x12
 882 00a8 01       		.uleb128 0x1
 883 00a9 40       		.uleb128 0x40
 884 00aa 06       		.uleb128 0x6
 885 00ab 9642     		.uleb128 0x2116
 886 00ad 0C       		.uleb128 0xc
 887 00ae 01       		.uleb128 0x1
 888 00af 13       		.uleb128 0x13
 889 00b0 00       		.byte	0
 890 00b1 00       		.byte	0
 891 00b2 0B       		.uleb128 0xb
 892 00b3 2E       		.uleb128 0x2e
 893 00b4 01       		.byte	0x1
 894 00b5 3F       		.uleb128 0x3f
 895 00b6 0C       		.uleb128 0xc
 896 00b7 03       		.uleb128 0x3
 897 00b8 0E       		.uleb128 0xe
 898 00b9 3A       		.uleb128 0x3a
ARM GAS  C:\Users\Robert\AppData\Local\Temp\ccO8GixT.s 			page 23


 899 00ba 0B       		.uleb128 0xb
 900 00bb 3B       		.uleb128 0x3b
 901 00bc 05       		.uleb128 0x5
 902 00bd 27       		.uleb128 0x27
 903 00be 0C       		.uleb128 0xc
 904 00bf 11       		.uleb128 0x11
 905 00c0 01       		.uleb128 0x1
 906 00c1 12       		.uleb128 0x12
 907 00c2 01       		.uleb128 0x1
 908 00c3 40       		.uleb128 0x40
 909 00c4 06       		.uleb128 0x6
 910 00c5 9642     		.uleb128 0x2116
 911 00c7 0C       		.uleb128 0xc
 912 00c8 01       		.uleb128 0x1
 913 00c9 13       		.uleb128 0x13
 914 00ca 00       		.byte	0
 915 00cb 00       		.byte	0
 916 00cc 0C       		.uleb128 0xc
 917 00cd 05       		.uleb128 0x5
 918 00ce 00       		.byte	0
 919 00cf 03       		.uleb128 0x3
 920 00d0 0E       		.uleb128 0xe
 921 00d1 3A       		.uleb128 0x3a
 922 00d2 0B       		.uleb128 0xb
 923 00d3 3B       		.uleb128 0x3b
 924 00d4 05       		.uleb128 0x5
 925 00d5 49       		.uleb128 0x49
 926 00d6 13       		.uleb128 0x13
 927 00d7 02       		.uleb128 0x2
 928 00d8 0A       		.uleb128 0xa
 929 00d9 00       		.byte	0
 930 00da 00       		.byte	0
 931 00db 0D       		.uleb128 0xd
 932 00dc 2E       		.uleb128 0x2e
 933 00dd 01       		.byte	0x1
 934 00de 3F       		.uleb128 0x3f
 935 00df 0C       		.uleb128 0xc
 936 00e0 03       		.uleb128 0x3
 937 00e1 0E       		.uleb128 0xe
 938 00e2 3A       		.uleb128 0x3a
 939 00e3 0B       		.uleb128 0xb
 940 00e4 3B       		.uleb128 0x3b
 941 00e5 05       		.uleb128 0x5
 942 00e6 27       		.uleb128 0x27
 943 00e7 0C       		.uleb128 0xc
 944 00e8 11       		.uleb128 0x11
 945 00e9 01       		.uleb128 0x1
 946 00ea 12       		.uleb128 0x12
 947 00eb 01       		.uleb128 0x1
 948 00ec 40       		.uleb128 0x40
 949 00ed 06       		.uleb128 0x6
 950 00ee 9742     		.uleb128 0x2117
 951 00f0 0C       		.uleb128 0xc
 952 00f1 01       		.uleb128 0x1
 953 00f2 13       		.uleb128 0x13
 954 00f3 00       		.byte	0
 955 00f4 00       		.byte	0
ARM GAS  C:\Users\Robert\AppData\Local\Temp\ccO8GixT.s 			page 24


 956 00f5 0E       		.uleb128 0xe
 957 00f6 34       		.uleb128 0x34
 958 00f7 00       		.byte	0
 959 00f8 03       		.uleb128 0x3
 960 00f9 0E       		.uleb128 0xe
 961 00fa 3A       		.uleb128 0x3a
 962 00fb 0B       		.uleb128 0xb
 963 00fc 3B       		.uleb128 0x3b
 964 00fd 05       		.uleb128 0x5
 965 00fe 49       		.uleb128 0x49
 966 00ff 13       		.uleb128 0x13
 967 0100 02       		.uleb128 0x2
 968 0101 0A       		.uleb128 0xa
 969 0102 00       		.byte	0
 970 0103 00       		.byte	0
 971 0104 0F       		.uleb128 0xf
 972 0105 34       		.uleb128 0x34
 973 0106 00       		.byte	0
 974 0107 03       		.uleb128 0x3
 975 0108 0E       		.uleb128 0xe
 976 0109 3A       		.uleb128 0x3a
 977 010a 0B       		.uleb128 0xb
 978 010b 3B       		.uleb128 0x3b
 979 010c 0B       		.uleb128 0xb
 980 010d 49       		.uleb128 0x49
 981 010e 13       		.uleb128 0x13
 982 010f 3F       		.uleb128 0x3f
 983 0110 0C       		.uleb128 0xc
 984 0111 02       		.uleb128 0x2
 985 0112 0A       		.uleb128 0xa
 986 0113 00       		.byte	0
 987 0114 00       		.byte	0
 988 0115 00       		.byte	0
 989              		.section	.debug_loc,"",%progbits
 990              	.Ldebug_loc0:
 991              	.LLST0:
 992 0000 00000000 		.4byte	.LFB0
 993 0004 02000000 		.4byte	.LCFI0
 994 0008 0200     		.2byte	0x2
 995 000a 7D       		.byte	0x7d
 996 000b 00       		.sleb128 0
 997 000c 02000000 		.4byte	.LCFI0
 998 0010 04000000 		.4byte	.LCFI1
 999 0014 0200     		.2byte	0x2
 1000 0016 7D       		.byte	0x7d
 1001 0017 08       		.sleb128 8
 1002 0018 04000000 		.4byte	.LCFI1
 1003 001c 4A000000 		.4byte	.LFE0
 1004 0020 0200     		.2byte	0x2
 1005 0022 77       		.byte	0x77
 1006 0023 08       		.sleb128 8
 1007 0024 00000000 		.4byte	0
 1008 0028 00000000 		.4byte	0
 1009              	.LLST1:
 1010 002c 00000000 		.4byte	.LFB1
 1011 0030 02000000 		.4byte	.LCFI2
 1012 0034 0200     		.2byte	0x2
ARM GAS  C:\Users\Robert\AppData\Local\Temp\ccO8GixT.s 			page 25


 1013 0036 7D       		.byte	0x7d
 1014 0037 00       		.sleb128 0
 1015 0038 02000000 		.4byte	.LCFI2
 1016 003c 04000000 		.4byte	.LCFI3
 1017 0040 0200     		.2byte	0x2
 1018 0042 7D       		.byte	0x7d
 1019 0043 04       		.sleb128 4
 1020 0044 04000000 		.4byte	.LCFI3
 1021 0048 42000000 		.4byte	.LFE1
 1022 004c 0200     		.2byte	0x2
 1023 004e 77       		.byte	0x77
 1024 004f 04       		.sleb128 4
 1025 0050 00000000 		.4byte	0
 1026 0054 00000000 		.4byte	0
 1027              	.LLST2:
 1028 0058 00000000 		.4byte	.LFB2
 1029 005c 02000000 		.4byte	.LCFI4
 1030 0060 0200     		.2byte	0x2
 1031 0062 7D       		.byte	0x7d
 1032 0063 00       		.sleb128 0
 1033 0064 02000000 		.4byte	.LCFI4
 1034 0068 04000000 		.4byte	.LCFI5
 1035 006c 0200     		.2byte	0x2
 1036 006e 7D       		.byte	0x7d
 1037 006f 08       		.sleb128 8
 1038 0070 04000000 		.4byte	.LCFI5
 1039 0074 32000000 		.4byte	.LFE2
 1040 0078 0200     		.2byte	0x2
 1041 007a 77       		.byte	0x77
 1042 007b 08       		.sleb128 8
 1043 007c 00000000 		.4byte	0
 1044 0080 00000000 		.4byte	0
 1045              	.LLST3:
 1046 0084 00000000 		.4byte	.LFB3
 1047 0088 02000000 		.4byte	.LCFI6
 1048 008c 0200     		.2byte	0x2
 1049 008e 7D       		.byte	0x7d
 1050 008f 00       		.sleb128 0
 1051 0090 02000000 		.4byte	.LCFI6
 1052 0094 04000000 		.4byte	.LCFI7
 1053 0098 0200     		.2byte	0x2
 1054 009a 7D       		.byte	0x7d
 1055 009b 04       		.sleb128 4
 1056 009c 04000000 		.4byte	.LCFI7
 1057 00a0 42000000 		.4byte	.LFE3
 1058 00a4 0200     		.2byte	0x2
 1059 00a6 77       		.byte	0x77
 1060 00a7 04       		.sleb128 4
 1061 00a8 00000000 		.4byte	0
 1062 00ac 00000000 		.4byte	0
 1063              	.LLST4:
 1064 00b0 00000000 		.4byte	.LFB4
 1065 00b4 02000000 		.4byte	.LCFI8
 1066 00b8 0200     		.2byte	0x2
 1067 00ba 7D       		.byte	0x7d
 1068 00bb 00       		.sleb128 0
 1069 00bc 02000000 		.4byte	.LCFI8
ARM GAS  C:\Users\Robert\AppData\Local\Temp\ccO8GixT.s 			page 26


 1070 00c0 04000000 		.4byte	.LCFI9
 1071 00c4 0200     		.2byte	0x2
 1072 00c6 7D       		.byte	0x7d
 1073 00c7 04       		.sleb128 4
 1074 00c8 04000000 		.4byte	.LCFI9
 1075 00cc 06000000 		.4byte	.LCFI10
 1076 00d0 0200     		.2byte	0x2
 1077 00d2 7D       		.byte	0x7d
 1078 00d3 10       		.sleb128 16
 1079 00d4 06000000 		.4byte	.LCFI10
 1080 00d8 52000000 		.4byte	.LFE4
 1081 00dc 0200     		.2byte	0x2
 1082 00de 77       		.byte	0x77
 1083 00df 10       		.sleb128 16
 1084 00e0 00000000 		.4byte	0
 1085 00e4 00000000 		.4byte	0
 1086              	.LLST5:
 1087 00e8 00000000 		.4byte	.LFB5
 1088 00ec 02000000 		.4byte	.LCFI11
 1089 00f0 0200     		.2byte	0x2
 1090 00f2 7D       		.byte	0x7d
 1091 00f3 00       		.sleb128 0
 1092 00f4 02000000 		.4byte	.LCFI11
 1093 00f8 04000000 		.4byte	.LCFI12
 1094 00fc 0200     		.2byte	0x2
 1095 00fe 7D       		.byte	0x7d
 1096 00ff 08       		.sleb128 8
 1097 0100 04000000 		.4byte	.LCFI12
 1098 0104 06000000 		.4byte	.LCFI13
 1099 0108 0200     		.2byte	0x2
 1100 010a 7D       		.byte	0x7d
 1101 010b 10       		.sleb128 16
 1102 010c 06000000 		.4byte	.LCFI13
 1103 0110 54000000 		.4byte	.LFE5
 1104 0114 0200     		.2byte	0x2
 1105 0116 77       		.byte	0x77
 1106 0117 10       		.sleb128 16
 1107 0118 00000000 		.4byte	0
 1108 011c 00000000 		.4byte	0
 1109              	.LLST6:
 1110 0120 00000000 		.4byte	.LFB6
 1111 0124 02000000 		.4byte	.LCFI14
 1112 0128 0200     		.2byte	0x2
 1113 012a 7D       		.byte	0x7d
 1114 012b 00       		.sleb128 0
 1115 012c 02000000 		.4byte	.LCFI14
 1116 0130 04000000 		.4byte	.LCFI15
 1117 0134 0200     		.2byte	0x2
 1118 0136 7D       		.byte	0x7d
 1119 0137 08       		.sleb128 8
 1120 0138 04000000 		.4byte	.LCFI15
 1121 013c 06000000 		.4byte	.LCFI16
 1122 0140 0200     		.2byte	0x2
 1123 0142 7D       		.byte	0x7d
 1124 0143 10       		.sleb128 16
 1125 0144 06000000 		.4byte	.LCFI16
 1126 0148 54000000 		.4byte	.LFE6
ARM GAS  C:\Users\Robert\AppData\Local\Temp\ccO8GixT.s 			page 27


 1127 014c 0200     		.2byte	0x2
 1128 014e 77       		.byte	0x77
 1129 014f 10       		.sleb128 16
 1130 0150 00000000 		.4byte	0
 1131 0154 00000000 		.4byte	0
 1132              	.LLST7:
 1133 0158 00000000 		.4byte	.LFB7
 1134 015c 02000000 		.4byte	.LCFI17
 1135 0160 0200     		.2byte	0x2
 1136 0162 7D       		.byte	0x7d
 1137 0163 00       		.sleb128 0
 1138 0164 02000000 		.4byte	.LCFI17
 1139 0168 04000000 		.4byte	.LCFI18
 1140 016c 0200     		.2byte	0x2
 1141 016e 7D       		.byte	0x7d
 1142 016f 04       		.sleb128 4
 1143 0170 04000000 		.4byte	.LCFI18
 1144 0174 06000000 		.4byte	.LCFI19
 1145 0178 0200     		.2byte	0x2
 1146 017a 7D       		.byte	0x7d
 1147 017b 10       		.sleb128 16
 1148 017c 06000000 		.4byte	.LCFI19
 1149 0180 20000000 		.4byte	.LFE7
 1150 0184 0200     		.2byte	0x2
 1151 0186 77       		.byte	0x77
 1152 0187 10       		.sleb128 16
 1153 0188 00000000 		.4byte	0
 1154 018c 00000000 		.4byte	0
 1155              	.LLST8:
 1156 0190 00000000 		.4byte	.LFB8
 1157 0194 02000000 		.4byte	.LCFI20
 1158 0198 0200     		.2byte	0x2
 1159 019a 7D       		.byte	0x7d
 1160 019b 00       		.sleb128 0
 1161 019c 02000000 		.4byte	.LCFI20
 1162 01a0 04000000 		.4byte	.LCFI21
 1163 01a4 0200     		.2byte	0x2
 1164 01a6 7D       		.byte	0x7d
 1165 01a7 04       		.sleb128 4
 1166 01a8 04000000 		.4byte	.LCFI21
 1167 01ac 06000000 		.4byte	.LCFI22
 1168 01b0 0200     		.2byte	0x2
 1169 01b2 7D       		.byte	0x7d
 1170 01b3 10       		.sleb128 16
 1171 01b4 06000000 		.4byte	.LCFI22
 1172 01b8 5C000000 		.4byte	.LFE8
 1173 01bc 0200     		.2byte	0x2
 1174 01be 77       		.byte	0x77
 1175 01bf 10       		.sleb128 16
 1176 01c0 00000000 		.4byte	0
 1177 01c4 00000000 		.4byte	0
 1178              		.section	.debug_aranges,"",%progbits
 1179 0000 5C000000 		.4byte	0x5c
 1180 0004 0200     		.2byte	0x2
 1181 0006 00000000 		.4byte	.Ldebug_info0
 1182 000a 04       		.byte	0x4
 1183 000b 00       		.byte	0
ARM GAS  C:\Users\Robert\AppData\Local\Temp\ccO8GixT.s 			page 28


 1184 000c 0000     		.2byte	0
 1185 000e 0000     		.2byte	0
 1186 0010 00000000 		.4byte	.LFB0
 1187 0014 4A000000 		.4byte	.LFE0-.LFB0
 1188 0018 00000000 		.4byte	.LFB1
 1189 001c 42000000 		.4byte	.LFE1-.LFB1
 1190 0020 00000000 		.4byte	.LFB2
 1191 0024 32000000 		.4byte	.LFE2-.LFB2
 1192 0028 00000000 		.4byte	.LFB3
 1193 002c 42000000 		.4byte	.LFE3-.LFB3
 1194 0030 00000000 		.4byte	.LFB4
 1195 0034 52000000 		.4byte	.LFE4-.LFB4
 1196 0038 00000000 		.4byte	.LFB5
 1197 003c 54000000 		.4byte	.LFE5-.LFB5
 1198 0040 00000000 		.4byte	.LFB6
 1199 0044 54000000 		.4byte	.LFE6-.LFB6
 1200 0048 00000000 		.4byte	.LFB7
 1201 004c 20000000 		.4byte	.LFE7-.LFB7
 1202 0050 00000000 		.4byte	.LFB8
 1203 0054 5C000000 		.4byte	.LFE8-.LFB8
 1204 0058 00000000 		.4byte	0
 1205 005c 00000000 		.4byte	0
 1206              		.section	.debug_ranges,"",%progbits
 1207              	.Ldebug_ranges0:
 1208 0000 00000000 		.4byte	.LFB0
 1209 0004 4A000000 		.4byte	.LFE0
 1210 0008 00000000 		.4byte	.LFB1
 1211 000c 42000000 		.4byte	.LFE1
 1212 0010 00000000 		.4byte	.LFB2
 1213 0014 32000000 		.4byte	.LFE2
 1214 0018 00000000 		.4byte	.LFB3
 1215 001c 42000000 		.4byte	.LFE3
 1216 0020 00000000 		.4byte	.LFB4
 1217 0024 52000000 		.4byte	.LFE4
 1218 0028 00000000 		.4byte	.LFB5
 1219 002c 54000000 		.4byte	.LFE5
 1220 0030 00000000 		.4byte	.LFB6
 1221 0034 54000000 		.4byte	.LFE6
 1222 0038 00000000 		.4byte	.LFB7
 1223 003c 20000000 		.4byte	.LFE7
 1224 0040 00000000 		.4byte	.LFB8
 1225 0044 5C000000 		.4byte	.LFE8
 1226 0048 00000000 		.4byte	0
 1227 004c 00000000 		.4byte	0
 1228              		.section	.debug_line,"",%progbits
 1229              	.Ldebug_line0:
 1230 0000 08010000 		.section	.debug_str,"MS",%progbits,1
 1230      02004600 
 1230      00000201 
 1230      FB0E0D00 
 1230      01010101 
 1231              	.LASF26:
 1232 0000 49444143 		.ascii	"IDAC8_1_DacTrim\000"
 1232      385F315F 
 1232      44616354 
 1232      72696D00 
 1233              	.LASF25:
ARM GAS  C:\Users\Robert\AppData\Local\Temp\ccO8GixT.s 			page 29


 1234 0010 76616C75 		.ascii	"value\000"
 1234      6500
 1235              	.LASF18:
 1236 0016 49444143 		.ascii	"IDAC8_1_SetSpeed\000"
 1236      385F315F 
 1236      53657453 
 1236      70656564 
 1236      00
 1237              	.LASF19:
 1238 0027 49444143 		.ascii	"IDAC8_1_SetPolarity\000"
 1238      385F315F 
 1238      53657450 
 1238      6F6C6172 
 1238      69747900 
 1239              	.LASF9:
 1240 003b 666C6F61 		.ascii	"float\000"
 1240      7400
 1241              	.LASF1:
 1242 0041 756E7369 		.ascii	"unsigned char\000"
 1242      676E6564 
 1242      20636861 
 1242      7200
 1243              	.LASF13:
 1244 004f 72656738 		.ascii	"reg8\000"
 1244      00
 1245              	.LASF5:
 1246 0054 6C6F6E67 		.ascii	"long unsigned int\000"
 1246      20756E73 
 1246      69676E65 
 1246      6420696E 
 1246      7400
 1247              	.LASF3:
 1248 0066 73686F72 		.ascii	"short unsigned int\000"
 1248      7420756E 
 1248      7369676E 
 1248      65642069 
 1248      6E7400
 1249              	.LASF15:
 1250 0079 49444143 		.ascii	"IDAC8_1_Enable\000"
 1250      385F315F 
 1250      456E6162 
 1250      6C6500
 1251              	.LASF10:
 1252 0088 646F7562 		.ascii	"double\000"
 1252      6C6500
 1253              	.LASF16:
 1254 008f 49444143 		.ascii	"IDAC8_1_Start\000"
 1254      385F315F 
 1254      53746172 
 1254      7400
 1255              	.LASF29:
 1256 009d 433A5C55 		.ascii	"C:\\Users\\Robert\\workspace\\embedit_git\\PSoC_2_P"
 1256      73657273 
 1256      5C526F62 
 1256      6572745C 
 1256      776F726B 
 1257 00cb 695C5053 		.ascii	"i\\PSoC Creator\\PSoC_2_Pi.cydsn\000"
ARM GAS  C:\Users\Robert\AppData\Local\Temp\ccO8GixT.s 			page 30


 1257      6F432043 
 1257      72656174 
 1257      6F725C50 
 1257      536F435F 
 1258              	.LASF28:
 1259 00ea 2E5C4765 		.ascii	".\\Generated_Source\\PSoC5\\IDAC8_1.c\000"
 1259      6E657261 
 1259      7465645F 
 1259      536F7572 
 1259      63655C50 
 1260              	.LASF17:
 1261 010d 49444143 		.ascii	"IDAC8_1_Stop\000"
 1261      385F315F 
 1261      53746F70 
 1261      00
 1262              	.LASF8:
 1263 011a 756E7369 		.ascii	"unsigned int\000"
 1263      676E6564 
 1263      20696E74 
 1263      00
 1264              	.LASF24:
 1265 0127 49444143 		.ascii	"IDAC8_1_SetValue\000"
 1265      385F315F 
 1265      53657456 
 1265      616C7565 
 1265      00
 1266              	.LASF7:
 1267 0138 6C6F6E67 		.ascii	"long long unsigned int\000"
 1267      206C6F6E 
 1267      6720756E 
 1267      7369676E 
 1267      65642069 
 1268              	.LASF30:
 1269 014f 6D6F6465 		.ascii	"mode\000"
 1269      00
 1270              	.LASF21:
 1271 0154 706F6C61 		.ascii	"polarity\000"
 1271      72697479 
 1271      00
 1272              	.LASF31:
 1273 015d 49444143 		.ascii	"IDAC8_1_initVar\000"
 1273      385F315F 
 1273      696E6974 
 1273      56617200 
 1274              	.LASF23:
 1275 016d 72616E67 		.ascii	"range\000"
 1275      6500
 1276              	.LASF20:
 1277 0173 73706565 		.ascii	"speed\000"
 1277      6400
 1278              	.LASF6:
 1279 0179 6C6F6E67 		.ascii	"long long int\000"
 1279      206C6F6E 
 1279      6720696E 
 1279      7400
 1280              	.LASF11:
 1281 0187 63686172 		.ascii	"char\000"
ARM GAS  C:\Users\Robert\AppData\Local\Temp\ccO8GixT.s 			page 31


 1281      00
 1282              	.LASF2:
 1283 018c 73686F72 		.ascii	"short int\000"
 1283      7420696E 
 1283      7400
 1284              	.LASF12:
 1285 0196 75696E74 		.ascii	"uint8\000"
 1285      3800
 1286              	.LASF27:
 1287 019c 474E5520 		.ascii	"GNU C 4.7.3 20130312 (release) [ARM/embedded-4_7-br"
 1287      4320342E 
 1287      372E3320 
 1287      32303133 
 1287      30333132 
 1288 01cf 616E6368 		.ascii	"anch revision 196615]\000"
 1288      20726576 
 1288      6973696F 
 1288      6E203139 
 1288      36363135 
 1289              	.LASF4:
 1290 01e5 6C6F6E67 		.ascii	"long int\000"
 1290      20696E74 
 1290      00
 1291              	.LASF0:
 1292 01ee 7369676E 		.ascii	"signed char\000"
 1292      65642063 
 1292      68617200 
 1293              	.LASF22:
 1294 01fa 49444143 		.ascii	"IDAC8_1_SetRange\000"
 1294      385F315F 
 1294      53657452 
 1294      616E6765 
 1294      00
 1295              	.LASF14:
 1296 020b 49444143 		.ascii	"IDAC8_1_Init\000"
 1296      385F315F 
 1296      496E6974 
 1296      00
 1297              		.ident	"GCC: (GNU Tools for ARM Embedded Processors) 4.7.3 20130312 (release) [ARM/embedded-4_7-br
