--------------- Rebuild Started: 08/02/2014 23:35:11 Project: PSoC_2_Pi, Configuration: ARM GCC 4.7.3 Debug ---------------
Deleting file ".\CortexM3\ARM_GCC_473\Debug\main.o"
Deleting file ".\CortexM3\ARM_GCC_473\Debug\mem1.o"
Deleting file ".\CortexM3\ARM_GCC_473\Debug\cyfitter_cfg.o"
Deleting file ".\CortexM3\ARM_GCC_473\Debug\cymetadata.o"
Deleting file ".\CortexM3\ARM_GCC_473\Debug\SPIS_1.o"
Deleting file ".\CortexM3\ARM_GCC_473\Debug\SPIS_1_PM.o"
Deleting file ".\CortexM3\ARM_GCC_473\Debug\SPIS_1_INT.o"
Deleting file ".\CortexM3\ARM_GCC_473\Debug\SPIS_1_BOOT.o"
Deleting file ".\CortexM3\ARM_GCC_473\Debug\mosi.o"
Deleting file ".\CortexM3\ARM_GCC_473\Debug\sclk.o"
Deleting file ".\CortexM3\ARM_GCC_473\Debug\miso.o"
Deleting file ".\CortexM3\ARM_GCC_473\Debug\SPIS_1_IntClock.o"
Deleting file ".\CortexM3\ARM_GCC_473\Debug\Cm3Start.o"
Deleting file ".\CortexM3\ARM_GCC_473\Debug\CyBootAsmGnu.o"
Deleting file ".\CortexM3\ARM_GCC_473\Debug\CyDmac.o"
Deleting file ".\CortexM3\ARM_GCC_473\Debug\CyFlash.o"
Deleting file ".\CortexM3\ARM_GCC_473\Debug\CyLib.o"
Deleting file ".\CortexM3\ARM_GCC_473\Debug\cyPm.o"
Deleting file ".\CortexM3\ARM_GCC_473\Debug\CySpc.o"
Deleting file ".\CortexM3\ARM_GCC_473\Debug\cyutils.o"
Deleting file ".\CortexM3\ARM_GCC_473\Debug\TFTSHIELD_1.o"
Deleting file ".\CortexM3\ARM_GCC_473\Debug\miso_lcd.o"
Deleting file ".\CortexM3\ARM_GCC_473\Debug\mosi_lcd.o"
Deleting file ".\CortexM3\ARM_GCC_473\Debug\sclk_lcd.o"
Deleting file ".\CortexM3\ARM_GCC_473\Debug\ss_lcd.o"
Deleting file ".\CortexM3\ARM_GCC_473\Debug\cs_lcd.o"
Deleting file ".\CortexM3\ARM_GCC_473\Debug\dc_lcd.o"
Deleting file ".\CortexM3\ARM_GCC_473\Debug\rt_cs.o"
Deleting file ".\CortexM3\ARM_GCC_473\Debug\Clock_1.o"
Deleting file ".\CortexM3\ARM_GCC_473\Debug\TFTSHIELD_1_SPIM_1.o"
Deleting file ".\CortexM3\ARM_GCC_473\Debug\TFTSHIELD_1_SPIM_1_PM.o"
Deleting file ".\CortexM3\ARM_GCC_473\Debug\TFTSHIELD_1_SPIM_1_INT.o"
Deleting file ".\CortexM3\ARM_GCC_473\Debug\TFTSHIELD_1_CR_1.o"
Deleting file ".\CortexM3\ARM_GCC_473\Debug\cybootloader.o"
Deleting file ".\CortexM3\ARM_GCC_473\Debug\Bootloadable_1.o"
Deleting file ".\CortexM3\ARM_GCC_473\Debug\PWM_1.o"
Deleting file ".\CortexM3\ARM_GCC_473\Debug\PWM_1_PM.o"
Deleting file ".\CortexM3\ARM_GCC_473\Debug\Clock_2.o"
Deleting file ".\CortexM3\ARM_GCC_473\Debug\ADC_SAR_1.o"
Deleting file ".\CortexM3\ARM_GCC_473\Debug\ADC_SAR_1_INT.o"
Deleting file ".\CortexM3\ARM_GCC_473\Debug\ADC_SAR_1_PM.o"
Deleting file ".\CortexM3\ARM_GCC_473\Debug\ADC_SAR_2.o"
Deleting file ".\CortexM3\ARM_GCC_473\Debug\ADC_SAR_2_INT.o"
Deleting file ".\CortexM3\ARM_GCC_473\Debug\ADC_SAR_2_PM.o"
Deleting file ".\CortexM3\ARM_GCC_473\Debug\ADC_SAR_1_IRQ.o"
Deleting file ".\CortexM3\ARM_GCC_473\Debug\ADC_SAR_1_theACLK.o"
Deleting file ".\CortexM3\ARM_GCC_473\Debug\ADC_SAR_1_Bypass.o"
Deleting file ".\CortexM3\ARM_GCC_473\Debug\ADC_SAR_2_IRQ.o"
Deleting file ".\CortexM3\ARM_GCC_473\Debug\ADC_SAR_2_theACLK.o"
Deleting file ".\CortexM3\ARM_GCC_473\Debug\ADC_SAR_2_Bypass.o"
Deleting file ".\CortexM3\ARM_GCC_473\Debug\VDAC8_1.o"
Deleting file ".\CortexM3\ARM_GCC_473\Debug\VDAC8_1_PM.o"
Deleting file ".\CortexM3\ARM_GCC_473\Debug\IDAC8_1.o"
Deleting file ".\CortexM3\ARM_GCC_473\Debug\IDAC8_1_PM.o"
Deleting file ".\CortexM3\ARM_GCC_473\Debug\WaveDAC_clk.o"
Deleting file ".\CortexM3\ARM_GCC_473\Debug\WaveDAC8_1.o"
Deleting file ".\CortexM3\ARM_GCC_473\Debug\WaveDAC8_1_PM.o"
Deleting file ".\CortexM3\ARM_GCC_473\Debug\WaveDAC8_1_Wave1_DMA_dma.o"
Deleting file ".\CortexM3\ARM_GCC_473\Debug\WaveDAC8_1_Wave2_DMA_dma.o"
Deleting file ".\CortexM3\ARM_GCC_473\Debug\WaveDAC8_1_VDAC8.o"
Deleting file ".\CortexM3\ARM_GCC_473\Debug\WaveDAC8_1_VDAC8_PM.o"
Deleting file ".\CortexM3\ARM_GCC_473\Debug\Control_Reg_1.o"
Deleting file ".\CortexM3\ARM_GCC_473\Debug\Status_Reg_1.o"
Deleting file ".\CortexM3\ARM_GCC_473\Debug\Clock_3.o"
Deleting file ".\CortexM3\ARM_GCC_473\Debug\Wave_Buffer.o"
Deleting file ".\CortexM3\ARM_GCC_473\Debug\Wave_Buffer_PM.o"
Deleting file ".\CortexM3\ARM_GCC_473\Debug\Out_6.o"
Deleting file ".\CortexM3\ARM_GCC_473\Debug\Out_5.o"
Deleting file ".\CortexM3\ARM_GCC_473\Debug\Out_4.o"
Deleting file ".\CortexM3\ARM_GCC_473\Debug\Out_7.o"
Deleting file ".\CortexM3\ARM_GCC_473\Debug\Out_1.o"
Deleting file ".\CortexM3\ARM_GCC_473\Debug\Out_2.o"
Deleting file ".\CortexM3\ARM_GCC_473\Debug\Out_8.o"
Deleting file ".\CortexM3\ARM_GCC_473\Debug\Out_3.o"
Deleting file ".\CortexM3\ARM_GCC_473\Debug\PWM_out_1.o"
Deleting file ".\CortexM3\ARM_GCC_473\Debug\WaveDAC_out.o"
Deleting file ".\CortexM3\ARM_GCC_473\Debug\ADC_DelSig_1.o"
Deleting file ".\CortexM3\ARM_GCC_473\Debug\ADC_DelSig_1_PM.o"
Deleting file ".\CortexM3\ARM_GCC_473\Debug\ADC_DelSig_1_INT.o"
Deleting file ".\CortexM3\ARM_GCC_473\Debug\In_3.o"
Deleting file ".\CortexM3\ARM_GCC_473\Debug\In_4.o"
Deleting file ".\CortexM3\ARM_GCC_473\Debug\In_5.o"
Deleting file ".\CortexM3\ARM_GCC_473\Debug\In_6.o"
Deleting file ".\CortexM3\ARM_GCC_473\Debug\In_7.o"
Deleting file ".\CortexM3\ARM_GCC_473\Debug\In_8.o"
Deleting file ".\CortexM3\ARM_GCC_473\Debug\In_2.o"
Deleting file ".\CortexM3\ARM_GCC_473\Debug\In_1.o"
Deleting file ".\CortexM3\ARM_GCC_473\Debug\PWM_2.o"
Deleting file ".\CortexM3\ARM_GCC_473\Debug\PWM_2_PM.o"
Deleting file ".\CortexM3\ARM_GCC_473\Debug\PWM_3.o"
Deleting file ".\CortexM3\ARM_GCC_473\Debug\PWM_3_PM.o"
Deleting file ".\CortexM3\ARM_GCC_473\Debug\PWM_4.o"
Deleting file ".\CortexM3\ARM_GCC_473\Debug\PWM_4_PM.o"
Deleting file ".\CortexM3\ARM_GCC_473\Debug\PWM_5.o"
Deleting file ".\CortexM3\ARM_GCC_473\Debug\PWM_5_PM.o"
Deleting file ".\CortexM3\ARM_GCC_473\Debug\PWM_6.o"
Deleting file ".\CortexM3\ARM_GCC_473\Debug\PWM_6_PM.o"
Deleting file ".\CortexM3\ARM_GCC_473\Debug\PWM_7.o"
Deleting file ".\CortexM3\ARM_GCC_473\Debug\PWM_7_PM.o"
Deleting file ".\CortexM3\ARM_GCC_473\Debug\PWM_8.o"
Deleting file ".\CortexM3\ARM_GCC_473\Debug\PWM_8_PM.o"
Deleting file ".\CortexM3\ARM_GCC_473\Debug\PWM_out_3.o"
Deleting file ".\CortexM3\ARM_GCC_473\Debug\PWM_out_2.o"
Deleting file ".\CortexM3\ARM_GCC_473\Debug\PWM_out_4.o"
Deleting file ".\CortexM3\ARM_GCC_473\Debug\PWM_out_5.o"
Deleting file ".\CortexM3\ARM_GCC_473\Debug\PWM_out_6.o"
Deleting file ".\CortexM3\ARM_GCC_473\Debug\PWM_out_7.o"
Deleting file ".\CortexM3\ARM_GCC_473\Debug\PWM_out_8.o"
Deleting file ".\CortexM3\ARM_GCC_473\Debug\DELSIG_in.o"
Deleting file ".\CortexM3\ARM_GCC_473\Debug\SAR_in_1.o"
Deleting file ".\CortexM3\ARM_GCC_473\Debug\SAR_in_2.o"
Deleting file ".\CortexM3\ARM_GCC_473\Debug\IDAC_out_1.o"
Deleting file ".\CortexM3\ARM_GCC_473\Debug\VDAC_out_1.o"
Deleting file ".\CortexM3\ARM_GCC_473\Debug\Control_Reg_2.o"
Deleting file ".\CortexM3\ARM_GCC_473\Debug\Status_Reg_2.o"
Deleting file ".\CortexM3\ARM_GCC_473\Debug\Out_9.o"
Deleting file ".\CortexM3\ARM_GCC_473\Debug\Out_10.o"
Deleting file ".\CortexM3\ARM_GCC_473\Debug\Out_11.o"
Deleting file ".\CortexM3\ARM_GCC_473\Debug\Out_12.o"
Deleting file ".\CortexM3\ARM_GCC_473\Debug\In_9.o"
Deleting file ".\CortexM3\ARM_GCC_473\Debug\In_10.o"
Deleting file ".\CortexM3\ARM_GCC_473\Debug\In_11.o"
Deleting file ".\CortexM3\ARM_GCC_473\Debug\In_12.o"
Deleting file ".\CortexM3\ARM_GCC_473\Debug\ADC_DelSig_1_AMux.o"
Deleting file ".\CortexM3\ARM_GCC_473\Debug\ADC_DelSig_1_Ext_CP_Clk.o"
Deleting file ".\CortexM3\ARM_GCC_473\Debug\ADC_DelSig_1_IRQ.o"
Deleting file ".\CortexM3\ARM_GCC_473\Debug\ADC_DelSig_1_theACLK.o"
Deleting file ".\CortexM3\ARM_GCC_473\Debug\PSoC_2_Pi.hex"
Deleting file ".\CortexM3\ARM_GCC_473\Debug\PSoC_2_Pi.elf"
Deleting file ".\CortexM3\ARM_GCC_473\Debug\PSoC_2_Pi.map"
Deleting file ".\CortexM3\ARM_GCC_473\Debug\PSoC_2_Pi.cyacd"
Deleting file ".\PSoC_2_Pi.cycdx"
Deleting file ".\PSoC_2_Pi.svd"
Deleting file ".\PSoC_2_Pi.rpt"
Deleting file ".\PSoC_2_Pi_timing.html"
Deleting file ".\CortexM3\ARM_GCC_473\Debug\.deps\C_FILE.P"
Deleting file ".\CortexM3\ARM_GCC_473\Debug\.deps\ARM_C_FILE.P"
Deleting file ".\CortexM3\ARM_GCC_473\Debug\.deps\GNU_ARM_ASM_FILE.P"
cydsfit.exe "-.appdatapath" "C:\Users\Brian\AppData\Local\Cypress Semiconductor\PSoC Creator\3.0" "-.fdsnotice" "-.fdswarpdepfile=warp_dependencies.txt" "-.fdselabdepfile=elab_dependencies.txt" "-.fdsbldfile=generated_files.txt" "-p" "C:\Users\Brian\Dropbox\RPiSoC\Projects\PSoC_2_Pi\PSoC_2_Pi.cydsn\PSoC_2_Pi.cyprj" "-d" "CY8C5868AXI-LP035" "-s" "C:\Users\Brian\Dropbox\RPiSoC\Projects\PSoC_2_Pi\PSoC_2_Pi.cydsn\Generated_Source\PSoC5" "--" "-yv2" "-v3" "-ygs" "-q10" "-o2" "-.fftcfgtype=LE"
Elaborating Design...
HDL Generation ...
Synthesis ...
Place and Route ...
Tech mapping ...
ADD: pft.M0040: information: The following 40 pin(s) will be assigned a location by the fitter: \ADC_SAR_1:Bypass(0)\, \ADC_SAR_2:Bypass(0)\, DELSIG_in(0), IDAC_out_1(0), In_1(0), In_2(0), In_3(0), In_4(0), In_5(0), In_6(0), In_7(0), In_8(0), In_9(0), In_10(0), In_11(0), In_12(0), Out_1(0), Out_2(0), Out_3(0), Out_4(0), Out_5(0), Out_6(0), Out_7(0), Out_8(0), Out_9(0), Out_10(0), Out_11(0), Out_12(0), PWM_out_1(0), PWM_out_2(0), PWM_out_3(0), PWM_out_4(0), PWM_out_5(0), PWM_out_6(0), PWM_out_7(0), PWM_out_8(0), SAR_in_1(0), SAR_in_2(0), VDAC_out_1(0), WaveDAC_out(0)
Info: mpr.M0037: Unused pieces of the design have been optimized out. See the Tech mapping section of the report file for details. (App=cydsfit)
Analog Placement ...
Info: apr.M0002: Analog signal "\ADC_DelSig_1:Net_690\" is connected to one terminal only. (App=cydsfit)
Log: apr.M0058: The analog placement iterative improvement is 33% done. (App=cydsfit)
Log: apr.M0058: The analog placement iterative improvement is 52% done. (App=cydsfit)
Log: apr.M0058: The analog placement iterative improvement is 78% done. (App=cydsfit)
Analog Routing ...
Analog Code Generation ...
Digital Placement ...
Info: plm.M0038: The pin named PWM_out_1(0) at location P0[1] prevents usage of special purposes: OpAmp:out. (App=cydsfit)
Info: plm.M0040: The pin named \ADC_SAR_2:Bypass(0)\ at location P0[2] prevents a direct input connection to an Opamp. (App=cydsfit)
Info: plm.M0040: The pin named PWM_out_8(0) at location P0[3] prevents a direct input connection to an Opamp. (App=cydsfit)
Info: plm.M0040: The pin named \ADC_SAR_1:Bypass(0)\ at location P0[4] prevents a direct input connection to an Opamp. (App=cydsfit)
Info: plm.M0040: The pin named Out_4(0) at location P0[5] prevents a direct input connection to an Opamp. (App=cydsfit)
Info: plm.M0039: The pin named In_10(0) at location P0[6] prevents usage of the high current (2mA) feature of an IDAC. (App=cydsfit)
Info: plm.M0039: The pin named Out_8(0) at location P0[7] prevents usage of the high current (2mA) feature of an IDAC. (App=cydsfit)
Info: plm.M0039: The pin named In_12(0) at location P3[1] prevents usage of the high current (2mA) feature of an IDAC. (App=cydsfit)
Info: plm.M0040: The pin named In_9(0) at location P3[2] prevents a direct input connection to an Opamp. (App=cydsfit)
Info: plm.M0040: The pin named PWM_out_3(0) at location P3[3] prevents a direct input connection to an Opamp. (App=cydsfit)
Info: plm.M0040: The pin named PWM_out_2(0) at location P3[4] prevents a direct input connection to an Opamp. (App=cydsfit)
Info: plm.M0040: The pin named PWM_out_5(0) at location P3[5] prevents a direct input connection to an Opamp. (App=cydsfit)
Info: plm.M0038: The pin named SAR_in_2(0) at location P3[7] prevents usage of special purposes: OpAmp:out. (App=cydsfit)
Digital Routing ...
Bitstream Generation ...
Static timing analysis ...
Warning: sta.M0019: PSoC_2_Pi_timing.html: Warning-1367: Hold time violation found in a path from clock ( CyBUS_CLK ) to clock ( sclk(0)/fb ). (File=C:\Users\Brian\Dropbox\RPiSoC\Projects\PSoC_2_Pi\PSoC_2_Pi.cydsn\PSoC_2_Pi_timing.html)
API Generation ...
Dependency Generation ...
Clean Temporary Files ...
arm-none-eabi-gcc.exe -I. -I./Generated_Source/PSoC5 -Wno-main -mcpu=cortex-m3 -mthumb -Wall -g -D DEBUG -Wa,-alh=.\CortexM3\ARM_GCC_473\Debug\main.lst -ffunction-sections -c .\main.c -o .\CortexM3\ARM_GCC_473\Debug\main.o
arm-none-eabi-gcc.exe -I. -I./Generated_Source/PSoC5 -Wno-main -mcpu=cortex-m3 -mthumb -Wall -g -D DEBUG -Wa,-alh=.\CortexM3\ARM_GCC_473\Debug\mem1.lst -ffunction-sections -c .\mem1.c -o .\CortexM3\ARM_GCC_473\Debug\mem1.o
.\mem1.c: In function 'WAVEDAC_Control':
.\mem1.c:352:21: warning: implicit declaration of function 'Wave_Buffer_Start' [-Wimplicit-function-declaration]
.\mem1.c:353:21: warning: implicit declaration of function 'Wave_Buffer_Stop' [-Wimplicit-function-declaration]
.\mem1.c:347:19: warning: unused variable 'clk_new' [-Wunused-variable]
.\mem1.c:346:19: warning: unused variable 'clk_prev' [-Wunused-variable]
.\mem1.c: In function 'Output_Control0':
.\mem1.c:888:21: warning: format '%i' expects argument of type 'int', but argument 3 has type 'uint32' [-Wformat]
.\mem1.c:888:21: warning: format '%i' expects argument of type 'int', but argument 3 has type 'uint32' [-Wformat]
.\mem1.c: In function 'WriteTo_Pi':
.\mem1.c:968:13: warning: format '%i' expects argument of type 'int', but argument 7 has type 'uint32' [-Wformat]
.\mem1.c:968:13: warning: format '%i' expects argument of type 'int', but argument 7 has type 'uint32' [-Wformat]
arm-none-eabi-gcc.exe -I. -I./Generated_Source/PSoC5 -Wno-main -mcpu=cortex-m3 -mthumb -Wall -g -D DEBUG -Wa,-alh=.\CortexM3\ARM_GCC_473\Debug\cyfitter_cfg.lst -ffunction-sections -c .\Generated_Source\PSoC5\cyfitter_cfg.c -o .\CortexM3\ARM_GCC_473\Debug\cyfitter_cfg.o
arm-none-eabi-gcc.exe -I. -I./Generated_Source/PSoC5 -Wno-main -mcpu=cortex-m3 -mthumb -Wall -g -D DEBUG -Wa,-alh=.\CortexM3\ARM_GCC_473\Debug\cymetadata.lst -ffunction-sections -c .\Generated_Source\PSoC5\cymetadata.c -o .\CortexM3\ARM_GCC_473\Debug\cymetadata.o
arm-none-eabi-gcc.exe -I. -I./Generated_Source/PSoC5 -Wno-main -mcpu=cortex-m3 -mthumb -Wall -g -D DEBUG -Wa,-alh=.\CortexM3\ARM_GCC_473\Debug\SPIS_1.lst -ffunction-sections -c .\Generated_Source\PSoC5\SPIS_1.c -o .\CortexM3\ARM_GCC_473\Debug\SPIS_1.o
arm-none-eabi-gcc.exe -I. -I./Generated_Source/PSoC5 -Wno-main -mcpu=cortex-m3 -mthumb -Wall -g -D DEBUG -Wa,-alh=.\CortexM3\ARM_GCC_473\Debug\SPIS_1_PM.lst -ffunction-sections -c .\Generated_Source\PSoC5\SPIS_1_PM.c -o .\CortexM3\ARM_GCC_473\Debug\SPIS_1_PM.o
arm-none-eabi-gcc.exe -I. -I./Generated_Source/PSoC5 -Wno-main -mcpu=cortex-m3 -mthumb -Wall -g -D DEBUG -Wa,-alh=.\CortexM3\ARM_GCC_473\Debug\SPIS_1_INT.lst -ffunction-sections -c .\Generated_Source\PSoC5\SPIS_1_INT.c -o .\CortexM3\ARM_GCC_473\Debug\SPIS_1_INT.o
arm-none-eabi-gcc.exe -I. -I./Generated_Source/PSoC5 -Wno-main -mcpu=cortex-m3 -mthumb -Wall -g -D DEBUG -Wa,-alh=.\CortexM3\ARM_GCC_473\Debug\SPIS_1_BOOT.lst -ffunction-sections -c .\Generated_Source\PSoC5\SPIS_1_BOOT.c -o .\CortexM3\ARM_GCC_473\Debug\SPIS_1_BOOT.o
arm-none-eabi-gcc.exe -I. -I./Generated_Source/PSoC5 -Wno-main -mcpu=cortex-m3 -mthumb -Wall -g -D DEBUG -Wa,-alh=.\CortexM3\ARM_GCC_473\Debug\mosi.lst -ffunction-sections -c .\Generated_Source\PSoC5\mosi.c -o .\CortexM3\ARM_GCC_473\Debug\mosi.o
arm-none-eabi-gcc.exe -I. -I./Generated_Source/PSoC5 -Wno-main -mcpu=cortex-m3 -mthumb -Wall -g -D DEBUG -Wa,-alh=.\CortexM3\ARM_GCC_473\Debug\sclk.lst -ffunction-sections -c .\Generated_Source\PSoC5\sclk.c -o .\CortexM3\ARM_GCC_473\Debug\sclk.o
arm-none-eabi-gcc.exe -I. -I./Generated_Source/PSoC5 -Wno-main -mcpu=cortex-m3 -mthumb -Wall -g -D DEBUG -Wa,-alh=.\CortexM3\ARM_GCC_473\Debug\miso.lst -ffunction-sections -c .\Generated_Source\PSoC5\miso.c -o .\CortexM3\ARM_GCC_473\Debug\miso.o
arm-none-eabi-gcc.exe -I. -I./Generated_Source/PSoC5 -Wno-main -mcpu=cortex-m3 -mthumb -Wall -g -D DEBUG -Wa,-alh=.\CortexM3\ARM_GCC_473\Debug\SPIS_1_IntClock.lst -ffunction-sections -c .\Generated_Source\PSoC5\SPIS_1_IntClock.c -o .\CortexM3\ARM_GCC_473\Debug\SPIS_1_IntClock.o
arm-none-eabi-gcc.exe -I. -I./Generated_Source/PSoC5 -Wno-main -mcpu=cortex-m3 -mthumb -Wall -g -D DEBUG -Wa,-alh=.\CortexM3\ARM_GCC_473\Debug\Cm3Start.lst -ffunction-sections -c .\Generated_Source\PSoC5\Cm3Start.c -o .\CortexM3\ARM_GCC_473\Debug\Cm3Start.o
arm-none-eabi-as.exe -I. -I./Generated_Source/PSoC5 -mcpu=cortex-m3 -mthumb -g -alh=.\CortexM3\ARM_GCC_473\Debug/CyBootAsmGnu.lst -o .\CortexM3\ARM_GCC_473\Debug\CyBootAsmGnu.o .\Generated_Source\PSoC5\CyBootAsmGnu.s
arm-none-eabi-gcc.exe -I. -I./Generated_Source/PSoC5 -Wno-main -mcpu=cortex-m3 -mthumb -Wall -g -D DEBUG -Wa,-alh=.\CortexM3\ARM_GCC_473\Debug\CyDmac.lst -ffunction-sections -c .\Generated_Source\PSoC5\CyDmac.c -o .\CortexM3\ARM_GCC_473\Debug\CyDmac.o
arm-none-eabi-gcc.exe -I. -I./Generated_Source/PSoC5 -Wno-main -mcpu=cortex-m3 -mthumb -Wall -g -D DEBUG -Wa,-alh=.\CortexM3\ARM_GCC_473\Debug\CyFlash.lst -ffunction-sections -c .\Generated_Source\PSoC5\CyFlash.c -o .\CortexM3\ARM_GCC_473\Debug\CyFlash.o
arm-none-eabi-gcc.exe -I. -I./Generated_Source/PSoC5 -Wno-main -mcpu=cortex-m3 -mthumb -Wall -g -D DEBUG -Wa,-alh=.\CortexM3\ARM_GCC_473\Debug\CyLib.lst -ffunction-sections -c .\Generated_Source\PSoC5\CyLib.c -o .\CortexM3\ARM_GCC_473\Debug\CyLib.o
arm-none-eabi-gcc.exe -I. -I./Generated_Source/PSoC5 -Wno-main -mcpu=cortex-m3 -mthumb -Wall -g -D DEBUG -Wa,-alh=.\CortexM3\ARM_GCC_473\Debug\cyPm.lst -ffunction-sections -c .\Generated_Source\PSoC5\cyPm.c -o .\CortexM3\ARM_GCC_473\Debug\cyPm.o
arm-none-eabi-gcc.exe -I. -I./Generated_Source/PSoC5 -Wno-main -mcpu=cortex-m3 -mthumb -Wall -g -D DEBUG -Wa,-alh=.\CortexM3\ARM_GCC_473\Debug\CySpc.lst -ffunction-sections -c .\Generated_Source\PSoC5\CySpc.c -o .\CortexM3\ARM_GCC_473\Debug\CySpc.o
arm-none-eabi-gcc.exe -I. -I./Generated_Source/PSoC5 -Wno-main -mcpu=cortex-m3 -mthumb -Wall -g -D DEBUG -Wa,-alh=.\CortexM3\ARM_GCC_473\Debug\cyutils.lst -ffunction-sections -c .\Generated_Source\PSoC5\cyutils.c -o .\CortexM3\ARM_GCC_473\Debug\cyutils.o
arm-none-eabi-gcc.exe -I. -I./Generated_Source/PSoC5 -Wno-main -mcpu=cortex-m3 -mthumb -Wall -g -D DEBUG -Wa,-alh=.\CortexM3\ARM_GCC_473\Debug\TFTSHIELD_1.lst -ffunction-sections -c .\Generated_Source\PSoC5\TFTSHIELD_1.c -o .\CortexM3\ARM_GCC_473\Debug\TFTSHIELD_1.o
.\Generated_Source\PSoC5\TFTSHIELD_1.c: In function 'TFTSHIELD_1_SPITransfer':
.\Generated_Source\PSoC5\TFTSHIELD_1.c:495:5: warning: implicit declaration of function 'TFTSHIELD_1_SPIM_1_WriteTxData' [-Wimplicit-function-declaration]
.\Generated_Source\PSoC5\TFTSHIELD_1.c: In function 'TFTSHIELD_1_DrawTriangle':
.\Generated_Source\PSoC5\TFTSHIELD_1.c:776:5: warning: implicit declaration of function 'TFTSHIELD_1DrawLine' [-Wimplicit-function-declaration]
.\Generated_Source\PSoC5\TFTSHIELD_1.c: In function 'TFTSHIELD_1_FillTriangle':
.\Generated_Source\PSoC5\TFTSHIELD_1.c:800:5: warning: implicit declaration of function 'swap' [-Wimplicit-function-declaration]
.\Generated_Source\PSoC5\TFTSHIELD_1.c:825:5: warning: unused variable 'dy12' [-Wunused-variable]
.\Generated_Source\PSoC5\TFTSHIELD_1.c:824:5: warning: unused variable 'dx12' [-Wunused-variable]
.\Generated_Source\PSoC5\TFTSHIELD_1.c: In function 'TFTSHIELD_1_PrintString':
.\Generated_Source\PSoC5\TFTSHIELD_1.c:934:9: warning: unused variable 'unused' [-Wunused-variable]
.\Generated_Source\PSoC5\TFTSHIELD_1.c: In function 'TFTSHIELD_1_CS_LOW':
.\Generated_Source\PSoC5\TFTSHIELD_1.c:1158:5: warning: implicit declaration of function 'TFTSHIELD_1_CR_1_Read' [-Wimplicit-function-declaration]
.\Generated_Source\PSoC5\TFTSHIELD_1.c:1160:5: warning: implicit declaration of function 'TFTSHIELD_1_CR_1_Write' [-Wimplicit-function-declaration]
.\Generated_Source\PSoC5\TFTSHIELD_1.c: In function 'TFTSHIELD_1_StartTouch':
.\Generated_Source\PSoC5\TFTSHIELD_1.c:1227:5: warning: implicit declaration of function 'TFTSHIELD_1_SPIM_1_Start' [-Wimplicit-function-declaration]
.\Generated_Source\PSoC5\TFTSHIELD_1.c:1239:13: warning: variable 'val' set but not used [-Wunused-but-set-variable]
.\Generated_Source\PSoC5\TFTSHIELD_1.c: In function 'TFTSHIELD_1_ReadRegister16':
.\Generated_Source\PSoC5\TFTSHIELD_1.c:1306:5: warning: implicit declaration of function 'TFTSHIELD_1_SPIM_1_GetRxBufferSize' [-Wimplicit-function-declaration]
.\Generated_Source\PSoC5\TFTSHIELD_1.c:1309:9: warning: implicit declaration of function 'TFTSHIELD_1_SPIM_1_ReadRxData' [-Wimplicit-function-declaration]
arm-none-eabi-gcc.exe -I. -I./Generated_Source/PSoC5 -Wno-main -mcpu=cortex-m3 -mthumb -Wall -g -D DEBUG -Wa,-alh=.\CortexM3\ARM_GCC_473\Debug\miso_lcd.lst -ffunction-sections -c .\Generated_Source\PSoC5\miso_lcd.c -o .\CortexM3\ARM_GCC_473\Debug\miso_lcd.o
arm-none-eabi-gcc.exe -I. -I./Generated_Source/PSoC5 -Wno-main -mcpu=cortex-m3 -mthumb -Wall -g -D DEBUG -Wa,-alh=.\CortexM3\ARM_GCC_473\Debug\mosi_lcd.lst -ffunction-sections -c .\Generated_Source\PSoC5\mosi_lcd.c -o .\CortexM3\ARM_GCC_473\Debug\mosi_lcd.o
arm-none-eabi-gcc.exe -I. -I./Generated_Source/PSoC5 -Wno-main -mcpu=cortex-m3 -mthumb -Wall -g -D DEBUG -Wa,-alh=.\CortexM3\ARM_GCC_473\Debug\sclk_lcd.lst -ffunction-sections -c .\Generated_Source\PSoC5\sclk_lcd.c -o .\CortexM3\ARM_GCC_473\Debug\sclk_lcd.o
arm-none-eabi-gcc.exe -I. -I./Generated_Source/PSoC5 -Wno-main -mcpu=cortex-m3 -mthumb -Wall -g -D DEBUG -Wa,-alh=.\CortexM3\ARM_GCC_473\Debug\ss_lcd.lst -ffunction-sections -c .\Generated_Source\PSoC5\ss_lcd.c -o .\CortexM3\ARM_GCC_473\Debug\ss_lcd.o
arm-none-eabi-gcc.exe -I. -I./Generated_Source/PSoC5 -Wno-main -mcpu=cortex-m3 -mthumb -Wall -g -D DEBUG -Wa,-alh=.\CortexM3\ARM_GCC_473\Debug\cs_lcd.lst -ffunction-sections -c .\Generated_Source\PSoC5\cs_lcd.c -o .\CortexM3\ARM_GCC_473\Debug\cs_lcd.o
arm-none-eabi-gcc.exe -I. -I./Generated_Source/PSoC5 -Wno-main -mcpu=cortex-m3 -mthumb -Wall -g -D DEBUG -Wa,-alh=.\CortexM3\ARM_GCC_473\Debug\dc_lcd.lst -ffunction-sections -c .\Generated_Source\PSoC5\dc_lcd.c -o .\CortexM3\ARM_GCC_473\Debug\dc_lcd.o
arm-none-eabi-gcc.exe -I. -I./Generated_Source/PSoC5 -Wno-main -mcpu=cortex-m3 -mthumb -Wall -g -D DEBUG -Wa,-alh=.\CortexM3\ARM_GCC_473\Debug\rt_cs.lst -ffunction-sections -c .\Generated_Source\PSoC5\rt_cs.c -o .\CortexM3\ARM_GCC_473\Debug\rt_cs.o
arm-none-eabi-gcc.exe -I. -I./Generated_Source/PSoC5 -Wno-main -mcpu=cortex-m3 -mthumb -Wall -g -D DEBUG -Wa,-alh=.\CortexM3\ARM_GCC_473\Debug\Clock_1.lst -ffunction-sections -c .\Generated_Source\PSoC5\Clock_1.c -o .\CortexM3\ARM_GCC_473\Debug\Clock_1.o
arm-none-eabi-gcc.exe -I. -I./Generated_Source/PSoC5 -Wno-main -mcpu=cortex-m3 -mthumb -Wall -g -D DEBUG -Wa,-alh=.\CortexM3\ARM_GCC_473\Debug\TFTSHIELD_1_SPIM_1.lst -ffunction-sections -c .\Generated_Source\PSoC5\TFTSHIELD_1_SPIM_1.c -o .\CortexM3\ARM_GCC_473\Debug\TFTSHIELD_1_SPIM_1.o
arm-none-eabi-gcc.exe -I. -I./Generated_Source/PSoC5 -Wno-main -mcpu=cortex-m3 -mthumb -Wall -g -D DEBUG -Wa,-alh=.\CortexM3\ARM_GCC_473\Debug\TFTSHIELD_1_SPIM_1_PM.lst -ffunction-sections -c .\Generated_Source\PSoC5\TFTSHIELD_1_SPIM_1_PM.c -o .\CortexM3\ARM_GCC_473\Debug\TFTSHIELD_1_SPIM_1_PM.o
arm-none-eabi-gcc.exe -I. -I./Generated_Source/PSoC5 -Wno-main -mcpu=cortex-m3 -mthumb -Wall -g -D DEBUG -Wa,-alh=.\CortexM3\ARM_GCC_473\Debug\TFTSHIELD_1_SPIM_1_INT.lst -ffunction-sections -c .\Generated_Source\PSoC5\TFTSHIELD_1_SPIM_1_INT.c -o .\CortexM3\ARM_GCC_473\Debug\TFTSHIELD_1_SPIM_1_INT.o
arm-none-eabi-gcc.exe -I. -I./Generated_Source/PSoC5 -Wno-main -mcpu=cortex-m3 -mthumb -Wall -g -D DEBUG -Wa,-alh=.\CortexM3\ARM_GCC_473\Debug\TFTSHIELD_1_CR_1.lst -ffunction-sections -c .\Generated_Source\PSoC5\TFTSHIELD_1_CR_1.c -o .\CortexM3\ARM_GCC_473\Debug\TFTSHIELD_1_CR_1.o
arm-none-eabi-gcc.exe -I. -I./Generated_Source/PSoC5 -Wno-main -mcpu=cortex-m3 -mthumb -Wall -g -D DEBUG -Wa,-alh=.\CortexM3\ARM_GCC_473\Debug\cybootloader.lst -ffunction-sections -c .\Generated_Source\PSoC5\cybootloader.c -o .\CortexM3\ARM_GCC_473\Debug\cybootloader.o
arm-none-eabi-gcc.exe -I. -I./Generated_Source/PSoC5 -Wno-main -mcpu=cortex-m3 -mthumb -Wall -g -D DEBUG -Wa,-alh=.\CortexM3\ARM_GCC_473\Debug\Bootloadable_1.lst -ffunction-sections -c .\Generated_Source\PSoC5\Bootloadable_1.c -o .\CortexM3\ARM_GCC_473\Debug\Bootloadable_1.o
arm-none-eabi-gcc.exe -I. -I./Generated_Source/PSoC5 -Wno-main -mcpu=cortex-m3 -mthumb -Wall -g -D DEBUG -Wa,-alh=.\CortexM3\ARM_GCC_473\Debug\PWM_1.lst -ffunction-sections -c .\Generated_Source\PSoC5\PWM_1.c -o .\CortexM3\ARM_GCC_473\Debug\PWM_1.o
arm-none-eabi-gcc.exe -I. -I./Generated_Source/PSoC5 -Wno-main -mcpu=cortex-m3 -mthumb -Wall -g -D DEBUG -Wa,-alh=.\CortexM3\ARM_GCC_473\Debug\PWM_1_PM.lst -ffunction-sections -c .\Generated_Source\PSoC5\PWM_1_PM.c -o .\CortexM3\ARM_GCC_473\Debug\PWM_1_PM.o
arm-none-eabi-gcc.exe -I. -I./Generated_Source/PSoC5 -Wno-main -mcpu=cortex-m3 -mthumb -Wall -g -D DEBUG -Wa,-alh=.\CortexM3\ARM_GCC_473\Debug\Clock_2.lst -ffunction-sections -c .\Generated_Source\PSoC5\Clock_2.c -o .\CortexM3\ARM_GCC_473\Debug\Clock_2.o
arm-none-eabi-gcc.exe -I. -I./Generated_Source/PSoC5 -Wno-main -mcpu=cortex-m3 -mthumb -Wall -g -D DEBUG -Wa,-alh=.\CortexM3\ARM_GCC_473\Debug\ADC_SAR_1.lst -ffunction-sections -c .\Generated_Source\PSoC5\ADC_SAR_1.c -o .\CortexM3\ARM_GCC_473\Debug\ADC_SAR_1.o
arm-none-eabi-gcc.exe -I. -I./Generated_Source/PSoC5 -Wno-main -mcpu=cortex-m3 -mthumb -Wall -g -D DEBUG -Wa,-alh=.\CortexM3\ARM_GCC_473\Debug\ADC_SAR_1_INT.lst -ffunction-sections -c .\Generated_Source\PSoC5\ADC_SAR_1_INT.c -o .\CortexM3\ARM_GCC_473\Debug\ADC_SAR_1_INT.o
arm-none-eabi-gcc.exe -I. -I./Generated_Source/PSoC5 -Wno-main -mcpu=cortex-m3 -mthumb -Wall -g -D DEBUG -Wa,-alh=.\CortexM3\ARM_GCC_473\Debug\ADC_SAR_1_PM.lst -ffunction-sections -c .\Generated_Source\PSoC5\ADC_SAR_1_PM.c -o .\CortexM3\ARM_GCC_473\Debug\ADC_SAR_1_PM.o
arm-none-eabi-gcc.exe -I. -I./Generated_Source/PSoC5 -Wno-main -mcpu=cortex-m3 -mthumb -Wall -g -D DEBUG -Wa,-alh=.\CortexM3\ARM_GCC_473\Debug\ADC_SAR_2.lst -ffunction-sections -c .\Generated_Source\PSoC5\ADC_SAR_2.c -o .\CortexM3\ARM_GCC_473\Debug\ADC_SAR_2.o
arm-none-eabi-gcc.exe -I. -I./Generated_Source/PSoC5 -Wno-main -mcpu=cortex-m3 -mthumb -Wall -g -D DEBUG -Wa,-alh=.\CortexM3\ARM_GCC_473\Debug\ADC_SAR_2_INT.lst -ffunction-sections -c .\Generated_Source\PSoC5\ADC_SAR_2_INT.c -o .\CortexM3\ARM_GCC_473\Debug\ADC_SAR_2_INT.o
arm-none-eabi-gcc.exe -I. -I./Generated_Source/PSoC5 -Wno-main -mcpu=cortex-m3 -mthumb -Wall -g -D DEBUG -Wa,-alh=.\CortexM3\ARM_GCC_473\Debug\ADC_SAR_2_PM.lst -ffunction-sections -c .\Generated_Source\PSoC5\ADC_SAR_2_PM.c -o .\CortexM3\ARM_GCC_473\Debug\ADC_SAR_2_PM.o
arm-none-eabi-gcc.exe -I. -I./Generated_Source/PSoC5 -Wno-main -mcpu=cortex-m3 -mthumb -Wall -g -D DEBUG -Wa,-alh=.\CortexM3\ARM_GCC_473\Debug\ADC_SAR_1_IRQ.lst -ffunction-sections -c .\Generated_Source\PSoC5\ADC_SAR_1_IRQ.c -o .\CortexM3\ARM_GCC_473\Debug\ADC_SAR_1_IRQ.o
arm-none-eabi-gcc.exe -I. -I./Generated_Source/PSoC5 -Wno-main -mcpu=cortex-m3 -mthumb -Wall -g -D DEBUG -Wa,-alh=.\CortexM3\ARM_GCC_473\Debug\ADC_SAR_1_theACLK.lst -ffunction-sections -c .\Generated_Source\PSoC5\ADC_SAR_1_theACLK.c -o .\CortexM3\ARM_GCC_473\Debug\ADC_SAR_1_theACLK.o
arm-none-eabi-gcc.exe -I. -I./Generated_Source/PSoC5 -Wno-main -mcpu=cortex-m3 -mthumb -Wall -g -D DEBUG -Wa,-alh=.\CortexM3\ARM_GCC_473\Debug\ADC_SAR_1_Bypass.lst -ffunction-sections -c .\Generated_Source\PSoC5\ADC_SAR_1_Bypass.c -o .\CortexM3\ARM_GCC_473\Debug\ADC_SAR_1_Bypass.o
arm-none-eabi-gcc.exe -I. -I./Generated_Source/PSoC5 -Wno-main -mcpu=cortex-m3 -mthumb -Wall -g -D DEBUG -Wa,-alh=.\CortexM3\ARM_GCC_473\Debug\ADC_SAR_2_IRQ.lst -ffunction-sections -c .\Generated_Source\PSoC5\ADC_SAR_2_IRQ.c -o .\CortexM3\ARM_GCC_473\Debug\ADC_SAR_2_IRQ.o
arm-none-eabi-gcc.exe -I. -I./Generated_Source/PSoC5 -Wno-main -mcpu=cortex-m3 -mthumb -Wall -g -D DEBUG -Wa,-alh=.\CortexM3\ARM_GCC_473\Debug\ADC_SAR_2_theACLK.lst -ffunction-sections -c .\Generated_Source\PSoC5\ADC_SAR_2_theACLK.c -o .\CortexM3\ARM_GCC_473\Debug\ADC_SAR_2_theACLK.o
arm-none-eabi-gcc.exe -I. -I./Generated_Source/PSoC5 -Wno-main -mcpu=cortex-m3 -mthumb -Wall -g -D DEBUG -Wa,-alh=.\CortexM3\ARM_GCC_473\Debug\ADC_SAR_2_Bypass.lst -ffunction-sections -c .\Generated_Source\PSoC5\ADC_SAR_2_Bypass.c -o .\CortexM3\ARM_GCC_473\Debug\ADC_SAR_2_Bypass.o
arm-none-eabi-gcc.exe -I. -I./Generated_Source/PSoC5 -Wno-main -mcpu=cortex-m3 -mthumb -Wall -g -D DEBUG -Wa,-alh=.\CortexM3\ARM_GCC_473\Debug\VDAC8_1.lst -ffunction-sections -c .\Generated_Source\PSoC5\VDAC8_1.c -o .\CortexM3\ARM_GCC_473\Debug\VDAC8_1.o
arm-none-eabi-gcc.exe -I. -I./Generated_Source/PSoC5 -Wno-main -mcpu=cortex-m3 -mthumb -Wall -g -D DEBUG -Wa,-alh=.\CortexM3\ARM_GCC_473\Debug\VDAC8_1_PM.lst -ffunction-sections -c .\Generated_Source\PSoC5\VDAC8_1_PM.c -o .\CortexM3\ARM_GCC_473\Debug\VDAC8_1_PM.o
arm-none-eabi-gcc.exe -I. -I./Generated_Source/PSoC5 -Wno-main -mcpu=cortex-m3 -mthumb -Wall -g -D DEBUG -Wa,-alh=.\CortexM3\ARM_GCC_473\Debug\IDAC8_1.lst -ffunction-sections -c .\Generated_Source\PSoC5\IDAC8_1.c -o .\CortexM3\ARM_GCC_473\Debug\IDAC8_1.o
arm-none-eabi-gcc.exe -I. -I./Generated_Source/PSoC5 -Wno-main -mcpu=cortex-m3 -mthumb -Wall -g -D DEBUG -Wa,-alh=.\CortexM3\ARM_GCC_473\Debug\IDAC8_1_PM.lst -ffunction-sections -c .\Generated_Source\PSoC5\IDAC8_1_PM.c -o .\CortexM3\ARM_GCC_473\Debug\IDAC8_1_PM.o
arm-none-eabi-gcc.exe -I. -I./Generated_Source/PSoC5 -Wno-main -mcpu=cortex-m3 -mthumb -Wall -g -D DEBUG -Wa,-alh=.\CortexM3\ARM_GCC_473\Debug\WaveDAC_clk.lst -ffunction-sections -c .\Generated_Source\PSoC5\WaveDAC_clk.c -o .\CortexM3\ARM_GCC_473\Debug\WaveDAC_clk.o
arm-none-eabi-gcc.exe -I. -I./Generated_Source/PSoC5 -Wno-main -mcpu=cortex-m3 -mthumb -Wall -g -D DEBUG -Wa,-alh=.\CortexM3\ARM_GCC_473\Debug\WaveDAC8_1.lst -ffunction-sections -c .\Generated_Source\PSoC5\WaveDAC8_1.c -o .\CortexM3\ARM_GCC_473\Debug\WaveDAC8_1.o
arm-none-eabi-gcc.exe -I. -I./Generated_Source/PSoC5 -Wno-main -mcpu=cortex-m3 -mthumb -Wall -g -D DEBUG -Wa,-alh=.\CortexM3\ARM_GCC_473\Debug\WaveDAC8_1_PM.lst -ffunction-sections -c .\Generated_Source\PSoC5\WaveDAC8_1_PM.c -o .\CortexM3\ARM_GCC_473\Debug\WaveDAC8_1_PM.o
arm-none-eabi-gcc.exe -I. -I./Generated_Source/PSoC5 -Wno-main -mcpu=cortex-m3 -mthumb -Wall -g -D DEBUG -Wa,-alh=.\CortexM3\ARM_GCC_473\Debug\WaveDAC8_1_Wave1_DMA_dma.lst -ffunction-sections -c .\Generated_Source\PSoC5\WaveDAC8_1_Wave1_DMA_dma.c -o .\CortexM3\ARM_GCC_473\Debug\WaveDAC8_1_Wave1_DMA_dma.o
arm-none-eabi-gcc.exe -I. -I./Generated_Source/PSoC5 -Wno-main -mcpu=cortex-m3 -mthumb -Wall -g -D DEBUG -Wa,-alh=.\CortexM3\ARM_GCC_473\Debug\WaveDAC8_1_Wave2_DMA_dma.lst -ffunction-sections -c .\Generated_Source\PSoC5\WaveDAC8_1_Wave2_DMA_dma.c -o .\CortexM3\ARM_GCC_473\Debug\WaveDAC8_1_Wave2_DMA_dma.o
arm-none-eabi-gcc.exe -I. -I./Generated_Source/PSoC5 -Wno-main -mcpu=cortex-m3 -mthumb -Wall -g -D DEBUG -Wa,-alh=.\CortexM3\ARM_GCC_473\Debug\WaveDAC8_1_VDAC8.lst -ffunction-sections -c .\Generated_Source\PSoC5\WaveDAC8_1_VDAC8.c -o .\CortexM3\ARM_GCC_473\Debug\WaveDAC8_1_VDAC8.o
arm-none-eabi-gcc.exe -I. -I./Generated_Source/PSoC5 -Wno-main -mcpu=cortex-m3 -mthumb -Wall -g -D DEBUG -Wa,-alh=.\CortexM3\ARM_GCC_473\Debug\WaveDAC8_1_VDAC8_PM.lst -ffunction-sections -c .\Generated_Source\PSoC5\WaveDAC8_1_VDAC8_PM.c -o .\CortexM3\ARM_GCC_473\Debug\WaveDAC8_1_VDAC8_PM.o
arm-none-eabi-gcc.exe -I. -I./Generated_Source/PSoC5 -Wno-main -mcpu=cortex-m3 -mthumb -Wall -g -D DEBUG -Wa,-alh=.\CortexM3\ARM_GCC_473\Debug\Control_Reg_1.lst -ffunction-sections -c .\Generated_Source\PSoC5\Control_Reg_1.c -o .\CortexM3\ARM_GCC_473\Debug\Control_Reg_1.o
arm-none-eabi-gcc.exe -I. -I./Generated_Source/PSoC5 -Wno-main -mcpu=cortex-m3 -mthumb -Wall -g -D DEBUG -Wa,-alh=.\CortexM3\ARM_GCC_473\Debug\Status_Reg_1.lst -ffunction-sections -c .\Generated_Source\PSoC5\Status_Reg_1.c -o .\CortexM3\ARM_GCC_473\Debug\Status_Reg_1.o
arm-none-eabi-gcc.exe -I. -I./Generated_Source/PSoC5 -Wno-main -mcpu=cortex-m3 -mthumb -Wall -g -D DEBUG -Wa,-alh=.\CortexM3\ARM_GCC_473\Debug\Clock_3.lst -ffunction-sections -c .\Generated_Source\PSoC5\Clock_3.c -o .\CortexM3\ARM_GCC_473\Debug\Clock_3.o
arm-none-eabi-gcc.exe -I. -I./Generated_Source/PSoC5 -Wno-main -mcpu=cortex-m3 -mthumb -Wall -g -D DEBUG -Wa,-alh=.\CortexM3\ARM_GCC_473\Debug\Out_6.lst -ffunction-sections -c .\Generated_Source\PSoC5\Out_6.c -o .\CortexM3\ARM_GCC_473\Debug\Out_6.o
arm-none-eabi-gcc.exe -I. -I./Generated_Source/PSoC5 -Wno-main -mcpu=cortex-m3 -mthumb -Wall -g -D DEBUG -Wa,-alh=.\CortexM3\ARM_GCC_473\Debug\Out_5.lst -ffunction-sections -c .\Generated_Source\PSoC5\Out_5.c -o .\CortexM3\ARM_GCC_473\Debug\Out_5.o
arm-none-eabi-gcc.exe -I. -I./Generated_Source/PSoC5 -Wno-main -mcpu=cortex-m3 -mthumb -Wall -g -D DEBUG -Wa,-alh=.\CortexM3\ARM_GCC_473\Debug\Out_4.lst -ffunction-sections -c .\Generated_Source\PSoC5\Out_4.c -o .\CortexM3\ARM_GCC_473\Debug\Out_4.o
arm-none-eabi-gcc.exe -I. -I./Generated_Source/PSoC5 -Wno-main -mcpu=cortex-m3 -mthumb -Wall -g -D DEBUG -Wa,-alh=.\CortexM3\ARM_GCC_473\Debug\Out_7.lst -ffunction-sections -c .\Generated_Source\PSoC5\Out_7.c -o .\CortexM3\ARM_GCC_473\Debug\Out_7.o
arm-none-eabi-gcc.exe -I. -I./Generated_Source/PSoC5 -Wno-main -mcpu=cortex-m3 -mthumb -Wall -g -D DEBUG -Wa,-alh=.\CortexM3\ARM_GCC_473\Debug\Out_1.lst -ffunction-sections -c .\Generated_Source\PSoC5\Out_1.c -o .\CortexM3\ARM_GCC_473\Debug\Out_1.o
arm-none-eabi-gcc.exe -I. -I./Generated_Source/PSoC5 -Wno-main -mcpu=cortex-m3 -mthumb -Wall -g -D DEBUG -Wa,-alh=.\CortexM3\ARM_GCC_473\Debug\Out_2.lst -ffunction-sections -c .\Generated_Source\PSoC5\Out_2.c -o .\CortexM3\ARM_GCC_473\Debug\Out_2.o
arm-none-eabi-gcc.exe -I. -I./Generated_Source/PSoC5 -Wno-main -mcpu=cortex-m3 -mthumb -Wall -g -D DEBUG -Wa,-alh=.\CortexM3\ARM_GCC_473\Debug\Out_8.lst -ffunction-sections -c .\Generated_Source\PSoC5\Out_8.c -o .\CortexM3\ARM_GCC_473\Debug\Out_8.o
arm-none-eabi-gcc.exe -I. -I./Generated_Source/PSoC5 -Wno-main -mcpu=cortex-m3 -mthumb -Wall -g -D DEBUG -Wa,-alh=.\CortexM3\ARM_GCC_473\Debug\Out_3.lst -ffunction-sections -c .\Generated_Source\PSoC5\Out_3.c -o .\CortexM3\ARM_GCC_473\Debug\Out_3.o
arm-none-eabi-gcc.exe -I. -I./Generated_Source/PSoC5 -Wno-main -mcpu=cortex-m3 -mthumb -Wall -g -D DEBUG -Wa,-alh=.\CortexM3\ARM_GCC_473\Debug\PWM_out_1.lst -ffunction-sections -c .\Generated_Source\PSoC5\PWM_out_1.c -o .\CortexM3\ARM_GCC_473\Debug\PWM_out_1.o
arm-none-eabi-gcc.exe -I. -I./Generated_Source/PSoC5 -Wno-main -mcpu=cortex-m3 -mthumb -Wall -g -D DEBUG -Wa,-alh=.\CortexM3\ARM_GCC_473\Debug\WaveDAC_out.lst -ffunction-sections -c .\Generated_Source\PSoC5\WaveDAC_out.c -o .\CortexM3\ARM_GCC_473\Debug\WaveDAC_out.o
arm-none-eabi-gcc.exe -I. -I./Generated_Source/PSoC5 -Wno-main -mcpu=cortex-m3 -mthumb -Wall -g -D DEBUG -Wa,-alh=.\CortexM3\ARM_GCC_473\Debug\ADC_DelSig_1.lst -ffunction-sections -c .\Generated_Source\PSoC5\ADC_DelSig_1.c -o .\CortexM3\ARM_GCC_473\Debug\ADC_DelSig_1.o
arm-none-eabi-gcc.exe -I. -I./Generated_Source/PSoC5 -Wno-main -mcpu=cortex-m3 -mthumb -Wall -g -D DEBUG -Wa,-alh=.\CortexM3\ARM_GCC_473\Debug\ADC_DelSig_1_PM.lst -ffunction-sections -c .\Generated_Source\PSoC5\ADC_DelSig_1_PM.c -o .\CortexM3\ARM_GCC_473\Debug\ADC_DelSig_1_PM.o
arm-none-eabi-gcc.exe -I. -I./Generated_Source/PSoC5 -Wno-main -mcpu=cortex-m3 -mthumb -Wall -g -D DEBUG -Wa,-alh=.\CortexM3\ARM_GCC_473\Debug\ADC_DelSig_1_INT.lst -ffunction-sections -c .\Generated_Source\PSoC5\ADC_DelSig_1_INT.c -o .\CortexM3\ARM_GCC_473\Debug\ADC_DelSig_1_INT.o
arm-none-eabi-gcc.exe -I. -I./Generated_Source/PSoC5 -Wno-main -mcpu=cortex-m3 -mthumb -Wall -g -D DEBUG -Wa,-alh=.\CortexM3\ARM_GCC_473\Debug\In_3.lst -ffunction-sections -c .\Generated_Source\PSoC5\In_3.c -o .\CortexM3\ARM_GCC_473\Debug\In_3.o
arm-none-eabi-gcc.exe -I. -I./Generated_Source/PSoC5 -Wno-main -mcpu=cortex-m3 -mthumb -Wall -g -D DEBUG -Wa,-alh=.\CortexM3\ARM_GCC_473\Debug\In_4.lst -ffunction-sections -c .\Generated_Source\PSoC5\In_4.c -o .\CortexM3\ARM_GCC_473\Debug\In_4.o
arm-none-eabi-gcc.exe -I. -I./Generated_Source/PSoC5 -Wno-main -mcpu=cortex-m3 -mthumb -Wall -g -D DEBUG -Wa,-alh=.\CortexM3\ARM_GCC_473\Debug\In_5.lst -ffunction-sections -c .\Generated_Source\PSoC5\In_5.c -o .\CortexM3\ARM_GCC_473\Debug\In_5.o
arm-none-eabi-gcc.exe -I. -I./Generated_Source/PSoC5 -Wno-main -mcpu=cortex-m3 -mthumb -Wall -g -D DEBUG -Wa,-alh=.\CortexM3\ARM_GCC_473\Debug\In_6.lst -ffunction-sections -c .\Generated_Source\PSoC5\In_6.c -o .\CortexM3\ARM_GCC_473\Debug\In_6.o
arm-none-eabi-gcc.exe -I. -I./Generated_Source/PSoC5 -Wno-main -mcpu=cortex-m3 -mthumb -Wall -g -D DEBUG -Wa,-alh=.\CortexM3\ARM_GCC_473\Debug\In_7.lst -ffunction-sections -c .\Generated_Source\PSoC5\In_7.c -o .\CortexM3\ARM_GCC_473\Debug\In_7.o
arm-none-eabi-gcc.exe -I. -I./Generated_Source/PSoC5 -Wno-main -mcpu=cortex-m3 -mthumb -Wall -g -D DEBUG -Wa,-alh=.\CortexM3\ARM_GCC_473\Debug\In_8.lst -ffunction-sections -c .\Generated_Source\PSoC5\In_8.c -o .\CortexM3\ARM_GCC_473\Debug\In_8.o
arm-none-eabi-gcc.exe -I. -I./Generated_Source/PSoC5 -Wno-main -mcpu=cortex-m3 -mthumb -Wall -g -D DEBUG -Wa,-alh=.\CortexM3\ARM_GCC_473\Debug\In_2.lst -ffunction-sections -c .\Generated_Source\PSoC5\In_2.c -o .\CortexM3\ARM_GCC_473\Debug\In_2.o
arm-none-eabi-gcc.exe -I. -I./Generated_Source/PSoC5 -Wno-main -mcpu=cortex-m3 -mthumb -Wall -g -D DEBUG -Wa,-alh=.\CortexM3\ARM_GCC_473\Debug\In_1.lst -ffunction-sections -c .\Generated_Source\PSoC5\In_1.c -o .\CortexM3\ARM_GCC_473\Debug\In_1.o
arm-none-eabi-gcc.exe -I. -I./Generated_Source/PSoC5 -Wno-main -mcpu=cortex-m3 -mthumb -Wall -g -D DEBUG -Wa,-alh=.\CortexM3\ARM_GCC_473\Debug\PWM_2.lst -ffunction-sections -c .\Generated_Source\PSoC5\PWM_2.c -o .\CortexM3\ARM_GCC_473\Debug\PWM_2.o
arm-none-eabi-gcc.exe -I. -I./Generated_Source/PSoC5 -Wno-main -mcpu=cortex-m3 -mthumb -Wall -g -D DEBUG -Wa,-alh=.\CortexM3\ARM_GCC_473\Debug\PWM_2_PM.lst -ffunction-sections -c .\Generated_Source\PSoC5\PWM_2_PM.c -o .\CortexM3\ARM_GCC_473\Debug\PWM_2_PM.o
arm-none-eabi-gcc.exe -I. -I./Generated_Source/PSoC5 -Wno-main -mcpu=cortex-m3 -mthumb -Wall -g -D DEBUG -Wa,-alh=.\CortexM3\ARM_GCC_473\Debug\PWM_3.lst -ffunction-sections -c .\Generated_Source\PSoC5\PWM_3.c -o .\CortexM3\ARM_GCC_473\Debug\PWM_3.o
arm-none-eabi-gcc.exe -I. -I./Generated_Source/PSoC5 -Wno-main -mcpu=cortex-m3 -mthumb -Wall -g -D DEBUG -Wa,-alh=.\CortexM3\ARM_GCC_473\Debug\PWM_3_PM.lst -ffunction-sections -c .\Generated_Source\PSoC5\PWM_3_PM.c -o .\CortexM3\ARM_GCC_473\Debug\PWM_3_PM.o
arm-none-eabi-gcc.exe -I. -I./Generated_Source/PSoC5 -Wno-main -mcpu=cortex-m3 -mthumb -Wall -g -D DEBUG -Wa,-alh=.\CortexM3\ARM_GCC_473\Debug\PWM_4.lst -ffunction-sections -c .\Generated_Source\PSoC5\PWM_4.c -o .\CortexM3\ARM_GCC_473\Debug\PWM_4.o
arm-none-eabi-gcc.exe -I. -I./Generated_Source/PSoC5 -Wno-main -mcpu=cortex-m3 -mthumb -Wall -g -D DEBUG -Wa,-alh=.\CortexM3\ARM_GCC_473\Debug\PWM_4_PM.lst -ffunction-sections -c .\Generated_Source\PSoC5\PWM_4_PM.c -o .\CortexM3\ARM_GCC_473\Debug\PWM_4_PM.o
arm-none-eabi-gcc.exe -I. -I./Generated_Source/PSoC5 -Wno-main -mcpu=cortex-m3 -mthumb -Wall -g -D DEBUG -Wa,-alh=.\CortexM3\ARM_GCC_473\Debug\PWM_5.lst -ffunction-sections -c .\Generated_Source\PSoC5\PWM_5.c -o .\CortexM3\ARM_GCC_473\Debug\PWM_5.o
arm-none-eabi-gcc.exe -I. -I./Generated_Source/PSoC5 -Wno-main -mcpu=cortex-m3 -mthumb -Wall -g -D DEBUG -Wa,-alh=.\CortexM3\ARM_GCC_473\Debug\PWM_5_PM.lst -ffunction-sections -c .\Generated_Source\PSoC5\PWM_5_PM.c -o .\CortexM3\ARM_GCC_473\Debug\PWM_5_PM.o
arm-none-eabi-gcc.exe -I. -I./Generated_Source/PSoC5 -Wno-main -mcpu=cortex-m3 -mthumb -Wall -g -D DEBUG -Wa,-alh=.\CortexM3\ARM_GCC_473\Debug\PWM_6.lst -ffunction-sections -c .\Generated_Source\PSoC5\PWM_6.c -o .\CortexM3\ARM_GCC_473\Debug\PWM_6.o
arm-none-eabi-gcc.exe -I. -I./Generated_Source/PSoC5 -Wno-main -mcpu=cortex-m3 -mthumb -Wall -g -D DEBUG -Wa,-alh=.\CortexM3\ARM_GCC_473\Debug\PWM_6_PM.lst -ffunction-sections -c .\Generated_Source\PSoC5\PWM_6_PM.c -o .\CortexM3\ARM_GCC_473\Debug\PWM_6_PM.o
arm-none-eabi-gcc.exe -I. -I./Generated_Source/PSoC5 -Wno-main -mcpu=cortex-m3 -mthumb -Wall -g -D DEBUG -Wa,-alh=.\CortexM3\ARM_GCC_473\Debug\PWM_7.lst -ffunction-sections -c .\Generated_Source\PSoC5\PWM_7.c -o .\CortexM3\ARM_GCC_473\Debug\PWM_7.o
arm-none-eabi-gcc.exe -I. -I./Generated_Source/PSoC5 -Wno-main -mcpu=cortex-m3 -mthumb -Wall -g -D DEBUG -Wa,-alh=.\CortexM3\ARM_GCC_473\Debug\PWM_7_PM.lst -ffunction-sections -c .\Generated_Source\PSoC5\PWM_7_PM.c -o .\CortexM3\ARM_GCC_473\Debug\PWM_7_PM.o
arm-none-eabi-gcc.exe -I. -I./Generated_Source/PSoC5 -Wno-main -mcpu=cortex-m3 -mthumb -Wall -g -D DEBUG -Wa,-alh=.\CortexM3\ARM_GCC_473\Debug\PWM_8.lst -ffunction-sections -c .\Generated_Source\PSoC5\PWM_8.c -o .\CortexM3\ARM_GCC_473\Debug\PWM_8.o
arm-none-eabi-gcc.exe -I. -I./Generated_Source/PSoC5 -Wno-main -mcpu=cortex-m3 -mthumb -Wall -g -D DEBUG -Wa,-alh=.\CortexM3\ARM_GCC_473\Debug\PWM_8_PM.lst -ffunction-sections -c .\Generated_Source\PSoC5\PWM_8_PM.c -o .\CortexM3\ARM_GCC_473\Debug\PWM_8_PM.o
arm-none-eabi-gcc.exe -I. -I./Generated_Source/PSoC5 -Wno-main -mcpu=cortex-m3 -mthumb -Wall -g -D DEBUG -Wa,-alh=.\CortexM3\ARM_GCC_473\Debug\PWM_out_3.lst -ffunction-sections -c .\Generated_Source\PSoC5\PWM_out_3.c -o .\CortexM3\ARM_GCC_473\Debug\PWM_out_3.o
arm-none-eabi-gcc.exe -I. -I./Generated_Source/PSoC5 -Wno-main -mcpu=cortex-m3 -mthumb -Wall -g -D DEBUG -Wa,-alh=.\CortexM3\ARM_GCC_473\Debug\PWM_out_2.lst -ffunction-sections -c .\Generated_Source\PSoC5\PWM_out_2.c -o .\CortexM3\ARM_GCC_473\Debug\PWM_out_2.o
arm-none-eabi-gcc.exe -I. -I./Generated_Source/PSoC5 -Wno-main -mcpu=cortex-m3 -mthumb -Wall -g -D DEBUG -Wa,-alh=.\CortexM3\ARM_GCC_473\Debug\PWM_out_4.lst -ffunction-sections -c .\Generated_Source\PSoC5\PWM_out_4.c -o .\CortexM3\ARM_GCC_473\Debug\PWM_out_4.o
arm-none-eabi-gcc.exe -I. -I./Generated_Source/PSoC5 -Wno-main -mcpu=cortex-m3 -mthumb -Wall -g -D DEBUG -Wa,-alh=.\CortexM3\ARM_GCC_473\Debug\PWM_out_5.lst -ffunction-sections -c .\Generated_Source\PSoC5\PWM_out_5.c -o .\CortexM3\ARM_GCC_473\Debug\PWM_out_5.o
arm-none-eabi-gcc.exe -I. -I./Generated_Source/PSoC5 -Wno-main -mcpu=cortex-m3 -mthumb -Wall -g -D DEBUG -Wa,-alh=.\CortexM3\ARM_GCC_473\Debug\PWM_out_6.lst -ffunction-sections -c .\Generated_Source\PSoC5\PWM_out_6.c -o .\CortexM3\ARM_GCC_473\Debug\PWM_out_6.o
arm-none-eabi-gcc.exe -I. -I./Generated_Source/PSoC5 -Wno-main -mcpu=cortex-m3 -mthumb -Wall -g -D DEBUG -Wa,-alh=.\CortexM3\ARM_GCC_473\Debug\PWM_out_7.lst -ffunction-sections -c .\Generated_Source\PSoC5\PWM_out_7.c -o .\CortexM3\ARM_GCC_473\Debug\PWM_out_7.o
arm-none-eabi-gcc.exe -I. -I./Generated_Source/PSoC5 -Wno-main -mcpu=cortex-m3 -mthumb -Wall -g -D DEBUG -Wa,-alh=.\CortexM3\ARM_GCC_473\Debug\PWM_out_8.lst -ffunction-sections -c .\Generated_Source\PSoC5\PWM_out_8.c -o .\CortexM3\ARM_GCC_473\Debug\PWM_out_8.o
arm-none-eabi-gcc.exe -I. -I./Generated_Source/PSoC5 -Wno-main -mcpu=cortex-m3 -mthumb -Wall -g -D DEBUG -Wa,-alh=.\CortexM3\ARM_GCC_473\Debug\DELSIG_in.lst -ffunction-sections -c .\Generated_Source\PSoC5\DELSIG_in.c -o .\CortexM3\ARM_GCC_473\Debug\DELSIG_in.o
arm-none-eabi-gcc.exe -I. -I./Generated_Source/PSoC5 -Wno-main -mcpu=cortex-m3 -mthumb -Wall -g -D DEBUG -Wa,-alh=.\CortexM3\ARM_GCC_473\Debug\SAR_in_1.lst -ffunction-sections -c .\Generated_Source\PSoC5\SAR_in_1.c -o .\CortexM3\ARM_GCC_473\Debug\SAR_in_1.o
arm-none-eabi-gcc.exe -I. -I./Generated_Source/PSoC5 -Wno-main -mcpu=cortex-m3 -mthumb -Wall -g -D DEBUG -Wa,-alh=.\CortexM3\ARM_GCC_473\Debug\SAR_in_2.lst -ffunction-sections -c .\Generated_Source\PSoC5\SAR_in_2.c -o .\CortexM3\ARM_GCC_473\Debug\SAR_in_2.o
arm-none-eabi-gcc.exe -I. -I./Generated_Source/PSoC5 -Wno-main -mcpu=cortex-m3 -mthumb -Wall -g -D DEBUG -Wa,-alh=.\CortexM3\ARM_GCC_473\Debug\IDAC_out_1.lst -ffunction-sections -c .\Generated_Source\PSoC5\IDAC_out_1.c -o .\CortexM3\ARM_GCC_473\Debug\IDAC_out_1.o
arm-none-eabi-gcc.exe -I. -I./Generated_Source/PSoC5 -Wno-main -mcpu=cortex-m3 -mthumb -Wall -g -D DEBUG -Wa,-alh=.\CortexM3\ARM_GCC_473\Debug\VDAC_out_1.lst -ffunction-sections -c .\Generated_Source\PSoC5\VDAC_out_1.c -o .\CortexM3\ARM_GCC_473\Debug\VDAC_out_1.o
arm-none-eabi-gcc.exe -I. -I./Generated_Source/PSoC5 -Wno-main -mcpu=cortex-m3 -mthumb -Wall -g -D DEBUG -Wa,-alh=.\CortexM3\ARM_GCC_473\Debug\Control_Reg_2.lst -ffunction-sections -c .\Generated_Source\PSoC5\Control_Reg_2.c -o .\CortexM3\ARM_GCC_473\Debug\Control_Reg_2.o
arm-none-eabi-gcc.exe -I. -I./Generated_Source/PSoC5 -Wno-main -mcpu=cortex-m3 -mthumb -Wall -g -D DEBUG -Wa,-alh=.\CortexM3\ARM_GCC_473\Debug\Status_Reg_2.lst -ffunction-sections -c .\Generated_Source\PSoC5\Status_Reg_2.c -o .\CortexM3\ARM_GCC_473\Debug\Status_Reg_2.o
arm-none-eabi-gcc.exe -I. -I./Generated_Source/PSoC5 -Wno-main -mcpu=cortex-m3 -mthumb -Wall -g -D DEBUG -Wa,-alh=.\CortexM3\ARM_GCC_473\Debug\Out_9.lst -ffunction-sections -c .\Generated_Source\PSoC5\Out_9.c -o .\CortexM3\ARM_GCC_473\Debug\Out_9.o
arm-none-eabi-gcc.exe -I. -I./Generated_Source/PSoC5 -Wno-main -mcpu=cortex-m3 -mthumb -Wall -g -D DEBUG -Wa,-alh=.\CortexM3\ARM_GCC_473\Debug\Out_10.lst -ffunction-sections -c .\Generated_Source\PSoC5\Out_10.c -o .\CortexM3\ARM_GCC_473\Debug\Out_10.o
arm-none-eabi-gcc.exe -I. -I./Generated_Source/PSoC5 -Wno-main -mcpu=cortex-m3 -mthumb -Wall -g -D DEBUG -Wa,-alh=.\CortexM3\ARM_GCC_473\Debug\Out_11.lst -ffunction-sections -c .\Generated_Source\PSoC5\Out_11.c -o .\CortexM3\ARM_GCC_473\Debug\Out_11.o
arm-none-eabi-gcc.exe -I. -I./Generated_Source/PSoC5 -Wno-main -mcpu=cortex-m3 -mthumb -Wall -g -D DEBUG -Wa,-alh=.\CortexM3\ARM_GCC_473\Debug\Out_12.lst -ffunction-sections -c .\Generated_Source\PSoC5\Out_12.c -o .\CortexM3\ARM_GCC_473\Debug\Out_12.o
arm-none-eabi-gcc.exe -I. -I./Generated_Source/PSoC5 -Wno-main -mcpu=cortex-m3 -mthumb -Wall -g -D DEBUG -Wa,-alh=.\CortexM3\ARM_GCC_473\Debug\In_9.lst -ffunction-sections -c .\Generated_Source\PSoC5\In_9.c -o .\CortexM3\ARM_GCC_473\Debug\In_9.o
arm-none-eabi-gcc.exe -I. -I./Generated_Source/PSoC5 -Wno-main -mcpu=cortex-m3 -mthumb -Wall -g -D DEBUG -Wa,-alh=.\CortexM3\ARM_GCC_473\Debug\In_10.lst -ffunction-sections -c .\Generated_Source\PSoC5\In_10.c -o .\CortexM3\ARM_GCC_473\Debug\In_10.o
arm-none-eabi-gcc.exe -I. -I./Generated_Source/PSoC5 -Wno-main -mcpu=cortex-m3 -mthumb -Wall -g -D DEBUG -Wa,-alh=.\CortexM3\ARM_GCC_473\Debug\In_11.lst -ffunction-sections -c .\Generated_Source\PSoC5\In_11.c -o .\CortexM3\ARM_GCC_473\Debug\In_11.o
arm-none-eabi-gcc.exe -I. -I./Generated_Source/PSoC5 -Wno-main -mcpu=cortex-m3 -mthumb -Wall -g -D DEBUG -Wa,-alh=.\CortexM3\ARM_GCC_473\Debug\In_12.lst -ffunction-sections -c .\Generated_Source\PSoC5\In_12.c -o .\CortexM3\ARM_GCC_473\Debug\In_12.o
arm-none-eabi-gcc.exe -I. -I./Generated_Source/PSoC5 -Wno-main -mcpu=cortex-m3 -mthumb -Wall -g -D DEBUG -Wa,-alh=.\CortexM3\ARM_GCC_473\Debug\ADC_DelSig_1_AMux.lst -ffunction-sections -c .\Generated_Source\PSoC5\ADC_DelSig_1_AMux.c -o .\CortexM3\ARM_GCC_473\Debug\ADC_DelSig_1_AMux.o
arm-none-eabi-gcc.exe -I. -I./Generated_Source/PSoC5 -Wno-main -mcpu=cortex-m3 -mthumb -Wall -g -D DEBUG -Wa,-alh=.\CortexM3\ARM_GCC_473\Debug\ADC_DelSig_1_Ext_CP_Clk.lst -ffunction-sections -c .\Generated_Source\PSoC5\ADC_DelSig_1_Ext_CP_Clk.c -o .\CortexM3\ARM_GCC_473\Debug\ADC_DelSig_1_Ext_CP_Clk.o
arm-none-eabi-gcc.exe -I. -I./Generated_Source/PSoC5 -Wno-main -mcpu=cortex-m3 -mthumb -Wall -g -D DEBUG -Wa,-alh=.\CortexM3\ARM_GCC_473\Debug\ADC_DelSig_1_IRQ.lst -ffunction-sections -c .\Generated_Source\PSoC5\ADC_DelSig_1_IRQ.c -o .\CortexM3\ARM_GCC_473\Debug\ADC_DelSig_1_IRQ.o
arm-none-eabi-gcc.exe -I. -I./Generated_Source/PSoC5 -Wno-main -mcpu=cortex-m3 -mthumb -Wall -g -D DEBUG -Wa,-alh=.\CortexM3\ARM_GCC_473\Debug\ADC_DelSig_1_theACLK.lst -ffunction-sections -c .\Generated_Source\PSoC5\ADC_DelSig_1_theACLK.c -o .\CortexM3\ARM_GCC_473\Debug\ADC_DelSig_1_theACLK.o
arm-none-eabi-gcc.exe -I. -I./Generated_Source/PSoC5 -Wno-main -mcpu=cortex-m3 -mthumb -Wall -g -D DEBUG -Wa,-alh=.\CortexM3\ARM_GCC_473\Debug\WaveDAC8_1_BuffAmp.lst -ffunction-sections -c .\Generated_Source\PSoC5\WaveDAC8_1_BuffAmp.c -o .\CortexM3\ARM_GCC_473\Debug\WaveDAC8_1_BuffAmp.o
arm-none-eabi-gcc.exe -I. -I./Generated_Source/PSoC5 -Wno-main -mcpu=cortex-m3 -mthumb -Wall -g -D DEBUG -Wa,-alh=.\CortexM3\ARM_GCC_473\Debug\WaveDAC8_1_BuffAmp_PM.lst -ffunction-sections -c .\Generated_Source\PSoC5\WaveDAC8_1_BuffAmp_PM.c -o .\CortexM3\ARM_GCC_473\Debug\WaveDAC8_1_BuffAmp_PM.o
arm-none-eabi-ar.exe -rs .\CortexM3\ARM_GCC_473\Debug\PSoC_2_Pi.a .\CortexM3\ARM_GCC_473\Debug\cyfitter_cfg.o .\CortexM3\ARM_GCC_473\Debug\SPIS_1.o .\CortexM3\ARM_GCC_473\Debug\SPIS_1_PM.o .\CortexM3\ARM_GCC_473\Debug\SPIS_1_INT.o .\CortexM3\ARM_GCC_473\Debug\SPIS_1_BOOT.o .\CortexM3\ARM_GCC_473\Debug\mosi.o .\CortexM3\ARM_GCC_473\Debug\sclk.o .\CortexM3\ARM_GCC_473\Debug\miso.o .\CortexM3\ARM_GCC_473\Debug\SPIS_1_IntClock.o .\CortexM3\ARM_GCC_473\Debug\CyBootAsmGnu.o .\CortexM3\ARM_GCC_473\Debug\CyDmac.o .\CortexM3\ARM_GCC_473\Debug\CyFlash.o .\CortexM3\ARM_GCC_473\Debug\CyLib.o .\CortexM3\ARM_GCC_473\Debug\cyPm.o .\CortexM3\ARM_GCC_473\Debug\CySpc.o .\CortexM3\ARM_GCC_473\Debug\cyutils.o .\CortexM3\ARM_GCC_473\Debug\TFTSHIELD_1.o .\CortexM3\ARM_GCC_473\Debug\miso_lcd.o .\CortexM3\ARM_GCC_473\Debug\mosi_lcd.o .\CortexM3\ARM_GCC_473\Debug\sclk_lcd.o .\CortexM3\ARM_GCC_473\Debug\ss_lcd.o .\CortexM3\ARM_GCC_473\Debug\cs_lcd.o .\CortexM3\ARM_GCC_473\Debug\dc_lcd.o .\CortexM3\ARM_GCC_473\Debug\rt_cs.o .\CortexM3\ARM_GCC_473\Debug\Clock_1.o .\CortexM3\ARM_GCC_473\Debug\TFTSHIELD_1_SPIM_1.o .\CortexM3\ARM_GCC_473\Debug\TFTSHIELD_1_SPIM_1_PM.o .\CortexM3\ARM_GCC_473\Debug\TFTSHIELD_1_SPIM_1_INT.o .\CortexM3\ARM_GCC_473\Debug\TFTSHIELD_1_CR_1.o .\CortexM3\ARM_GCC_473\Debug\Bootloadable_1.o .\CortexM3\ARM_GCC_473\Debug\PWM_1.o .\CortexM3\ARM_GCC_473\Debug\PWM_1_PM.o .\CortexM3\ARM_GCC_473\Debug\Clock_2.o .\CortexM3\ARM_GCC_473\Debug\ADC_SAR_1.o .\CortexM3\ARM_GCC_473\Debug\ADC_SAR_1_INT.o .\CortexM3\ARM_GCC_473\Debug\ADC_SAR_1_PM.o .\CortexM3\ARM_GCC_473\Debug\ADC_SAR_2.o .\CortexM3\ARM_GCC_473\Debug\ADC_SAR_2_INT.o .\CortexM3\ARM_GCC_473\Debug\ADC_SAR_2_PM.o .\CortexM3\ARM_GCC_473\Debug\ADC_SAR_1_IRQ.o .\CortexM3\ARM_GCC_473\Debug\ADC_SAR_1_theACLK.o .\CortexM3\ARM_GCC_473\Debug\ADC_SAR_1_Bypass.o .\CortexM3\ARM_GCC_473\Debug\ADC_SAR_2_IRQ.o .\CortexM3\ARM_GCC_473\Debug\ADC_SAR_2_theACLK.o .\CortexM3\ARM_GCC_473\Debug\ADC_SAR_2_Bypass.o .\CortexM3\ARM_GCC_473\Debug\VDAC8_1.o .\CortexM3\ARM_GCC_473\Debug\VDAC8_1_PM.o .\CortexM3\ARM_GCC_473\Debug\IDAC8_1.o .\CortexM3\ARM_GCC_473\Debug\IDAC8_1_PM.o .\CortexM3\ARM_GCC_473\Debug\WaveDAC_clk.o .\CortexM3\ARM_GCC_473\Debug\WaveDAC8_1.o .\CortexM3\ARM_GCC_473\Debug\WaveDAC8_1_PM.o .\CortexM3\ARM_GCC_473\Debug\WaveDAC8_1_Wave1_DMA_dma.o .\CortexM3\ARM_GCC_473\Debug\WaveDAC8_1_Wave2_DMA_dma.o .\CortexM3\ARM_GCC_473\Debug\WaveDAC8_1_VDAC8.o .\CortexM3\ARM_GCC_473\Debug\WaveDAC8_1_VDAC8_PM.o .\CortexM3\ARM_GCC_473\Debug\Control_Reg_1.o .\CortexM3\ARM_GCC_473\Debug\Status_Reg_1.o .\CortexM3\ARM_GCC_473\Debug\Clock_3.o .\CortexM3\ARM_GCC_473\Debug\Out_6.o .\CortexM3\ARM_GCC_473\Debug\Out_5.o .\CortexM3\ARM_GCC_473\Debug\Out_4.o .\CortexM3\ARM_GCC_473\Debug\Out_7.o .\CortexM3\ARM_GCC_473\Debug\Out_1.o .\CortexM3\ARM_GCC_473\Debug\Out_2.o .\CortexM3\ARM_GCC_473\Debug\Out_8.o .\CortexM3\ARM_GCC_473\Debug\Out_3.o .\CortexM3\ARM_GCC_473\Debug\PWM_out_1.o .\CortexM3\ARM_GCC_473\Debug\WaveDAC_out.o .\CortexM3\ARM_GCC_473\Debug\ADC_DelSig_1.o .\CortexM3\ARM_GCC_473\Debug\ADC_DelSig_1_PM.o .\CortexM3\ARM_GCC_473\Debug\ADC_DelSig_1_INT.o .\CortexM3\ARM_GCC_473\Debug\In_3.o .\CortexM3\ARM_GCC_473\Debug\In_4.o .\CortexM3\ARM_GCC_473\Debug\In_5.o .\CortexM3\ARM_GCC_473\Debug\In_6.o .\CortexM3\ARM_GCC_473\Debug\In_7.o .\CortexM3\ARM_GCC_473\Debug\In_8.o .\CortexM3\ARM_GCC_473\Debug\In_2.o .\CortexM3\ARM_GCC_473\Debug\In_1.o .\CortexM3\ARM_GCC_473\Debug\PWM_2.o .\CortexM3\ARM_GCC_473\Debug\PWM_2_PM.o .\CortexM3\ARM_GCC_473\Debug\PWM_3.o .\CortexM3\ARM_GCC_473\Debug\PWM_3_PM.o .\CortexM3\ARM_GCC_473\Debug\PWM_4.o .\CortexM3\ARM_GCC_473\Debug\PWM_4_PM.o .\CortexM3\ARM_GCC_473\Debug\PWM_5.o .\CortexM3\ARM_GCC_473\Debug\PWM_5_PM.o .\CortexM3\ARM_GCC_473\Debug\PWM_6.o .\CortexM3\ARM_GCC_473\Debug\PWM_6_PM.o .\CortexM3\ARM_GCC_473\Debug\PWM_7.o .\CortexM3\ARM_GCC_473\Debug\PWM_7_PM.o .\CortexM3\ARM_GCC_473\Debug\PWM_8.o .\CortexM3\ARM_GCC_473\Debug\PWM_8_PM.o .\CortexM3\ARM_GCC_473\Debug\PWM_out_3.o .\CortexM3\ARM_GCC_473\Debug\PWM_out_2.o .\CortexM3\ARM_GCC_473\Debug\PWM_out_4.o .\CortexM3\ARM_GCC_473\Debug\PWM_out_5.o .\CortexM3\ARM_GCC_473\Debug\PWM_out_6.o .\CortexM3\ARM_GCC_473\Debug\PWM_out_7.o .\CortexM3\ARM_GCC_473\Debug\PWM_out_8.o .\CortexM3\ARM_GCC_473\Debug\DELSIG_in.o .\CortexM3\ARM_GCC_473\Debug\SAR_in_1.o .\CortexM3\ARM_GCC_473\Debug\SAR_in_2.o .\CortexM3\ARM_GCC_473\Debug\IDAC_out_1.o .\CortexM3\ARM_GCC_473\Debug\VDAC_out_1.o .\CortexM3\ARM_GCC_473\Debug\Control_Reg_2.o .\CortexM3\ARM_GCC_473\Debug\Status_Reg_2.o .\CortexM3\ARM_GCC_473\Debug\Out_9.o .\CortexM3\ARM_GCC_473\Debug\Out_10.o .\CortexM3\ARM_GCC_473\Debug\Out_11.o .\CortexM3\ARM_GCC_473\Debug\Out_12.o .\CortexM3\ARM_GCC_473\Debug\In_9.o .\CortexM3\ARM_GCC_473\Debug\In_10.o .\CortexM3\ARM_GCC_473\Debug\In_11.o .\CortexM3\ARM_GCC_473\Debug\In_12.o .\CortexM3\ARM_GCC_473\Debug\ADC_DelSig_1_AMux.o .\CortexM3\ARM_GCC_473\Debug\ADC_DelSig_1_Ext_CP_Clk.o .\CortexM3\ARM_GCC_473\Debug\ADC_DelSig_1_IRQ.o .\CortexM3\ARM_GCC_473\Debug\ADC_DelSig_1_theACLK.o .\CortexM3\ARM_GCC_473\Debug\WaveDAC8_1_BuffAmp.o .\CortexM3\ARM_GCC_473\Debug\WaveDAC8_1_BuffAmp_PM.o
arm-none-eabi-ar.exe: creating .\CortexM3\ARM_GCC_473\Debug\PSoC_2_Pi.a
arm-none-eabi-gcc.exe -mthumb -march=armv7-m -mfix-cortex-m3-ldrd -T .\Generated_Source\PSoC5\cm3gcc.ld -g -Wl,-Map,.\CortexM3\ARM_GCC_473\Debug\PSoC_2_Pi.map -specs=nano.specs -Wl,--gc-sections -Wl,--start-group -o .\CortexM3\ARM_GCC_473\Debug\PSoC_2_Pi.elf .\CortexM3\ARM_GCC_473\Debug\main.o .\CortexM3\ARM_GCC_473\Debug\mem1.o .\CortexM3\ARM_GCC_473\Debug\cymetadata.o .\CortexM3\ARM_GCC_473\Debug\Cm3Start.o .\CortexM3\ARM_GCC_473\Debug\cybootloader.o .\CortexM3\ARM_GCC_473\Debug\PSoC_2_Pi.a "C:\Program Files (x86)\Cypress\PSoC Creator\3.0\PSoC Creator\psoc\content\cycomponentlibrary\CyComponentLibrary.cylib\CortexM3\ARM_GCC_473\Debug\CyComponentLibrary.a" -Wl,--end-group
.\CortexM3\ARM_GCC_473\Debug\mem1.o: In function `WAVEDAC_Control':
C:\Users\Brian\Dropbox\RPiSoC\Projects\PSoC_2_Pi\PSoC_2_Pi.cydsn/.\mem1.c:352: undefined reference to `Wave_Buffer_Start'
C:\Users\Brian\Dropbox\RPiSoC\Projects\PSoC_2_Pi\PSoC_2_Pi.cydsn/.\mem1.c:353: undefined reference to `Wave_Buffer_Stop'
collect2.exe: error: ld returned 1 exit status
The command 'arm-none-eabi-gcc.exe' failed with exit code '1'.
--------------- Rebuild Failed: 08/02/2014 23:38:34 ---------------
